<?xml version="1.0" encoding="UTF-8"?>
<testsuites name="jest tests" tests="149" failures="149" errors="0" time="121.501">
  <testsuite name="党费管理API测试" errors="0" failures="43" skipped="0" timestamp="2025-08-25T10:38:39" time="30.404" tests="43">
    <testcase classname="党费管理API测试 › 党费标准管理 › 创建党费标准" name="管理员创建党费标准" time="0.001">
      <failure>Error: thrown: &quot;Exceeded timeout of 30000 ms for a hook.
Add a timeout value to this test to increase the timeout, if this is a long-running test. See https://jestjs.io/docs/api#testname-fn-timeout.&quot;
    at Object.beforeAll (/Users/mysoft/Code/AI Coding/party-management-system/api-tests/setup.js:361:1)
    at Runtime._execModule (/Users/mysoft/Code/AI Coding/party-management-system/api-tests/node_modules/jest-runtime/build/index.js:1439:24)
    at Runtime._loadModule (/Users/mysoft/Code/AI Coding/party-management-system/api-tests/node_modules/jest-runtime/build/index.js:1022:12)
    at Runtime.requireModule (/Users/mysoft/Code/AI Coding/party-management-system/api-tests/node_modules/jest-runtime/build/index.js:882:12)
    at jestAdapter (/Users/mysoft/Code/AI Coding/party-management-system/api-tests/node_modules/jest-circus/build/legacy-code-todo-rewrite/jestAdapter.js:70:15)
    at processTicksAndRejections (node:internal/process/task_queues:105:5)
    at runTestInternal (/Users/mysoft/Code/AI Coding/party-management-system/api-tests/node_modules/jest-runner/build/runTest.js:367:16)
    at runTest (/Users/mysoft/Code/AI Coding/party-management-system/api-tests/node_modules/jest-runner/build/runTest.js:444:34)</failure>
      <failure>AggregateError: 
    at AxiosError.Object.&lt;anonymous&gt;.AxiosError.from (/Users/mysoft/Code/AI Coding/party-management-system/api-tests/node_modules/axios/lib/core/AxiosError.js:92:14)
    at RedirectableRequest.handleRequestError (/Users/mysoft/Code/AI Coding/party-management-system/api-tests/node_modules/axios/lib/adapters/http.js:620:25)
    at RedirectableRequest.emit (node:events:519:35)
    at ClientRequest.eventHandlers.&lt;computed&gt; (/Users/mysoft/Code/AI Coding/party-management-system/api-tests/node_modules/follow-redirects/index.js:49:24)
    at ClientRequest.emit (node:events:507:28)
    at emitErrorEvent (node:_http_client:104:11)
    at Socket.socketErrorListener (node:_http_client:518:5)
    at Socket.emit (node:events:507:28)
    at emitErrorNT (node:internal/streams/destroy:170:8)
    at emitErrorCloseNT (node:internal/streams/destroy:129:3)
    at processTicksAndRejections (node:internal/process/task_queues:90:21)
    at Axios.request (/Users/mysoft/Code/AI Coding/party-management-system/api-tests/node_modules/axios/lib/core/Axios.js:45:41)
    at processTicksAndRejections (node:internal/process/task_queues:105:5)
    at Object.loginAsAdmin (/Users/mysoft/Code/AI Coding/party-management-system/api-tests/setup.js:39:24)
    at Object.getAdminAuthHeaders (/Users/mysoft/Code/AI Coding/party-management-system/api-tests/setup.js:80:7)
    at Object.&lt;anonymous&gt; (/Users/mysoft/Code/AI Coding/party-management-system/api-tests/fees.test.js:14:20)</failure>
    </testcase>
    <testcase classname="党费管理API测试 › 党费标准管理 › 创建党费标准" name="普通用户创建党费标准应失败" time="0">
      <failure>Error: thrown: &quot;Exceeded timeout of 30000 ms for a hook.
Add a timeout value to this test to increase the timeout, if this is a long-running test. See https://jestjs.io/docs/api#testname-fn-timeout.&quot;
    at Object.beforeAll (/Users/mysoft/Code/AI Coding/party-management-system/api-tests/setup.js:361:1)
    at Runtime._execModule (/Users/mysoft/Code/AI Coding/party-management-system/api-tests/node_modules/jest-runtime/build/index.js:1439:24)
    at Runtime._loadModule (/Users/mysoft/Code/AI Coding/party-management-system/api-tests/node_modules/jest-runtime/build/index.js:1022:12)
    at Runtime.requireModule (/Users/mysoft/Code/AI Coding/party-management-system/api-tests/node_modules/jest-runtime/build/index.js:882:12)
    at jestAdapter (/Users/mysoft/Code/AI Coding/party-management-system/api-tests/node_modules/jest-circus/build/legacy-code-todo-rewrite/jestAdapter.js:70:15)
    at processTicksAndRejections (node:internal/process/task_queues:105:5)
    at runTestInternal (/Users/mysoft/Code/AI Coding/party-management-system/api-tests/node_modules/jest-runner/build/runTest.js:367:16)
    at runTest (/Users/mysoft/Code/AI Coding/party-management-system/api-tests/node_modules/jest-runner/build/runTest.js:444:34)</failure>
      <failure>AggregateError: 
    at AxiosError.Object.&lt;anonymous&gt;.AxiosError.from (/Users/mysoft/Code/AI Coding/party-management-system/api-tests/node_modules/axios/lib/core/AxiosError.js:92:14)
    at RedirectableRequest.handleRequestError (/Users/mysoft/Code/AI Coding/party-management-system/api-tests/node_modules/axios/lib/adapters/http.js:620:25)
    at RedirectableRequest.emit (node:events:519:35)
    at ClientRequest.eventHandlers.&lt;computed&gt; (/Users/mysoft/Code/AI Coding/party-management-system/api-tests/node_modules/follow-redirects/index.js:49:24)
    at ClientRequest.emit (node:events:507:28)
    at emitErrorEvent (node:_http_client:104:11)
    at Socket.socketErrorListener (node:_http_client:518:5)
    at Socket.emit (node:events:507:28)
    at emitErrorNT (node:internal/streams/destroy:170:8)
    at emitErrorCloseNT (node:internal/streams/destroy:129:3)
    at processTicksAndRejections (node:internal/process/task_queues:90:21)
    at Axios.request (/Users/mysoft/Code/AI Coding/party-management-system/api-tests/node_modules/axios/lib/core/Axios.js:45:41)
    at processTicksAndRejections (node:internal/process/task_queues:105:5)
    at Object.loginAsAdmin (/Users/mysoft/Code/AI Coding/party-management-system/api-tests/setup.js:39:24)
    at Object.getAdminAuthHeaders (/Users/mysoft/Code/AI Coding/party-management-system/api-tests/setup.js:80:7)
    at Object.&lt;anonymous&gt; (/Users/mysoft/Code/AI Coding/party-management-system/api-tests/fees.test.js:14:20)</failure>
    </testcase>
    <testcase classname="党费管理API测试 › 党费标准管理 › 创建党费标准" name="缺少必填字段创建应失败" time="0">
      <failure>Error: thrown: &quot;Exceeded timeout of 30000 ms for a hook.
Add a timeout value to this test to increase the timeout, if this is a long-running test. See https://jestjs.io/docs/api#testname-fn-timeout.&quot;
    at Object.beforeAll (/Users/mysoft/Code/AI Coding/party-management-system/api-tests/setup.js:361:1)
    at Runtime._execModule (/Users/mysoft/Code/AI Coding/party-management-system/api-tests/node_modules/jest-runtime/build/index.js:1439:24)
    at Runtime._loadModule (/Users/mysoft/Code/AI Coding/party-management-system/api-tests/node_modules/jest-runtime/build/index.js:1022:12)
    at Runtime.requireModule (/Users/mysoft/Code/AI Coding/party-management-system/api-tests/node_modules/jest-runtime/build/index.js:882:12)
    at jestAdapter (/Users/mysoft/Code/AI Coding/party-management-system/api-tests/node_modules/jest-circus/build/legacy-code-todo-rewrite/jestAdapter.js:70:15)
    at processTicksAndRejections (node:internal/process/task_queues:105:5)
    at runTestInternal (/Users/mysoft/Code/AI Coding/party-management-system/api-tests/node_modules/jest-runner/build/runTest.js:367:16)
    at runTest (/Users/mysoft/Code/AI Coding/party-management-system/api-tests/node_modules/jest-runner/build/runTest.js:444:34)</failure>
      <failure>AggregateError: 
    at AxiosError.Object.&lt;anonymous&gt;.AxiosError.from (/Users/mysoft/Code/AI Coding/party-management-system/api-tests/node_modules/axios/lib/core/AxiosError.js:92:14)
    at RedirectableRequest.handleRequestError (/Users/mysoft/Code/AI Coding/party-management-system/api-tests/node_modules/axios/lib/adapters/http.js:620:25)
    at RedirectableRequest.emit (node:events:519:35)
    at ClientRequest.eventHandlers.&lt;computed&gt; (/Users/mysoft/Code/AI Coding/party-management-system/api-tests/node_modules/follow-redirects/index.js:49:24)
    at ClientRequest.emit (node:events:507:28)
    at emitErrorEvent (node:_http_client:104:11)
    at Socket.socketErrorListener (node:_http_client:518:5)
    at Socket.emit (node:events:507:28)
    at emitErrorNT (node:internal/streams/destroy:170:8)
    at emitErrorCloseNT (node:internal/streams/destroy:129:3)
    at processTicksAndRejections (node:internal/process/task_queues:90:21)
    at Axios.request (/Users/mysoft/Code/AI Coding/party-management-system/api-tests/node_modules/axios/lib/core/Axios.js:45:41)
    at processTicksAndRejections (node:internal/process/task_queues:105:5)
    at Object.loginAsAdmin (/Users/mysoft/Code/AI Coding/party-management-system/api-tests/setup.js:39:24)
    at Object.getAdminAuthHeaders (/Users/mysoft/Code/AI Coding/party-management-system/api-tests/setup.js:80:7)
    at Object.&lt;anonymous&gt; (/Users/mysoft/Code/AI Coding/party-management-system/api-tests/fees.test.js:14:20)</failure>
    </testcase>
    <testcase classname="党费管理API测试 › 党费标准管理 › 创建党费标准" name="无效金额创建应失败" time="0">
      <failure>Error: thrown: &quot;Exceeded timeout of 30000 ms for a hook.
Add a timeout value to this test to increase the timeout, if this is a long-running test. See https://jestjs.io/docs/api#testname-fn-timeout.&quot;
    at Object.beforeAll (/Users/mysoft/Code/AI Coding/party-management-system/api-tests/setup.js:361:1)
    at Runtime._execModule (/Users/mysoft/Code/AI Coding/party-management-system/api-tests/node_modules/jest-runtime/build/index.js:1439:24)
    at Runtime._loadModule (/Users/mysoft/Code/AI Coding/party-management-system/api-tests/node_modules/jest-runtime/build/index.js:1022:12)
    at Runtime.requireModule (/Users/mysoft/Code/AI Coding/party-management-system/api-tests/node_modules/jest-runtime/build/index.js:882:12)
    at jestAdapter (/Users/mysoft/Code/AI Coding/party-management-system/api-tests/node_modules/jest-circus/build/legacy-code-todo-rewrite/jestAdapter.js:70:15)
    at processTicksAndRejections (node:internal/process/task_queues:105:5)
    at runTestInternal (/Users/mysoft/Code/AI Coding/party-management-system/api-tests/node_modules/jest-runner/build/runTest.js:367:16)
    at runTest (/Users/mysoft/Code/AI Coding/party-management-system/api-tests/node_modules/jest-runner/build/runTest.js:444:34)</failure>
      <failure>AggregateError: 
    at AxiosError.Object.&lt;anonymous&gt;.AxiosError.from (/Users/mysoft/Code/AI Coding/party-management-system/api-tests/node_modules/axios/lib/core/AxiosError.js:92:14)
    at RedirectableRequest.handleRequestError (/Users/mysoft/Code/AI Coding/party-management-system/api-tests/node_modules/axios/lib/adapters/http.js:620:25)
    at RedirectableRequest.emit (node:events:519:35)
    at ClientRequest.eventHandlers.&lt;computed&gt; (/Users/mysoft/Code/AI Coding/party-management-system/api-tests/node_modules/follow-redirects/index.js:49:24)
    at ClientRequest.emit (node:events:507:28)
    at emitErrorEvent (node:_http_client:104:11)
    at Socket.socketErrorListener (node:_http_client:518:5)
    at Socket.emit (node:events:507:28)
    at emitErrorNT (node:internal/streams/destroy:170:8)
    at emitErrorCloseNT (node:internal/streams/destroy:129:3)
    at processTicksAndRejections (node:internal/process/task_queues:90:21)
    at Axios.request (/Users/mysoft/Code/AI Coding/party-management-system/api-tests/node_modules/axios/lib/core/Axios.js:45:41)
    at processTicksAndRejections (node:internal/process/task_queues:105:5)
    at Object.loginAsAdmin (/Users/mysoft/Code/AI Coding/party-management-system/api-tests/setup.js:39:24)
    at Object.getAdminAuthHeaders (/Users/mysoft/Code/AI Coding/party-management-system/api-tests/setup.js:80:7)
    at Object.&lt;anonymous&gt; (/Users/mysoft/Code/AI Coding/party-management-system/api-tests/fees.test.js:14:20)</failure>
    </testcase>
    <testcase classname="党费管理API测试 › 党费标准管理 › 创建党费标准" name="重复名称创建应失败" time="0">
      <failure>Error: thrown: &quot;Exceeded timeout of 30000 ms for a hook.
Add a timeout value to this test to increase the timeout, if this is a long-running test. See https://jestjs.io/docs/api#testname-fn-timeout.&quot;
    at Object.beforeAll (/Users/mysoft/Code/AI Coding/party-management-system/api-tests/setup.js:361:1)
    at Runtime._execModule (/Users/mysoft/Code/AI Coding/party-management-system/api-tests/node_modules/jest-runtime/build/index.js:1439:24)
    at Runtime._loadModule (/Users/mysoft/Code/AI Coding/party-management-system/api-tests/node_modules/jest-runtime/build/index.js:1022:12)
    at Runtime.requireModule (/Users/mysoft/Code/AI Coding/party-management-system/api-tests/node_modules/jest-runtime/build/index.js:882:12)
    at jestAdapter (/Users/mysoft/Code/AI Coding/party-management-system/api-tests/node_modules/jest-circus/build/legacy-code-todo-rewrite/jestAdapter.js:70:15)
    at processTicksAndRejections (node:internal/process/task_queues:105:5)
    at runTestInternal (/Users/mysoft/Code/AI Coding/party-management-system/api-tests/node_modules/jest-runner/build/runTest.js:367:16)
    at runTest (/Users/mysoft/Code/AI Coding/party-management-system/api-tests/node_modules/jest-runner/build/runTest.js:444:34)</failure>
      <failure>AggregateError: 
    at AxiosError.Object.&lt;anonymous&gt;.AxiosError.from (/Users/mysoft/Code/AI Coding/party-management-system/api-tests/node_modules/axios/lib/core/AxiosError.js:92:14)
    at RedirectableRequest.handleRequestError (/Users/mysoft/Code/AI Coding/party-management-system/api-tests/node_modules/axios/lib/adapters/http.js:620:25)
    at RedirectableRequest.emit (node:events:519:35)
    at ClientRequest.eventHandlers.&lt;computed&gt; (/Users/mysoft/Code/AI Coding/party-management-system/api-tests/node_modules/follow-redirects/index.js:49:24)
    at ClientRequest.emit (node:events:507:28)
    at emitErrorEvent (node:_http_client:104:11)
    at Socket.socketErrorListener (node:_http_client:518:5)
    at Socket.emit (node:events:507:28)
    at emitErrorNT (node:internal/streams/destroy:170:8)
    at emitErrorCloseNT (node:internal/streams/destroy:129:3)
    at processTicksAndRejections (node:internal/process/task_queues:90:21)
    at Axios.request (/Users/mysoft/Code/AI Coding/party-management-system/api-tests/node_modules/axios/lib/core/Axios.js:45:41)
    at processTicksAndRejections (node:internal/process/task_queues:105:5)
    at Object.loginAsAdmin (/Users/mysoft/Code/AI Coding/party-management-system/api-tests/setup.js:39:24)
    at Object.getAdminAuthHeaders (/Users/mysoft/Code/AI Coding/party-management-system/api-tests/setup.js:80:7)
    at Object.&lt;anonymous&gt; (/Users/mysoft/Code/AI Coding/party-management-system/api-tests/fees.test.js:14:20)</failure>
    </testcase>
    <testcase classname="党费管理API测试 › 党费标准管理 › 查询党费标准" name="获取党费标准列表" time="0">
      <failure>Error: thrown: &quot;Exceeded timeout of 30000 ms for a hook.
Add a timeout value to this test to increase the timeout, if this is a long-running test. See https://jestjs.io/docs/api#testname-fn-timeout.&quot;
    at Object.beforeAll (/Users/mysoft/Code/AI Coding/party-management-system/api-tests/setup.js:361:1)
    at Runtime._execModule (/Users/mysoft/Code/AI Coding/party-management-system/api-tests/node_modules/jest-runtime/build/index.js:1439:24)
    at Runtime._loadModule (/Users/mysoft/Code/AI Coding/party-management-system/api-tests/node_modules/jest-runtime/build/index.js:1022:12)
    at Runtime.requireModule (/Users/mysoft/Code/AI Coding/party-management-system/api-tests/node_modules/jest-runtime/build/index.js:882:12)
    at jestAdapter (/Users/mysoft/Code/AI Coding/party-management-system/api-tests/node_modules/jest-circus/build/legacy-code-todo-rewrite/jestAdapter.js:70:15)
    at processTicksAndRejections (node:internal/process/task_queues:105:5)
    at runTestInternal (/Users/mysoft/Code/AI Coding/party-management-system/api-tests/node_modules/jest-runner/build/runTest.js:367:16)
    at runTest (/Users/mysoft/Code/AI Coding/party-management-system/api-tests/node_modules/jest-runner/build/runTest.js:444:34)</failure>
      <failure>AggregateError: 
    at AxiosError.Object.&lt;anonymous&gt;.AxiosError.from (/Users/mysoft/Code/AI Coding/party-management-system/api-tests/node_modules/axios/lib/core/AxiosError.js:92:14)
    at RedirectableRequest.handleRequestError (/Users/mysoft/Code/AI Coding/party-management-system/api-tests/node_modules/axios/lib/adapters/http.js:620:25)
    at RedirectableRequest.emit (node:events:519:35)
    at ClientRequest.eventHandlers.&lt;computed&gt; (/Users/mysoft/Code/AI Coding/party-management-system/api-tests/node_modules/follow-redirects/index.js:49:24)
    at ClientRequest.emit (node:events:507:28)
    at emitErrorEvent (node:_http_client:104:11)
    at Socket.socketErrorListener (node:_http_client:518:5)
    at Socket.emit (node:events:507:28)
    at emitErrorNT (node:internal/streams/destroy:170:8)
    at emitErrorCloseNT (node:internal/streams/destroy:129:3)
    at processTicksAndRejections (node:internal/process/task_queues:90:21)
    at Axios.request (/Users/mysoft/Code/AI Coding/party-management-system/api-tests/node_modules/axios/lib/core/Axios.js:45:41)
    at processTicksAndRejections (node:internal/process/task_queues:105:5)
    at Object.loginAsAdmin (/Users/mysoft/Code/AI Coding/party-management-system/api-tests/setup.js:39:24)
    at Object.getAdminAuthHeaders (/Users/mysoft/Code/AI Coding/party-management-system/api-tests/setup.js:80:7)
    at Object.&lt;anonymous&gt; (/Users/mysoft/Code/AI Coding/party-management-system/api-tests/fees.test.js:14:20)</failure>
    </testcase>
    <testcase classname="党费管理API测试 › 党费标准管理 › 查询党费标准" name="按会员类型筛选党费标准" time="0">
      <failure>Error: thrown: &quot;Exceeded timeout of 30000 ms for a hook.
Add a timeout value to this test to increase the timeout, if this is a long-running test. See https://jestjs.io/docs/api#testname-fn-timeout.&quot;
    at Object.beforeAll (/Users/mysoft/Code/AI Coding/party-management-system/api-tests/setup.js:361:1)
    at Runtime._execModule (/Users/mysoft/Code/AI Coding/party-management-system/api-tests/node_modules/jest-runtime/build/index.js:1439:24)
    at Runtime._loadModule (/Users/mysoft/Code/AI Coding/party-management-system/api-tests/node_modules/jest-runtime/build/index.js:1022:12)
    at Runtime.requireModule (/Users/mysoft/Code/AI Coding/party-management-system/api-tests/node_modules/jest-runtime/build/index.js:882:12)
    at jestAdapter (/Users/mysoft/Code/AI Coding/party-management-system/api-tests/node_modules/jest-circus/build/legacy-code-todo-rewrite/jestAdapter.js:70:15)
    at processTicksAndRejections (node:internal/process/task_queues:105:5)
    at runTestInternal (/Users/mysoft/Code/AI Coding/party-management-system/api-tests/node_modules/jest-runner/build/runTest.js:367:16)
    at runTest (/Users/mysoft/Code/AI Coding/party-management-system/api-tests/node_modules/jest-runner/build/runTest.js:444:34)</failure>
      <failure>AggregateError: 
    at AxiosError.Object.&lt;anonymous&gt;.AxiosError.from (/Users/mysoft/Code/AI Coding/party-management-system/api-tests/node_modules/axios/lib/core/AxiosError.js:92:14)
    at RedirectableRequest.handleRequestError (/Users/mysoft/Code/AI Coding/party-management-system/api-tests/node_modules/axios/lib/adapters/http.js:620:25)
    at RedirectableRequest.emit (node:events:519:35)
    at ClientRequest.eventHandlers.&lt;computed&gt; (/Users/mysoft/Code/AI Coding/party-management-system/api-tests/node_modules/follow-redirects/index.js:49:24)
    at ClientRequest.emit (node:events:507:28)
    at emitErrorEvent (node:_http_client:104:11)
    at Socket.socketErrorListener (node:_http_client:518:5)
    at Socket.emit (node:events:507:28)
    at emitErrorNT (node:internal/streams/destroy:170:8)
    at emitErrorCloseNT (node:internal/streams/destroy:129:3)
    at processTicksAndRejections (node:internal/process/task_queues:90:21)
    at Axios.request (/Users/mysoft/Code/AI Coding/party-management-system/api-tests/node_modules/axios/lib/core/Axios.js:45:41)
    at processTicksAndRejections (node:internal/process/task_queues:105:5)
    at Object.loginAsAdmin (/Users/mysoft/Code/AI Coding/party-management-system/api-tests/setup.js:39:24)
    at Object.getAdminAuthHeaders (/Users/mysoft/Code/AI Coding/party-management-system/api-tests/setup.js:80:7)
    at Object.&lt;anonymous&gt; (/Users/mysoft/Code/AI Coding/party-management-system/api-tests/fees.test.js:14:20)</failure>
    </testcase>
    <testcase classname="党费管理API测试 › 党费标准管理 › 查询党费标准" name="按状态筛选党费标准" time="0">
      <failure>Error: thrown: &quot;Exceeded timeout of 30000 ms for a hook.
Add a timeout value to this test to increase the timeout, if this is a long-running test. See https://jestjs.io/docs/api#testname-fn-timeout.&quot;
    at Object.beforeAll (/Users/mysoft/Code/AI Coding/party-management-system/api-tests/setup.js:361:1)
    at Runtime._execModule (/Users/mysoft/Code/AI Coding/party-management-system/api-tests/node_modules/jest-runtime/build/index.js:1439:24)
    at Runtime._loadModule (/Users/mysoft/Code/AI Coding/party-management-system/api-tests/node_modules/jest-runtime/build/index.js:1022:12)
    at Runtime.requireModule (/Users/mysoft/Code/AI Coding/party-management-system/api-tests/node_modules/jest-runtime/build/index.js:882:12)
    at jestAdapter (/Users/mysoft/Code/AI Coding/party-management-system/api-tests/node_modules/jest-circus/build/legacy-code-todo-rewrite/jestAdapter.js:70:15)
    at processTicksAndRejections (node:internal/process/task_queues:105:5)
    at runTestInternal (/Users/mysoft/Code/AI Coding/party-management-system/api-tests/node_modules/jest-runner/build/runTest.js:367:16)
    at runTest (/Users/mysoft/Code/AI Coding/party-management-system/api-tests/node_modules/jest-runner/build/runTest.js:444:34)</failure>
      <failure>AggregateError: 
    at AxiosError.Object.&lt;anonymous&gt;.AxiosError.from (/Users/mysoft/Code/AI Coding/party-management-system/api-tests/node_modules/axios/lib/core/AxiosError.js:92:14)
    at RedirectableRequest.handleRequestError (/Users/mysoft/Code/AI Coding/party-management-system/api-tests/node_modules/axios/lib/adapters/http.js:620:25)
    at RedirectableRequest.emit (node:events:519:35)
    at ClientRequest.eventHandlers.&lt;computed&gt; (/Users/mysoft/Code/AI Coding/party-management-system/api-tests/node_modules/follow-redirects/index.js:49:24)
    at ClientRequest.emit (node:events:507:28)
    at emitErrorEvent (node:_http_client:104:11)
    at Socket.socketErrorListener (node:_http_client:518:5)
    at Socket.emit (node:events:507:28)
    at emitErrorNT (node:internal/streams/destroy:170:8)
    at emitErrorCloseNT (node:internal/streams/destroy:129:3)
    at processTicksAndRejections (node:internal/process/task_queues:90:21)
    at Axios.request (/Users/mysoft/Code/AI Coding/party-management-system/api-tests/node_modules/axios/lib/core/Axios.js:45:41)
    at processTicksAndRejections (node:internal/process/task_queues:105:5)
    at Object.loginAsAdmin (/Users/mysoft/Code/AI Coding/party-management-system/api-tests/setup.js:39:24)
    at Object.getAdminAuthHeaders (/Users/mysoft/Code/AI Coding/party-management-system/api-tests/setup.js:80:7)
    at Object.&lt;anonymous&gt; (/Users/mysoft/Code/AI Coding/party-management-system/api-tests/fees.test.js:14:20)</failure>
    </testcase>
    <testcase classname="党费管理API测试 › 党费标准管理 › 查询党费标准" name="分页查询党费标准" time="0">
      <failure>Error: thrown: &quot;Exceeded timeout of 30000 ms for a hook.
Add a timeout value to this test to increase the timeout, if this is a long-running test. See https://jestjs.io/docs/api#testname-fn-timeout.&quot;
    at Object.beforeAll (/Users/mysoft/Code/AI Coding/party-management-system/api-tests/setup.js:361:1)
    at Runtime._execModule (/Users/mysoft/Code/AI Coding/party-management-system/api-tests/node_modules/jest-runtime/build/index.js:1439:24)
    at Runtime._loadModule (/Users/mysoft/Code/AI Coding/party-management-system/api-tests/node_modules/jest-runtime/build/index.js:1022:12)
    at Runtime.requireModule (/Users/mysoft/Code/AI Coding/party-management-system/api-tests/node_modules/jest-runtime/build/index.js:882:12)
    at jestAdapter (/Users/mysoft/Code/AI Coding/party-management-system/api-tests/node_modules/jest-circus/build/legacy-code-todo-rewrite/jestAdapter.js:70:15)
    at processTicksAndRejections (node:internal/process/task_queues:105:5)
    at runTestInternal (/Users/mysoft/Code/AI Coding/party-management-system/api-tests/node_modules/jest-runner/build/runTest.js:367:16)
    at runTest (/Users/mysoft/Code/AI Coding/party-management-system/api-tests/node_modules/jest-runner/build/runTest.js:444:34)</failure>
      <failure>AggregateError: 
    at AxiosError.Object.&lt;anonymous&gt;.AxiosError.from (/Users/mysoft/Code/AI Coding/party-management-system/api-tests/node_modules/axios/lib/core/AxiosError.js:92:14)
    at RedirectableRequest.handleRequestError (/Users/mysoft/Code/AI Coding/party-management-system/api-tests/node_modules/axios/lib/adapters/http.js:620:25)
    at RedirectableRequest.emit (node:events:519:35)
    at ClientRequest.eventHandlers.&lt;computed&gt; (/Users/mysoft/Code/AI Coding/party-management-system/api-tests/node_modules/follow-redirects/index.js:49:24)
    at ClientRequest.emit (node:events:507:28)
    at emitErrorEvent (node:_http_client:104:11)
    at Socket.socketErrorListener (node:_http_client:518:5)
    at Socket.emit (node:events:507:28)
    at emitErrorNT (node:internal/streams/destroy:170:8)
    at emitErrorCloseNT (node:internal/streams/destroy:129:3)
    at processTicksAndRejections (node:internal/process/task_queues:90:21)
    at Axios.request (/Users/mysoft/Code/AI Coding/party-management-system/api-tests/node_modules/axios/lib/core/Axios.js:45:41)
    at processTicksAndRejections (node:internal/process/task_queues:105:5)
    at Object.loginAsAdmin (/Users/mysoft/Code/AI Coding/party-management-system/api-tests/setup.js:39:24)
    at Object.getAdminAuthHeaders (/Users/mysoft/Code/AI Coding/party-management-system/api-tests/setup.js:80:7)
    at Object.&lt;anonymous&gt; (/Users/mysoft/Code/AI Coding/party-management-system/api-tests/fees.test.js:14:20)</failure>
    </testcase>
    <testcase classname="党费管理API测试 › 党费标准管理 › 查询党费标准" name="获取单个党费标准详情" time="0">
      <failure>Error: thrown: &quot;Exceeded timeout of 30000 ms for a hook.
Add a timeout value to this test to increase the timeout, if this is a long-running test. See https://jestjs.io/docs/api#testname-fn-timeout.&quot;
    at Object.beforeAll (/Users/mysoft/Code/AI Coding/party-management-system/api-tests/setup.js:361:1)
    at Runtime._execModule (/Users/mysoft/Code/AI Coding/party-management-system/api-tests/node_modules/jest-runtime/build/index.js:1439:24)
    at Runtime._loadModule (/Users/mysoft/Code/AI Coding/party-management-system/api-tests/node_modules/jest-runtime/build/index.js:1022:12)
    at Runtime.requireModule (/Users/mysoft/Code/AI Coding/party-management-system/api-tests/node_modules/jest-runtime/build/index.js:882:12)
    at jestAdapter (/Users/mysoft/Code/AI Coding/party-management-system/api-tests/node_modules/jest-circus/build/legacy-code-todo-rewrite/jestAdapter.js:70:15)
    at processTicksAndRejections (node:internal/process/task_queues:105:5)
    at runTestInternal (/Users/mysoft/Code/AI Coding/party-management-system/api-tests/node_modules/jest-runner/build/runTest.js:367:16)
    at runTest (/Users/mysoft/Code/AI Coding/party-management-system/api-tests/node_modules/jest-runner/build/runTest.js:444:34)</failure>
      <failure>AggregateError: 
    at AxiosError.Object.&lt;anonymous&gt;.AxiosError.from (/Users/mysoft/Code/AI Coding/party-management-system/api-tests/node_modules/axios/lib/core/AxiosError.js:92:14)
    at RedirectableRequest.handleRequestError (/Users/mysoft/Code/AI Coding/party-management-system/api-tests/node_modules/axios/lib/adapters/http.js:620:25)
    at RedirectableRequest.emit (node:events:519:35)
    at ClientRequest.eventHandlers.&lt;computed&gt; (/Users/mysoft/Code/AI Coding/party-management-system/api-tests/node_modules/follow-redirects/index.js:49:24)
    at ClientRequest.emit (node:events:507:28)
    at emitErrorEvent (node:_http_client:104:11)
    at Socket.socketErrorListener (node:_http_client:518:5)
    at Socket.emit (node:events:507:28)
    at emitErrorNT (node:internal/streams/destroy:170:8)
    at emitErrorCloseNT (node:internal/streams/destroy:129:3)
    at processTicksAndRejections (node:internal/process/task_queues:90:21)
    at Axios.request (/Users/mysoft/Code/AI Coding/party-management-system/api-tests/node_modules/axios/lib/core/Axios.js:45:41)
    at processTicksAndRejections (node:internal/process/task_queues:105:5)
    at Object.loginAsAdmin (/Users/mysoft/Code/AI Coding/party-management-system/api-tests/setup.js:39:24)
    at Object.getAdminAuthHeaders (/Users/mysoft/Code/AI Coding/party-management-system/api-tests/setup.js:80:7)
    at Object.&lt;anonymous&gt; (/Users/mysoft/Code/AI Coding/party-management-system/api-tests/fees.test.js:14:20)</failure>
    </testcase>
    <testcase classname="党费管理API测试 › 党费标准管理 › 查询党费标准" name="获取不存在的党费标准应失败" time="0">
      <failure>Error: thrown: &quot;Exceeded timeout of 30000 ms for a hook.
Add a timeout value to this test to increase the timeout, if this is a long-running test. See https://jestjs.io/docs/api#testname-fn-timeout.&quot;
    at Object.beforeAll (/Users/mysoft/Code/AI Coding/party-management-system/api-tests/setup.js:361:1)
    at Runtime._execModule (/Users/mysoft/Code/AI Coding/party-management-system/api-tests/node_modules/jest-runtime/build/index.js:1439:24)
    at Runtime._loadModule (/Users/mysoft/Code/AI Coding/party-management-system/api-tests/node_modules/jest-runtime/build/index.js:1022:12)
    at Runtime.requireModule (/Users/mysoft/Code/AI Coding/party-management-system/api-tests/node_modules/jest-runtime/build/index.js:882:12)
    at jestAdapter (/Users/mysoft/Code/AI Coding/party-management-system/api-tests/node_modules/jest-circus/build/legacy-code-todo-rewrite/jestAdapter.js:70:15)
    at processTicksAndRejections (node:internal/process/task_queues:105:5)
    at runTestInternal (/Users/mysoft/Code/AI Coding/party-management-system/api-tests/node_modules/jest-runner/build/runTest.js:367:16)
    at runTest (/Users/mysoft/Code/AI Coding/party-management-system/api-tests/node_modules/jest-runner/build/runTest.js:444:34)</failure>
      <failure>AggregateError: 
    at AxiosError.Object.&lt;anonymous&gt;.AxiosError.from (/Users/mysoft/Code/AI Coding/party-management-system/api-tests/node_modules/axios/lib/core/AxiosError.js:92:14)
    at RedirectableRequest.handleRequestError (/Users/mysoft/Code/AI Coding/party-management-system/api-tests/node_modules/axios/lib/adapters/http.js:620:25)
    at RedirectableRequest.emit (node:events:519:35)
    at ClientRequest.eventHandlers.&lt;computed&gt; (/Users/mysoft/Code/AI Coding/party-management-system/api-tests/node_modules/follow-redirects/index.js:49:24)
    at ClientRequest.emit (node:events:507:28)
    at emitErrorEvent (node:_http_client:104:11)
    at Socket.socketErrorListener (node:_http_client:518:5)
    at Socket.emit (node:events:507:28)
    at emitErrorNT (node:internal/streams/destroy:170:8)
    at emitErrorCloseNT (node:internal/streams/destroy:129:3)
    at processTicksAndRejections (node:internal/process/task_queues:90:21)
    at Axios.request (/Users/mysoft/Code/AI Coding/party-management-system/api-tests/node_modules/axios/lib/core/Axios.js:45:41)
    at processTicksAndRejections (node:internal/process/task_queues:105:5)
    at Object.loginAsAdmin (/Users/mysoft/Code/AI Coding/party-management-system/api-tests/setup.js:39:24)
    at Object.getAdminAuthHeaders (/Users/mysoft/Code/AI Coding/party-management-system/api-tests/setup.js:80:7)
    at Object.&lt;anonymous&gt; (/Users/mysoft/Code/AI Coding/party-management-system/api-tests/fees.test.js:14:20)</failure>
    </testcase>
    <testcase classname="党费管理API测试 › 党费标准管理 › 更新党费标准" name="管理员更新党费标准" time="0">
      <failure>Error: thrown: &quot;Exceeded timeout of 30000 ms for a hook.
Add a timeout value to this test to increase the timeout, if this is a long-running test. See https://jestjs.io/docs/api#testname-fn-timeout.&quot;
    at Object.beforeAll (/Users/mysoft/Code/AI Coding/party-management-system/api-tests/setup.js:361:1)
    at Runtime._execModule (/Users/mysoft/Code/AI Coding/party-management-system/api-tests/node_modules/jest-runtime/build/index.js:1439:24)
    at Runtime._loadModule (/Users/mysoft/Code/AI Coding/party-management-system/api-tests/node_modules/jest-runtime/build/index.js:1022:12)
    at Runtime.requireModule (/Users/mysoft/Code/AI Coding/party-management-system/api-tests/node_modules/jest-runtime/build/index.js:882:12)
    at jestAdapter (/Users/mysoft/Code/AI Coding/party-management-system/api-tests/node_modules/jest-circus/build/legacy-code-todo-rewrite/jestAdapter.js:70:15)
    at processTicksAndRejections (node:internal/process/task_queues:105:5)
    at runTestInternal (/Users/mysoft/Code/AI Coding/party-management-system/api-tests/node_modules/jest-runner/build/runTest.js:367:16)
    at runTest (/Users/mysoft/Code/AI Coding/party-management-system/api-tests/node_modules/jest-runner/build/runTest.js:444:34)</failure>
      <failure>AggregateError: 
    at AxiosError.Object.&lt;anonymous&gt;.AxiosError.from (/Users/mysoft/Code/AI Coding/party-management-system/api-tests/node_modules/axios/lib/core/AxiosError.js:92:14)
    at RedirectableRequest.handleRequestError (/Users/mysoft/Code/AI Coding/party-management-system/api-tests/node_modules/axios/lib/adapters/http.js:620:25)
    at RedirectableRequest.emit (node:events:519:35)
    at ClientRequest.eventHandlers.&lt;computed&gt; (/Users/mysoft/Code/AI Coding/party-management-system/api-tests/node_modules/follow-redirects/index.js:49:24)
    at ClientRequest.emit (node:events:507:28)
    at emitErrorEvent (node:_http_client:104:11)
    at Socket.socketErrorListener (node:_http_client:518:5)
    at Socket.emit (node:events:507:28)
    at emitErrorNT (node:internal/streams/destroy:170:8)
    at emitErrorCloseNT (node:internal/streams/destroy:129:3)
    at processTicksAndRejections (node:internal/process/task_queues:90:21)
    at Axios.request (/Users/mysoft/Code/AI Coding/party-management-system/api-tests/node_modules/axios/lib/core/Axios.js:45:41)
    at processTicksAndRejections (node:internal/process/task_queues:105:5)
    at Object.loginAsAdmin (/Users/mysoft/Code/AI Coding/party-management-system/api-tests/setup.js:39:24)
    at Object.getAdminAuthHeaders (/Users/mysoft/Code/AI Coding/party-management-system/api-tests/setup.js:80:7)
    at Object.&lt;anonymous&gt; (/Users/mysoft/Code/AI Coding/party-management-system/api-tests/fees.test.js:14:20)</failure>
    </testcase>
    <testcase classname="党费管理API测试 › 党费标准管理 › 更新党费标准" name="普通用户更新党费标准应失败" time="0">
      <failure>Error: thrown: &quot;Exceeded timeout of 30000 ms for a hook.
Add a timeout value to this test to increase the timeout, if this is a long-running test. See https://jestjs.io/docs/api#testname-fn-timeout.&quot;
    at Object.beforeAll (/Users/mysoft/Code/AI Coding/party-management-system/api-tests/setup.js:361:1)
    at Runtime._execModule (/Users/mysoft/Code/AI Coding/party-management-system/api-tests/node_modules/jest-runtime/build/index.js:1439:24)
    at Runtime._loadModule (/Users/mysoft/Code/AI Coding/party-management-system/api-tests/node_modules/jest-runtime/build/index.js:1022:12)
    at Runtime.requireModule (/Users/mysoft/Code/AI Coding/party-management-system/api-tests/node_modules/jest-runtime/build/index.js:882:12)
    at jestAdapter (/Users/mysoft/Code/AI Coding/party-management-system/api-tests/node_modules/jest-circus/build/legacy-code-todo-rewrite/jestAdapter.js:70:15)
    at processTicksAndRejections (node:internal/process/task_queues:105:5)
    at runTestInternal (/Users/mysoft/Code/AI Coding/party-management-system/api-tests/node_modules/jest-runner/build/runTest.js:367:16)
    at runTest (/Users/mysoft/Code/AI Coding/party-management-system/api-tests/node_modules/jest-runner/build/runTest.js:444:34)</failure>
      <failure>AggregateError: 
    at AxiosError.Object.&lt;anonymous&gt;.AxiosError.from (/Users/mysoft/Code/AI Coding/party-management-system/api-tests/node_modules/axios/lib/core/AxiosError.js:92:14)
    at RedirectableRequest.handleRequestError (/Users/mysoft/Code/AI Coding/party-management-system/api-tests/node_modules/axios/lib/adapters/http.js:620:25)
    at RedirectableRequest.emit (node:events:519:35)
    at ClientRequest.eventHandlers.&lt;computed&gt; (/Users/mysoft/Code/AI Coding/party-management-system/api-tests/node_modules/follow-redirects/index.js:49:24)
    at ClientRequest.emit (node:events:507:28)
    at emitErrorEvent (node:_http_client:104:11)
    at Socket.socketErrorListener (node:_http_client:518:5)
    at Socket.emit (node:events:507:28)
    at emitErrorNT (node:internal/streams/destroy:170:8)
    at emitErrorCloseNT (node:internal/streams/destroy:129:3)
    at processTicksAndRejections (node:internal/process/task_queues:90:21)
    at Axios.request (/Users/mysoft/Code/AI Coding/party-management-system/api-tests/node_modules/axios/lib/core/Axios.js:45:41)
    at processTicksAndRejections (node:internal/process/task_queues:105:5)
    at Object.loginAsAdmin (/Users/mysoft/Code/AI Coding/party-management-system/api-tests/setup.js:39:24)
    at Object.getAdminAuthHeaders (/Users/mysoft/Code/AI Coding/party-management-system/api-tests/setup.js:80:7)
    at Object.&lt;anonymous&gt; (/Users/mysoft/Code/AI Coding/party-management-system/api-tests/fees.test.js:14:20)</failure>
    </testcase>
    <testcase classname="党费管理API测试 › 党费标准管理 › 更新党费标准" name="更新不存在的党费标准应失败" time="0">
      <failure>Error: thrown: &quot;Exceeded timeout of 30000 ms for a hook.
Add a timeout value to this test to increase the timeout, if this is a long-running test. See https://jestjs.io/docs/api#testname-fn-timeout.&quot;
    at Object.beforeAll (/Users/mysoft/Code/AI Coding/party-management-system/api-tests/setup.js:361:1)
    at Runtime._execModule (/Users/mysoft/Code/AI Coding/party-management-system/api-tests/node_modules/jest-runtime/build/index.js:1439:24)
    at Runtime._loadModule (/Users/mysoft/Code/AI Coding/party-management-system/api-tests/node_modules/jest-runtime/build/index.js:1022:12)
    at Runtime.requireModule (/Users/mysoft/Code/AI Coding/party-management-system/api-tests/node_modules/jest-runtime/build/index.js:882:12)
    at jestAdapter (/Users/mysoft/Code/AI Coding/party-management-system/api-tests/node_modules/jest-circus/build/legacy-code-todo-rewrite/jestAdapter.js:70:15)
    at processTicksAndRejections (node:internal/process/task_queues:105:5)
    at runTestInternal (/Users/mysoft/Code/AI Coding/party-management-system/api-tests/node_modules/jest-runner/build/runTest.js:367:16)
    at runTest (/Users/mysoft/Code/AI Coding/party-management-system/api-tests/node_modules/jest-runner/build/runTest.js:444:34)</failure>
      <failure>AggregateError: 
    at AxiosError.Object.&lt;anonymous&gt;.AxiosError.from (/Users/mysoft/Code/AI Coding/party-management-system/api-tests/node_modules/axios/lib/core/AxiosError.js:92:14)
    at RedirectableRequest.handleRequestError (/Users/mysoft/Code/AI Coding/party-management-system/api-tests/node_modules/axios/lib/adapters/http.js:620:25)
    at RedirectableRequest.emit (node:events:519:35)
    at ClientRequest.eventHandlers.&lt;computed&gt; (/Users/mysoft/Code/AI Coding/party-management-system/api-tests/node_modules/follow-redirects/index.js:49:24)
    at ClientRequest.emit (node:events:507:28)
    at emitErrorEvent (node:_http_client:104:11)
    at Socket.socketErrorListener (node:_http_client:518:5)
    at Socket.emit (node:events:507:28)
    at emitErrorNT (node:internal/streams/destroy:170:8)
    at emitErrorCloseNT (node:internal/streams/destroy:129:3)
    at processTicksAndRejections (node:internal/process/task_queues:90:21)
    at Axios.request (/Users/mysoft/Code/AI Coding/party-management-system/api-tests/node_modules/axios/lib/core/Axios.js:45:41)
    at processTicksAndRejections (node:internal/process/task_queues:105:5)
    at Object.loginAsAdmin (/Users/mysoft/Code/AI Coding/party-management-system/api-tests/setup.js:39:24)
    at Object.getAdminAuthHeaders (/Users/mysoft/Code/AI Coding/party-management-system/api-tests/setup.js:80:7)
    at Object.&lt;anonymous&gt; (/Users/mysoft/Code/AI Coding/party-management-system/api-tests/fees.test.js:14:20)</failure>
    </testcase>
    <testcase classname="党费管理API测试 › 党费标准管理 › 删除党费标准" name="管理员删除党费标准" time="0">
      <failure>Error: thrown: &quot;Exceeded timeout of 30000 ms for a hook.
Add a timeout value to this test to increase the timeout, if this is a long-running test. See https://jestjs.io/docs/api#testname-fn-timeout.&quot;
    at Object.beforeAll (/Users/mysoft/Code/AI Coding/party-management-system/api-tests/setup.js:361:1)
    at Runtime._execModule (/Users/mysoft/Code/AI Coding/party-management-system/api-tests/node_modules/jest-runtime/build/index.js:1439:24)
    at Runtime._loadModule (/Users/mysoft/Code/AI Coding/party-management-system/api-tests/node_modules/jest-runtime/build/index.js:1022:12)
    at Runtime.requireModule (/Users/mysoft/Code/AI Coding/party-management-system/api-tests/node_modules/jest-runtime/build/index.js:882:12)
    at jestAdapter (/Users/mysoft/Code/AI Coding/party-management-system/api-tests/node_modules/jest-circus/build/legacy-code-todo-rewrite/jestAdapter.js:70:15)
    at processTicksAndRejections (node:internal/process/task_queues:105:5)
    at runTestInternal (/Users/mysoft/Code/AI Coding/party-management-system/api-tests/node_modules/jest-runner/build/runTest.js:367:16)
    at runTest (/Users/mysoft/Code/AI Coding/party-management-system/api-tests/node_modules/jest-runner/build/runTest.js:444:34)</failure>
      <failure>AggregateError: 
    at AxiosError.Object.&lt;anonymous&gt;.AxiosError.from (/Users/mysoft/Code/AI Coding/party-management-system/api-tests/node_modules/axios/lib/core/AxiosError.js:92:14)
    at RedirectableRequest.handleRequestError (/Users/mysoft/Code/AI Coding/party-management-system/api-tests/node_modules/axios/lib/adapters/http.js:620:25)
    at RedirectableRequest.emit (node:events:519:35)
    at ClientRequest.eventHandlers.&lt;computed&gt; (/Users/mysoft/Code/AI Coding/party-management-system/api-tests/node_modules/follow-redirects/index.js:49:24)
    at ClientRequest.emit (node:events:507:28)
    at emitErrorEvent (node:_http_client:104:11)
    at Socket.socketErrorListener (node:_http_client:518:5)
    at Socket.emit (node:events:507:28)
    at emitErrorNT (node:internal/streams/destroy:170:8)
    at emitErrorCloseNT (node:internal/streams/destroy:129:3)
    at processTicksAndRejections (node:internal/process/task_queues:90:21)
    at Axios.request (/Users/mysoft/Code/AI Coding/party-management-system/api-tests/node_modules/axios/lib/core/Axios.js:45:41)
    at processTicksAndRejections (node:internal/process/task_queues:105:5)
    at Object.loginAsAdmin (/Users/mysoft/Code/AI Coding/party-management-system/api-tests/setup.js:39:24)
    at Object.getAdminAuthHeaders (/Users/mysoft/Code/AI Coding/party-management-system/api-tests/setup.js:80:7)
    at Object.&lt;anonymous&gt; (/Users/mysoft/Code/AI Coding/party-management-system/api-tests/fees.test.js:14:20)</failure>
    </testcase>
    <testcase classname="党费管理API测试 › 党费标准管理 › 删除党费标准" name="普通用户删除党费标准应失败" time="0">
      <failure>Error: thrown: &quot;Exceeded timeout of 30000 ms for a hook.
Add a timeout value to this test to increase the timeout, if this is a long-running test. See https://jestjs.io/docs/api#testname-fn-timeout.&quot;
    at Object.beforeAll (/Users/mysoft/Code/AI Coding/party-management-system/api-tests/setup.js:361:1)
    at Runtime._execModule (/Users/mysoft/Code/AI Coding/party-management-system/api-tests/node_modules/jest-runtime/build/index.js:1439:24)
    at Runtime._loadModule (/Users/mysoft/Code/AI Coding/party-management-system/api-tests/node_modules/jest-runtime/build/index.js:1022:12)
    at Runtime.requireModule (/Users/mysoft/Code/AI Coding/party-management-system/api-tests/node_modules/jest-runtime/build/index.js:882:12)
    at jestAdapter (/Users/mysoft/Code/AI Coding/party-management-system/api-tests/node_modules/jest-circus/build/legacy-code-todo-rewrite/jestAdapter.js:70:15)
    at processTicksAndRejections (node:internal/process/task_queues:105:5)
    at runTestInternal (/Users/mysoft/Code/AI Coding/party-management-system/api-tests/node_modules/jest-runner/build/runTest.js:367:16)
    at runTest (/Users/mysoft/Code/AI Coding/party-management-system/api-tests/node_modules/jest-runner/build/runTest.js:444:34)</failure>
      <failure>AggregateError: 
    at AxiosError.Object.&lt;anonymous&gt;.AxiosError.from (/Users/mysoft/Code/AI Coding/party-management-system/api-tests/node_modules/axios/lib/core/AxiosError.js:92:14)
    at RedirectableRequest.handleRequestError (/Users/mysoft/Code/AI Coding/party-management-system/api-tests/node_modules/axios/lib/adapters/http.js:620:25)
    at RedirectableRequest.emit (node:events:519:35)
    at ClientRequest.eventHandlers.&lt;computed&gt; (/Users/mysoft/Code/AI Coding/party-management-system/api-tests/node_modules/follow-redirects/index.js:49:24)
    at ClientRequest.emit (node:events:507:28)
    at emitErrorEvent (node:_http_client:104:11)
    at Socket.socketErrorListener (node:_http_client:518:5)
    at Socket.emit (node:events:507:28)
    at emitErrorNT (node:internal/streams/destroy:170:8)
    at emitErrorCloseNT (node:internal/streams/destroy:129:3)
    at processTicksAndRejections (node:internal/process/task_queues:90:21)
    at Axios.request (/Users/mysoft/Code/AI Coding/party-management-system/api-tests/node_modules/axios/lib/core/Axios.js:45:41)
    at processTicksAndRejections (node:internal/process/task_queues:105:5)
    at Object.loginAsAdmin (/Users/mysoft/Code/AI Coding/party-management-system/api-tests/setup.js:39:24)
    at Object.getAdminAuthHeaders (/Users/mysoft/Code/AI Coding/party-management-system/api-tests/setup.js:80:7)
    at Object.&lt;anonymous&gt; (/Users/mysoft/Code/AI Coding/party-management-system/api-tests/fees.test.js:14:20)</failure>
    </testcase>
    <testcase classname="党费管理API测试 › 党费标准管理 › 删除党费标准" name="删除不存在的党费标准应失败" time="0">
      <failure>Error: thrown: &quot;Exceeded timeout of 30000 ms for a hook.
Add a timeout value to this test to increase the timeout, if this is a long-running test. See https://jestjs.io/docs/api#testname-fn-timeout.&quot;
    at Object.beforeAll (/Users/mysoft/Code/AI Coding/party-management-system/api-tests/setup.js:361:1)
    at Runtime._execModule (/Users/mysoft/Code/AI Coding/party-management-system/api-tests/node_modules/jest-runtime/build/index.js:1439:24)
    at Runtime._loadModule (/Users/mysoft/Code/AI Coding/party-management-system/api-tests/node_modules/jest-runtime/build/index.js:1022:12)
    at Runtime.requireModule (/Users/mysoft/Code/AI Coding/party-management-system/api-tests/node_modules/jest-runtime/build/index.js:882:12)
    at jestAdapter (/Users/mysoft/Code/AI Coding/party-management-system/api-tests/node_modules/jest-circus/build/legacy-code-todo-rewrite/jestAdapter.js:70:15)
    at processTicksAndRejections (node:internal/process/task_queues:105:5)
    at runTestInternal (/Users/mysoft/Code/AI Coding/party-management-system/api-tests/node_modules/jest-runner/build/runTest.js:367:16)
    at runTest (/Users/mysoft/Code/AI Coding/party-management-system/api-tests/node_modules/jest-runner/build/runTest.js:444:34)</failure>
      <failure>AggregateError: 
    at AxiosError.Object.&lt;anonymous&gt;.AxiosError.from (/Users/mysoft/Code/AI Coding/party-management-system/api-tests/node_modules/axios/lib/core/AxiosError.js:92:14)
    at RedirectableRequest.handleRequestError (/Users/mysoft/Code/AI Coding/party-management-system/api-tests/node_modules/axios/lib/adapters/http.js:620:25)
    at RedirectableRequest.emit (node:events:519:35)
    at ClientRequest.eventHandlers.&lt;computed&gt; (/Users/mysoft/Code/AI Coding/party-management-system/api-tests/node_modules/follow-redirects/index.js:49:24)
    at ClientRequest.emit (node:events:507:28)
    at emitErrorEvent (node:_http_client:104:11)
    at Socket.socketErrorListener (node:_http_client:518:5)
    at Socket.emit (node:events:507:28)
    at emitErrorNT (node:internal/streams/destroy:170:8)
    at emitErrorCloseNT (node:internal/streams/destroy:129:3)
    at processTicksAndRejections (node:internal/process/task_queues:90:21)
    at Axios.request (/Users/mysoft/Code/AI Coding/party-management-system/api-tests/node_modules/axios/lib/core/Axios.js:45:41)
    at processTicksAndRejections (node:internal/process/task_queues:105:5)
    at Object.loginAsAdmin (/Users/mysoft/Code/AI Coding/party-management-system/api-tests/setup.js:39:24)
    at Object.getAdminAuthHeaders (/Users/mysoft/Code/AI Coding/party-management-system/api-tests/setup.js:80:7)
    at Object.&lt;anonymous&gt; (/Users/mysoft/Code/AI Coding/party-management-system/api-tests/fees.test.js:14:20)</failure>
    </testcase>
    <testcase classname="党费管理API测试 › 党费缴纳记录管理 › 创建缴费记录" name="管理员创建缴费记录" time="0">
      <failure>Error: thrown: &quot;Exceeded timeout of 30000 ms for a hook.
Add a timeout value to this test to increase the timeout, if this is a long-running test. See https://jestjs.io/docs/api#testname-fn-timeout.&quot;
    at Object.beforeAll (/Users/mysoft/Code/AI Coding/party-management-system/api-tests/setup.js:361:1)
    at Runtime._execModule (/Users/mysoft/Code/AI Coding/party-management-system/api-tests/node_modules/jest-runtime/build/index.js:1439:24)
    at Runtime._loadModule (/Users/mysoft/Code/AI Coding/party-management-system/api-tests/node_modules/jest-runtime/build/index.js:1022:12)
    at Runtime.requireModule (/Users/mysoft/Code/AI Coding/party-management-system/api-tests/node_modules/jest-runtime/build/index.js:882:12)
    at jestAdapter (/Users/mysoft/Code/AI Coding/party-management-system/api-tests/node_modules/jest-circus/build/legacy-code-todo-rewrite/jestAdapter.js:70:15)
    at processTicksAndRejections (node:internal/process/task_queues:105:5)
    at runTestInternal (/Users/mysoft/Code/AI Coding/party-management-system/api-tests/node_modules/jest-runner/build/runTest.js:367:16)
    at runTest (/Users/mysoft/Code/AI Coding/party-management-system/api-tests/node_modules/jest-runner/build/runTest.js:444:34)</failure>
      <failure>AggregateError: 
    at AxiosError.Object.&lt;anonymous&gt;.AxiosError.from (/Users/mysoft/Code/AI Coding/party-management-system/api-tests/node_modules/axios/lib/core/AxiosError.js:92:14)
    at RedirectableRequest.handleRequestError (/Users/mysoft/Code/AI Coding/party-management-system/api-tests/node_modules/axios/lib/adapters/http.js:620:25)
    at RedirectableRequest.emit (node:events:519:35)
    at ClientRequest.eventHandlers.&lt;computed&gt; (/Users/mysoft/Code/AI Coding/party-management-system/api-tests/node_modules/follow-redirects/index.js:49:24)
    at ClientRequest.emit (node:events:507:28)
    at emitErrorEvent (node:_http_client:104:11)
    at Socket.socketErrorListener (node:_http_client:518:5)
    at Socket.emit (node:events:507:28)
    at emitErrorNT (node:internal/streams/destroy:170:8)
    at emitErrorCloseNT (node:internal/streams/destroy:129:3)
    at processTicksAndRejections (node:internal/process/task_queues:90:21)
    at Axios.request (/Users/mysoft/Code/AI Coding/party-management-system/api-tests/node_modules/axios/lib/core/Axios.js:45:41)
    at processTicksAndRejections (node:internal/process/task_queues:105:5)
    at Object.loginAsAdmin (/Users/mysoft/Code/AI Coding/party-management-system/api-tests/setup.js:39:24)
    at Object.getAdminAuthHeaders (/Users/mysoft/Code/AI Coding/party-management-system/api-tests/setup.js:80:7)
    at Object.&lt;anonymous&gt; (/Users/mysoft/Code/AI Coding/party-management-system/api-tests/fees.test.js:14:20)</failure>
      <failure>TypeError: Cannot read properties of undefined (reading &apos;id&apos;)
    at Object.id (/Users/mysoft/Code/AI Coding/party-management-system/api-tests/fees.test.js:207:34)
    at Promise.then.completed (/Users/mysoft/Code/AI Coding/party-management-system/api-tests/node_modules/jest-circus/build/utils.js:298:28)
    at new Promise (&lt;anonymous&gt;)
    at callAsyncCircusFn (/Users/mysoft/Code/AI Coding/party-management-system/api-tests/node_modules/jest-circus/build/utils.js:231:10)
    at _callCircusHook (/Users/mysoft/Code/AI Coding/party-management-system/api-tests/node_modules/jest-circus/build/run.js:281:40)
    at processTicksAndRejections (node:internal/process/task_queues:105:5)
    at _runTestsForDescribeBlock (/Users/mysoft/Code/AI Coding/party-management-system/api-tests/node_modules/jest-circus/build/run.js:95:7)
    at _runTestsForDescribeBlock (/Users/mysoft/Code/AI Coding/party-management-system/api-tests/node_modules/jest-circus/build/run.js:121:9)
    at _runTestsForDescribeBlock (/Users/mysoft/Code/AI Coding/party-management-system/api-tests/node_modules/jest-circus/build/run.js:121:9)
    at run (/Users/mysoft/Code/AI Coding/party-management-system/api-tests/node_modules/jest-circus/build/run.js:71:3)
    at runAndTransformResultsToJestFormat (/Users/mysoft/Code/AI Coding/party-management-system/api-tests/node_modules/jest-circus/build/legacy-code-todo-rewrite/jestAdapterInit.js:122:21)
    at jestAdapter (/Users/mysoft/Code/AI Coding/party-management-system/api-tests/node_modules/jest-circus/build/legacy-code-todo-rewrite/jestAdapter.js:79:19)
    at runTestInternal (/Users/mysoft/Code/AI Coding/party-management-system/api-tests/node_modules/jest-runner/build/runTest.js:367:16)
    at runTest (/Users/mysoft/Code/AI Coding/party-management-system/api-tests/node_modules/jest-runner/build/runTest.js:444:34)</failure>
    </testcase>
    <testcase classname="党费管理API测试 › 党费缴纳记录管理 › 创建缴费记录" name="用户为自己创建缴费记录" time="0">
      <failure>Error: thrown: &quot;Exceeded timeout of 30000 ms for a hook.
Add a timeout value to this test to increase the timeout, if this is a long-running test. See https://jestjs.io/docs/api#testname-fn-timeout.&quot;
    at Object.beforeAll (/Users/mysoft/Code/AI Coding/party-management-system/api-tests/setup.js:361:1)
    at Runtime._execModule (/Users/mysoft/Code/AI Coding/party-management-system/api-tests/node_modules/jest-runtime/build/index.js:1439:24)
    at Runtime._loadModule (/Users/mysoft/Code/AI Coding/party-management-system/api-tests/node_modules/jest-runtime/build/index.js:1022:12)
    at Runtime.requireModule (/Users/mysoft/Code/AI Coding/party-management-system/api-tests/node_modules/jest-runtime/build/index.js:882:12)
    at jestAdapter (/Users/mysoft/Code/AI Coding/party-management-system/api-tests/node_modules/jest-circus/build/legacy-code-todo-rewrite/jestAdapter.js:70:15)
    at processTicksAndRejections (node:internal/process/task_queues:105:5)
    at runTestInternal (/Users/mysoft/Code/AI Coding/party-management-system/api-tests/node_modules/jest-runner/build/runTest.js:367:16)
    at runTest (/Users/mysoft/Code/AI Coding/party-management-system/api-tests/node_modules/jest-runner/build/runTest.js:444:34)</failure>
      <failure>AggregateError: 
    at AxiosError.Object.&lt;anonymous&gt;.AxiosError.from (/Users/mysoft/Code/AI Coding/party-management-system/api-tests/node_modules/axios/lib/core/AxiosError.js:92:14)
    at RedirectableRequest.handleRequestError (/Users/mysoft/Code/AI Coding/party-management-system/api-tests/node_modules/axios/lib/adapters/http.js:620:25)
    at RedirectableRequest.emit (node:events:519:35)
    at ClientRequest.eventHandlers.&lt;computed&gt; (/Users/mysoft/Code/AI Coding/party-management-system/api-tests/node_modules/follow-redirects/index.js:49:24)
    at ClientRequest.emit (node:events:507:28)
    at emitErrorEvent (node:_http_client:104:11)
    at Socket.socketErrorListener (node:_http_client:518:5)
    at Socket.emit (node:events:507:28)
    at emitErrorNT (node:internal/streams/destroy:170:8)
    at emitErrorCloseNT (node:internal/streams/destroy:129:3)
    at processTicksAndRejections (node:internal/process/task_queues:90:21)
    at Axios.request (/Users/mysoft/Code/AI Coding/party-management-system/api-tests/node_modules/axios/lib/core/Axios.js:45:41)
    at processTicksAndRejections (node:internal/process/task_queues:105:5)
    at Object.loginAsAdmin (/Users/mysoft/Code/AI Coding/party-management-system/api-tests/setup.js:39:24)
    at Object.getAdminAuthHeaders (/Users/mysoft/Code/AI Coding/party-management-system/api-tests/setup.js:80:7)
    at Object.&lt;anonymous&gt; (/Users/mysoft/Code/AI Coding/party-management-system/api-tests/fees.test.js:14:20)</failure>
      <failure>TypeError: Cannot read properties of undefined (reading &apos;id&apos;)
    at Object.id (/Users/mysoft/Code/AI Coding/party-management-system/api-tests/fees.test.js:207:34)
    at Promise.then.completed (/Users/mysoft/Code/AI Coding/party-management-system/api-tests/node_modules/jest-circus/build/utils.js:298:28)
    at new Promise (&lt;anonymous&gt;)
    at callAsyncCircusFn (/Users/mysoft/Code/AI Coding/party-management-system/api-tests/node_modules/jest-circus/build/utils.js:231:10)
    at _callCircusHook (/Users/mysoft/Code/AI Coding/party-management-system/api-tests/node_modules/jest-circus/build/run.js:281:40)
    at processTicksAndRejections (node:internal/process/task_queues:105:5)
    at _runTestsForDescribeBlock (/Users/mysoft/Code/AI Coding/party-management-system/api-tests/node_modules/jest-circus/build/run.js:95:7)
    at _runTestsForDescribeBlock (/Users/mysoft/Code/AI Coding/party-management-system/api-tests/node_modules/jest-circus/build/run.js:121:9)
    at _runTestsForDescribeBlock (/Users/mysoft/Code/AI Coding/party-management-system/api-tests/node_modules/jest-circus/build/run.js:121:9)
    at run (/Users/mysoft/Code/AI Coding/party-management-system/api-tests/node_modules/jest-circus/build/run.js:71:3)
    at runAndTransformResultsToJestFormat (/Users/mysoft/Code/AI Coding/party-management-system/api-tests/node_modules/jest-circus/build/legacy-code-todo-rewrite/jestAdapterInit.js:122:21)
    at jestAdapter (/Users/mysoft/Code/AI Coding/party-management-system/api-tests/node_modules/jest-circus/build/legacy-code-todo-rewrite/jestAdapter.js:79:19)
    at runTestInternal (/Users/mysoft/Code/AI Coding/party-management-system/api-tests/node_modules/jest-runner/build/runTest.js:367:16)
    at runTest (/Users/mysoft/Code/AI Coding/party-management-system/api-tests/node_modules/jest-runner/build/runTest.js:444:34)</failure>
    </testcase>
    <testcase classname="党费管理API测试 › 党费缴纳记录管理 › 创建缴费记录" name="缺少必填字段创建应失败" time="0.001">
      <failure>Error: thrown: &quot;Exceeded timeout of 30000 ms for a hook.
Add a timeout value to this test to increase the timeout, if this is a long-running test. See https://jestjs.io/docs/api#testname-fn-timeout.&quot;
    at Object.beforeAll (/Users/mysoft/Code/AI Coding/party-management-system/api-tests/setup.js:361:1)
    at Runtime._execModule (/Users/mysoft/Code/AI Coding/party-management-system/api-tests/node_modules/jest-runtime/build/index.js:1439:24)
    at Runtime._loadModule (/Users/mysoft/Code/AI Coding/party-management-system/api-tests/node_modules/jest-runtime/build/index.js:1022:12)
    at Runtime.requireModule (/Users/mysoft/Code/AI Coding/party-management-system/api-tests/node_modules/jest-runtime/build/index.js:882:12)
    at jestAdapter (/Users/mysoft/Code/AI Coding/party-management-system/api-tests/node_modules/jest-circus/build/legacy-code-todo-rewrite/jestAdapter.js:70:15)
    at processTicksAndRejections (node:internal/process/task_queues:105:5)
    at runTestInternal (/Users/mysoft/Code/AI Coding/party-management-system/api-tests/node_modules/jest-runner/build/runTest.js:367:16)
    at runTest (/Users/mysoft/Code/AI Coding/party-management-system/api-tests/node_modules/jest-runner/build/runTest.js:444:34)</failure>
      <failure>AggregateError: 
    at AxiosError.Object.&lt;anonymous&gt;.AxiosError.from (/Users/mysoft/Code/AI Coding/party-management-system/api-tests/node_modules/axios/lib/core/AxiosError.js:92:14)
    at RedirectableRequest.handleRequestError (/Users/mysoft/Code/AI Coding/party-management-system/api-tests/node_modules/axios/lib/adapters/http.js:620:25)
    at RedirectableRequest.emit (node:events:519:35)
    at ClientRequest.eventHandlers.&lt;computed&gt; (/Users/mysoft/Code/AI Coding/party-management-system/api-tests/node_modules/follow-redirects/index.js:49:24)
    at ClientRequest.emit (node:events:507:28)
    at emitErrorEvent (node:_http_client:104:11)
    at Socket.socketErrorListener (node:_http_client:518:5)
    at Socket.emit (node:events:507:28)
    at emitErrorNT (node:internal/streams/destroy:170:8)
    at emitErrorCloseNT (node:internal/streams/destroy:129:3)
    at processTicksAndRejections (node:internal/process/task_queues:90:21)
    at Axios.request (/Users/mysoft/Code/AI Coding/party-management-system/api-tests/node_modules/axios/lib/core/Axios.js:45:41)
    at processTicksAndRejections (node:internal/process/task_queues:105:5)
    at Object.loginAsAdmin (/Users/mysoft/Code/AI Coding/party-management-system/api-tests/setup.js:39:24)
    at Object.getAdminAuthHeaders (/Users/mysoft/Code/AI Coding/party-management-system/api-tests/setup.js:80:7)
    at Object.&lt;anonymous&gt; (/Users/mysoft/Code/AI Coding/party-management-system/api-tests/fees.test.js:14:20)</failure>
      <failure>TypeError: Cannot read properties of undefined (reading &apos;id&apos;)
    at Object.id (/Users/mysoft/Code/AI Coding/party-management-system/api-tests/fees.test.js:207:34)
    at Promise.then.completed (/Users/mysoft/Code/AI Coding/party-management-system/api-tests/node_modules/jest-circus/build/utils.js:298:28)
    at new Promise (&lt;anonymous&gt;)
    at callAsyncCircusFn (/Users/mysoft/Code/AI Coding/party-management-system/api-tests/node_modules/jest-circus/build/utils.js:231:10)
    at _callCircusHook (/Users/mysoft/Code/AI Coding/party-management-system/api-tests/node_modules/jest-circus/build/run.js:281:40)
    at processTicksAndRejections (node:internal/process/task_queues:105:5)
    at _runTestsForDescribeBlock (/Users/mysoft/Code/AI Coding/party-management-system/api-tests/node_modules/jest-circus/build/run.js:95:7)
    at _runTestsForDescribeBlock (/Users/mysoft/Code/AI Coding/party-management-system/api-tests/node_modules/jest-circus/build/run.js:121:9)
    at _runTestsForDescribeBlock (/Users/mysoft/Code/AI Coding/party-management-system/api-tests/node_modules/jest-circus/build/run.js:121:9)
    at run (/Users/mysoft/Code/AI Coding/party-management-system/api-tests/node_modules/jest-circus/build/run.js:71:3)
    at runAndTransformResultsToJestFormat (/Users/mysoft/Code/AI Coding/party-management-system/api-tests/node_modules/jest-circus/build/legacy-code-todo-rewrite/jestAdapterInit.js:122:21)
    at jestAdapter (/Users/mysoft/Code/AI Coding/party-management-system/api-tests/node_modules/jest-circus/build/legacy-code-todo-rewrite/jestAdapter.js:79:19)
    at runTestInternal (/Users/mysoft/Code/AI Coding/party-management-system/api-tests/node_modules/jest-runner/build/runTest.js:367:16)
    at runTest (/Users/mysoft/Code/AI Coding/party-management-system/api-tests/node_modules/jest-runner/build/runTest.js:444:34)</failure>
    </testcase>
    <testcase classname="党费管理API测试 › 党费缴纳记录管理 › 创建缴费记录" name="无效金额创建应失败" time="0">
      <failure>Error: thrown: &quot;Exceeded timeout of 30000 ms for a hook.
Add a timeout value to this test to increase the timeout, if this is a long-running test. See https://jestjs.io/docs/api#testname-fn-timeout.&quot;
    at Object.beforeAll (/Users/mysoft/Code/AI Coding/party-management-system/api-tests/setup.js:361:1)
    at Runtime._execModule (/Users/mysoft/Code/AI Coding/party-management-system/api-tests/node_modules/jest-runtime/build/index.js:1439:24)
    at Runtime._loadModule (/Users/mysoft/Code/AI Coding/party-management-system/api-tests/node_modules/jest-runtime/build/index.js:1022:12)
    at Runtime.requireModule (/Users/mysoft/Code/AI Coding/party-management-system/api-tests/node_modules/jest-runtime/build/index.js:882:12)
    at jestAdapter (/Users/mysoft/Code/AI Coding/party-management-system/api-tests/node_modules/jest-circus/build/legacy-code-todo-rewrite/jestAdapter.js:70:15)
    at processTicksAndRejections (node:internal/process/task_queues:105:5)
    at runTestInternal (/Users/mysoft/Code/AI Coding/party-management-system/api-tests/node_modules/jest-runner/build/runTest.js:367:16)
    at runTest (/Users/mysoft/Code/AI Coding/party-management-system/api-tests/node_modules/jest-runner/build/runTest.js:444:34)</failure>
      <failure>AggregateError: 
    at AxiosError.Object.&lt;anonymous&gt;.AxiosError.from (/Users/mysoft/Code/AI Coding/party-management-system/api-tests/node_modules/axios/lib/core/AxiosError.js:92:14)
    at RedirectableRequest.handleRequestError (/Users/mysoft/Code/AI Coding/party-management-system/api-tests/node_modules/axios/lib/adapters/http.js:620:25)
    at RedirectableRequest.emit (node:events:519:35)
    at ClientRequest.eventHandlers.&lt;computed&gt; (/Users/mysoft/Code/AI Coding/party-management-system/api-tests/node_modules/follow-redirects/index.js:49:24)
    at ClientRequest.emit (node:events:507:28)
    at emitErrorEvent (node:_http_client:104:11)
    at Socket.socketErrorListener (node:_http_client:518:5)
    at Socket.emit (node:events:507:28)
    at emitErrorNT (node:internal/streams/destroy:170:8)
    at emitErrorCloseNT (node:internal/streams/destroy:129:3)
    at processTicksAndRejections (node:internal/process/task_queues:90:21)
    at Axios.request (/Users/mysoft/Code/AI Coding/party-management-system/api-tests/node_modules/axios/lib/core/Axios.js:45:41)
    at processTicksAndRejections (node:internal/process/task_queues:105:5)
    at Object.loginAsAdmin (/Users/mysoft/Code/AI Coding/party-management-system/api-tests/setup.js:39:24)
    at Object.getAdminAuthHeaders (/Users/mysoft/Code/AI Coding/party-management-system/api-tests/setup.js:80:7)
    at Object.&lt;anonymous&gt; (/Users/mysoft/Code/AI Coding/party-management-system/api-tests/fees.test.js:14:20)</failure>
      <failure>TypeError: Cannot read properties of undefined (reading &apos;id&apos;)
    at Object.id (/Users/mysoft/Code/AI Coding/party-management-system/api-tests/fees.test.js:207:34)
    at Promise.then.completed (/Users/mysoft/Code/AI Coding/party-management-system/api-tests/node_modules/jest-circus/build/utils.js:298:28)
    at new Promise (&lt;anonymous&gt;)
    at callAsyncCircusFn (/Users/mysoft/Code/AI Coding/party-management-system/api-tests/node_modules/jest-circus/build/utils.js:231:10)
    at _callCircusHook (/Users/mysoft/Code/AI Coding/party-management-system/api-tests/node_modules/jest-circus/build/run.js:281:40)
    at processTicksAndRejections (node:internal/process/task_queues:105:5)
    at _runTestsForDescribeBlock (/Users/mysoft/Code/AI Coding/party-management-system/api-tests/node_modules/jest-circus/build/run.js:95:7)
    at _runTestsForDescribeBlock (/Users/mysoft/Code/AI Coding/party-management-system/api-tests/node_modules/jest-circus/build/run.js:121:9)
    at _runTestsForDescribeBlock (/Users/mysoft/Code/AI Coding/party-management-system/api-tests/node_modules/jest-circus/build/run.js:121:9)
    at run (/Users/mysoft/Code/AI Coding/party-management-system/api-tests/node_modules/jest-circus/build/run.js:71:3)
    at runAndTransformResultsToJestFormat (/Users/mysoft/Code/AI Coding/party-management-system/api-tests/node_modules/jest-circus/build/legacy-code-todo-rewrite/jestAdapterInit.js:122:21)
    at jestAdapter (/Users/mysoft/Code/AI Coding/party-management-system/api-tests/node_modules/jest-circus/build/legacy-code-todo-rewrite/jestAdapter.js:79:19)
    at runTestInternal (/Users/mysoft/Code/AI Coding/party-management-system/api-tests/node_modules/jest-runner/build/runTest.js:367:16)
    at runTest (/Users/mysoft/Code/AI Coding/party-management-system/api-tests/node_modules/jest-runner/build/runTest.js:444:34)</failure>
    </testcase>
    <testcase classname="党费管理API测试 › 党费缴纳记录管理 › 创建缴费记录" name="无效标准ID创建应失败" time="0">
      <failure>Error: thrown: &quot;Exceeded timeout of 30000 ms for a hook.
Add a timeout value to this test to increase the timeout, if this is a long-running test. See https://jestjs.io/docs/api#testname-fn-timeout.&quot;
    at Object.beforeAll (/Users/mysoft/Code/AI Coding/party-management-system/api-tests/setup.js:361:1)
    at Runtime._execModule (/Users/mysoft/Code/AI Coding/party-management-system/api-tests/node_modules/jest-runtime/build/index.js:1439:24)
    at Runtime._loadModule (/Users/mysoft/Code/AI Coding/party-management-system/api-tests/node_modules/jest-runtime/build/index.js:1022:12)
    at Runtime.requireModule (/Users/mysoft/Code/AI Coding/party-management-system/api-tests/node_modules/jest-runtime/build/index.js:882:12)
    at jestAdapter (/Users/mysoft/Code/AI Coding/party-management-system/api-tests/node_modules/jest-circus/build/legacy-code-todo-rewrite/jestAdapter.js:70:15)
    at processTicksAndRejections (node:internal/process/task_queues:105:5)
    at runTestInternal (/Users/mysoft/Code/AI Coding/party-management-system/api-tests/node_modules/jest-runner/build/runTest.js:367:16)
    at runTest (/Users/mysoft/Code/AI Coding/party-management-system/api-tests/node_modules/jest-runner/build/runTest.js:444:34)</failure>
      <failure>AggregateError: 
    at AxiosError.Object.&lt;anonymous&gt;.AxiosError.from (/Users/mysoft/Code/AI Coding/party-management-system/api-tests/node_modules/axios/lib/core/AxiosError.js:92:14)
    at RedirectableRequest.handleRequestError (/Users/mysoft/Code/AI Coding/party-management-system/api-tests/node_modules/axios/lib/adapters/http.js:620:25)
    at RedirectableRequest.emit (node:events:519:35)
    at ClientRequest.eventHandlers.&lt;computed&gt; (/Users/mysoft/Code/AI Coding/party-management-system/api-tests/node_modules/follow-redirects/index.js:49:24)
    at ClientRequest.emit (node:events:507:28)
    at emitErrorEvent (node:_http_client:104:11)
    at Socket.socketErrorListener (node:_http_client:518:5)
    at Socket.emit (node:events:507:28)
    at emitErrorNT (node:internal/streams/destroy:170:8)
    at emitErrorCloseNT (node:internal/streams/destroy:129:3)
    at processTicksAndRejections (node:internal/process/task_queues:90:21)
    at Axios.request (/Users/mysoft/Code/AI Coding/party-management-system/api-tests/node_modules/axios/lib/core/Axios.js:45:41)
    at processTicksAndRejections (node:internal/process/task_queues:105:5)
    at Object.loginAsAdmin (/Users/mysoft/Code/AI Coding/party-management-system/api-tests/setup.js:39:24)
    at Object.getAdminAuthHeaders (/Users/mysoft/Code/AI Coding/party-management-system/api-tests/setup.js:80:7)
    at Object.&lt;anonymous&gt; (/Users/mysoft/Code/AI Coding/party-management-system/api-tests/fees.test.js:14:20)</failure>
      <failure>TypeError: Cannot read properties of undefined (reading &apos;id&apos;)
    at Object.id (/Users/mysoft/Code/AI Coding/party-management-system/api-tests/fees.test.js:207:34)
    at Promise.then.completed (/Users/mysoft/Code/AI Coding/party-management-system/api-tests/node_modules/jest-circus/build/utils.js:298:28)
    at new Promise (&lt;anonymous&gt;)
    at callAsyncCircusFn (/Users/mysoft/Code/AI Coding/party-management-system/api-tests/node_modules/jest-circus/build/utils.js:231:10)
    at _callCircusHook (/Users/mysoft/Code/AI Coding/party-management-system/api-tests/node_modules/jest-circus/build/run.js:281:40)
    at processTicksAndRejections (node:internal/process/task_queues:105:5)
    at _runTestsForDescribeBlock (/Users/mysoft/Code/AI Coding/party-management-system/api-tests/node_modules/jest-circus/build/run.js:95:7)
    at _runTestsForDescribeBlock (/Users/mysoft/Code/AI Coding/party-management-system/api-tests/node_modules/jest-circus/build/run.js:121:9)
    at _runTestsForDescribeBlock (/Users/mysoft/Code/AI Coding/party-management-system/api-tests/node_modules/jest-circus/build/run.js:121:9)
    at run (/Users/mysoft/Code/AI Coding/party-management-system/api-tests/node_modules/jest-circus/build/run.js:71:3)
    at runAndTransformResultsToJestFormat (/Users/mysoft/Code/AI Coding/party-management-system/api-tests/node_modules/jest-circus/build/legacy-code-todo-rewrite/jestAdapterInit.js:122:21)
    at jestAdapter (/Users/mysoft/Code/AI Coding/party-management-system/api-tests/node_modules/jest-circus/build/legacy-code-todo-rewrite/jestAdapter.js:79:19)
    at runTestInternal (/Users/mysoft/Code/AI Coding/party-management-system/api-tests/node_modules/jest-runner/build/runTest.js:367:16)
    at runTest (/Users/mysoft/Code/AI Coding/party-management-system/api-tests/node_modules/jest-runner/build/runTest.js:444:34)</failure>
    </testcase>
    <testcase classname="党费管理API测试 › 党费缴纳记录管理 › 查询缴费记录" name="获取缴费记录列表" time="0">
      <failure>Error: thrown: &quot;Exceeded timeout of 30000 ms for a hook.
Add a timeout value to this test to increase the timeout, if this is a long-running test. See https://jestjs.io/docs/api#testname-fn-timeout.&quot;
    at Object.beforeAll (/Users/mysoft/Code/AI Coding/party-management-system/api-tests/setup.js:361:1)
    at Runtime._execModule (/Users/mysoft/Code/AI Coding/party-management-system/api-tests/node_modules/jest-runtime/build/index.js:1439:24)
    at Runtime._loadModule (/Users/mysoft/Code/AI Coding/party-management-system/api-tests/node_modules/jest-runtime/build/index.js:1022:12)
    at Runtime.requireModule (/Users/mysoft/Code/AI Coding/party-management-system/api-tests/node_modules/jest-runtime/build/index.js:882:12)
    at jestAdapter (/Users/mysoft/Code/AI Coding/party-management-system/api-tests/node_modules/jest-circus/build/legacy-code-todo-rewrite/jestAdapter.js:70:15)
    at processTicksAndRejections (node:internal/process/task_queues:105:5)
    at runTestInternal (/Users/mysoft/Code/AI Coding/party-management-system/api-tests/node_modules/jest-runner/build/runTest.js:367:16)
    at runTest (/Users/mysoft/Code/AI Coding/party-management-system/api-tests/node_modules/jest-runner/build/runTest.js:444:34)</failure>
      <failure>AggregateError: 
    at AxiosError.Object.&lt;anonymous&gt;.AxiosError.from (/Users/mysoft/Code/AI Coding/party-management-system/api-tests/node_modules/axios/lib/core/AxiosError.js:92:14)
    at RedirectableRequest.handleRequestError (/Users/mysoft/Code/AI Coding/party-management-system/api-tests/node_modules/axios/lib/adapters/http.js:620:25)
    at RedirectableRequest.emit (node:events:519:35)
    at ClientRequest.eventHandlers.&lt;computed&gt; (/Users/mysoft/Code/AI Coding/party-management-system/api-tests/node_modules/follow-redirects/index.js:49:24)
    at ClientRequest.emit (node:events:507:28)
    at emitErrorEvent (node:_http_client:104:11)
    at Socket.socketErrorListener (node:_http_client:518:5)
    at Socket.emit (node:events:507:28)
    at emitErrorNT (node:internal/streams/destroy:170:8)
    at emitErrorCloseNT (node:internal/streams/destroy:129:3)
    at processTicksAndRejections (node:internal/process/task_queues:90:21)
    at Axios.request (/Users/mysoft/Code/AI Coding/party-management-system/api-tests/node_modules/axios/lib/core/Axios.js:45:41)
    at processTicksAndRejections (node:internal/process/task_queues:105:5)
    at Object.loginAsAdmin (/Users/mysoft/Code/AI Coding/party-management-system/api-tests/setup.js:39:24)
    at Object.getAdminAuthHeaders (/Users/mysoft/Code/AI Coding/party-management-system/api-tests/setup.js:80:7)
    at Object.&lt;anonymous&gt; (/Users/mysoft/Code/AI Coding/party-management-system/api-tests/fees.test.js:14:20)</failure>
      <failure>TypeError: Cannot read properties of undefined (reading &apos;id&apos;)
    at Object.id (/Users/mysoft/Code/AI Coding/party-management-system/api-tests/fees.test.js:207:34)
    at Promise.then.completed (/Users/mysoft/Code/AI Coding/party-management-system/api-tests/node_modules/jest-circus/build/utils.js:298:28)
    at new Promise (&lt;anonymous&gt;)
    at callAsyncCircusFn (/Users/mysoft/Code/AI Coding/party-management-system/api-tests/node_modules/jest-circus/build/utils.js:231:10)
    at _callCircusHook (/Users/mysoft/Code/AI Coding/party-management-system/api-tests/node_modules/jest-circus/build/run.js:281:40)
    at processTicksAndRejections (node:internal/process/task_queues:105:5)
    at _runTestsForDescribeBlock (/Users/mysoft/Code/AI Coding/party-management-system/api-tests/node_modules/jest-circus/build/run.js:95:7)
    at _runTestsForDescribeBlock (/Users/mysoft/Code/AI Coding/party-management-system/api-tests/node_modules/jest-circus/build/run.js:121:9)
    at _runTestsForDescribeBlock (/Users/mysoft/Code/AI Coding/party-management-system/api-tests/node_modules/jest-circus/build/run.js:121:9)
    at run (/Users/mysoft/Code/AI Coding/party-management-system/api-tests/node_modules/jest-circus/build/run.js:71:3)
    at runAndTransformResultsToJestFormat (/Users/mysoft/Code/AI Coding/party-management-system/api-tests/node_modules/jest-circus/build/legacy-code-todo-rewrite/jestAdapterInit.js:122:21)
    at jestAdapter (/Users/mysoft/Code/AI Coding/party-management-system/api-tests/node_modules/jest-circus/build/legacy-code-todo-rewrite/jestAdapter.js:79:19)
    at runTestInternal (/Users/mysoft/Code/AI Coding/party-management-system/api-tests/node_modules/jest-runner/build/runTest.js:367:16)
    at runTest (/Users/mysoft/Code/AI Coding/party-management-system/api-tests/node_modules/jest-runner/build/runTest.js:444:34)</failure>
    </testcase>
    <testcase classname="党费管理API测试 › 党费缴纳记录管理 › 查询缴费记录" name="按标准ID筛选缴费记录" time="0">
      <failure>Error: thrown: &quot;Exceeded timeout of 30000 ms for a hook.
Add a timeout value to this test to increase the timeout, if this is a long-running test. See https://jestjs.io/docs/api#testname-fn-timeout.&quot;
    at Object.beforeAll (/Users/mysoft/Code/AI Coding/party-management-system/api-tests/setup.js:361:1)
    at Runtime._execModule (/Users/mysoft/Code/AI Coding/party-management-system/api-tests/node_modules/jest-runtime/build/index.js:1439:24)
    at Runtime._loadModule (/Users/mysoft/Code/AI Coding/party-management-system/api-tests/node_modules/jest-runtime/build/index.js:1022:12)
    at Runtime.requireModule (/Users/mysoft/Code/AI Coding/party-management-system/api-tests/node_modules/jest-runtime/build/index.js:882:12)
    at jestAdapter (/Users/mysoft/Code/AI Coding/party-management-system/api-tests/node_modules/jest-circus/build/legacy-code-todo-rewrite/jestAdapter.js:70:15)
    at processTicksAndRejections (node:internal/process/task_queues:105:5)
    at runTestInternal (/Users/mysoft/Code/AI Coding/party-management-system/api-tests/node_modules/jest-runner/build/runTest.js:367:16)
    at runTest (/Users/mysoft/Code/AI Coding/party-management-system/api-tests/node_modules/jest-runner/build/runTest.js:444:34)</failure>
      <failure>AggregateError: 
    at AxiosError.Object.&lt;anonymous&gt;.AxiosError.from (/Users/mysoft/Code/AI Coding/party-management-system/api-tests/node_modules/axios/lib/core/AxiosError.js:92:14)
    at RedirectableRequest.handleRequestError (/Users/mysoft/Code/AI Coding/party-management-system/api-tests/node_modules/axios/lib/adapters/http.js:620:25)
    at RedirectableRequest.emit (node:events:519:35)
    at ClientRequest.eventHandlers.&lt;computed&gt; (/Users/mysoft/Code/AI Coding/party-management-system/api-tests/node_modules/follow-redirects/index.js:49:24)
    at ClientRequest.emit (node:events:507:28)
    at emitErrorEvent (node:_http_client:104:11)
    at Socket.socketErrorListener (node:_http_client:518:5)
    at Socket.emit (node:events:507:28)
    at emitErrorNT (node:internal/streams/destroy:170:8)
    at emitErrorCloseNT (node:internal/streams/destroy:129:3)
    at processTicksAndRejections (node:internal/process/task_queues:90:21)
    at Axios.request (/Users/mysoft/Code/AI Coding/party-management-system/api-tests/node_modules/axios/lib/core/Axios.js:45:41)
    at processTicksAndRejections (node:internal/process/task_queues:105:5)
    at Object.loginAsAdmin (/Users/mysoft/Code/AI Coding/party-management-system/api-tests/setup.js:39:24)
    at Object.getAdminAuthHeaders (/Users/mysoft/Code/AI Coding/party-management-system/api-tests/setup.js:80:7)
    at Object.&lt;anonymous&gt; (/Users/mysoft/Code/AI Coding/party-management-system/api-tests/fees.test.js:14:20)</failure>
      <failure>TypeError: Cannot read properties of undefined (reading &apos;id&apos;)
    at Object.id (/Users/mysoft/Code/AI Coding/party-management-system/api-tests/fees.test.js:207:34)
    at Promise.then.completed (/Users/mysoft/Code/AI Coding/party-management-system/api-tests/node_modules/jest-circus/build/utils.js:298:28)
    at new Promise (&lt;anonymous&gt;)
    at callAsyncCircusFn (/Users/mysoft/Code/AI Coding/party-management-system/api-tests/node_modules/jest-circus/build/utils.js:231:10)
    at _callCircusHook (/Users/mysoft/Code/AI Coding/party-management-system/api-tests/node_modules/jest-circus/build/run.js:281:40)
    at processTicksAndRejections (node:internal/process/task_queues:105:5)
    at _runTestsForDescribeBlock (/Users/mysoft/Code/AI Coding/party-management-system/api-tests/node_modules/jest-circus/build/run.js:95:7)
    at _runTestsForDescribeBlock (/Users/mysoft/Code/AI Coding/party-management-system/api-tests/node_modules/jest-circus/build/run.js:121:9)
    at _runTestsForDescribeBlock (/Users/mysoft/Code/AI Coding/party-management-system/api-tests/node_modules/jest-circus/build/run.js:121:9)
    at run (/Users/mysoft/Code/AI Coding/party-management-system/api-tests/node_modules/jest-circus/build/run.js:71:3)
    at runAndTransformResultsToJestFormat (/Users/mysoft/Code/AI Coding/party-management-system/api-tests/node_modules/jest-circus/build/legacy-code-todo-rewrite/jestAdapterInit.js:122:21)
    at jestAdapter (/Users/mysoft/Code/AI Coding/party-management-system/api-tests/node_modules/jest-circus/build/legacy-code-todo-rewrite/jestAdapter.js:79:19)
    at runTestInternal (/Users/mysoft/Code/AI Coding/party-management-system/api-tests/node_modules/jest-runner/build/runTest.js:367:16)
    at runTest (/Users/mysoft/Code/AI Coding/party-management-system/api-tests/node_modules/jest-runner/build/runTest.js:444:34)</failure>
    </testcase>
    <testcase classname="党费管理API测试 › 党费缴纳记录管理 › 查询缴费记录" name="按缴费方式筛选记录" time="0">
      <failure>Error: thrown: &quot;Exceeded timeout of 30000 ms for a hook.
Add a timeout value to this test to increase the timeout, if this is a long-running test. See https://jestjs.io/docs/api#testname-fn-timeout.&quot;
    at Object.beforeAll (/Users/mysoft/Code/AI Coding/party-management-system/api-tests/setup.js:361:1)
    at Runtime._execModule (/Users/mysoft/Code/AI Coding/party-management-system/api-tests/node_modules/jest-runtime/build/index.js:1439:24)
    at Runtime._loadModule (/Users/mysoft/Code/AI Coding/party-management-system/api-tests/node_modules/jest-runtime/build/index.js:1022:12)
    at Runtime.requireModule (/Users/mysoft/Code/AI Coding/party-management-system/api-tests/node_modules/jest-runtime/build/index.js:882:12)
    at jestAdapter (/Users/mysoft/Code/AI Coding/party-management-system/api-tests/node_modules/jest-circus/build/legacy-code-todo-rewrite/jestAdapter.js:70:15)
    at processTicksAndRejections (node:internal/process/task_queues:105:5)
    at runTestInternal (/Users/mysoft/Code/AI Coding/party-management-system/api-tests/node_modules/jest-runner/build/runTest.js:367:16)
    at runTest (/Users/mysoft/Code/AI Coding/party-management-system/api-tests/node_modules/jest-runner/build/runTest.js:444:34)</failure>
      <failure>AggregateError: 
    at AxiosError.Object.&lt;anonymous&gt;.AxiosError.from (/Users/mysoft/Code/AI Coding/party-management-system/api-tests/node_modules/axios/lib/core/AxiosError.js:92:14)
    at RedirectableRequest.handleRequestError (/Users/mysoft/Code/AI Coding/party-management-system/api-tests/node_modules/axios/lib/adapters/http.js:620:25)
    at RedirectableRequest.emit (node:events:519:35)
    at ClientRequest.eventHandlers.&lt;computed&gt; (/Users/mysoft/Code/AI Coding/party-management-system/api-tests/node_modules/follow-redirects/index.js:49:24)
    at ClientRequest.emit (node:events:507:28)
    at emitErrorEvent (node:_http_client:104:11)
    at Socket.socketErrorListener (node:_http_client:518:5)
    at Socket.emit (node:events:507:28)
    at emitErrorNT (node:internal/streams/destroy:170:8)
    at emitErrorCloseNT (node:internal/streams/destroy:129:3)
    at processTicksAndRejections (node:internal/process/task_queues:90:21)
    at Axios.request (/Users/mysoft/Code/AI Coding/party-management-system/api-tests/node_modules/axios/lib/core/Axios.js:45:41)
    at processTicksAndRejections (node:internal/process/task_queues:105:5)
    at Object.loginAsAdmin (/Users/mysoft/Code/AI Coding/party-management-system/api-tests/setup.js:39:24)
    at Object.getAdminAuthHeaders (/Users/mysoft/Code/AI Coding/party-management-system/api-tests/setup.js:80:7)
    at Object.&lt;anonymous&gt; (/Users/mysoft/Code/AI Coding/party-management-system/api-tests/fees.test.js:14:20)</failure>
      <failure>TypeError: Cannot read properties of undefined (reading &apos;id&apos;)
    at Object.id (/Users/mysoft/Code/AI Coding/party-management-system/api-tests/fees.test.js:207:34)
    at Promise.then.completed (/Users/mysoft/Code/AI Coding/party-management-system/api-tests/node_modules/jest-circus/build/utils.js:298:28)
    at new Promise (&lt;anonymous&gt;)
    at callAsyncCircusFn (/Users/mysoft/Code/AI Coding/party-management-system/api-tests/node_modules/jest-circus/build/utils.js:231:10)
    at _callCircusHook (/Users/mysoft/Code/AI Coding/party-management-system/api-tests/node_modules/jest-circus/build/run.js:281:40)
    at processTicksAndRejections (node:internal/process/task_queues:105:5)
    at _runTestsForDescribeBlock (/Users/mysoft/Code/AI Coding/party-management-system/api-tests/node_modules/jest-circus/build/run.js:95:7)
    at _runTestsForDescribeBlock (/Users/mysoft/Code/AI Coding/party-management-system/api-tests/node_modules/jest-circus/build/run.js:121:9)
    at _runTestsForDescribeBlock (/Users/mysoft/Code/AI Coding/party-management-system/api-tests/node_modules/jest-circus/build/run.js:121:9)
    at run (/Users/mysoft/Code/AI Coding/party-management-system/api-tests/node_modules/jest-circus/build/run.js:71:3)
    at runAndTransformResultsToJestFormat (/Users/mysoft/Code/AI Coding/party-management-system/api-tests/node_modules/jest-circus/build/legacy-code-todo-rewrite/jestAdapterInit.js:122:21)
    at jestAdapter (/Users/mysoft/Code/AI Coding/party-management-system/api-tests/node_modules/jest-circus/build/legacy-code-todo-rewrite/jestAdapter.js:79:19)
    at runTestInternal (/Users/mysoft/Code/AI Coding/party-management-system/api-tests/node_modules/jest-runner/build/runTest.js:367:16)
    at runTest (/Users/mysoft/Code/AI Coding/party-management-system/api-tests/node_modules/jest-runner/build/runTest.js:444:34)</failure>
    </testcase>
    <testcase classname="党费管理API测试 › 党费缴纳记录管理 › 查询缴费记录" name="按日期范围筛选记录" time="0">
      <failure>Error: thrown: &quot;Exceeded timeout of 30000 ms for a hook.
Add a timeout value to this test to increase the timeout, if this is a long-running test. See https://jestjs.io/docs/api#testname-fn-timeout.&quot;
    at Object.beforeAll (/Users/mysoft/Code/AI Coding/party-management-system/api-tests/setup.js:361:1)
    at Runtime._execModule (/Users/mysoft/Code/AI Coding/party-management-system/api-tests/node_modules/jest-runtime/build/index.js:1439:24)
    at Runtime._loadModule (/Users/mysoft/Code/AI Coding/party-management-system/api-tests/node_modules/jest-runtime/build/index.js:1022:12)
    at Runtime.requireModule (/Users/mysoft/Code/AI Coding/party-management-system/api-tests/node_modules/jest-runtime/build/index.js:882:12)
    at jestAdapter (/Users/mysoft/Code/AI Coding/party-management-system/api-tests/node_modules/jest-circus/build/legacy-code-todo-rewrite/jestAdapter.js:70:15)
    at processTicksAndRejections (node:internal/process/task_queues:105:5)
    at runTestInternal (/Users/mysoft/Code/AI Coding/party-management-system/api-tests/node_modules/jest-runner/build/runTest.js:367:16)
    at runTest (/Users/mysoft/Code/AI Coding/party-management-system/api-tests/node_modules/jest-runner/build/runTest.js:444:34)</failure>
      <failure>AggregateError: 
    at AxiosError.Object.&lt;anonymous&gt;.AxiosError.from (/Users/mysoft/Code/AI Coding/party-management-system/api-tests/node_modules/axios/lib/core/AxiosError.js:92:14)
    at RedirectableRequest.handleRequestError (/Users/mysoft/Code/AI Coding/party-management-system/api-tests/node_modules/axios/lib/adapters/http.js:620:25)
    at RedirectableRequest.emit (node:events:519:35)
    at ClientRequest.eventHandlers.&lt;computed&gt; (/Users/mysoft/Code/AI Coding/party-management-system/api-tests/node_modules/follow-redirects/index.js:49:24)
    at ClientRequest.emit (node:events:507:28)
    at emitErrorEvent (node:_http_client:104:11)
    at Socket.socketErrorListener (node:_http_client:518:5)
    at Socket.emit (node:events:507:28)
    at emitErrorNT (node:internal/streams/destroy:170:8)
    at emitErrorCloseNT (node:internal/streams/destroy:129:3)
    at processTicksAndRejections (node:internal/process/task_queues:90:21)
    at Axios.request (/Users/mysoft/Code/AI Coding/party-management-system/api-tests/node_modules/axios/lib/core/Axios.js:45:41)
    at processTicksAndRejections (node:internal/process/task_queues:105:5)
    at Object.loginAsAdmin (/Users/mysoft/Code/AI Coding/party-management-system/api-tests/setup.js:39:24)
    at Object.getAdminAuthHeaders (/Users/mysoft/Code/AI Coding/party-management-system/api-tests/setup.js:80:7)
    at Object.&lt;anonymous&gt; (/Users/mysoft/Code/AI Coding/party-management-system/api-tests/fees.test.js:14:20)</failure>
      <failure>TypeError: Cannot read properties of undefined (reading &apos;id&apos;)
    at Object.id (/Users/mysoft/Code/AI Coding/party-management-system/api-tests/fees.test.js:207:34)
    at Promise.then.completed (/Users/mysoft/Code/AI Coding/party-management-system/api-tests/node_modules/jest-circus/build/utils.js:298:28)
    at new Promise (&lt;anonymous&gt;)
    at callAsyncCircusFn (/Users/mysoft/Code/AI Coding/party-management-system/api-tests/node_modules/jest-circus/build/utils.js:231:10)
    at _callCircusHook (/Users/mysoft/Code/AI Coding/party-management-system/api-tests/node_modules/jest-circus/build/run.js:281:40)
    at processTicksAndRejections (node:internal/process/task_queues:105:5)
    at _runTestsForDescribeBlock (/Users/mysoft/Code/AI Coding/party-management-system/api-tests/node_modules/jest-circus/build/run.js:95:7)
    at _runTestsForDescribeBlock (/Users/mysoft/Code/AI Coding/party-management-system/api-tests/node_modules/jest-circus/build/run.js:121:9)
    at _runTestsForDescribeBlock (/Users/mysoft/Code/AI Coding/party-management-system/api-tests/node_modules/jest-circus/build/run.js:121:9)
    at run (/Users/mysoft/Code/AI Coding/party-management-system/api-tests/node_modules/jest-circus/build/run.js:71:3)
    at runAndTransformResultsToJestFormat (/Users/mysoft/Code/AI Coding/party-management-system/api-tests/node_modules/jest-circus/build/legacy-code-todo-rewrite/jestAdapterInit.js:122:21)
    at jestAdapter (/Users/mysoft/Code/AI Coding/party-management-system/api-tests/node_modules/jest-circus/build/legacy-code-todo-rewrite/jestAdapter.js:79:19)
    at runTestInternal (/Users/mysoft/Code/AI Coding/party-management-system/api-tests/node_modules/jest-runner/build/runTest.js:367:16)
    at runTest (/Users/mysoft/Code/AI Coding/party-management-system/api-tests/node_modules/jest-runner/build/runTest.js:444:34)</failure>
    </testcase>
    <testcase classname="党费管理API测试 › 党费缴纳记录管理 › 查询缴费记录" name="获取单个缴费记录详情" time="0">
      <failure>Error: thrown: &quot;Exceeded timeout of 30000 ms for a hook.
Add a timeout value to this test to increase the timeout, if this is a long-running test. See https://jestjs.io/docs/api#testname-fn-timeout.&quot;
    at Object.beforeAll (/Users/mysoft/Code/AI Coding/party-management-system/api-tests/setup.js:361:1)
    at Runtime._execModule (/Users/mysoft/Code/AI Coding/party-management-system/api-tests/node_modules/jest-runtime/build/index.js:1439:24)
    at Runtime._loadModule (/Users/mysoft/Code/AI Coding/party-management-system/api-tests/node_modules/jest-runtime/build/index.js:1022:12)
    at Runtime.requireModule (/Users/mysoft/Code/AI Coding/party-management-system/api-tests/node_modules/jest-runtime/build/index.js:882:12)
    at jestAdapter (/Users/mysoft/Code/AI Coding/party-management-system/api-tests/node_modules/jest-circus/build/legacy-code-todo-rewrite/jestAdapter.js:70:15)
    at processTicksAndRejections (node:internal/process/task_queues:105:5)
    at runTestInternal (/Users/mysoft/Code/AI Coding/party-management-system/api-tests/node_modules/jest-runner/build/runTest.js:367:16)
    at runTest (/Users/mysoft/Code/AI Coding/party-management-system/api-tests/node_modules/jest-runner/build/runTest.js:444:34)</failure>
      <failure>AggregateError: 
    at AxiosError.Object.&lt;anonymous&gt;.AxiosError.from (/Users/mysoft/Code/AI Coding/party-management-system/api-tests/node_modules/axios/lib/core/AxiosError.js:92:14)
    at RedirectableRequest.handleRequestError (/Users/mysoft/Code/AI Coding/party-management-system/api-tests/node_modules/axios/lib/adapters/http.js:620:25)
    at RedirectableRequest.emit (node:events:519:35)
    at ClientRequest.eventHandlers.&lt;computed&gt; (/Users/mysoft/Code/AI Coding/party-management-system/api-tests/node_modules/follow-redirects/index.js:49:24)
    at ClientRequest.emit (node:events:507:28)
    at emitErrorEvent (node:_http_client:104:11)
    at Socket.socketErrorListener (node:_http_client:518:5)
    at Socket.emit (node:events:507:28)
    at emitErrorNT (node:internal/streams/destroy:170:8)
    at emitErrorCloseNT (node:internal/streams/destroy:129:3)
    at processTicksAndRejections (node:internal/process/task_queues:90:21)
    at Axios.request (/Users/mysoft/Code/AI Coding/party-management-system/api-tests/node_modules/axios/lib/core/Axios.js:45:41)
    at processTicksAndRejections (node:internal/process/task_queues:105:5)
    at Object.loginAsAdmin (/Users/mysoft/Code/AI Coding/party-management-system/api-tests/setup.js:39:24)
    at Object.getAdminAuthHeaders (/Users/mysoft/Code/AI Coding/party-management-system/api-tests/setup.js:80:7)
    at Object.&lt;anonymous&gt; (/Users/mysoft/Code/AI Coding/party-management-system/api-tests/fees.test.js:14:20)</failure>
      <failure>TypeError: Cannot read properties of undefined (reading &apos;id&apos;)
    at Object.id (/Users/mysoft/Code/AI Coding/party-management-system/api-tests/fees.test.js:207:34)
    at Promise.then.completed (/Users/mysoft/Code/AI Coding/party-management-system/api-tests/node_modules/jest-circus/build/utils.js:298:28)
    at new Promise (&lt;anonymous&gt;)
    at callAsyncCircusFn (/Users/mysoft/Code/AI Coding/party-management-system/api-tests/node_modules/jest-circus/build/utils.js:231:10)
    at _callCircusHook (/Users/mysoft/Code/AI Coding/party-management-system/api-tests/node_modules/jest-circus/build/run.js:281:40)
    at processTicksAndRejections (node:internal/process/task_queues:105:5)
    at _runTestsForDescribeBlock (/Users/mysoft/Code/AI Coding/party-management-system/api-tests/node_modules/jest-circus/build/run.js:95:7)
    at _runTestsForDescribeBlock (/Users/mysoft/Code/AI Coding/party-management-system/api-tests/node_modules/jest-circus/build/run.js:121:9)
    at _runTestsForDescribeBlock (/Users/mysoft/Code/AI Coding/party-management-system/api-tests/node_modules/jest-circus/build/run.js:121:9)
    at run (/Users/mysoft/Code/AI Coding/party-management-system/api-tests/node_modules/jest-circus/build/run.js:71:3)
    at runAndTransformResultsToJestFormat (/Users/mysoft/Code/AI Coding/party-management-system/api-tests/node_modules/jest-circus/build/legacy-code-todo-rewrite/jestAdapterInit.js:122:21)
    at jestAdapter (/Users/mysoft/Code/AI Coding/party-management-system/api-tests/node_modules/jest-circus/build/legacy-code-todo-rewrite/jestAdapter.js:79:19)
    at runTestInternal (/Users/mysoft/Code/AI Coding/party-management-system/api-tests/node_modules/jest-runner/build/runTest.js:367:16)
    at runTest (/Users/mysoft/Code/AI Coding/party-management-system/api-tests/node_modules/jest-runner/build/runTest.js:444:34)</failure>
    </testcase>
    <testcase classname="党费管理API测试 › 党费缴纳记录管理 › 查询缴费记录" name="用户只能查看自己的缴费记录" time="0">
      <failure>Error: thrown: &quot;Exceeded timeout of 30000 ms for a hook.
Add a timeout value to this test to increase the timeout, if this is a long-running test. See https://jestjs.io/docs/api#testname-fn-timeout.&quot;
    at Object.beforeAll (/Users/mysoft/Code/AI Coding/party-management-system/api-tests/setup.js:361:1)
    at Runtime._execModule (/Users/mysoft/Code/AI Coding/party-management-system/api-tests/node_modules/jest-runtime/build/index.js:1439:24)
    at Runtime._loadModule (/Users/mysoft/Code/AI Coding/party-management-system/api-tests/node_modules/jest-runtime/build/index.js:1022:12)
    at Runtime.requireModule (/Users/mysoft/Code/AI Coding/party-management-system/api-tests/node_modules/jest-runtime/build/index.js:882:12)
    at jestAdapter (/Users/mysoft/Code/AI Coding/party-management-system/api-tests/node_modules/jest-circus/build/legacy-code-todo-rewrite/jestAdapter.js:70:15)
    at processTicksAndRejections (node:internal/process/task_queues:105:5)
    at runTestInternal (/Users/mysoft/Code/AI Coding/party-management-system/api-tests/node_modules/jest-runner/build/runTest.js:367:16)
    at runTest (/Users/mysoft/Code/AI Coding/party-management-system/api-tests/node_modules/jest-runner/build/runTest.js:444:34)</failure>
      <failure>AggregateError: 
    at AxiosError.Object.&lt;anonymous&gt;.AxiosError.from (/Users/mysoft/Code/AI Coding/party-management-system/api-tests/node_modules/axios/lib/core/AxiosError.js:92:14)
    at RedirectableRequest.handleRequestError (/Users/mysoft/Code/AI Coding/party-management-system/api-tests/node_modules/axios/lib/adapters/http.js:620:25)
    at RedirectableRequest.emit (node:events:519:35)
    at ClientRequest.eventHandlers.&lt;computed&gt; (/Users/mysoft/Code/AI Coding/party-management-system/api-tests/node_modules/follow-redirects/index.js:49:24)
    at ClientRequest.emit (node:events:507:28)
    at emitErrorEvent (node:_http_client:104:11)
    at Socket.socketErrorListener (node:_http_client:518:5)
    at Socket.emit (node:events:507:28)
    at emitErrorNT (node:internal/streams/destroy:170:8)
    at emitErrorCloseNT (node:internal/streams/destroy:129:3)
    at processTicksAndRejections (node:internal/process/task_queues:90:21)
    at Axios.request (/Users/mysoft/Code/AI Coding/party-management-system/api-tests/node_modules/axios/lib/core/Axios.js:45:41)
    at processTicksAndRejections (node:internal/process/task_queues:105:5)
    at Object.loginAsAdmin (/Users/mysoft/Code/AI Coding/party-management-system/api-tests/setup.js:39:24)
    at Object.getAdminAuthHeaders (/Users/mysoft/Code/AI Coding/party-management-system/api-tests/setup.js:80:7)
    at Object.&lt;anonymous&gt; (/Users/mysoft/Code/AI Coding/party-management-system/api-tests/fees.test.js:14:20)</failure>
      <failure>TypeError: Cannot read properties of undefined (reading &apos;id&apos;)
    at Object.id (/Users/mysoft/Code/AI Coding/party-management-system/api-tests/fees.test.js:207:34)
    at Promise.then.completed (/Users/mysoft/Code/AI Coding/party-management-system/api-tests/node_modules/jest-circus/build/utils.js:298:28)
    at new Promise (&lt;anonymous&gt;)
    at callAsyncCircusFn (/Users/mysoft/Code/AI Coding/party-management-system/api-tests/node_modules/jest-circus/build/utils.js:231:10)
    at _callCircusHook (/Users/mysoft/Code/AI Coding/party-management-system/api-tests/node_modules/jest-circus/build/run.js:281:40)
    at processTicksAndRejections (node:internal/process/task_queues:105:5)
    at _runTestsForDescribeBlock (/Users/mysoft/Code/AI Coding/party-management-system/api-tests/node_modules/jest-circus/build/run.js:95:7)
    at _runTestsForDescribeBlock (/Users/mysoft/Code/AI Coding/party-management-system/api-tests/node_modules/jest-circus/build/run.js:121:9)
    at _runTestsForDescribeBlock (/Users/mysoft/Code/AI Coding/party-management-system/api-tests/node_modules/jest-circus/build/run.js:121:9)
    at run (/Users/mysoft/Code/AI Coding/party-management-system/api-tests/node_modules/jest-circus/build/run.js:71:3)
    at runAndTransformResultsToJestFormat (/Users/mysoft/Code/AI Coding/party-management-system/api-tests/node_modules/jest-circus/build/legacy-code-todo-rewrite/jestAdapterInit.js:122:21)
    at jestAdapter (/Users/mysoft/Code/AI Coding/party-management-system/api-tests/node_modules/jest-circus/build/legacy-code-todo-rewrite/jestAdapter.js:79:19)
    at runTestInternal (/Users/mysoft/Code/AI Coding/party-management-system/api-tests/node_modules/jest-runner/build/runTest.js:367:16)
    at runTest (/Users/mysoft/Code/AI Coding/party-management-system/api-tests/node_modules/jest-runner/build/runTest.js:444:34)</failure>
    </testcase>
    <testcase classname="党费管理API测试 › 党费缴纳记录管理 › 更新缴费记录" name="管理员更新缴费记录" time="0">
      <failure>Error: thrown: &quot;Exceeded timeout of 30000 ms for a hook.
Add a timeout value to this test to increase the timeout, if this is a long-running test. See https://jestjs.io/docs/api#testname-fn-timeout.&quot;
    at Object.beforeAll (/Users/mysoft/Code/AI Coding/party-management-system/api-tests/setup.js:361:1)
    at Runtime._execModule (/Users/mysoft/Code/AI Coding/party-management-system/api-tests/node_modules/jest-runtime/build/index.js:1439:24)
    at Runtime._loadModule (/Users/mysoft/Code/AI Coding/party-management-system/api-tests/node_modules/jest-runtime/build/index.js:1022:12)
    at Runtime.requireModule (/Users/mysoft/Code/AI Coding/party-management-system/api-tests/node_modules/jest-runtime/build/index.js:882:12)
    at jestAdapter (/Users/mysoft/Code/AI Coding/party-management-system/api-tests/node_modules/jest-circus/build/legacy-code-todo-rewrite/jestAdapter.js:70:15)
    at processTicksAndRejections (node:internal/process/task_queues:105:5)
    at runTestInternal (/Users/mysoft/Code/AI Coding/party-management-system/api-tests/node_modules/jest-runner/build/runTest.js:367:16)
    at runTest (/Users/mysoft/Code/AI Coding/party-management-system/api-tests/node_modules/jest-runner/build/runTest.js:444:34)</failure>
      <failure>AggregateError: 
    at AxiosError.Object.&lt;anonymous&gt;.AxiosError.from (/Users/mysoft/Code/AI Coding/party-management-system/api-tests/node_modules/axios/lib/core/AxiosError.js:92:14)
    at RedirectableRequest.handleRequestError (/Users/mysoft/Code/AI Coding/party-management-system/api-tests/node_modules/axios/lib/adapters/http.js:620:25)
    at RedirectableRequest.emit (node:events:519:35)
    at ClientRequest.eventHandlers.&lt;computed&gt; (/Users/mysoft/Code/AI Coding/party-management-system/api-tests/node_modules/follow-redirects/index.js:49:24)
    at ClientRequest.emit (node:events:507:28)
    at emitErrorEvent (node:_http_client:104:11)
    at Socket.socketErrorListener (node:_http_client:518:5)
    at Socket.emit (node:events:507:28)
    at emitErrorNT (node:internal/streams/destroy:170:8)
    at emitErrorCloseNT (node:internal/streams/destroy:129:3)
    at processTicksAndRejections (node:internal/process/task_queues:90:21)
    at Axios.request (/Users/mysoft/Code/AI Coding/party-management-system/api-tests/node_modules/axios/lib/core/Axios.js:45:41)
    at processTicksAndRejections (node:internal/process/task_queues:105:5)
    at Object.loginAsAdmin (/Users/mysoft/Code/AI Coding/party-management-system/api-tests/setup.js:39:24)
    at Object.getAdminAuthHeaders (/Users/mysoft/Code/AI Coding/party-management-system/api-tests/setup.js:80:7)
    at Object.&lt;anonymous&gt; (/Users/mysoft/Code/AI Coding/party-management-system/api-tests/fees.test.js:14:20)</failure>
      <failure>TypeError: Cannot read properties of undefined (reading &apos;id&apos;)
    at Object.id (/Users/mysoft/Code/AI Coding/party-management-system/api-tests/fees.test.js:207:34)
    at Promise.then.completed (/Users/mysoft/Code/AI Coding/party-management-system/api-tests/node_modules/jest-circus/build/utils.js:298:28)
    at new Promise (&lt;anonymous&gt;)
    at callAsyncCircusFn (/Users/mysoft/Code/AI Coding/party-management-system/api-tests/node_modules/jest-circus/build/utils.js:231:10)
    at _callCircusHook (/Users/mysoft/Code/AI Coding/party-management-system/api-tests/node_modules/jest-circus/build/run.js:281:40)
    at processTicksAndRejections (node:internal/process/task_queues:105:5)
    at _runTestsForDescribeBlock (/Users/mysoft/Code/AI Coding/party-management-system/api-tests/node_modules/jest-circus/build/run.js:95:7)
    at _runTestsForDescribeBlock (/Users/mysoft/Code/AI Coding/party-management-system/api-tests/node_modules/jest-circus/build/run.js:121:9)
    at _runTestsForDescribeBlock (/Users/mysoft/Code/AI Coding/party-management-system/api-tests/node_modules/jest-circus/build/run.js:121:9)
    at run (/Users/mysoft/Code/AI Coding/party-management-system/api-tests/node_modules/jest-circus/build/run.js:71:3)
    at runAndTransformResultsToJestFormat (/Users/mysoft/Code/AI Coding/party-management-system/api-tests/node_modules/jest-circus/build/legacy-code-todo-rewrite/jestAdapterInit.js:122:21)
    at jestAdapter (/Users/mysoft/Code/AI Coding/party-management-system/api-tests/node_modules/jest-circus/build/legacy-code-todo-rewrite/jestAdapter.js:79:19)
    at runTestInternal (/Users/mysoft/Code/AI Coding/party-management-system/api-tests/node_modules/jest-runner/build/runTest.js:367:16)
    at runTest (/Users/mysoft/Code/AI Coding/party-management-system/api-tests/node_modules/jest-runner/build/runTest.js:444:34)</failure>
    </testcase>
    <testcase classname="党费管理API测试 › 党费缴纳记录管理 › 更新缴费记录" name="普通用户更新他人缴费记录应失败" time="0">
      <failure>Error: thrown: &quot;Exceeded timeout of 30000 ms for a hook.
Add a timeout value to this test to increase the timeout, if this is a long-running test. See https://jestjs.io/docs/api#testname-fn-timeout.&quot;
    at Object.beforeAll (/Users/mysoft/Code/AI Coding/party-management-system/api-tests/setup.js:361:1)
    at Runtime._execModule (/Users/mysoft/Code/AI Coding/party-management-system/api-tests/node_modules/jest-runtime/build/index.js:1439:24)
    at Runtime._loadModule (/Users/mysoft/Code/AI Coding/party-management-system/api-tests/node_modules/jest-runtime/build/index.js:1022:12)
    at Runtime.requireModule (/Users/mysoft/Code/AI Coding/party-management-system/api-tests/node_modules/jest-runtime/build/index.js:882:12)
    at jestAdapter (/Users/mysoft/Code/AI Coding/party-management-system/api-tests/node_modules/jest-circus/build/legacy-code-todo-rewrite/jestAdapter.js:70:15)
    at processTicksAndRejections (node:internal/process/task_queues:105:5)
    at runTestInternal (/Users/mysoft/Code/AI Coding/party-management-system/api-tests/node_modules/jest-runner/build/runTest.js:367:16)
    at runTest (/Users/mysoft/Code/AI Coding/party-management-system/api-tests/node_modules/jest-runner/build/runTest.js:444:34)</failure>
      <failure>AggregateError: 
    at AxiosError.Object.&lt;anonymous&gt;.AxiosError.from (/Users/mysoft/Code/AI Coding/party-management-system/api-tests/node_modules/axios/lib/core/AxiosError.js:92:14)
    at RedirectableRequest.handleRequestError (/Users/mysoft/Code/AI Coding/party-management-system/api-tests/node_modules/axios/lib/adapters/http.js:620:25)
    at RedirectableRequest.emit (node:events:519:35)
    at ClientRequest.eventHandlers.&lt;computed&gt; (/Users/mysoft/Code/AI Coding/party-management-system/api-tests/node_modules/follow-redirects/index.js:49:24)
    at ClientRequest.emit (node:events:507:28)
    at emitErrorEvent (node:_http_client:104:11)
    at Socket.socketErrorListener (node:_http_client:518:5)
    at Socket.emit (node:events:507:28)
    at emitErrorNT (node:internal/streams/destroy:170:8)
    at emitErrorCloseNT (node:internal/streams/destroy:129:3)
    at processTicksAndRejections (node:internal/process/task_queues:90:21)
    at Axios.request (/Users/mysoft/Code/AI Coding/party-management-system/api-tests/node_modules/axios/lib/core/Axios.js:45:41)
    at processTicksAndRejections (node:internal/process/task_queues:105:5)
    at Object.loginAsAdmin (/Users/mysoft/Code/AI Coding/party-management-system/api-tests/setup.js:39:24)
    at Object.getAdminAuthHeaders (/Users/mysoft/Code/AI Coding/party-management-system/api-tests/setup.js:80:7)
    at Object.&lt;anonymous&gt; (/Users/mysoft/Code/AI Coding/party-management-system/api-tests/fees.test.js:14:20)</failure>
      <failure>TypeError: Cannot read properties of undefined (reading &apos;id&apos;)
    at Object.id (/Users/mysoft/Code/AI Coding/party-management-system/api-tests/fees.test.js:207:34)
    at Promise.then.completed (/Users/mysoft/Code/AI Coding/party-management-system/api-tests/node_modules/jest-circus/build/utils.js:298:28)
    at new Promise (&lt;anonymous&gt;)
    at callAsyncCircusFn (/Users/mysoft/Code/AI Coding/party-management-system/api-tests/node_modules/jest-circus/build/utils.js:231:10)
    at _callCircusHook (/Users/mysoft/Code/AI Coding/party-management-system/api-tests/node_modules/jest-circus/build/run.js:281:40)
    at processTicksAndRejections (node:internal/process/task_queues:105:5)
    at _runTestsForDescribeBlock (/Users/mysoft/Code/AI Coding/party-management-system/api-tests/node_modules/jest-circus/build/run.js:95:7)
    at _runTestsForDescribeBlock (/Users/mysoft/Code/AI Coding/party-management-system/api-tests/node_modules/jest-circus/build/run.js:121:9)
    at _runTestsForDescribeBlock (/Users/mysoft/Code/AI Coding/party-management-system/api-tests/node_modules/jest-circus/build/run.js:121:9)
    at run (/Users/mysoft/Code/AI Coding/party-management-system/api-tests/node_modules/jest-circus/build/run.js:71:3)
    at runAndTransformResultsToJestFormat (/Users/mysoft/Code/AI Coding/party-management-system/api-tests/node_modules/jest-circus/build/legacy-code-todo-rewrite/jestAdapterInit.js:122:21)
    at jestAdapter (/Users/mysoft/Code/AI Coding/party-management-system/api-tests/node_modules/jest-circus/build/legacy-code-todo-rewrite/jestAdapter.js:79:19)
    at runTestInternal (/Users/mysoft/Code/AI Coding/party-management-system/api-tests/node_modules/jest-runner/build/runTest.js:367:16)
    at runTest (/Users/mysoft/Code/AI Coding/party-management-system/api-tests/node_modules/jest-runner/build/runTest.js:444:34)</failure>
    </testcase>
    <testcase classname="党费管理API测试 › 党费缴纳记录管理 › 删除缴费记录" name="管理员删除缴费记录" time="0">
      <failure>Error: thrown: &quot;Exceeded timeout of 30000 ms for a hook.
Add a timeout value to this test to increase the timeout, if this is a long-running test. See https://jestjs.io/docs/api#testname-fn-timeout.&quot;
    at Object.beforeAll (/Users/mysoft/Code/AI Coding/party-management-system/api-tests/setup.js:361:1)
    at Runtime._execModule (/Users/mysoft/Code/AI Coding/party-management-system/api-tests/node_modules/jest-runtime/build/index.js:1439:24)
    at Runtime._loadModule (/Users/mysoft/Code/AI Coding/party-management-system/api-tests/node_modules/jest-runtime/build/index.js:1022:12)
    at Runtime.requireModule (/Users/mysoft/Code/AI Coding/party-management-system/api-tests/node_modules/jest-runtime/build/index.js:882:12)
    at jestAdapter (/Users/mysoft/Code/AI Coding/party-management-system/api-tests/node_modules/jest-circus/build/legacy-code-todo-rewrite/jestAdapter.js:70:15)
    at processTicksAndRejections (node:internal/process/task_queues:105:5)
    at runTestInternal (/Users/mysoft/Code/AI Coding/party-management-system/api-tests/node_modules/jest-runner/build/runTest.js:367:16)
    at runTest (/Users/mysoft/Code/AI Coding/party-management-system/api-tests/node_modules/jest-runner/build/runTest.js:444:34)</failure>
      <failure>AggregateError: 
    at AxiosError.Object.&lt;anonymous&gt;.AxiosError.from (/Users/mysoft/Code/AI Coding/party-management-system/api-tests/node_modules/axios/lib/core/AxiosError.js:92:14)
    at RedirectableRequest.handleRequestError (/Users/mysoft/Code/AI Coding/party-management-system/api-tests/node_modules/axios/lib/adapters/http.js:620:25)
    at RedirectableRequest.emit (node:events:519:35)
    at ClientRequest.eventHandlers.&lt;computed&gt; (/Users/mysoft/Code/AI Coding/party-management-system/api-tests/node_modules/follow-redirects/index.js:49:24)
    at ClientRequest.emit (node:events:507:28)
    at emitErrorEvent (node:_http_client:104:11)
    at Socket.socketErrorListener (node:_http_client:518:5)
    at Socket.emit (node:events:507:28)
    at emitErrorNT (node:internal/streams/destroy:170:8)
    at emitErrorCloseNT (node:internal/streams/destroy:129:3)
    at processTicksAndRejections (node:internal/process/task_queues:90:21)
    at Axios.request (/Users/mysoft/Code/AI Coding/party-management-system/api-tests/node_modules/axios/lib/core/Axios.js:45:41)
    at processTicksAndRejections (node:internal/process/task_queues:105:5)
    at Object.loginAsAdmin (/Users/mysoft/Code/AI Coding/party-management-system/api-tests/setup.js:39:24)
    at Object.getAdminAuthHeaders (/Users/mysoft/Code/AI Coding/party-management-system/api-tests/setup.js:80:7)
    at Object.&lt;anonymous&gt; (/Users/mysoft/Code/AI Coding/party-management-system/api-tests/fees.test.js:14:20)</failure>
      <failure>TypeError: Cannot read properties of undefined (reading &apos;id&apos;)
    at Object.id (/Users/mysoft/Code/AI Coding/party-management-system/api-tests/fees.test.js:207:34)
    at Promise.then.completed (/Users/mysoft/Code/AI Coding/party-management-system/api-tests/node_modules/jest-circus/build/utils.js:298:28)
    at new Promise (&lt;anonymous&gt;)
    at callAsyncCircusFn (/Users/mysoft/Code/AI Coding/party-management-system/api-tests/node_modules/jest-circus/build/utils.js:231:10)
    at _callCircusHook (/Users/mysoft/Code/AI Coding/party-management-system/api-tests/node_modules/jest-circus/build/run.js:281:40)
    at processTicksAndRejections (node:internal/process/task_queues:105:5)
    at _runTestsForDescribeBlock (/Users/mysoft/Code/AI Coding/party-management-system/api-tests/node_modules/jest-circus/build/run.js:95:7)
    at _runTestsForDescribeBlock (/Users/mysoft/Code/AI Coding/party-management-system/api-tests/node_modules/jest-circus/build/run.js:121:9)
    at _runTestsForDescribeBlock (/Users/mysoft/Code/AI Coding/party-management-system/api-tests/node_modules/jest-circus/build/run.js:121:9)
    at run (/Users/mysoft/Code/AI Coding/party-management-system/api-tests/node_modules/jest-circus/build/run.js:71:3)
    at runAndTransformResultsToJestFormat (/Users/mysoft/Code/AI Coding/party-management-system/api-tests/node_modules/jest-circus/build/legacy-code-todo-rewrite/jestAdapterInit.js:122:21)
    at jestAdapter (/Users/mysoft/Code/AI Coding/party-management-system/api-tests/node_modules/jest-circus/build/legacy-code-todo-rewrite/jestAdapter.js:79:19)
    at runTestInternal (/Users/mysoft/Code/AI Coding/party-management-system/api-tests/node_modules/jest-runner/build/runTest.js:367:16)
    at runTest (/Users/mysoft/Code/AI Coding/party-management-system/api-tests/node_modules/jest-runner/build/runTest.js:444:34)</failure>
    </testcase>
    <testcase classname="党费管理API测试 › 党费缴纳记录管理 › 删除缴费记录" name="普通用户删除缴费记录应失败" time="0">
      <failure>Error: thrown: &quot;Exceeded timeout of 30000 ms for a hook.
Add a timeout value to this test to increase the timeout, if this is a long-running test. See https://jestjs.io/docs/api#testname-fn-timeout.&quot;
    at Object.beforeAll (/Users/mysoft/Code/AI Coding/party-management-system/api-tests/setup.js:361:1)
    at Runtime._execModule (/Users/mysoft/Code/AI Coding/party-management-system/api-tests/node_modules/jest-runtime/build/index.js:1439:24)
    at Runtime._loadModule (/Users/mysoft/Code/AI Coding/party-management-system/api-tests/node_modules/jest-runtime/build/index.js:1022:12)
    at Runtime.requireModule (/Users/mysoft/Code/AI Coding/party-management-system/api-tests/node_modules/jest-runtime/build/index.js:882:12)
    at jestAdapter (/Users/mysoft/Code/AI Coding/party-management-system/api-tests/node_modules/jest-circus/build/legacy-code-todo-rewrite/jestAdapter.js:70:15)
    at processTicksAndRejections (node:internal/process/task_queues:105:5)
    at runTestInternal (/Users/mysoft/Code/AI Coding/party-management-system/api-tests/node_modules/jest-runner/build/runTest.js:367:16)
    at runTest (/Users/mysoft/Code/AI Coding/party-management-system/api-tests/node_modules/jest-runner/build/runTest.js:444:34)</failure>
      <failure>AggregateError: 
    at AxiosError.Object.&lt;anonymous&gt;.AxiosError.from (/Users/mysoft/Code/AI Coding/party-management-system/api-tests/node_modules/axios/lib/core/AxiosError.js:92:14)
    at RedirectableRequest.handleRequestError (/Users/mysoft/Code/AI Coding/party-management-system/api-tests/node_modules/axios/lib/adapters/http.js:620:25)
    at RedirectableRequest.emit (node:events:519:35)
    at ClientRequest.eventHandlers.&lt;computed&gt; (/Users/mysoft/Code/AI Coding/party-management-system/api-tests/node_modules/follow-redirects/index.js:49:24)
    at ClientRequest.emit (node:events:507:28)
    at emitErrorEvent (node:_http_client:104:11)
    at Socket.socketErrorListener (node:_http_client:518:5)
    at Socket.emit (node:events:507:28)
    at emitErrorNT (node:internal/streams/destroy:170:8)
    at emitErrorCloseNT (node:internal/streams/destroy:129:3)
    at processTicksAndRejections (node:internal/process/task_queues:90:21)
    at Axios.request (/Users/mysoft/Code/AI Coding/party-management-system/api-tests/node_modules/axios/lib/core/Axios.js:45:41)
    at processTicksAndRejections (node:internal/process/task_queues:105:5)
    at Object.loginAsAdmin (/Users/mysoft/Code/AI Coding/party-management-system/api-tests/setup.js:39:24)
    at Object.getAdminAuthHeaders (/Users/mysoft/Code/AI Coding/party-management-system/api-tests/setup.js:80:7)
    at Object.&lt;anonymous&gt; (/Users/mysoft/Code/AI Coding/party-management-system/api-tests/fees.test.js:14:20)</failure>
      <failure>TypeError: Cannot read properties of undefined (reading &apos;id&apos;)
    at Object.id (/Users/mysoft/Code/AI Coding/party-management-system/api-tests/fees.test.js:207:34)
    at Promise.then.completed (/Users/mysoft/Code/AI Coding/party-management-system/api-tests/node_modules/jest-circus/build/utils.js:298:28)
    at new Promise (&lt;anonymous&gt;)
    at callAsyncCircusFn (/Users/mysoft/Code/AI Coding/party-management-system/api-tests/node_modules/jest-circus/build/utils.js:231:10)
    at _callCircusHook (/Users/mysoft/Code/AI Coding/party-management-system/api-tests/node_modules/jest-circus/build/run.js:281:40)
    at processTicksAndRejections (node:internal/process/task_queues:105:5)
    at _runTestsForDescribeBlock (/Users/mysoft/Code/AI Coding/party-management-system/api-tests/node_modules/jest-circus/build/run.js:95:7)
    at _runTestsForDescribeBlock (/Users/mysoft/Code/AI Coding/party-management-system/api-tests/node_modules/jest-circus/build/run.js:121:9)
    at _runTestsForDescribeBlock (/Users/mysoft/Code/AI Coding/party-management-system/api-tests/node_modules/jest-circus/build/run.js:121:9)
    at run (/Users/mysoft/Code/AI Coding/party-management-system/api-tests/node_modules/jest-circus/build/run.js:71:3)
    at runAndTransformResultsToJestFormat (/Users/mysoft/Code/AI Coding/party-management-system/api-tests/node_modules/jest-circus/build/legacy-code-todo-rewrite/jestAdapterInit.js:122:21)
    at jestAdapter (/Users/mysoft/Code/AI Coding/party-management-system/api-tests/node_modules/jest-circus/build/legacy-code-todo-rewrite/jestAdapter.js:79:19)
    at runTestInternal (/Users/mysoft/Code/AI Coding/party-management-system/api-tests/node_modules/jest-runner/build/runTest.js:367:16)
    at runTest (/Users/mysoft/Code/AI Coding/party-management-system/api-tests/node_modules/jest-runner/build/runTest.js:444:34)</failure>
    </testcase>
    <testcase classname="党费管理API测试 › 党费统计分析" name="获取党费统计概览" time="0">
      <failure>Error: thrown: &quot;Exceeded timeout of 30000 ms for a hook.
Add a timeout value to this test to increase the timeout, if this is a long-running test. See https://jestjs.io/docs/api#testname-fn-timeout.&quot;
    at Object.beforeAll (/Users/mysoft/Code/AI Coding/party-management-system/api-tests/setup.js:361:1)
    at Runtime._execModule (/Users/mysoft/Code/AI Coding/party-management-system/api-tests/node_modules/jest-runtime/build/index.js:1439:24)
    at Runtime._loadModule (/Users/mysoft/Code/AI Coding/party-management-system/api-tests/node_modules/jest-runtime/build/index.js:1022:12)
    at Runtime.requireModule (/Users/mysoft/Code/AI Coding/party-management-system/api-tests/node_modules/jest-runtime/build/index.js:882:12)
    at jestAdapter (/Users/mysoft/Code/AI Coding/party-management-system/api-tests/node_modules/jest-circus/build/legacy-code-todo-rewrite/jestAdapter.js:70:15)
    at processTicksAndRejections (node:internal/process/task_queues:105:5)
    at runTestInternal (/Users/mysoft/Code/AI Coding/party-management-system/api-tests/node_modules/jest-runner/build/runTest.js:367:16)
    at runTest (/Users/mysoft/Code/AI Coding/party-management-system/api-tests/node_modules/jest-runner/build/runTest.js:444:34)</failure>
      <failure>AggregateError: 
    at AxiosError.Object.&lt;anonymous&gt;.AxiosError.from (/Users/mysoft/Code/AI Coding/party-management-system/api-tests/node_modules/axios/lib/core/AxiosError.js:92:14)
    at RedirectableRequest.handleRequestError (/Users/mysoft/Code/AI Coding/party-management-system/api-tests/node_modules/axios/lib/adapters/http.js:620:25)
    at RedirectableRequest.emit (node:events:519:35)
    at ClientRequest.eventHandlers.&lt;computed&gt; (/Users/mysoft/Code/AI Coding/party-management-system/api-tests/node_modules/follow-redirects/index.js:49:24)
    at ClientRequest.emit (node:events:507:28)
    at emitErrorEvent (node:_http_client:104:11)
    at Socket.socketErrorListener (node:_http_client:518:5)
    at Socket.emit (node:events:507:28)
    at emitErrorNT (node:internal/streams/destroy:170:8)
    at emitErrorCloseNT (node:internal/streams/destroy:129:3)
    at processTicksAndRejections (node:internal/process/task_queues:90:21)
    at Axios.request (/Users/mysoft/Code/AI Coding/party-management-system/api-tests/node_modules/axios/lib/core/Axios.js:45:41)
    at processTicksAndRejections (node:internal/process/task_queues:105:5)
    at Object.loginAsAdmin (/Users/mysoft/Code/AI Coding/party-management-system/api-tests/setup.js:39:24)
    at Object.getAdminAuthHeaders (/Users/mysoft/Code/AI Coding/party-management-system/api-tests/setup.js:80:7)
    at Object.&lt;anonymous&gt; (/Users/mysoft/Code/AI Coding/party-management-system/api-tests/fees.test.js:14:20)</failure>
    </testcase>
    <testcase classname="党费管理API测试 › 党费统计分析" name="获取月度缴费趋势" time="0">
      <failure>Error: thrown: &quot;Exceeded timeout of 30000 ms for a hook.
Add a timeout value to this test to increase the timeout, if this is a long-running test. See https://jestjs.io/docs/api#testname-fn-timeout.&quot;
    at Object.beforeAll (/Users/mysoft/Code/AI Coding/party-management-system/api-tests/setup.js:361:1)
    at Runtime._execModule (/Users/mysoft/Code/AI Coding/party-management-system/api-tests/node_modules/jest-runtime/build/index.js:1439:24)
    at Runtime._loadModule (/Users/mysoft/Code/AI Coding/party-management-system/api-tests/node_modules/jest-runtime/build/index.js:1022:12)
    at Runtime.requireModule (/Users/mysoft/Code/AI Coding/party-management-system/api-tests/node_modules/jest-runtime/build/index.js:882:12)
    at jestAdapter (/Users/mysoft/Code/AI Coding/party-management-system/api-tests/node_modules/jest-circus/build/legacy-code-todo-rewrite/jestAdapter.js:70:15)
    at processTicksAndRejections (node:internal/process/task_queues:105:5)
    at runTestInternal (/Users/mysoft/Code/AI Coding/party-management-system/api-tests/node_modules/jest-runner/build/runTest.js:367:16)
    at runTest (/Users/mysoft/Code/AI Coding/party-management-system/api-tests/node_modules/jest-runner/build/runTest.js:444:34)</failure>
      <failure>AggregateError: 
    at AxiosError.Object.&lt;anonymous&gt;.AxiosError.from (/Users/mysoft/Code/AI Coding/party-management-system/api-tests/node_modules/axios/lib/core/AxiosError.js:92:14)
    at RedirectableRequest.handleRequestError (/Users/mysoft/Code/AI Coding/party-management-system/api-tests/node_modules/axios/lib/adapters/http.js:620:25)
    at RedirectableRequest.emit (node:events:519:35)
    at ClientRequest.eventHandlers.&lt;computed&gt; (/Users/mysoft/Code/AI Coding/party-management-system/api-tests/node_modules/follow-redirects/index.js:49:24)
    at ClientRequest.emit (node:events:507:28)
    at emitErrorEvent (node:_http_client:104:11)
    at Socket.socketErrorListener (node:_http_client:518:5)
    at Socket.emit (node:events:507:28)
    at emitErrorNT (node:internal/streams/destroy:170:8)
    at emitErrorCloseNT (node:internal/streams/destroy:129:3)
    at processTicksAndRejections (node:internal/process/task_queues:90:21)
    at Axios.request (/Users/mysoft/Code/AI Coding/party-management-system/api-tests/node_modules/axios/lib/core/Axios.js:45:41)
    at processTicksAndRejections (node:internal/process/task_queues:105:5)
    at Object.loginAsAdmin (/Users/mysoft/Code/AI Coding/party-management-system/api-tests/setup.js:39:24)
    at Object.getAdminAuthHeaders (/Users/mysoft/Code/AI Coding/party-management-system/api-tests/setup.js:80:7)
    at Object.&lt;anonymous&gt; (/Users/mysoft/Code/AI Coding/party-management-system/api-tests/fees.test.js:14:20)</failure>
    </testcase>
    <testcase classname="党费管理API测试 › 党费统计分析" name="获取缴费方式统计" time="0">
      <failure>Error: thrown: &quot;Exceeded timeout of 30000 ms for a hook.
Add a timeout value to this test to increase the timeout, if this is a long-running test. See https://jestjs.io/docs/api#testname-fn-timeout.&quot;
    at Object.beforeAll (/Users/mysoft/Code/AI Coding/party-management-system/api-tests/setup.js:361:1)
    at Runtime._execModule (/Users/mysoft/Code/AI Coding/party-management-system/api-tests/node_modules/jest-runtime/build/index.js:1439:24)
    at Runtime._loadModule (/Users/mysoft/Code/AI Coding/party-management-system/api-tests/node_modules/jest-runtime/build/index.js:1022:12)
    at Runtime.requireModule (/Users/mysoft/Code/AI Coding/party-management-system/api-tests/node_modules/jest-runtime/build/index.js:882:12)
    at jestAdapter (/Users/mysoft/Code/AI Coding/party-management-system/api-tests/node_modules/jest-circus/build/legacy-code-todo-rewrite/jestAdapter.js:70:15)
    at processTicksAndRejections (node:internal/process/task_queues:105:5)
    at runTestInternal (/Users/mysoft/Code/AI Coding/party-management-system/api-tests/node_modules/jest-runner/build/runTest.js:367:16)
    at runTest (/Users/mysoft/Code/AI Coding/party-management-system/api-tests/node_modules/jest-runner/build/runTest.js:444:34)</failure>
      <failure>AggregateError: 
    at AxiosError.Object.&lt;anonymous&gt;.AxiosError.from (/Users/mysoft/Code/AI Coding/party-management-system/api-tests/node_modules/axios/lib/core/AxiosError.js:92:14)
    at RedirectableRequest.handleRequestError (/Users/mysoft/Code/AI Coding/party-management-system/api-tests/node_modules/axios/lib/adapters/http.js:620:25)
    at RedirectableRequest.emit (node:events:519:35)
    at ClientRequest.eventHandlers.&lt;computed&gt; (/Users/mysoft/Code/AI Coding/party-management-system/api-tests/node_modules/follow-redirects/index.js:49:24)
    at ClientRequest.emit (node:events:507:28)
    at emitErrorEvent (node:_http_client:104:11)
    at Socket.socketErrorListener (node:_http_client:518:5)
    at Socket.emit (node:events:507:28)
    at emitErrorNT (node:internal/streams/destroy:170:8)
    at emitErrorCloseNT (node:internal/streams/destroy:129:3)
    at processTicksAndRejections (node:internal/process/task_queues:90:21)
    at Axios.request (/Users/mysoft/Code/AI Coding/party-management-system/api-tests/node_modules/axios/lib/core/Axios.js:45:41)
    at processTicksAndRejections (node:internal/process/task_queues:105:5)
    at Object.loginAsAdmin (/Users/mysoft/Code/AI Coding/party-management-system/api-tests/setup.js:39:24)
    at Object.getAdminAuthHeaders (/Users/mysoft/Code/AI Coding/party-management-system/api-tests/setup.js:80:7)
    at Object.&lt;anonymous&gt; (/Users/mysoft/Code/AI Coding/party-management-system/api-tests/fees.test.js:14:20)</failure>
    </testcase>
    <testcase classname="党费管理API测试 › 党费统计分析" name="按时间范围获取统计" time="0">
      <failure>Error: thrown: &quot;Exceeded timeout of 30000 ms for a hook.
Add a timeout value to this test to increase the timeout, if this is a long-running test. See https://jestjs.io/docs/api#testname-fn-timeout.&quot;
    at Object.beforeAll (/Users/mysoft/Code/AI Coding/party-management-system/api-tests/setup.js:361:1)
    at Runtime._execModule (/Users/mysoft/Code/AI Coding/party-management-system/api-tests/node_modules/jest-runtime/build/index.js:1439:24)
    at Runtime._loadModule (/Users/mysoft/Code/AI Coding/party-management-system/api-tests/node_modules/jest-runtime/build/index.js:1022:12)
    at Runtime.requireModule (/Users/mysoft/Code/AI Coding/party-management-system/api-tests/node_modules/jest-runtime/build/index.js:882:12)
    at jestAdapter (/Users/mysoft/Code/AI Coding/party-management-system/api-tests/node_modules/jest-circus/build/legacy-code-todo-rewrite/jestAdapter.js:70:15)
    at processTicksAndRejections (node:internal/process/task_queues:105:5)
    at runTestInternal (/Users/mysoft/Code/AI Coding/party-management-system/api-tests/node_modules/jest-runner/build/runTest.js:367:16)
    at runTest (/Users/mysoft/Code/AI Coding/party-management-system/api-tests/node_modules/jest-runner/build/runTest.js:444:34)</failure>
      <failure>AggregateError: 
    at AxiosError.Object.&lt;anonymous&gt;.AxiosError.from (/Users/mysoft/Code/AI Coding/party-management-system/api-tests/node_modules/axios/lib/core/AxiosError.js:92:14)
    at RedirectableRequest.handleRequestError (/Users/mysoft/Code/AI Coding/party-management-system/api-tests/node_modules/axios/lib/adapters/http.js:620:25)
    at RedirectableRequest.emit (node:events:519:35)
    at ClientRequest.eventHandlers.&lt;computed&gt; (/Users/mysoft/Code/AI Coding/party-management-system/api-tests/node_modules/follow-redirects/index.js:49:24)
    at ClientRequest.emit (node:events:507:28)
    at emitErrorEvent (node:_http_client:104:11)
    at Socket.socketErrorListener (node:_http_client:518:5)
    at Socket.emit (node:events:507:28)
    at emitErrorNT (node:internal/streams/destroy:170:8)
    at emitErrorCloseNT (node:internal/streams/destroy:129:3)
    at processTicksAndRejections (node:internal/process/task_queues:90:21)
    at Axios.request (/Users/mysoft/Code/AI Coding/party-management-system/api-tests/node_modules/axios/lib/core/Axios.js:45:41)
    at processTicksAndRejections (node:internal/process/task_queues:105:5)
    at Object.loginAsAdmin (/Users/mysoft/Code/AI Coding/party-management-system/api-tests/setup.js:39:24)
    at Object.getAdminAuthHeaders (/Users/mysoft/Code/AI Coding/party-management-system/api-tests/setup.js:80:7)
    at Object.&lt;anonymous&gt; (/Users/mysoft/Code/AI Coding/party-management-system/api-tests/fees.test.js:14:20)</failure>
    </testcase>
    <testcase classname="党费管理API测试 › 党费统计分析" name="普通用户获取统计应失败" time="0">
      <failure>Error: thrown: &quot;Exceeded timeout of 30000 ms for a hook.
Add a timeout value to this test to increase the timeout, if this is a long-running test. See https://jestjs.io/docs/api#testname-fn-timeout.&quot;
    at Object.beforeAll (/Users/mysoft/Code/AI Coding/party-management-system/api-tests/setup.js:361:1)
    at Runtime._execModule (/Users/mysoft/Code/AI Coding/party-management-system/api-tests/node_modules/jest-runtime/build/index.js:1439:24)
    at Runtime._loadModule (/Users/mysoft/Code/AI Coding/party-management-system/api-tests/node_modules/jest-runtime/build/index.js:1022:12)
    at Runtime.requireModule (/Users/mysoft/Code/AI Coding/party-management-system/api-tests/node_modules/jest-runtime/build/index.js:882:12)
    at jestAdapter (/Users/mysoft/Code/AI Coding/party-management-system/api-tests/node_modules/jest-circus/build/legacy-code-todo-rewrite/jestAdapter.js:70:15)
    at processTicksAndRejections (node:internal/process/task_queues:105:5)
    at runTestInternal (/Users/mysoft/Code/AI Coding/party-management-system/api-tests/node_modules/jest-runner/build/runTest.js:367:16)
    at runTest (/Users/mysoft/Code/AI Coding/party-management-system/api-tests/node_modules/jest-runner/build/runTest.js:444:34)</failure>
      <failure>AggregateError: 
    at AxiosError.Object.&lt;anonymous&gt;.AxiosError.from (/Users/mysoft/Code/AI Coding/party-management-system/api-tests/node_modules/axios/lib/core/AxiosError.js:92:14)
    at RedirectableRequest.handleRequestError (/Users/mysoft/Code/AI Coding/party-management-system/api-tests/node_modules/axios/lib/adapters/http.js:620:25)
    at RedirectableRequest.emit (node:events:519:35)
    at ClientRequest.eventHandlers.&lt;computed&gt; (/Users/mysoft/Code/AI Coding/party-management-system/api-tests/node_modules/follow-redirects/index.js:49:24)
    at ClientRequest.emit (node:events:507:28)
    at emitErrorEvent (node:_http_client:104:11)
    at Socket.socketErrorListener (node:_http_client:518:5)
    at Socket.emit (node:events:507:28)
    at emitErrorNT (node:internal/streams/destroy:170:8)
    at emitErrorCloseNT (node:internal/streams/destroy:129:3)
    at processTicksAndRejections (node:internal/process/task_queues:90:21)
    at Axios.request (/Users/mysoft/Code/AI Coding/party-management-system/api-tests/node_modules/axios/lib/core/Axios.js:45:41)
    at processTicksAndRejections (node:internal/process/task_queues:105:5)
    at Object.loginAsAdmin (/Users/mysoft/Code/AI Coding/party-management-system/api-tests/setup.js:39:24)
    at Object.getAdminAuthHeaders (/Users/mysoft/Code/AI Coding/party-management-system/api-tests/setup.js:80:7)
    at Object.&lt;anonymous&gt; (/Users/mysoft/Code/AI Coding/party-management-system/api-tests/fees.test.js:14:20)</failure>
    </testcase>
    <testcase classname="党费管理API测试 › 党费导出功能" name="导出党费标准" time="0">
      <failure>Error: thrown: &quot;Exceeded timeout of 30000 ms for a hook.
Add a timeout value to this test to increase the timeout, if this is a long-running test. See https://jestjs.io/docs/api#testname-fn-timeout.&quot;
    at Object.beforeAll (/Users/mysoft/Code/AI Coding/party-management-system/api-tests/setup.js:361:1)
    at Runtime._execModule (/Users/mysoft/Code/AI Coding/party-management-system/api-tests/node_modules/jest-runtime/build/index.js:1439:24)
    at Runtime._loadModule (/Users/mysoft/Code/AI Coding/party-management-system/api-tests/node_modules/jest-runtime/build/index.js:1022:12)
    at Runtime.requireModule (/Users/mysoft/Code/AI Coding/party-management-system/api-tests/node_modules/jest-runtime/build/index.js:882:12)
    at jestAdapter (/Users/mysoft/Code/AI Coding/party-management-system/api-tests/node_modules/jest-circus/build/legacy-code-todo-rewrite/jestAdapter.js:70:15)
    at processTicksAndRejections (node:internal/process/task_queues:105:5)
    at runTestInternal (/Users/mysoft/Code/AI Coding/party-management-system/api-tests/node_modules/jest-runner/build/runTest.js:367:16)
    at runTest (/Users/mysoft/Code/AI Coding/party-management-system/api-tests/node_modules/jest-runner/build/runTest.js:444:34)</failure>
      <failure>AggregateError: 
    at AxiosError.Object.&lt;anonymous&gt;.AxiosError.from (/Users/mysoft/Code/AI Coding/party-management-system/api-tests/node_modules/axios/lib/core/AxiosError.js:92:14)
    at RedirectableRequest.handleRequestError (/Users/mysoft/Code/AI Coding/party-management-system/api-tests/node_modules/axios/lib/adapters/http.js:620:25)
    at RedirectableRequest.emit (node:events:519:35)
    at ClientRequest.eventHandlers.&lt;computed&gt; (/Users/mysoft/Code/AI Coding/party-management-system/api-tests/node_modules/follow-redirects/index.js:49:24)
    at ClientRequest.emit (node:events:507:28)
    at emitErrorEvent (node:_http_client:104:11)
    at Socket.socketErrorListener (node:_http_client:518:5)
    at Socket.emit (node:events:507:28)
    at emitErrorNT (node:internal/streams/destroy:170:8)
    at emitErrorCloseNT (node:internal/streams/destroy:129:3)
    at processTicksAndRejections (node:internal/process/task_queues:90:21)
    at Axios.request (/Users/mysoft/Code/AI Coding/party-management-system/api-tests/node_modules/axios/lib/core/Axios.js:45:41)
    at processTicksAndRejections (node:internal/process/task_queues:105:5)
    at Object.loginAsAdmin (/Users/mysoft/Code/AI Coding/party-management-system/api-tests/setup.js:39:24)
    at Object.getAdminAuthHeaders (/Users/mysoft/Code/AI Coding/party-management-system/api-tests/setup.js:80:7)
    at Object.&lt;anonymous&gt; (/Users/mysoft/Code/AI Coding/party-management-system/api-tests/fees.test.js:14:20)</failure>
    </testcase>
    <testcase classname="党费管理API测试 › 党费导出功能" name="导出缴费记录" time="0">
      <failure>Error: thrown: &quot;Exceeded timeout of 30000 ms for a hook.
Add a timeout value to this test to increase the timeout, if this is a long-running test. See https://jestjs.io/docs/api#testname-fn-timeout.&quot;
    at Object.beforeAll (/Users/mysoft/Code/AI Coding/party-management-system/api-tests/setup.js:361:1)
    at Runtime._execModule (/Users/mysoft/Code/AI Coding/party-management-system/api-tests/node_modules/jest-runtime/build/index.js:1439:24)
    at Runtime._loadModule (/Users/mysoft/Code/AI Coding/party-management-system/api-tests/node_modules/jest-runtime/build/index.js:1022:12)
    at Runtime.requireModule (/Users/mysoft/Code/AI Coding/party-management-system/api-tests/node_modules/jest-runtime/build/index.js:882:12)
    at jestAdapter (/Users/mysoft/Code/AI Coding/party-management-system/api-tests/node_modules/jest-circus/build/legacy-code-todo-rewrite/jestAdapter.js:70:15)
    at processTicksAndRejections (node:internal/process/task_queues:105:5)
    at runTestInternal (/Users/mysoft/Code/AI Coding/party-management-system/api-tests/node_modules/jest-runner/build/runTest.js:367:16)
    at runTest (/Users/mysoft/Code/AI Coding/party-management-system/api-tests/node_modules/jest-runner/build/runTest.js:444:34)</failure>
      <failure>AggregateError: 
    at AxiosError.Object.&lt;anonymous&gt;.AxiosError.from (/Users/mysoft/Code/AI Coding/party-management-system/api-tests/node_modules/axios/lib/core/AxiosError.js:92:14)
    at RedirectableRequest.handleRequestError (/Users/mysoft/Code/AI Coding/party-management-system/api-tests/node_modules/axios/lib/adapters/http.js:620:25)
    at RedirectableRequest.emit (node:events:519:35)
    at ClientRequest.eventHandlers.&lt;computed&gt; (/Users/mysoft/Code/AI Coding/party-management-system/api-tests/node_modules/follow-redirects/index.js:49:24)
    at ClientRequest.emit (node:events:507:28)
    at emitErrorEvent (node:_http_client:104:11)
    at Socket.socketErrorListener (node:_http_client:518:5)
    at Socket.emit (node:events:507:28)
    at emitErrorNT (node:internal/streams/destroy:170:8)
    at emitErrorCloseNT (node:internal/streams/destroy:129:3)
    at processTicksAndRejections (node:internal/process/task_queues:90:21)
    at Axios.request (/Users/mysoft/Code/AI Coding/party-management-system/api-tests/node_modules/axios/lib/core/Axios.js:45:41)
    at processTicksAndRejections (node:internal/process/task_queues:105:5)
    at Object.loginAsAdmin (/Users/mysoft/Code/AI Coding/party-management-system/api-tests/setup.js:39:24)
    at Object.getAdminAuthHeaders (/Users/mysoft/Code/AI Coding/party-management-system/api-tests/setup.js:80:7)
    at Object.&lt;anonymous&gt; (/Users/mysoft/Code/AI Coding/party-management-system/api-tests/fees.test.js:14:20)</failure>
    </testcase>
    <testcase classname="党费管理API测试 › 党费导出功能" name="按条件导出缴费记录" time="0">
      <failure>Error: thrown: &quot;Exceeded timeout of 30000 ms for a hook.
Add a timeout value to this test to increase the timeout, if this is a long-running test. See https://jestjs.io/docs/api#testname-fn-timeout.&quot;
    at Object.beforeAll (/Users/mysoft/Code/AI Coding/party-management-system/api-tests/setup.js:361:1)
    at Runtime._execModule (/Users/mysoft/Code/AI Coding/party-management-system/api-tests/node_modules/jest-runtime/build/index.js:1439:24)
    at Runtime._loadModule (/Users/mysoft/Code/AI Coding/party-management-system/api-tests/node_modules/jest-runtime/build/index.js:1022:12)
    at Runtime.requireModule (/Users/mysoft/Code/AI Coding/party-management-system/api-tests/node_modules/jest-runtime/build/index.js:882:12)
    at jestAdapter (/Users/mysoft/Code/AI Coding/party-management-system/api-tests/node_modules/jest-circus/build/legacy-code-todo-rewrite/jestAdapter.js:70:15)
    at processTicksAndRejections (node:internal/process/task_queues:105:5)
    at runTestInternal (/Users/mysoft/Code/AI Coding/party-management-system/api-tests/node_modules/jest-runner/build/runTest.js:367:16)
    at runTest (/Users/mysoft/Code/AI Coding/party-management-system/api-tests/node_modules/jest-runner/build/runTest.js:444:34)</failure>
      <failure>AggregateError: 
    at AxiosError.Object.&lt;anonymous&gt;.AxiosError.from (/Users/mysoft/Code/AI Coding/party-management-system/api-tests/node_modules/axios/lib/core/AxiosError.js:92:14)
    at RedirectableRequest.handleRequestError (/Users/mysoft/Code/AI Coding/party-management-system/api-tests/node_modules/axios/lib/adapters/http.js:620:25)
    at RedirectableRequest.emit (node:events:519:35)
    at ClientRequest.eventHandlers.&lt;computed&gt; (/Users/mysoft/Code/AI Coding/party-management-system/api-tests/node_modules/follow-redirects/index.js:49:24)
    at ClientRequest.emit (node:events:507:28)
    at emitErrorEvent (node:_http_client:104:11)
    at Socket.socketErrorListener (node:_http_client:518:5)
    at Socket.emit (node:events:507:28)
    at emitErrorNT (node:internal/streams/destroy:170:8)
    at emitErrorCloseNT (node:internal/streams/destroy:129:3)
    at processTicksAndRejections (node:internal/process/task_queues:90:21)
    at Axios.request (/Users/mysoft/Code/AI Coding/party-management-system/api-tests/node_modules/axios/lib/core/Axios.js:45:41)
    at processTicksAndRejections (node:internal/process/task_queues:105:5)
    at Object.loginAsAdmin (/Users/mysoft/Code/AI Coding/party-management-system/api-tests/setup.js:39:24)
    at Object.getAdminAuthHeaders (/Users/mysoft/Code/AI Coding/party-management-system/api-tests/setup.js:80:7)
    at Object.&lt;anonymous&gt; (/Users/mysoft/Code/AI Coding/party-management-system/api-tests/fees.test.js:14:20)</failure>
    </testcase>
    <testcase classname="党费管理API测试 › 党费导出功能" name="普通用户导出应失败" time="0">
      <failure>Error: thrown: &quot;Exceeded timeout of 30000 ms for a hook.
Add a timeout value to this test to increase the timeout, if this is a long-running test. See https://jestjs.io/docs/api#testname-fn-timeout.&quot;
    at Object.beforeAll (/Users/mysoft/Code/AI Coding/party-management-system/api-tests/setup.js:361:1)
    at Runtime._execModule (/Users/mysoft/Code/AI Coding/party-management-system/api-tests/node_modules/jest-runtime/build/index.js:1439:24)
    at Runtime._loadModule (/Users/mysoft/Code/AI Coding/party-management-system/api-tests/node_modules/jest-runtime/build/index.js:1022:12)
    at Runtime.requireModule (/Users/mysoft/Code/AI Coding/party-management-system/api-tests/node_modules/jest-runtime/build/index.js:882:12)
    at jestAdapter (/Users/mysoft/Code/AI Coding/party-management-system/api-tests/node_modules/jest-circus/build/legacy-code-todo-rewrite/jestAdapter.js:70:15)
    at processTicksAndRejections (node:internal/process/task_queues:105:5)
    at runTestInternal (/Users/mysoft/Code/AI Coding/party-management-system/api-tests/node_modules/jest-runner/build/runTest.js:367:16)
    at runTest (/Users/mysoft/Code/AI Coding/party-management-system/api-tests/node_modules/jest-runner/build/runTest.js:444:34)</failure>
      <failure>AggregateError: 
    at AxiosError.Object.&lt;anonymous&gt;.AxiosError.from (/Users/mysoft/Code/AI Coding/party-management-system/api-tests/node_modules/axios/lib/core/AxiosError.js:92:14)
    at RedirectableRequest.handleRequestError (/Users/mysoft/Code/AI Coding/party-management-system/api-tests/node_modules/axios/lib/adapters/http.js:620:25)
    at RedirectableRequest.emit (node:events:519:35)
    at ClientRequest.eventHandlers.&lt;computed&gt; (/Users/mysoft/Code/AI Coding/party-management-system/api-tests/node_modules/follow-redirects/index.js:49:24)
    at ClientRequest.emit (node:events:507:28)
    at emitErrorEvent (node:_http_client:104:11)
    at Socket.socketErrorListener (node:_http_client:518:5)
    at Socket.emit (node:events:507:28)
    at emitErrorNT (node:internal/streams/destroy:170:8)
    at emitErrorCloseNT (node:internal/streams/destroy:129:3)
    at processTicksAndRejections (node:internal/process/task_queues:90:21)
    at Axios.request (/Users/mysoft/Code/AI Coding/party-management-system/api-tests/node_modules/axios/lib/core/Axios.js:45:41)
    at processTicksAndRejections (node:internal/process/task_queues:105:5)
    at Object.loginAsAdmin (/Users/mysoft/Code/AI Coding/party-management-system/api-tests/setup.js:39:24)
    at Object.getAdminAuthHeaders (/Users/mysoft/Code/AI Coding/party-management-system/api-tests/setup.js:80:7)
    at Object.&lt;anonymous&gt; (/Users/mysoft/Code/AI Coding/party-management-system/api-tests/fees.test.js:14:20)</failure>
    </testcase>
    <testcase classname="党费管理API测试 › 性能测试" name="批量创建缴费记录性能" time="0">
      <failure>Error: thrown: &quot;Exceeded timeout of 30000 ms for a hook.
Add a timeout value to this test to increase the timeout, if this is a long-running test. See https://jestjs.io/docs/api#testname-fn-timeout.&quot;
    at Object.beforeAll (/Users/mysoft/Code/AI Coding/party-management-system/api-tests/setup.js:361:1)
    at Runtime._execModule (/Users/mysoft/Code/AI Coding/party-management-system/api-tests/node_modules/jest-runtime/build/index.js:1439:24)
    at Runtime._loadModule (/Users/mysoft/Code/AI Coding/party-management-system/api-tests/node_modules/jest-runtime/build/index.js:1022:12)
    at Runtime.requireModule (/Users/mysoft/Code/AI Coding/party-management-system/api-tests/node_modules/jest-runtime/build/index.js:882:12)
    at jestAdapter (/Users/mysoft/Code/AI Coding/party-management-system/api-tests/node_modules/jest-circus/build/legacy-code-todo-rewrite/jestAdapter.js:70:15)
    at processTicksAndRejections (node:internal/process/task_queues:105:5)
    at runTestInternal (/Users/mysoft/Code/AI Coding/party-management-system/api-tests/node_modules/jest-runner/build/runTest.js:367:16)
    at runTest (/Users/mysoft/Code/AI Coding/party-management-system/api-tests/node_modules/jest-runner/build/runTest.js:444:34)</failure>
      <failure>AggregateError: 
    at AxiosError.Object.&lt;anonymous&gt;.AxiosError.from (/Users/mysoft/Code/AI Coding/party-management-system/api-tests/node_modules/axios/lib/core/AxiosError.js:92:14)
    at RedirectableRequest.handleRequestError (/Users/mysoft/Code/AI Coding/party-management-system/api-tests/node_modules/axios/lib/adapters/http.js:620:25)
    at RedirectableRequest.emit (node:events:519:35)
    at ClientRequest.eventHandlers.&lt;computed&gt; (/Users/mysoft/Code/AI Coding/party-management-system/api-tests/node_modules/follow-redirects/index.js:49:24)
    at ClientRequest.emit (node:events:507:28)
    at emitErrorEvent (node:_http_client:104:11)
    at Socket.socketErrorListener (node:_http_client:518:5)
    at Socket.emit (node:events:507:28)
    at emitErrorNT (node:internal/streams/destroy:170:8)
    at emitErrorCloseNT (node:internal/streams/destroy:129:3)
    at processTicksAndRejections (node:internal/process/task_queues:90:21)
    at Axios.request (/Users/mysoft/Code/AI Coding/party-management-system/api-tests/node_modules/axios/lib/core/Axios.js:45:41)
    at processTicksAndRejections (node:internal/process/task_queues:105:5)
    at Object.loginAsAdmin (/Users/mysoft/Code/AI Coding/party-management-system/api-tests/setup.js:39:24)
    at Object.getAdminAuthHeaders (/Users/mysoft/Code/AI Coding/party-management-system/api-tests/setup.js:80:7)
    at Object.&lt;anonymous&gt; (/Users/mysoft/Code/AI Coding/party-management-system/api-tests/fees.test.js:14:20)</failure>
    </testcase>
    <testcase classname="党费管理API测试 › 性能测试" name="大数据量查询性能" time="0">
      <failure>Error: thrown: &quot;Exceeded timeout of 30000 ms for a hook.
Add a timeout value to this test to increase the timeout, if this is a long-running test. See https://jestjs.io/docs/api#testname-fn-timeout.&quot;
    at Object.beforeAll (/Users/mysoft/Code/AI Coding/party-management-system/api-tests/setup.js:361:1)
    at Runtime._execModule (/Users/mysoft/Code/AI Coding/party-management-system/api-tests/node_modules/jest-runtime/build/index.js:1439:24)
    at Runtime._loadModule (/Users/mysoft/Code/AI Coding/party-management-system/api-tests/node_modules/jest-runtime/build/index.js:1022:12)
    at Runtime.requireModule (/Users/mysoft/Code/AI Coding/party-management-system/api-tests/node_modules/jest-runtime/build/index.js:882:12)
    at jestAdapter (/Users/mysoft/Code/AI Coding/party-management-system/api-tests/node_modules/jest-circus/build/legacy-code-todo-rewrite/jestAdapter.js:70:15)
    at processTicksAndRejections (node:internal/process/task_queues:105:5)
    at runTestInternal (/Users/mysoft/Code/AI Coding/party-management-system/api-tests/node_modules/jest-runner/build/runTest.js:367:16)
    at runTest (/Users/mysoft/Code/AI Coding/party-management-system/api-tests/node_modules/jest-runner/build/runTest.js:444:34)</failure>
      <failure>AggregateError: 
    at AxiosError.Object.&lt;anonymous&gt;.AxiosError.from (/Users/mysoft/Code/AI Coding/party-management-system/api-tests/node_modules/axios/lib/core/AxiosError.js:92:14)
    at RedirectableRequest.handleRequestError (/Users/mysoft/Code/AI Coding/party-management-system/api-tests/node_modules/axios/lib/adapters/http.js:620:25)
    at RedirectableRequest.emit (node:events:519:35)
    at ClientRequest.eventHandlers.&lt;computed&gt; (/Users/mysoft/Code/AI Coding/party-management-system/api-tests/node_modules/follow-redirects/index.js:49:24)
    at ClientRequest.emit (node:events:507:28)
    at emitErrorEvent (node:_http_client:104:11)
    at Socket.socketErrorListener (node:_http_client:518:5)
    at Socket.emit (node:events:507:28)
    at emitErrorNT (node:internal/streams/destroy:170:8)
    at emitErrorCloseNT (node:internal/streams/destroy:129:3)
    at processTicksAndRejections (node:internal/process/task_queues:90:21)
    at Axios.request (/Users/mysoft/Code/AI Coding/party-management-system/api-tests/node_modules/axios/lib/core/Axios.js:45:41)
    at processTicksAndRejections (node:internal/process/task_queues:105:5)
    at Object.loginAsAdmin (/Users/mysoft/Code/AI Coding/party-management-system/api-tests/setup.js:39:24)
    at Object.getAdminAuthHeaders (/Users/mysoft/Code/AI Coding/party-management-system/api-tests/setup.js:80:7)
    at Object.&lt;anonymous&gt; (/Users/mysoft/Code/AI Coding/party-management-system/api-tests/fees.test.js:14:20)</failure>
    </testcase>
  </testsuite>
  <testsuite name="操作日志API测试" errors="0" failures="40" skipped="0" timestamp="2025-08-25T10:39:09" time="30.254" tests="40">
    <testcase classname="操作日志API测试 › 操作日志记录" name="用户操作自动记录日志" time="0">
      <failure>Error: thrown: &quot;Exceeded timeout of 30000 ms for a hook.
Add a timeout value to this test to increase the timeout, if this is a long-running test. See https://jestjs.io/docs/api#testname-fn-timeout.&quot;
    at Object.beforeAll (/Users/mysoft/Code/AI Coding/party-management-system/api-tests/setup.js:361:1)
    at Runtime._execModule (/Users/mysoft/Code/AI Coding/party-management-system/api-tests/node_modules/jest-runtime/build/index.js:1439:24)
    at Runtime._loadModule (/Users/mysoft/Code/AI Coding/party-management-system/api-tests/node_modules/jest-runtime/build/index.js:1022:12)
    at Runtime.requireModule (/Users/mysoft/Code/AI Coding/party-management-system/api-tests/node_modules/jest-runtime/build/index.js:882:12)
    at jestAdapter (/Users/mysoft/Code/AI Coding/party-management-system/api-tests/node_modules/jest-circus/build/legacy-code-todo-rewrite/jestAdapter.js:70:15)
    at runTestInternal (/Users/mysoft/Code/AI Coding/party-management-system/api-tests/node_modules/jest-runner/build/runTest.js:367:16)
    at runTest (/Users/mysoft/Code/AI Coding/party-management-system/api-tests/node_modules/jest-runner/build/runTest.js:444:34)</failure>
      <failure>AggregateError: 
    at AxiosError.Object.&lt;anonymous&gt;.AxiosError.from (/Users/mysoft/Code/AI Coding/party-management-system/api-tests/node_modules/axios/lib/core/AxiosError.js:92:14)
    at RedirectableRequest.handleRequestError (/Users/mysoft/Code/AI Coding/party-management-system/api-tests/node_modules/axios/lib/adapters/http.js:620:25)
    at RedirectableRequest.emit (node:events:519:35)
    at ClientRequest.eventHandlers.&lt;computed&gt; (/Users/mysoft/Code/AI Coding/party-management-system/api-tests/node_modules/follow-redirects/index.js:49:24)
    at ClientRequest.emit (node:events:507:28)
    at emitErrorEvent (node:_http_client:104:11)
    at Socket.socketErrorListener (node:_http_client:518:5)
    at Socket.emit (node:events:507:28)
    at emitErrorNT (node:internal/streams/destroy:170:8)
    at emitErrorCloseNT (node:internal/streams/destroy:129:3)
    at processTicksAndRejections (node:internal/process/task_queues:90:21)
    at Axios.request (/Users/mysoft/Code/AI Coding/party-management-system/api-tests/node_modules/axios/lib/core/Axios.js:45:41)
    at processTicksAndRejections (node:internal/process/task_queues:105:5)
    at Object.loginAsAdmin (/Users/mysoft/Code/AI Coding/party-management-system/api-tests/setup.js:39:24)
    at Object.getAdminAuthHeaders (/Users/mysoft/Code/AI Coding/party-management-system/api-tests/setup.js:80:7)
    at Object.&lt;anonymous&gt; (/Users/mysoft/Code/AI Coding/party-management-system/api-tests/operation-logs.test.js:13:20)</failure>
    </testcase>
    <testcase classname="操作日志API测试 › 操作日志记录" name="登录操作记录日志" time="0">
      <failure>Error: thrown: &quot;Exceeded timeout of 30000 ms for a hook.
Add a timeout value to this test to increase the timeout, if this is a long-running test. See https://jestjs.io/docs/api#testname-fn-timeout.&quot;
    at Object.beforeAll (/Users/mysoft/Code/AI Coding/party-management-system/api-tests/setup.js:361:1)
    at Runtime._execModule (/Users/mysoft/Code/AI Coding/party-management-system/api-tests/node_modules/jest-runtime/build/index.js:1439:24)
    at Runtime._loadModule (/Users/mysoft/Code/AI Coding/party-management-system/api-tests/node_modules/jest-runtime/build/index.js:1022:12)
    at Runtime.requireModule (/Users/mysoft/Code/AI Coding/party-management-system/api-tests/node_modules/jest-runtime/build/index.js:882:12)
    at jestAdapter (/Users/mysoft/Code/AI Coding/party-management-system/api-tests/node_modules/jest-circus/build/legacy-code-todo-rewrite/jestAdapter.js:70:15)
    at runTestInternal (/Users/mysoft/Code/AI Coding/party-management-system/api-tests/node_modules/jest-runner/build/runTest.js:367:16)
    at runTest (/Users/mysoft/Code/AI Coding/party-management-system/api-tests/node_modules/jest-runner/build/runTest.js:444:34)</failure>
      <failure>AggregateError: 
    at AxiosError.Object.&lt;anonymous&gt;.AxiosError.from (/Users/mysoft/Code/AI Coding/party-management-system/api-tests/node_modules/axios/lib/core/AxiosError.js:92:14)
    at RedirectableRequest.handleRequestError (/Users/mysoft/Code/AI Coding/party-management-system/api-tests/node_modules/axios/lib/adapters/http.js:620:25)
    at RedirectableRequest.emit (node:events:519:35)
    at ClientRequest.eventHandlers.&lt;computed&gt; (/Users/mysoft/Code/AI Coding/party-management-system/api-tests/node_modules/follow-redirects/index.js:49:24)
    at ClientRequest.emit (node:events:507:28)
    at emitErrorEvent (node:_http_client:104:11)
    at Socket.socketErrorListener (node:_http_client:518:5)
    at Socket.emit (node:events:507:28)
    at emitErrorNT (node:internal/streams/destroy:170:8)
    at emitErrorCloseNT (node:internal/streams/destroy:129:3)
    at processTicksAndRejections (node:internal/process/task_queues:90:21)
    at Axios.request (/Users/mysoft/Code/AI Coding/party-management-system/api-tests/node_modules/axios/lib/core/Axios.js:45:41)
    at processTicksAndRejections (node:internal/process/task_queues:105:5)
    at Object.loginAsAdmin (/Users/mysoft/Code/AI Coding/party-management-system/api-tests/setup.js:39:24)
    at Object.getAdminAuthHeaders (/Users/mysoft/Code/AI Coding/party-management-system/api-tests/setup.js:80:7)
    at Object.&lt;anonymous&gt; (/Users/mysoft/Code/AI Coding/party-management-system/api-tests/operation-logs.test.js:13:20)</failure>
    </testcase>
    <testcase classname="操作日志API测试 › 操作日志记录" name="失败操作记录错误日志" time="0">
      <failure>Error: thrown: &quot;Exceeded timeout of 30000 ms for a hook.
Add a timeout value to this test to increase the timeout, if this is a long-running test. See https://jestjs.io/docs/api#testname-fn-timeout.&quot;
    at Object.beforeAll (/Users/mysoft/Code/AI Coding/party-management-system/api-tests/setup.js:361:1)
    at Runtime._execModule (/Users/mysoft/Code/AI Coding/party-management-system/api-tests/node_modules/jest-runtime/build/index.js:1439:24)
    at Runtime._loadModule (/Users/mysoft/Code/AI Coding/party-management-system/api-tests/node_modules/jest-runtime/build/index.js:1022:12)
    at Runtime.requireModule (/Users/mysoft/Code/AI Coding/party-management-system/api-tests/node_modules/jest-runtime/build/index.js:882:12)
    at jestAdapter (/Users/mysoft/Code/AI Coding/party-management-system/api-tests/node_modules/jest-circus/build/legacy-code-todo-rewrite/jestAdapter.js:70:15)
    at runTestInternal (/Users/mysoft/Code/AI Coding/party-management-system/api-tests/node_modules/jest-runner/build/runTest.js:367:16)
    at runTest (/Users/mysoft/Code/AI Coding/party-management-system/api-tests/node_modules/jest-runner/build/runTest.js:444:34)</failure>
      <failure>AggregateError: 
    at AxiosError.Object.&lt;anonymous&gt;.AxiosError.from (/Users/mysoft/Code/AI Coding/party-management-system/api-tests/node_modules/axios/lib/core/AxiosError.js:92:14)
    at RedirectableRequest.handleRequestError (/Users/mysoft/Code/AI Coding/party-management-system/api-tests/node_modules/axios/lib/adapters/http.js:620:25)
    at RedirectableRequest.emit (node:events:519:35)
    at ClientRequest.eventHandlers.&lt;computed&gt; (/Users/mysoft/Code/AI Coding/party-management-system/api-tests/node_modules/follow-redirects/index.js:49:24)
    at ClientRequest.emit (node:events:507:28)
    at emitErrorEvent (node:_http_client:104:11)
    at Socket.socketErrorListener (node:_http_client:518:5)
    at Socket.emit (node:events:507:28)
    at emitErrorNT (node:internal/streams/destroy:170:8)
    at emitErrorCloseNT (node:internal/streams/destroy:129:3)
    at processTicksAndRejections (node:internal/process/task_queues:90:21)
    at Axios.request (/Users/mysoft/Code/AI Coding/party-management-system/api-tests/node_modules/axios/lib/core/Axios.js:45:41)
    at processTicksAndRejections (node:internal/process/task_queues:105:5)
    at Object.loginAsAdmin (/Users/mysoft/Code/AI Coding/party-management-system/api-tests/setup.js:39:24)
    at Object.getAdminAuthHeaders (/Users/mysoft/Code/AI Coding/party-management-system/api-tests/setup.js:80:7)
    at Object.&lt;anonymous&gt; (/Users/mysoft/Code/AI Coding/party-management-system/api-tests/operation-logs.test.js:13:20)</failure>
    </testcase>
    <testcase classname="操作日志API测试 › 查询操作日志" name="管理员获取操作日志列表" time="0">
      <failure>Error: thrown: &quot;Exceeded timeout of 30000 ms for a hook.
Add a timeout value to this test to increase the timeout, if this is a long-running test. See https://jestjs.io/docs/api#testname-fn-timeout.&quot;
    at Object.beforeAll (/Users/mysoft/Code/AI Coding/party-management-system/api-tests/setup.js:361:1)
    at Runtime._execModule (/Users/mysoft/Code/AI Coding/party-management-system/api-tests/node_modules/jest-runtime/build/index.js:1439:24)
    at Runtime._loadModule (/Users/mysoft/Code/AI Coding/party-management-system/api-tests/node_modules/jest-runtime/build/index.js:1022:12)
    at Runtime.requireModule (/Users/mysoft/Code/AI Coding/party-management-system/api-tests/node_modules/jest-runtime/build/index.js:882:12)
    at jestAdapter (/Users/mysoft/Code/AI Coding/party-management-system/api-tests/node_modules/jest-circus/build/legacy-code-todo-rewrite/jestAdapter.js:70:15)
    at runTestInternal (/Users/mysoft/Code/AI Coding/party-management-system/api-tests/node_modules/jest-runner/build/runTest.js:367:16)
    at runTest (/Users/mysoft/Code/AI Coding/party-management-system/api-tests/node_modules/jest-runner/build/runTest.js:444:34)</failure>
      <failure>AggregateError: 
    at AxiosError.Object.&lt;anonymous&gt;.AxiosError.from (/Users/mysoft/Code/AI Coding/party-management-system/api-tests/node_modules/axios/lib/core/AxiosError.js:92:14)
    at RedirectableRequest.handleRequestError (/Users/mysoft/Code/AI Coding/party-management-system/api-tests/node_modules/axios/lib/adapters/http.js:620:25)
    at RedirectableRequest.emit (node:events:519:35)
    at ClientRequest.eventHandlers.&lt;computed&gt; (/Users/mysoft/Code/AI Coding/party-management-system/api-tests/node_modules/follow-redirects/index.js:49:24)
    at ClientRequest.emit (node:events:507:28)
    at emitErrorEvent (node:_http_client:104:11)
    at Socket.socketErrorListener (node:_http_client:518:5)
    at Socket.emit (node:events:507:28)
    at emitErrorNT (node:internal/streams/destroy:170:8)
    at emitErrorCloseNT (node:internal/streams/destroy:129:3)
    at processTicksAndRejections (node:internal/process/task_queues:90:21)
    at Axios.request (/Users/mysoft/Code/AI Coding/party-management-system/api-tests/node_modules/axios/lib/core/Axios.js:45:41)
    at processTicksAndRejections (node:internal/process/task_queues:105:5)
    at Object.loginAsAdmin (/Users/mysoft/Code/AI Coding/party-management-system/api-tests/setup.js:39:24)
    at Object.getAdminAuthHeaders (/Users/mysoft/Code/AI Coding/party-management-system/api-tests/setup.js:80:7)
    at Object.&lt;anonymous&gt; (/Users/mysoft/Code/AI Coding/party-management-system/api-tests/operation-logs.test.js:13:20)</failure>
    </testcase>
    <testcase classname="操作日志API测试 › 查询操作日志" name="按操作类型筛选日志" time="0.001">
      <failure>Error: thrown: &quot;Exceeded timeout of 30000 ms for a hook.
Add a timeout value to this test to increase the timeout, if this is a long-running test. See https://jestjs.io/docs/api#testname-fn-timeout.&quot;
    at Object.beforeAll (/Users/mysoft/Code/AI Coding/party-management-system/api-tests/setup.js:361:1)
    at Runtime._execModule (/Users/mysoft/Code/AI Coding/party-management-system/api-tests/node_modules/jest-runtime/build/index.js:1439:24)
    at Runtime._loadModule (/Users/mysoft/Code/AI Coding/party-management-system/api-tests/node_modules/jest-runtime/build/index.js:1022:12)
    at Runtime.requireModule (/Users/mysoft/Code/AI Coding/party-management-system/api-tests/node_modules/jest-runtime/build/index.js:882:12)
    at jestAdapter (/Users/mysoft/Code/AI Coding/party-management-system/api-tests/node_modules/jest-circus/build/legacy-code-todo-rewrite/jestAdapter.js:70:15)
    at runTestInternal (/Users/mysoft/Code/AI Coding/party-management-system/api-tests/node_modules/jest-runner/build/runTest.js:367:16)
    at runTest (/Users/mysoft/Code/AI Coding/party-management-system/api-tests/node_modules/jest-runner/build/runTest.js:444:34)</failure>
      <failure>AggregateError: 
    at AxiosError.Object.&lt;anonymous&gt;.AxiosError.from (/Users/mysoft/Code/AI Coding/party-management-system/api-tests/node_modules/axios/lib/core/AxiosError.js:92:14)
    at RedirectableRequest.handleRequestError (/Users/mysoft/Code/AI Coding/party-management-system/api-tests/node_modules/axios/lib/adapters/http.js:620:25)
    at RedirectableRequest.emit (node:events:519:35)
    at ClientRequest.eventHandlers.&lt;computed&gt; (/Users/mysoft/Code/AI Coding/party-management-system/api-tests/node_modules/follow-redirects/index.js:49:24)
    at ClientRequest.emit (node:events:507:28)
    at emitErrorEvent (node:_http_client:104:11)
    at Socket.socketErrorListener (node:_http_client:518:5)
    at Socket.emit (node:events:507:28)
    at emitErrorNT (node:internal/streams/destroy:170:8)
    at emitErrorCloseNT (node:internal/streams/destroy:129:3)
    at processTicksAndRejections (node:internal/process/task_queues:90:21)
    at Axios.request (/Users/mysoft/Code/AI Coding/party-management-system/api-tests/node_modules/axios/lib/core/Axios.js:45:41)
    at processTicksAndRejections (node:internal/process/task_queues:105:5)
    at Object.loginAsAdmin (/Users/mysoft/Code/AI Coding/party-management-system/api-tests/setup.js:39:24)
    at Object.getAdminAuthHeaders (/Users/mysoft/Code/AI Coding/party-management-system/api-tests/setup.js:80:7)
    at Object.&lt;anonymous&gt; (/Users/mysoft/Code/AI Coding/party-management-system/api-tests/operation-logs.test.js:13:20)</failure>
    </testcase>
    <testcase classname="操作日志API测试 › 查询操作日志" name="按模块筛选日志" time="0">
      <failure>Error: thrown: &quot;Exceeded timeout of 30000 ms for a hook.
Add a timeout value to this test to increase the timeout, if this is a long-running test. See https://jestjs.io/docs/api#testname-fn-timeout.&quot;
    at Object.beforeAll (/Users/mysoft/Code/AI Coding/party-management-system/api-tests/setup.js:361:1)
    at Runtime._execModule (/Users/mysoft/Code/AI Coding/party-management-system/api-tests/node_modules/jest-runtime/build/index.js:1439:24)
    at Runtime._loadModule (/Users/mysoft/Code/AI Coding/party-management-system/api-tests/node_modules/jest-runtime/build/index.js:1022:12)
    at Runtime.requireModule (/Users/mysoft/Code/AI Coding/party-management-system/api-tests/node_modules/jest-runtime/build/index.js:882:12)
    at jestAdapter (/Users/mysoft/Code/AI Coding/party-management-system/api-tests/node_modules/jest-circus/build/legacy-code-todo-rewrite/jestAdapter.js:70:15)
    at runTestInternal (/Users/mysoft/Code/AI Coding/party-management-system/api-tests/node_modules/jest-runner/build/runTest.js:367:16)
    at runTest (/Users/mysoft/Code/AI Coding/party-management-system/api-tests/node_modules/jest-runner/build/runTest.js:444:34)</failure>
      <failure>AggregateError: 
    at AxiosError.Object.&lt;anonymous&gt;.AxiosError.from (/Users/mysoft/Code/AI Coding/party-management-system/api-tests/node_modules/axios/lib/core/AxiosError.js:92:14)
    at RedirectableRequest.handleRequestError (/Users/mysoft/Code/AI Coding/party-management-system/api-tests/node_modules/axios/lib/adapters/http.js:620:25)
    at RedirectableRequest.emit (node:events:519:35)
    at ClientRequest.eventHandlers.&lt;computed&gt; (/Users/mysoft/Code/AI Coding/party-management-system/api-tests/node_modules/follow-redirects/index.js:49:24)
    at ClientRequest.emit (node:events:507:28)
    at emitErrorEvent (node:_http_client:104:11)
    at Socket.socketErrorListener (node:_http_client:518:5)
    at Socket.emit (node:events:507:28)
    at emitErrorNT (node:internal/streams/destroy:170:8)
    at emitErrorCloseNT (node:internal/streams/destroy:129:3)
    at processTicksAndRejections (node:internal/process/task_queues:90:21)
    at Axios.request (/Users/mysoft/Code/AI Coding/party-management-system/api-tests/node_modules/axios/lib/core/Axios.js:45:41)
    at processTicksAndRejections (node:internal/process/task_queues:105:5)
    at Object.loginAsAdmin (/Users/mysoft/Code/AI Coding/party-management-system/api-tests/setup.js:39:24)
    at Object.getAdminAuthHeaders (/Users/mysoft/Code/AI Coding/party-management-system/api-tests/setup.js:80:7)
    at Object.&lt;anonymous&gt; (/Users/mysoft/Code/AI Coding/party-management-system/api-tests/operation-logs.test.js:13:20)</failure>
    </testcase>
    <testcase classname="操作日志API测试 › 查询操作日志" name="按用户筛选日志" time="0">
      <failure>Error: thrown: &quot;Exceeded timeout of 30000 ms for a hook.
Add a timeout value to this test to increase the timeout, if this is a long-running test. See https://jestjs.io/docs/api#testname-fn-timeout.&quot;
    at Object.beforeAll (/Users/mysoft/Code/AI Coding/party-management-system/api-tests/setup.js:361:1)
    at Runtime._execModule (/Users/mysoft/Code/AI Coding/party-management-system/api-tests/node_modules/jest-runtime/build/index.js:1439:24)
    at Runtime._loadModule (/Users/mysoft/Code/AI Coding/party-management-system/api-tests/node_modules/jest-runtime/build/index.js:1022:12)
    at Runtime.requireModule (/Users/mysoft/Code/AI Coding/party-management-system/api-tests/node_modules/jest-runtime/build/index.js:882:12)
    at jestAdapter (/Users/mysoft/Code/AI Coding/party-management-system/api-tests/node_modules/jest-circus/build/legacy-code-todo-rewrite/jestAdapter.js:70:15)
    at runTestInternal (/Users/mysoft/Code/AI Coding/party-management-system/api-tests/node_modules/jest-runner/build/runTest.js:367:16)
    at runTest (/Users/mysoft/Code/AI Coding/party-management-system/api-tests/node_modules/jest-runner/build/runTest.js:444:34)</failure>
      <failure>AggregateError: 
    at AxiosError.Object.&lt;anonymous&gt;.AxiosError.from (/Users/mysoft/Code/AI Coding/party-management-system/api-tests/node_modules/axios/lib/core/AxiosError.js:92:14)
    at RedirectableRequest.handleRequestError (/Users/mysoft/Code/AI Coding/party-management-system/api-tests/node_modules/axios/lib/adapters/http.js:620:25)
    at RedirectableRequest.emit (node:events:519:35)
    at ClientRequest.eventHandlers.&lt;computed&gt; (/Users/mysoft/Code/AI Coding/party-management-system/api-tests/node_modules/follow-redirects/index.js:49:24)
    at ClientRequest.emit (node:events:507:28)
    at emitErrorEvent (node:_http_client:104:11)
    at Socket.socketErrorListener (node:_http_client:518:5)
    at Socket.emit (node:events:507:28)
    at emitErrorNT (node:internal/streams/destroy:170:8)
    at emitErrorCloseNT (node:internal/streams/destroy:129:3)
    at processTicksAndRejections (node:internal/process/task_queues:90:21)
    at Axios.request (/Users/mysoft/Code/AI Coding/party-management-system/api-tests/node_modules/axios/lib/core/Axios.js:45:41)
    at processTicksAndRejections (node:internal/process/task_queues:105:5)
    at Object.loginAsAdmin (/Users/mysoft/Code/AI Coding/party-management-system/api-tests/setup.js:39:24)
    at Object.getAdminAuthHeaders (/Users/mysoft/Code/AI Coding/party-management-system/api-tests/setup.js:80:7)
    at Object.&lt;anonymous&gt; (/Users/mysoft/Code/AI Coding/party-management-system/api-tests/operation-logs.test.js:13:20)</failure>
    </testcase>
    <testcase classname="操作日志API测试 › 查询操作日志" name="按状态筛选日志" time="0">
      <failure>Error: thrown: &quot;Exceeded timeout of 30000 ms for a hook.
Add a timeout value to this test to increase the timeout, if this is a long-running test. See https://jestjs.io/docs/api#testname-fn-timeout.&quot;
    at Object.beforeAll (/Users/mysoft/Code/AI Coding/party-management-system/api-tests/setup.js:361:1)
    at Runtime._execModule (/Users/mysoft/Code/AI Coding/party-management-system/api-tests/node_modules/jest-runtime/build/index.js:1439:24)
    at Runtime._loadModule (/Users/mysoft/Code/AI Coding/party-management-system/api-tests/node_modules/jest-runtime/build/index.js:1022:12)
    at Runtime.requireModule (/Users/mysoft/Code/AI Coding/party-management-system/api-tests/node_modules/jest-runtime/build/index.js:882:12)
    at jestAdapter (/Users/mysoft/Code/AI Coding/party-management-system/api-tests/node_modules/jest-circus/build/legacy-code-todo-rewrite/jestAdapter.js:70:15)
    at runTestInternal (/Users/mysoft/Code/AI Coding/party-management-system/api-tests/node_modules/jest-runner/build/runTest.js:367:16)
    at runTest (/Users/mysoft/Code/AI Coding/party-management-system/api-tests/node_modules/jest-runner/build/runTest.js:444:34)</failure>
      <failure>AggregateError: 
    at AxiosError.Object.&lt;anonymous&gt;.AxiosError.from (/Users/mysoft/Code/AI Coding/party-management-system/api-tests/node_modules/axios/lib/core/AxiosError.js:92:14)
    at RedirectableRequest.handleRequestError (/Users/mysoft/Code/AI Coding/party-management-system/api-tests/node_modules/axios/lib/adapters/http.js:620:25)
    at RedirectableRequest.emit (node:events:519:35)
    at ClientRequest.eventHandlers.&lt;computed&gt; (/Users/mysoft/Code/AI Coding/party-management-system/api-tests/node_modules/follow-redirects/index.js:49:24)
    at ClientRequest.emit (node:events:507:28)
    at emitErrorEvent (node:_http_client:104:11)
    at Socket.socketErrorListener (node:_http_client:518:5)
    at Socket.emit (node:events:507:28)
    at emitErrorNT (node:internal/streams/destroy:170:8)
    at emitErrorCloseNT (node:internal/streams/destroy:129:3)
    at processTicksAndRejections (node:internal/process/task_queues:90:21)
    at Axios.request (/Users/mysoft/Code/AI Coding/party-management-system/api-tests/node_modules/axios/lib/core/Axios.js:45:41)
    at processTicksAndRejections (node:internal/process/task_queues:105:5)
    at Object.loginAsAdmin (/Users/mysoft/Code/AI Coding/party-management-system/api-tests/setup.js:39:24)
    at Object.getAdminAuthHeaders (/Users/mysoft/Code/AI Coding/party-management-system/api-tests/setup.js:80:7)
    at Object.&lt;anonymous&gt; (/Users/mysoft/Code/AI Coding/party-management-system/api-tests/operation-logs.test.js:13:20)</failure>
    </testcase>
    <testcase classname="操作日志API测试 › 查询操作日志" name="按时间范围筛选日志" time="0">
      <failure>Error: thrown: &quot;Exceeded timeout of 30000 ms for a hook.
Add a timeout value to this test to increase the timeout, if this is a long-running test. See https://jestjs.io/docs/api#testname-fn-timeout.&quot;
    at Object.beforeAll (/Users/mysoft/Code/AI Coding/party-management-system/api-tests/setup.js:361:1)
    at Runtime._execModule (/Users/mysoft/Code/AI Coding/party-management-system/api-tests/node_modules/jest-runtime/build/index.js:1439:24)
    at Runtime._loadModule (/Users/mysoft/Code/AI Coding/party-management-system/api-tests/node_modules/jest-runtime/build/index.js:1022:12)
    at Runtime.requireModule (/Users/mysoft/Code/AI Coding/party-management-system/api-tests/node_modules/jest-runtime/build/index.js:882:12)
    at jestAdapter (/Users/mysoft/Code/AI Coding/party-management-system/api-tests/node_modules/jest-circus/build/legacy-code-todo-rewrite/jestAdapter.js:70:15)
    at runTestInternal (/Users/mysoft/Code/AI Coding/party-management-system/api-tests/node_modules/jest-runner/build/runTest.js:367:16)
    at runTest (/Users/mysoft/Code/AI Coding/party-management-system/api-tests/node_modules/jest-runner/build/runTest.js:444:34)</failure>
      <failure>AggregateError: 
    at AxiosError.Object.&lt;anonymous&gt;.AxiosError.from (/Users/mysoft/Code/AI Coding/party-management-system/api-tests/node_modules/axios/lib/core/AxiosError.js:92:14)
    at RedirectableRequest.handleRequestError (/Users/mysoft/Code/AI Coding/party-management-system/api-tests/node_modules/axios/lib/adapters/http.js:620:25)
    at RedirectableRequest.emit (node:events:519:35)
    at ClientRequest.eventHandlers.&lt;computed&gt; (/Users/mysoft/Code/AI Coding/party-management-system/api-tests/node_modules/follow-redirects/index.js:49:24)
    at ClientRequest.emit (node:events:507:28)
    at emitErrorEvent (node:_http_client:104:11)
    at Socket.socketErrorListener (node:_http_client:518:5)
    at Socket.emit (node:events:507:28)
    at emitErrorNT (node:internal/streams/destroy:170:8)
    at emitErrorCloseNT (node:internal/streams/destroy:129:3)
    at processTicksAndRejections (node:internal/process/task_queues:90:21)
    at Axios.request (/Users/mysoft/Code/AI Coding/party-management-system/api-tests/node_modules/axios/lib/core/Axios.js:45:41)
    at processTicksAndRejections (node:internal/process/task_queues:105:5)
    at Object.loginAsAdmin (/Users/mysoft/Code/AI Coding/party-management-system/api-tests/setup.js:39:24)
    at Object.getAdminAuthHeaders (/Users/mysoft/Code/AI Coding/party-management-system/api-tests/setup.js:80:7)
    at Object.&lt;anonymous&gt; (/Users/mysoft/Code/AI Coding/party-management-system/api-tests/operation-logs.test.js:13:20)</failure>
    </testcase>
    <testcase classname="操作日志API测试 › 查询操作日志" name="按IP地址筛选日志" time="0">
      <failure>Error: thrown: &quot;Exceeded timeout of 30000 ms for a hook.
Add a timeout value to this test to increase the timeout, if this is a long-running test. See https://jestjs.io/docs/api#testname-fn-timeout.&quot;
    at Object.beforeAll (/Users/mysoft/Code/AI Coding/party-management-system/api-tests/setup.js:361:1)
    at Runtime._execModule (/Users/mysoft/Code/AI Coding/party-management-system/api-tests/node_modules/jest-runtime/build/index.js:1439:24)
    at Runtime._loadModule (/Users/mysoft/Code/AI Coding/party-management-system/api-tests/node_modules/jest-runtime/build/index.js:1022:12)
    at Runtime.requireModule (/Users/mysoft/Code/AI Coding/party-management-system/api-tests/node_modules/jest-runtime/build/index.js:882:12)
    at jestAdapter (/Users/mysoft/Code/AI Coding/party-management-system/api-tests/node_modules/jest-circus/build/legacy-code-todo-rewrite/jestAdapter.js:70:15)
    at runTestInternal (/Users/mysoft/Code/AI Coding/party-management-system/api-tests/node_modules/jest-runner/build/runTest.js:367:16)
    at runTest (/Users/mysoft/Code/AI Coding/party-management-system/api-tests/node_modules/jest-runner/build/runTest.js:444:34)</failure>
      <failure>AggregateError: 
    at AxiosError.Object.&lt;anonymous&gt;.AxiosError.from (/Users/mysoft/Code/AI Coding/party-management-system/api-tests/node_modules/axios/lib/core/AxiosError.js:92:14)
    at RedirectableRequest.handleRequestError (/Users/mysoft/Code/AI Coding/party-management-system/api-tests/node_modules/axios/lib/adapters/http.js:620:25)
    at RedirectableRequest.emit (node:events:519:35)
    at ClientRequest.eventHandlers.&lt;computed&gt; (/Users/mysoft/Code/AI Coding/party-management-system/api-tests/node_modules/follow-redirects/index.js:49:24)
    at ClientRequest.emit (node:events:507:28)
    at emitErrorEvent (node:_http_client:104:11)
    at Socket.socketErrorListener (node:_http_client:518:5)
    at Socket.emit (node:events:507:28)
    at emitErrorNT (node:internal/streams/destroy:170:8)
    at emitErrorCloseNT (node:internal/streams/destroy:129:3)
    at processTicksAndRejections (node:internal/process/task_queues:90:21)
    at Axios.request (/Users/mysoft/Code/AI Coding/party-management-system/api-tests/node_modules/axios/lib/core/Axios.js:45:41)
    at processTicksAndRejections (node:internal/process/task_queues:105:5)
    at Object.loginAsAdmin (/Users/mysoft/Code/AI Coding/party-management-system/api-tests/setup.js:39:24)
    at Object.getAdminAuthHeaders (/Users/mysoft/Code/AI Coding/party-management-system/api-tests/setup.js:80:7)
    at Object.&lt;anonymous&gt; (/Users/mysoft/Code/AI Coding/party-management-system/api-tests/operation-logs.test.js:13:20)</failure>
    </testcase>
    <testcase classname="操作日志API测试 › 查询操作日志" name="关键字搜索日志" time="0">
      <failure>Error: thrown: &quot;Exceeded timeout of 30000 ms for a hook.
Add a timeout value to this test to increase the timeout, if this is a long-running test. See https://jestjs.io/docs/api#testname-fn-timeout.&quot;
    at Object.beforeAll (/Users/mysoft/Code/AI Coding/party-management-system/api-tests/setup.js:361:1)
    at Runtime._execModule (/Users/mysoft/Code/AI Coding/party-management-system/api-tests/node_modules/jest-runtime/build/index.js:1439:24)
    at Runtime._loadModule (/Users/mysoft/Code/AI Coding/party-management-system/api-tests/node_modules/jest-runtime/build/index.js:1022:12)
    at Runtime.requireModule (/Users/mysoft/Code/AI Coding/party-management-system/api-tests/node_modules/jest-runtime/build/index.js:882:12)
    at jestAdapter (/Users/mysoft/Code/AI Coding/party-management-system/api-tests/node_modules/jest-circus/build/legacy-code-todo-rewrite/jestAdapter.js:70:15)
    at runTestInternal (/Users/mysoft/Code/AI Coding/party-management-system/api-tests/node_modules/jest-runner/build/runTest.js:367:16)
    at runTest (/Users/mysoft/Code/AI Coding/party-management-system/api-tests/node_modules/jest-runner/build/runTest.js:444:34)</failure>
      <failure>AggregateError: 
    at AxiosError.Object.&lt;anonymous&gt;.AxiosError.from (/Users/mysoft/Code/AI Coding/party-management-system/api-tests/node_modules/axios/lib/core/AxiosError.js:92:14)
    at RedirectableRequest.handleRequestError (/Users/mysoft/Code/AI Coding/party-management-system/api-tests/node_modules/axios/lib/adapters/http.js:620:25)
    at RedirectableRequest.emit (node:events:519:35)
    at ClientRequest.eventHandlers.&lt;computed&gt; (/Users/mysoft/Code/AI Coding/party-management-system/api-tests/node_modules/follow-redirects/index.js:49:24)
    at ClientRequest.emit (node:events:507:28)
    at emitErrorEvent (node:_http_client:104:11)
    at Socket.socketErrorListener (node:_http_client:518:5)
    at Socket.emit (node:events:507:28)
    at emitErrorNT (node:internal/streams/destroy:170:8)
    at emitErrorCloseNT (node:internal/streams/destroy:129:3)
    at processTicksAndRejections (node:internal/process/task_queues:90:21)
    at Axios.request (/Users/mysoft/Code/AI Coding/party-management-system/api-tests/node_modules/axios/lib/core/Axios.js:45:41)
    at processTicksAndRejections (node:internal/process/task_queues:105:5)
    at Object.loginAsAdmin (/Users/mysoft/Code/AI Coding/party-management-system/api-tests/setup.js:39:24)
    at Object.getAdminAuthHeaders (/Users/mysoft/Code/AI Coding/party-management-system/api-tests/setup.js:80:7)
    at Object.&lt;anonymous&gt; (/Users/mysoft/Code/AI Coding/party-management-system/api-tests/operation-logs.test.js:13:20)</failure>
    </testcase>
    <testcase classname="操作日志API测试 › 查询操作日志" name="分页查询操作日志" time="0">
      <failure>Error: thrown: &quot;Exceeded timeout of 30000 ms for a hook.
Add a timeout value to this test to increase the timeout, if this is a long-running test. See https://jestjs.io/docs/api#testname-fn-timeout.&quot;
    at Object.beforeAll (/Users/mysoft/Code/AI Coding/party-management-system/api-tests/setup.js:361:1)
    at Runtime._execModule (/Users/mysoft/Code/AI Coding/party-management-system/api-tests/node_modules/jest-runtime/build/index.js:1439:24)
    at Runtime._loadModule (/Users/mysoft/Code/AI Coding/party-management-system/api-tests/node_modules/jest-runtime/build/index.js:1022:12)
    at Runtime.requireModule (/Users/mysoft/Code/AI Coding/party-management-system/api-tests/node_modules/jest-runtime/build/index.js:882:12)
    at jestAdapter (/Users/mysoft/Code/AI Coding/party-management-system/api-tests/node_modules/jest-circus/build/legacy-code-todo-rewrite/jestAdapter.js:70:15)
    at runTestInternal (/Users/mysoft/Code/AI Coding/party-management-system/api-tests/node_modules/jest-runner/build/runTest.js:367:16)
    at runTest (/Users/mysoft/Code/AI Coding/party-management-system/api-tests/node_modules/jest-runner/build/runTest.js:444:34)</failure>
      <failure>AggregateError: 
    at AxiosError.Object.&lt;anonymous&gt;.AxiosError.from (/Users/mysoft/Code/AI Coding/party-management-system/api-tests/node_modules/axios/lib/core/AxiosError.js:92:14)
    at RedirectableRequest.handleRequestError (/Users/mysoft/Code/AI Coding/party-management-system/api-tests/node_modules/axios/lib/adapters/http.js:620:25)
    at RedirectableRequest.emit (node:events:519:35)
    at ClientRequest.eventHandlers.&lt;computed&gt; (/Users/mysoft/Code/AI Coding/party-management-system/api-tests/node_modules/follow-redirects/index.js:49:24)
    at ClientRequest.emit (node:events:507:28)
    at emitErrorEvent (node:_http_client:104:11)
    at Socket.socketErrorListener (node:_http_client:518:5)
    at Socket.emit (node:events:507:28)
    at emitErrorNT (node:internal/streams/destroy:170:8)
    at emitErrorCloseNT (node:internal/streams/destroy:129:3)
    at processTicksAndRejections (node:internal/process/task_queues:90:21)
    at Axios.request (/Users/mysoft/Code/AI Coding/party-management-system/api-tests/node_modules/axios/lib/core/Axios.js:45:41)
    at processTicksAndRejections (node:internal/process/task_queues:105:5)
    at Object.loginAsAdmin (/Users/mysoft/Code/AI Coding/party-management-system/api-tests/setup.js:39:24)
    at Object.getAdminAuthHeaders (/Users/mysoft/Code/AI Coding/party-management-system/api-tests/setup.js:80:7)
    at Object.&lt;anonymous&gt; (/Users/mysoft/Code/AI Coding/party-management-system/api-tests/operation-logs.test.js:13:20)</failure>
    </testcase>
    <testcase classname="操作日志API测试 › 查询操作日志" name="排序查询操作日志" time="0">
      <failure>Error: thrown: &quot;Exceeded timeout of 30000 ms for a hook.
Add a timeout value to this test to increase the timeout, if this is a long-running test. See https://jestjs.io/docs/api#testname-fn-timeout.&quot;
    at Object.beforeAll (/Users/mysoft/Code/AI Coding/party-management-system/api-tests/setup.js:361:1)
    at Runtime._execModule (/Users/mysoft/Code/AI Coding/party-management-system/api-tests/node_modules/jest-runtime/build/index.js:1439:24)
    at Runtime._loadModule (/Users/mysoft/Code/AI Coding/party-management-system/api-tests/node_modules/jest-runtime/build/index.js:1022:12)
    at Runtime.requireModule (/Users/mysoft/Code/AI Coding/party-management-system/api-tests/node_modules/jest-runtime/build/index.js:882:12)
    at jestAdapter (/Users/mysoft/Code/AI Coding/party-management-system/api-tests/node_modules/jest-circus/build/legacy-code-todo-rewrite/jestAdapter.js:70:15)
    at runTestInternal (/Users/mysoft/Code/AI Coding/party-management-system/api-tests/node_modules/jest-runner/build/runTest.js:367:16)
    at runTest (/Users/mysoft/Code/AI Coding/party-management-system/api-tests/node_modules/jest-runner/build/runTest.js:444:34)</failure>
      <failure>AggregateError: 
    at AxiosError.Object.&lt;anonymous&gt;.AxiosError.from (/Users/mysoft/Code/AI Coding/party-management-system/api-tests/node_modules/axios/lib/core/AxiosError.js:92:14)
    at RedirectableRequest.handleRequestError (/Users/mysoft/Code/AI Coding/party-management-system/api-tests/node_modules/axios/lib/adapters/http.js:620:25)
    at RedirectableRequest.emit (node:events:519:35)
    at ClientRequest.eventHandlers.&lt;computed&gt; (/Users/mysoft/Code/AI Coding/party-management-system/api-tests/node_modules/follow-redirects/index.js:49:24)
    at ClientRequest.emit (node:events:507:28)
    at emitErrorEvent (node:_http_client:104:11)
    at Socket.socketErrorListener (node:_http_client:518:5)
    at Socket.emit (node:events:507:28)
    at emitErrorNT (node:internal/streams/destroy:170:8)
    at emitErrorCloseNT (node:internal/streams/destroy:129:3)
    at processTicksAndRejections (node:internal/process/task_queues:90:21)
    at Axios.request (/Users/mysoft/Code/AI Coding/party-management-system/api-tests/node_modules/axios/lib/core/Axios.js:45:41)
    at processTicksAndRejections (node:internal/process/task_queues:105:5)
    at Object.loginAsAdmin (/Users/mysoft/Code/AI Coding/party-management-system/api-tests/setup.js:39:24)
    at Object.getAdminAuthHeaders (/Users/mysoft/Code/AI Coding/party-management-system/api-tests/setup.js:80:7)
    at Object.&lt;anonymous&gt; (/Users/mysoft/Code/AI Coding/party-management-system/api-tests/operation-logs.test.js:13:20)</failure>
    </testcase>
    <testcase classname="操作日志API测试 › 查询操作日志" name="获取单个操作日志详情" time="0">
      <failure>Error: thrown: &quot;Exceeded timeout of 30000 ms for a hook.
Add a timeout value to this test to increase the timeout, if this is a long-running test. See https://jestjs.io/docs/api#testname-fn-timeout.&quot;
    at Object.beforeAll (/Users/mysoft/Code/AI Coding/party-management-system/api-tests/setup.js:361:1)
    at Runtime._execModule (/Users/mysoft/Code/AI Coding/party-management-system/api-tests/node_modules/jest-runtime/build/index.js:1439:24)
    at Runtime._loadModule (/Users/mysoft/Code/AI Coding/party-management-system/api-tests/node_modules/jest-runtime/build/index.js:1022:12)
    at Runtime.requireModule (/Users/mysoft/Code/AI Coding/party-management-system/api-tests/node_modules/jest-runtime/build/index.js:882:12)
    at jestAdapter (/Users/mysoft/Code/AI Coding/party-management-system/api-tests/node_modules/jest-circus/build/legacy-code-todo-rewrite/jestAdapter.js:70:15)
    at runTestInternal (/Users/mysoft/Code/AI Coding/party-management-system/api-tests/node_modules/jest-runner/build/runTest.js:367:16)
    at runTest (/Users/mysoft/Code/AI Coding/party-management-system/api-tests/node_modules/jest-runner/build/runTest.js:444:34)</failure>
      <failure>AggregateError: 
    at AxiosError.Object.&lt;anonymous&gt;.AxiosError.from (/Users/mysoft/Code/AI Coding/party-management-system/api-tests/node_modules/axios/lib/core/AxiosError.js:92:14)
    at RedirectableRequest.handleRequestError (/Users/mysoft/Code/AI Coding/party-management-system/api-tests/node_modules/axios/lib/adapters/http.js:620:25)
    at RedirectableRequest.emit (node:events:519:35)
    at ClientRequest.eventHandlers.&lt;computed&gt; (/Users/mysoft/Code/AI Coding/party-management-system/api-tests/node_modules/follow-redirects/index.js:49:24)
    at ClientRequest.emit (node:events:507:28)
    at emitErrorEvent (node:_http_client:104:11)
    at Socket.socketErrorListener (node:_http_client:518:5)
    at Socket.emit (node:events:507:28)
    at emitErrorNT (node:internal/streams/destroy:170:8)
    at emitErrorCloseNT (node:internal/streams/destroy:129:3)
    at processTicksAndRejections (node:internal/process/task_queues:90:21)
    at Axios.request (/Users/mysoft/Code/AI Coding/party-management-system/api-tests/node_modules/axios/lib/core/Axios.js:45:41)
    at processTicksAndRejections (node:internal/process/task_queues:105:5)
    at Object.loginAsAdmin (/Users/mysoft/Code/AI Coding/party-management-system/api-tests/setup.js:39:24)
    at Object.getAdminAuthHeaders (/Users/mysoft/Code/AI Coding/party-management-system/api-tests/setup.js:80:7)
    at Object.&lt;anonymous&gt; (/Users/mysoft/Code/AI Coding/party-management-system/api-tests/operation-logs.test.js:13:20)</failure>
    </testcase>
    <testcase classname="操作日志API测试 › 查询操作日志" name="获取不存在的操作日志应失败" time="0">
      <failure>Error: thrown: &quot;Exceeded timeout of 30000 ms for a hook.
Add a timeout value to this test to increase the timeout, if this is a long-running test. See https://jestjs.io/docs/api#testname-fn-timeout.&quot;
    at Object.beforeAll (/Users/mysoft/Code/AI Coding/party-management-system/api-tests/setup.js:361:1)
    at Runtime._execModule (/Users/mysoft/Code/AI Coding/party-management-system/api-tests/node_modules/jest-runtime/build/index.js:1439:24)
    at Runtime._loadModule (/Users/mysoft/Code/AI Coding/party-management-system/api-tests/node_modules/jest-runtime/build/index.js:1022:12)
    at Runtime.requireModule (/Users/mysoft/Code/AI Coding/party-management-system/api-tests/node_modules/jest-runtime/build/index.js:882:12)
    at jestAdapter (/Users/mysoft/Code/AI Coding/party-management-system/api-tests/node_modules/jest-circus/build/legacy-code-todo-rewrite/jestAdapter.js:70:15)
    at runTestInternal (/Users/mysoft/Code/AI Coding/party-management-system/api-tests/node_modules/jest-runner/build/runTest.js:367:16)
    at runTest (/Users/mysoft/Code/AI Coding/party-management-system/api-tests/node_modules/jest-runner/build/runTest.js:444:34)</failure>
      <failure>AggregateError: 
    at AxiosError.Object.&lt;anonymous&gt;.AxiosError.from (/Users/mysoft/Code/AI Coding/party-management-system/api-tests/node_modules/axios/lib/core/AxiosError.js:92:14)
    at RedirectableRequest.handleRequestError (/Users/mysoft/Code/AI Coding/party-management-system/api-tests/node_modules/axios/lib/adapters/http.js:620:25)
    at RedirectableRequest.emit (node:events:519:35)
    at ClientRequest.eventHandlers.&lt;computed&gt; (/Users/mysoft/Code/AI Coding/party-management-system/api-tests/node_modules/follow-redirects/index.js:49:24)
    at ClientRequest.emit (node:events:507:28)
    at emitErrorEvent (node:_http_client:104:11)
    at Socket.socketErrorListener (node:_http_client:518:5)
    at Socket.emit (node:events:507:28)
    at emitErrorNT (node:internal/streams/destroy:170:8)
    at emitErrorCloseNT (node:internal/streams/destroy:129:3)
    at processTicksAndRejections (node:internal/process/task_queues:90:21)
    at Axios.request (/Users/mysoft/Code/AI Coding/party-management-system/api-tests/node_modules/axios/lib/core/Axios.js:45:41)
    at processTicksAndRejections (node:internal/process/task_queues:105:5)
    at Object.loginAsAdmin (/Users/mysoft/Code/AI Coding/party-management-system/api-tests/setup.js:39:24)
    at Object.getAdminAuthHeaders (/Users/mysoft/Code/AI Coding/party-management-system/api-tests/setup.js:80:7)
    at Object.&lt;anonymous&gt; (/Users/mysoft/Code/AI Coding/party-management-system/api-tests/operation-logs.test.js:13:20)</failure>
    </testcase>
    <testcase classname="操作日志API测试 › 查询操作日志" name="普通用户只能查看自己的操作日志" time="0.001">
      <failure>Error: thrown: &quot;Exceeded timeout of 30000 ms for a hook.
Add a timeout value to this test to increase the timeout, if this is a long-running test. See https://jestjs.io/docs/api#testname-fn-timeout.&quot;
    at Object.beforeAll (/Users/mysoft/Code/AI Coding/party-management-system/api-tests/setup.js:361:1)
    at Runtime._execModule (/Users/mysoft/Code/AI Coding/party-management-system/api-tests/node_modules/jest-runtime/build/index.js:1439:24)
    at Runtime._loadModule (/Users/mysoft/Code/AI Coding/party-management-system/api-tests/node_modules/jest-runtime/build/index.js:1022:12)
    at Runtime.requireModule (/Users/mysoft/Code/AI Coding/party-management-system/api-tests/node_modules/jest-runtime/build/index.js:882:12)
    at jestAdapter (/Users/mysoft/Code/AI Coding/party-management-system/api-tests/node_modules/jest-circus/build/legacy-code-todo-rewrite/jestAdapter.js:70:15)
    at runTestInternal (/Users/mysoft/Code/AI Coding/party-management-system/api-tests/node_modules/jest-runner/build/runTest.js:367:16)
    at runTest (/Users/mysoft/Code/AI Coding/party-management-system/api-tests/node_modules/jest-runner/build/runTest.js:444:34)</failure>
      <failure>AggregateError: 
    at AxiosError.Object.&lt;anonymous&gt;.AxiosError.from (/Users/mysoft/Code/AI Coding/party-management-system/api-tests/node_modules/axios/lib/core/AxiosError.js:92:14)
    at RedirectableRequest.handleRequestError (/Users/mysoft/Code/AI Coding/party-management-system/api-tests/node_modules/axios/lib/adapters/http.js:620:25)
    at RedirectableRequest.emit (node:events:519:35)
    at ClientRequest.eventHandlers.&lt;computed&gt; (/Users/mysoft/Code/AI Coding/party-management-system/api-tests/node_modules/follow-redirects/index.js:49:24)
    at ClientRequest.emit (node:events:507:28)
    at emitErrorEvent (node:_http_client:104:11)
    at Socket.socketErrorListener (node:_http_client:518:5)
    at Socket.emit (node:events:507:28)
    at emitErrorNT (node:internal/streams/destroy:170:8)
    at emitErrorCloseNT (node:internal/streams/destroy:129:3)
    at processTicksAndRejections (node:internal/process/task_queues:90:21)
    at Axios.request (/Users/mysoft/Code/AI Coding/party-management-system/api-tests/node_modules/axios/lib/core/Axios.js:45:41)
    at processTicksAndRejections (node:internal/process/task_queues:105:5)
    at Object.loginAsAdmin (/Users/mysoft/Code/AI Coding/party-management-system/api-tests/setup.js:39:24)
    at Object.getAdminAuthHeaders (/Users/mysoft/Code/AI Coding/party-management-system/api-tests/setup.js:80:7)
    at Object.&lt;anonymous&gt; (/Users/mysoft/Code/AI Coding/party-management-system/api-tests/operation-logs.test.js:13:20)</failure>
    </testcase>
    <testcase classname="操作日志API测试 › 操作日志统计" name="获取操作日志统计概览" time="0">
      <failure>Error: thrown: &quot;Exceeded timeout of 30000 ms for a hook.
Add a timeout value to this test to increase the timeout, if this is a long-running test. See https://jestjs.io/docs/api#testname-fn-timeout.&quot;
    at Object.beforeAll (/Users/mysoft/Code/AI Coding/party-management-system/api-tests/setup.js:361:1)
    at Runtime._execModule (/Users/mysoft/Code/AI Coding/party-management-system/api-tests/node_modules/jest-runtime/build/index.js:1439:24)
    at Runtime._loadModule (/Users/mysoft/Code/AI Coding/party-management-system/api-tests/node_modules/jest-runtime/build/index.js:1022:12)
    at Runtime.requireModule (/Users/mysoft/Code/AI Coding/party-management-system/api-tests/node_modules/jest-runtime/build/index.js:882:12)
    at jestAdapter (/Users/mysoft/Code/AI Coding/party-management-system/api-tests/node_modules/jest-circus/build/legacy-code-todo-rewrite/jestAdapter.js:70:15)
    at runTestInternal (/Users/mysoft/Code/AI Coding/party-management-system/api-tests/node_modules/jest-runner/build/runTest.js:367:16)
    at runTest (/Users/mysoft/Code/AI Coding/party-management-system/api-tests/node_modules/jest-runner/build/runTest.js:444:34)</failure>
      <failure>AggregateError: 
    at AxiosError.Object.&lt;anonymous&gt;.AxiosError.from (/Users/mysoft/Code/AI Coding/party-management-system/api-tests/node_modules/axios/lib/core/AxiosError.js:92:14)
    at RedirectableRequest.handleRequestError (/Users/mysoft/Code/AI Coding/party-management-system/api-tests/node_modules/axios/lib/adapters/http.js:620:25)
    at RedirectableRequest.emit (node:events:519:35)
    at ClientRequest.eventHandlers.&lt;computed&gt; (/Users/mysoft/Code/AI Coding/party-management-system/api-tests/node_modules/follow-redirects/index.js:49:24)
    at ClientRequest.emit (node:events:507:28)
    at emitErrorEvent (node:_http_client:104:11)
    at Socket.socketErrorListener (node:_http_client:518:5)
    at Socket.emit (node:events:507:28)
    at emitErrorNT (node:internal/streams/destroy:170:8)
    at emitErrorCloseNT (node:internal/streams/destroy:129:3)
    at processTicksAndRejections (node:internal/process/task_queues:90:21)
    at Axios.request (/Users/mysoft/Code/AI Coding/party-management-system/api-tests/node_modules/axios/lib/core/Axios.js:45:41)
    at processTicksAndRejections (node:internal/process/task_queues:105:5)
    at Object.loginAsAdmin (/Users/mysoft/Code/AI Coding/party-management-system/api-tests/setup.js:39:24)
    at Object.getAdminAuthHeaders (/Users/mysoft/Code/AI Coding/party-management-system/api-tests/setup.js:80:7)
    at Object.&lt;anonymous&gt; (/Users/mysoft/Code/AI Coding/party-management-system/api-tests/operation-logs.test.js:13:20)</failure>
    </testcase>
    <testcase classname="操作日志API测试 › 操作日志统计" name="获取操作类型统计" time="0">
      <failure>Error: thrown: &quot;Exceeded timeout of 30000 ms for a hook.
Add a timeout value to this test to increase the timeout, if this is a long-running test. See https://jestjs.io/docs/api#testname-fn-timeout.&quot;
    at Object.beforeAll (/Users/mysoft/Code/AI Coding/party-management-system/api-tests/setup.js:361:1)
    at Runtime._execModule (/Users/mysoft/Code/AI Coding/party-management-system/api-tests/node_modules/jest-runtime/build/index.js:1439:24)
    at Runtime._loadModule (/Users/mysoft/Code/AI Coding/party-management-system/api-tests/node_modules/jest-runtime/build/index.js:1022:12)
    at Runtime.requireModule (/Users/mysoft/Code/AI Coding/party-management-system/api-tests/node_modules/jest-runtime/build/index.js:882:12)
    at jestAdapter (/Users/mysoft/Code/AI Coding/party-management-system/api-tests/node_modules/jest-circus/build/legacy-code-todo-rewrite/jestAdapter.js:70:15)
    at runTestInternal (/Users/mysoft/Code/AI Coding/party-management-system/api-tests/node_modules/jest-runner/build/runTest.js:367:16)
    at runTest (/Users/mysoft/Code/AI Coding/party-management-system/api-tests/node_modules/jest-runner/build/runTest.js:444:34)</failure>
      <failure>AggregateError: 
    at AxiosError.Object.&lt;anonymous&gt;.AxiosError.from (/Users/mysoft/Code/AI Coding/party-management-system/api-tests/node_modules/axios/lib/core/AxiosError.js:92:14)
    at RedirectableRequest.handleRequestError (/Users/mysoft/Code/AI Coding/party-management-system/api-tests/node_modules/axios/lib/adapters/http.js:620:25)
    at RedirectableRequest.emit (node:events:519:35)
    at ClientRequest.eventHandlers.&lt;computed&gt; (/Users/mysoft/Code/AI Coding/party-management-system/api-tests/node_modules/follow-redirects/index.js:49:24)
    at ClientRequest.emit (node:events:507:28)
    at emitErrorEvent (node:_http_client:104:11)
    at Socket.socketErrorListener (node:_http_client:518:5)
    at Socket.emit (node:events:507:28)
    at emitErrorNT (node:internal/streams/destroy:170:8)
    at emitErrorCloseNT (node:internal/streams/destroy:129:3)
    at processTicksAndRejections (node:internal/process/task_queues:90:21)
    at Axios.request (/Users/mysoft/Code/AI Coding/party-management-system/api-tests/node_modules/axios/lib/core/Axios.js:45:41)
    at processTicksAndRejections (node:internal/process/task_queues:105:5)
    at Object.loginAsAdmin (/Users/mysoft/Code/AI Coding/party-management-system/api-tests/setup.js:39:24)
    at Object.getAdminAuthHeaders (/Users/mysoft/Code/AI Coding/party-management-system/api-tests/setup.js:80:7)
    at Object.&lt;anonymous&gt; (/Users/mysoft/Code/AI Coding/party-management-system/api-tests/operation-logs.test.js:13:20)</failure>
    </testcase>
    <testcase classname="操作日志API测试 › 操作日志统计" name="获取模块访问统计" time="0">
      <failure>Error: thrown: &quot;Exceeded timeout of 30000 ms for a hook.
Add a timeout value to this test to increase the timeout, if this is a long-running test. See https://jestjs.io/docs/api#testname-fn-timeout.&quot;
    at Object.beforeAll (/Users/mysoft/Code/AI Coding/party-management-system/api-tests/setup.js:361:1)
    at Runtime._execModule (/Users/mysoft/Code/AI Coding/party-management-system/api-tests/node_modules/jest-runtime/build/index.js:1439:24)
    at Runtime._loadModule (/Users/mysoft/Code/AI Coding/party-management-system/api-tests/node_modules/jest-runtime/build/index.js:1022:12)
    at Runtime.requireModule (/Users/mysoft/Code/AI Coding/party-management-system/api-tests/node_modules/jest-runtime/build/index.js:882:12)
    at jestAdapter (/Users/mysoft/Code/AI Coding/party-management-system/api-tests/node_modules/jest-circus/build/legacy-code-todo-rewrite/jestAdapter.js:70:15)
    at runTestInternal (/Users/mysoft/Code/AI Coding/party-management-system/api-tests/node_modules/jest-runner/build/runTest.js:367:16)
    at runTest (/Users/mysoft/Code/AI Coding/party-management-system/api-tests/node_modules/jest-runner/build/runTest.js:444:34)</failure>
      <failure>AggregateError: 
    at AxiosError.Object.&lt;anonymous&gt;.AxiosError.from (/Users/mysoft/Code/AI Coding/party-management-system/api-tests/node_modules/axios/lib/core/AxiosError.js:92:14)
    at RedirectableRequest.handleRequestError (/Users/mysoft/Code/AI Coding/party-management-system/api-tests/node_modules/axios/lib/adapters/http.js:620:25)
    at RedirectableRequest.emit (node:events:519:35)
    at ClientRequest.eventHandlers.&lt;computed&gt; (/Users/mysoft/Code/AI Coding/party-management-system/api-tests/node_modules/follow-redirects/index.js:49:24)
    at ClientRequest.emit (node:events:507:28)
    at emitErrorEvent (node:_http_client:104:11)
    at Socket.socketErrorListener (node:_http_client:518:5)
    at Socket.emit (node:events:507:28)
    at emitErrorNT (node:internal/streams/destroy:170:8)
    at emitErrorCloseNT (node:internal/streams/destroy:129:3)
    at processTicksAndRejections (node:internal/process/task_queues:90:21)
    at Axios.request (/Users/mysoft/Code/AI Coding/party-management-system/api-tests/node_modules/axios/lib/core/Axios.js:45:41)
    at processTicksAndRejections (node:internal/process/task_queues:105:5)
    at Object.loginAsAdmin (/Users/mysoft/Code/AI Coding/party-management-system/api-tests/setup.js:39:24)
    at Object.getAdminAuthHeaders (/Users/mysoft/Code/AI Coding/party-management-system/api-tests/setup.js:80:7)
    at Object.&lt;anonymous&gt; (/Users/mysoft/Code/AI Coding/party-management-system/api-tests/operation-logs.test.js:13:20)</failure>
    </testcase>
    <testcase classname="操作日志API测试 › 操作日志统计" name="获取用户活跃度统计" time="0">
      <failure>Error: thrown: &quot;Exceeded timeout of 30000 ms for a hook.
Add a timeout value to this test to increase the timeout, if this is a long-running test. See https://jestjs.io/docs/api#testname-fn-timeout.&quot;
    at Object.beforeAll (/Users/mysoft/Code/AI Coding/party-management-system/api-tests/setup.js:361:1)
    at Runtime._execModule (/Users/mysoft/Code/AI Coding/party-management-system/api-tests/node_modules/jest-runtime/build/index.js:1439:24)
    at Runtime._loadModule (/Users/mysoft/Code/AI Coding/party-management-system/api-tests/node_modules/jest-runtime/build/index.js:1022:12)
    at Runtime.requireModule (/Users/mysoft/Code/AI Coding/party-management-system/api-tests/node_modules/jest-runtime/build/index.js:882:12)
    at jestAdapter (/Users/mysoft/Code/AI Coding/party-management-system/api-tests/node_modules/jest-circus/build/legacy-code-todo-rewrite/jestAdapter.js:70:15)
    at runTestInternal (/Users/mysoft/Code/AI Coding/party-management-system/api-tests/node_modules/jest-runner/build/runTest.js:367:16)
    at runTest (/Users/mysoft/Code/AI Coding/party-management-system/api-tests/node_modules/jest-runner/build/runTest.js:444:34)</failure>
      <failure>AggregateError: 
    at AxiosError.Object.&lt;anonymous&gt;.AxiosError.from (/Users/mysoft/Code/AI Coding/party-management-system/api-tests/node_modules/axios/lib/core/AxiosError.js:92:14)
    at RedirectableRequest.handleRequestError (/Users/mysoft/Code/AI Coding/party-management-system/api-tests/node_modules/axios/lib/adapters/http.js:620:25)
    at RedirectableRequest.emit (node:events:519:35)
    at ClientRequest.eventHandlers.&lt;computed&gt; (/Users/mysoft/Code/AI Coding/party-management-system/api-tests/node_modules/follow-redirects/index.js:49:24)
    at ClientRequest.emit (node:events:507:28)
    at emitErrorEvent (node:_http_client:104:11)
    at Socket.socketErrorListener (node:_http_client:518:5)
    at Socket.emit (node:events:507:28)
    at emitErrorNT (node:internal/streams/destroy:170:8)
    at emitErrorCloseNT (node:internal/streams/destroy:129:3)
    at processTicksAndRejections (node:internal/process/task_queues:90:21)
    at Axios.request (/Users/mysoft/Code/AI Coding/party-management-system/api-tests/node_modules/axios/lib/core/Axios.js:45:41)
    at processTicksAndRejections (node:internal/process/task_queues:105:5)
    at Object.loginAsAdmin (/Users/mysoft/Code/AI Coding/party-management-system/api-tests/setup.js:39:24)
    at Object.getAdminAuthHeaders (/Users/mysoft/Code/AI Coding/party-management-system/api-tests/setup.js:80:7)
    at Object.&lt;anonymous&gt; (/Users/mysoft/Code/AI Coding/party-management-system/api-tests/operation-logs.test.js:13:20)</failure>
    </testcase>
    <testcase classname="操作日志API测试 › 操作日志统计" name="获取时间趋势统计" time="0.001">
      <failure>Error: thrown: &quot;Exceeded timeout of 30000 ms for a hook.
Add a timeout value to this test to increase the timeout, if this is a long-running test. See https://jestjs.io/docs/api#testname-fn-timeout.&quot;
    at Object.beforeAll (/Users/mysoft/Code/AI Coding/party-management-system/api-tests/setup.js:361:1)
    at Runtime._execModule (/Users/mysoft/Code/AI Coding/party-management-system/api-tests/node_modules/jest-runtime/build/index.js:1439:24)
    at Runtime._loadModule (/Users/mysoft/Code/AI Coding/party-management-system/api-tests/node_modules/jest-runtime/build/index.js:1022:12)
    at Runtime.requireModule (/Users/mysoft/Code/AI Coding/party-management-system/api-tests/node_modules/jest-runtime/build/index.js:882:12)
    at jestAdapter (/Users/mysoft/Code/AI Coding/party-management-system/api-tests/node_modules/jest-circus/build/legacy-code-todo-rewrite/jestAdapter.js:70:15)
    at runTestInternal (/Users/mysoft/Code/AI Coding/party-management-system/api-tests/node_modules/jest-runner/build/runTest.js:367:16)
    at runTest (/Users/mysoft/Code/AI Coding/party-management-system/api-tests/node_modules/jest-runner/build/runTest.js:444:34)</failure>
      <failure>AggregateError: 
    at AxiosError.Object.&lt;anonymous&gt;.AxiosError.from (/Users/mysoft/Code/AI Coding/party-management-system/api-tests/node_modules/axios/lib/core/AxiosError.js:92:14)
    at RedirectableRequest.handleRequestError (/Users/mysoft/Code/AI Coding/party-management-system/api-tests/node_modules/axios/lib/adapters/http.js:620:25)
    at RedirectableRequest.emit (node:events:519:35)
    at ClientRequest.eventHandlers.&lt;computed&gt; (/Users/mysoft/Code/AI Coding/party-management-system/api-tests/node_modules/follow-redirects/index.js:49:24)
    at ClientRequest.emit (node:events:507:28)
    at emitErrorEvent (node:_http_client:104:11)
    at Socket.socketErrorListener (node:_http_client:518:5)
    at Socket.emit (node:events:507:28)
    at emitErrorNT (node:internal/streams/destroy:170:8)
    at emitErrorCloseNT (node:internal/streams/destroy:129:3)
    at processTicksAndRejections (node:internal/process/task_queues:90:21)
    at Axios.request (/Users/mysoft/Code/AI Coding/party-management-system/api-tests/node_modules/axios/lib/core/Axios.js:45:41)
    at processTicksAndRejections (node:internal/process/task_queues:105:5)
    at Object.loginAsAdmin (/Users/mysoft/Code/AI Coding/party-management-system/api-tests/setup.js:39:24)
    at Object.getAdminAuthHeaders (/Users/mysoft/Code/AI Coding/party-management-system/api-tests/setup.js:80:7)
    at Object.&lt;anonymous&gt; (/Users/mysoft/Code/AI Coding/party-management-system/api-tests/operation-logs.test.js:13:20)</failure>
    </testcase>
    <testcase classname="操作日志API测试 › 操作日志统计" name="获取IP地址统计" time="0">
      <failure>Error: thrown: &quot;Exceeded timeout of 30000 ms for a hook.
Add a timeout value to this test to increase the timeout, if this is a long-running test. See https://jestjs.io/docs/api#testname-fn-timeout.&quot;
    at Object.beforeAll (/Users/mysoft/Code/AI Coding/party-management-system/api-tests/setup.js:361:1)
    at Runtime._execModule (/Users/mysoft/Code/AI Coding/party-management-system/api-tests/node_modules/jest-runtime/build/index.js:1439:24)
    at Runtime._loadModule (/Users/mysoft/Code/AI Coding/party-management-system/api-tests/node_modules/jest-runtime/build/index.js:1022:12)
    at Runtime.requireModule (/Users/mysoft/Code/AI Coding/party-management-system/api-tests/node_modules/jest-runtime/build/index.js:882:12)
    at jestAdapter (/Users/mysoft/Code/AI Coding/party-management-system/api-tests/node_modules/jest-circus/build/legacy-code-todo-rewrite/jestAdapter.js:70:15)
    at runTestInternal (/Users/mysoft/Code/AI Coding/party-management-system/api-tests/node_modules/jest-runner/build/runTest.js:367:16)
    at runTest (/Users/mysoft/Code/AI Coding/party-management-system/api-tests/node_modules/jest-runner/build/runTest.js:444:34)</failure>
      <failure>AggregateError: 
    at AxiosError.Object.&lt;anonymous&gt;.AxiosError.from (/Users/mysoft/Code/AI Coding/party-management-system/api-tests/node_modules/axios/lib/core/AxiosError.js:92:14)
    at RedirectableRequest.handleRequestError (/Users/mysoft/Code/AI Coding/party-management-system/api-tests/node_modules/axios/lib/adapters/http.js:620:25)
    at RedirectableRequest.emit (node:events:519:35)
    at ClientRequest.eventHandlers.&lt;computed&gt; (/Users/mysoft/Code/AI Coding/party-management-system/api-tests/node_modules/follow-redirects/index.js:49:24)
    at ClientRequest.emit (node:events:507:28)
    at emitErrorEvent (node:_http_client:104:11)
    at Socket.socketErrorListener (node:_http_client:518:5)
    at Socket.emit (node:events:507:28)
    at emitErrorNT (node:internal/streams/destroy:170:8)
    at emitErrorCloseNT (node:internal/streams/destroy:129:3)
    at processTicksAndRejections (node:internal/process/task_queues:90:21)
    at Axios.request (/Users/mysoft/Code/AI Coding/party-management-system/api-tests/node_modules/axios/lib/core/Axios.js:45:41)
    at processTicksAndRejections (node:internal/process/task_queues:105:5)
    at Object.loginAsAdmin (/Users/mysoft/Code/AI Coding/party-management-system/api-tests/setup.js:39:24)
    at Object.getAdminAuthHeaders (/Users/mysoft/Code/AI Coding/party-management-system/api-tests/setup.js:80:7)
    at Object.&lt;anonymous&gt; (/Users/mysoft/Code/AI Coding/party-management-system/api-tests/operation-logs.test.js:13:20)</failure>
    </testcase>
    <testcase classname="操作日志API测试 › 操作日志统计" name="按时间范围获取统计" time="0">
      <failure>Error: thrown: &quot;Exceeded timeout of 30000 ms for a hook.
Add a timeout value to this test to increase the timeout, if this is a long-running test. See https://jestjs.io/docs/api#testname-fn-timeout.&quot;
    at Object.beforeAll (/Users/mysoft/Code/AI Coding/party-management-system/api-tests/setup.js:361:1)
    at Runtime._execModule (/Users/mysoft/Code/AI Coding/party-management-system/api-tests/node_modules/jest-runtime/build/index.js:1439:24)
    at Runtime._loadModule (/Users/mysoft/Code/AI Coding/party-management-system/api-tests/node_modules/jest-runtime/build/index.js:1022:12)
    at Runtime.requireModule (/Users/mysoft/Code/AI Coding/party-management-system/api-tests/node_modules/jest-runtime/build/index.js:882:12)
    at jestAdapter (/Users/mysoft/Code/AI Coding/party-management-system/api-tests/node_modules/jest-circus/build/legacy-code-todo-rewrite/jestAdapter.js:70:15)
    at runTestInternal (/Users/mysoft/Code/AI Coding/party-management-system/api-tests/node_modules/jest-runner/build/runTest.js:367:16)
    at runTest (/Users/mysoft/Code/AI Coding/party-management-system/api-tests/node_modules/jest-runner/build/runTest.js:444:34)</failure>
      <failure>AggregateError: 
    at AxiosError.Object.&lt;anonymous&gt;.AxiosError.from (/Users/mysoft/Code/AI Coding/party-management-system/api-tests/node_modules/axios/lib/core/AxiosError.js:92:14)
    at RedirectableRequest.handleRequestError (/Users/mysoft/Code/AI Coding/party-management-system/api-tests/node_modules/axios/lib/adapters/http.js:620:25)
    at RedirectableRequest.emit (node:events:519:35)
    at ClientRequest.eventHandlers.&lt;computed&gt; (/Users/mysoft/Code/AI Coding/party-management-system/api-tests/node_modules/follow-redirects/index.js:49:24)
    at ClientRequest.emit (node:events:507:28)
    at emitErrorEvent (node:_http_client:104:11)
    at Socket.socketErrorListener (node:_http_client:518:5)
    at Socket.emit (node:events:507:28)
    at emitErrorNT (node:internal/streams/destroy:170:8)
    at emitErrorCloseNT (node:internal/streams/destroy:129:3)
    at processTicksAndRejections (node:internal/process/task_queues:90:21)
    at Axios.request (/Users/mysoft/Code/AI Coding/party-management-system/api-tests/node_modules/axios/lib/core/Axios.js:45:41)
    at processTicksAndRejections (node:internal/process/task_queues:105:5)
    at Object.loginAsAdmin (/Users/mysoft/Code/AI Coding/party-management-system/api-tests/setup.js:39:24)
    at Object.getAdminAuthHeaders (/Users/mysoft/Code/AI Coding/party-management-system/api-tests/setup.js:80:7)
    at Object.&lt;anonymous&gt; (/Users/mysoft/Code/AI Coding/party-management-system/api-tests/operation-logs.test.js:13:20)</failure>
    </testcase>
    <testcase classname="操作日志API测试 › 操作日志统计" name="普通用户获取统计应失败" time="0">
      <failure>Error: thrown: &quot;Exceeded timeout of 30000 ms for a hook.
Add a timeout value to this test to increase the timeout, if this is a long-running test. See https://jestjs.io/docs/api#testname-fn-timeout.&quot;
    at Object.beforeAll (/Users/mysoft/Code/AI Coding/party-management-system/api-tests/setup.js:361:1)
    at Runtime._execModule (/Users/mysoft/Code/AI Coding/party-management-system/api-tests/node_modules/jest-runtime/build/index.js:1439:24)
    at Runtime._loadModule (/Users/mysoft/Code/AI Coding/party-management-system/api-tests/node_modules/jest-runtime/build/index.js:1022:12)
    at Runtime.requireModule (/Users/mysoft/Code/AI Coding/party-management-system/api-tests/node_modules/jest-runtime/build/index.js:882:12)
    at jestAdapter (/Users/mysoft/Code/AI Coding/party-management-system/api-tests/node_modules/jest-circus/build/legacy-code-todo-rewrite/jestAdapter.js:70:15)
    at runTestInternal (/Users/mysoft/Code/AI Coding/party-management-system/api-tests/node_modules/jest-runner/build/runTest.js:367:16)
    at runTest (/Users/mysoft/Code/AI Coding/party-management-system/api-tests/node_modules/jest-runner/build/runTest.js:444:34)</failure>
      <failure>AggregateError: 
    at AxiosError.Object.&lt;anonymous&gt;.AxiosError.from (/Users/mysoft/Code/AI Coding/party-management-system/api-tests/node_modules/axios/lib/core/AxiosError.js:92:14)
    at RedirectableRequest.handleRequestError (/Users/mysoft/Code/AI Coding/party-management-system/api-tests/node_modules/axios/lib/adapters/http.js:620:25)
    at RedirectableRequest.emit (node:events:519:35)
    at ClientRequest.eventHandlers.&lt;computed&gt; (/Users/mysoft/Code/AI Coding/party-management-system/api-tests/node_modules/follow-redirects/index.js:49:24)
    at ClientRequest.emit (node:events:507:28)
    at emitErrorEvent (node:_http_client:104:11)
    at Socket.socketErrorListener (node:_http_client:518:5)
    at Socket.emit (node:events:507:28)
    at emitErrorNT (node:internal/streams/destroy:170:8)
    at emitErrorCloseNT (node:internal/streams/destroy:129:3)
    at processTicksAndRejections (node:internal/process/task_queues:90:21)
    at Axios.request (/Users/mysoft/Code/AI Coding/party-management-system/api-tests/node_modules/axios/lib/core/Axios.js:45:41)
    at processTicksAndRejections (node:internal/process/task_queues:105:5)
    at Object.loginAsAdmin (/Users/mysoft/Code/AI Coding/party-management-system/api-tests/setup.js:39:24)
    at Object.getAdminAuthHeaders (/Users/mysoft/Code/AI Coding/party-management-system/api-tests/setup.js:80:7)
    at Object.&lt;anonymous&gt; (/Users/mysoft/Code/AI Coding/party-management-system/api-tests/operation-logs.test.js:13:20)</failure>
    </testcase>
    <testcase classname="操作日志API测试 › 操作日志导出" name="导出操作日志" time="0">
      <failure>Error: thrown: &quot;Exceeded timeout of 30000 ms for a hook.
Add a timeout value to this test to increase the timeout, if this is a long-running test. See https://jestjs.io/docs/api#testname-fn-timeout.&quot;
    at Object.beforeAll (/Users/mysoft/Code/AI Coding/party-management-system/api-tests/setup.js:361:1)
    at Runtime._execModule (/Users/mysoft/Code/AI Coding/party-management-system/api-tests/node_modules/jest-runtime/build/index.js:1439:24)
    at Runtime._loadModule (/Users/mysoft/Code/AI Coding/party-management-system/api-tests/node_modules/jest-runtime/build/index.js:1022:12)
    at Runtime.requireModule (/Users/mysoft/Code/AI Coding/party-management-system/api-tests/node_modules/jest-runtime/build/index.js:882:12)
    at jestAdapter (/Users/mysoft/Code/AI Coding/party-management-system/api-tests/node_modules/jest-circus/build/legacy-code-todo-rewrite/jestAdapter.js:70:15)
    at runTestInternal (/Users/mysoft/Code/AI Coding/party-management-system/api-tests/node_modules/jest-runner/build/runTest.js:367:16)
    at runTest (/Users/mysoft/Code/AI Coding/party-management-system/api-tests/node_modules/jest-runner/build/runTest.js:444:34)</failure>
      <failure>AggregateError: 
    at AxiosError.Object.&lt;anonymous&gt;.AxiosError.from (/Users/mysoft/Code/AI Coding/party-management-system/api-tests/node_modules/axios/lib/core/AxiosError.js:92:14)
    at RedirectableRequest.handleRequestError (/Users/mysoft/Code/AI Coding/party-management-system/api-tests/node_modules/axios/lib/adapters/http.js:620:25)
    at RedirectableRequest.emit (node:events:519:35)
    at ClientRequest.eventHandlers.&lt;computed&gt; (/Users/mysoft/Code/AI Coding/party-management-system/api-tests/node_modules/follow-redirects/index.js:49:24)
    at ClientRequest.emit (node:events:507:28)
    at emitErrorEvent (node:_http_client:104:11)
    at Socket.socketErrorListener (node:_http_client:518:5)
    at Socket.emit (node:events:507:28)
    at emitErrorNT (node:internal/streams/destroy:170:8)
    at emitErrorCloseNT (node:internal/streams/destroy:129:3)
    at processTicksAndRejections (node:internal/process/task_queues:90:21)
    at Axios.request (/Users/mysoft/Code/AI Coding/party-management-system/api-tests/node_modules/axios/lib/core/Axios.js:45:41)
    at processTicksAndRejections (node:internal/process/task_queues:105:5)
    at Object.loginAsAdmin (/Users/mysoft/Code/AI Coding/party-management-system/api-tests/setup.js:39:24)
    at Object.getAdminAuthHeaders (/Users/mysoft/Code/AI Coding/party-management-system/api-tests/setup.js:80:7)
    at Object.&lt;anonymous&gt; (/Users/mysoft/Code/AI Coding/party-management-system/api-tests/operation-logs.test.js:13:20)</failure>
    </testcase>
    <testcase classname="操作日志API测试 › 操作日志导出" name="按条件导出操作日志" time="0">
      <failure>Error: thrown: &quot;Exceeded timeout of 30000 ms for a hook.
Add a timeout value to this test to increase the timeout, if this is a long-running test. See https://jestjs.io/docs/api#testname-fn-timeout.&quot;
    at Object.beforeAll (/Users/mysoft/Code/AI Coding/party-management-system/api-tests/setup.js:361:1)
    at Runtime._execModule (/Users/mysoft/Code/AI Coding/party-management-system/api-tests/node_modules/jest-runtime/build/index.js:1439:24)
    at Runtime._loadModule (/Users/mysoft/Code/AI Coding/party-management-system/api-tests/node_modules/jest-runtime/build/index.js:1022:12)
    at Runtime.requireModule (/Users/mysoft/Code/AI Coding/party-management-system/api-tests/node_modules/jest-runtime/build/index.js:882:12)
    at jestAdapter (/Users/mysoft/Code/AI Coding/party-management-system/api-tests/node_modules/jest-circus/build/legacy-code-todo-rewrite/jestAdapter.js:70:15)
    at runTestInternal (/Users/mysoft/Code/AI Coding/party-management-system/api-tests/node_modules/jest-runner/build/runTest.js:367:16)
    at runTest (/Users/mysoft/Code/AI Coding/party-management-system/api-tests/node_modules/jest-runner/build/runTest.js:444:34)</failure>
      <failure>AggregateError: 
    at AxiosError.Object.&lt;anonymous&gt;.AxiosError.from (/Users/mysoft/Code/AI Coding/party-management-system/api-tests/node_modules/axios/lib/core/AxiosError.js:92:14)
    at RedirectableRequest.handleRequestError (/Users/mysoft/Code/AI Coding/party-management-system/api-tests/node_modules/axios/lib/adapters/http.js:620:25)
    at RedirectableRequest.emit (node:events:519:35)
    at ClientRequest.eventHandlers.&lt;computed&gt; (/Users/mysoft/Code/AI Coding/party-management-system/api-tests/node_modules/follow-redirects/index.js:49:24)
    at ClientRequest.emit (node:events:507:28)
    at emitErrorEvent (node:_http_client:104:11)
    at Socket.socketErrorListener (node:_http_client:518:5)
    at Socket.emit (node:events:507:28)
    at emitErrorNT (node:internal/streams/destroy:170:8)
    at emitErrorCloseNT (node:internal/streams/destroy:129:3)
    at processTicksAndRejections (node:internal/process/task_queues:90:21)
    at Axios.request (/Users/mysoft/Code/AI Coding/party-management-system/api-tests/node_modules/axios/lib/core/Axios.js:45:41)
    at processTicksAndRejections (node:internal/process/task_queues:105:5)
    at Object.loginAsAdmin (/Users/mysoft/Code/AI Coding/party-management-system/api-tests/setup.js:39:24)
    at Object.getAdminAuthHeaders (/Users/mysoft/Code/AI Coding/party-management-system/api-tests/setup.js:80:7)
    at Object.&lt;anonymous&gt; (/Users/mysoft/Code/AI Coding/party-management-system/api-tests/operation-logs.test.js:13:20)</failure>
    </testcase>
    <testcase classname="操作日志API测试 › 操作日志导出" name="导出CSV格式" time="0">
      <failure>Error: thrown: &quot;Exceeded timeout of 30000 ms for a hook.
Add a timeout value to this test to increase the timeout, if this is a long-running test. See https://jestjs.io/docs/api#testname-fn-timeout.&quot;
    at Object.beforeAll (/Users/mysoft/Code/AI Coding/party-management-system/api-tests/setup.js:361:1)
    at Runtime._execModule (/Users/mysoft/Code/AI Coding/party-management-system/api-tests/node_modules/jest-runtime/build/index.js:1439:24)
    at Runtime._loadModule (/Users/mysoft/Code/AI Coding/party-management-system/api-tests/node_modules/jest-runtime/build/index.js:1022:12)
    at Runtime.requireModule (/Users/mysoft/Code/AI Coding/party-management-system/api-tests/node_modules/jest-runtime/build/index.js:882:12)
    at jestAdapter (/Users/mysoft/Code/AI Coding/party-management-system/api-tests/node_modules/jest-circus/build/legacy-code-todo-rewrite/jestAdapter.js:70:15)
    at runTestInternal (/Users/mysoft/Code/AI Coding/party-management-system/api-tests/node_modules/jest-runner/build/runTest.js:367:16)
    at runTest (/Users/mysoft/Code/AI Coding/party-management-system/api-tests/node_modules/jest-runner/build/runTest.js:444:34)</failure>
      <failure>AggregateError: 
    at AxiosError.Object.&lt;anonymous&gt;.AxiosError.from (/Users/mysoft/Code/AI Coding/party-management-system/api-tests/node_modules/axios/lib/core/AxiosError.js:92:14)
    at RedirectableRequest.handleRequestError (/Users/mysoft/Code/AI Coding/party-management-system/api-tests/node_modules/axios/lib/adapters/http.js:620:25)
    at RedirectableRequest.emit (node:events:519:35)
    at ClientRequest.eventHandlers.&lt;computed&gt; (/Users/mysoft/Code/AI Coding/party-management-system/api-tests/node_modules/follow-redirects/index.js:49:24)
    at ClientRequest.emit (node:events:507:28)
    at emitErrorEvent (node:_http_client:104:11)
    at Socket.socketErrorListener (node:_http_client:518:5)
    at Socket.emit (node:events:507:28)
    at emitErrorNT (node:internal/streams/destroy:170:8)
    at emitErrorCloseNT (node:internal/streams/destroy:129:3)
    at processTicksAndRejections (node:internal/process/task_queues:90:21)
    at Axios.request (/Users/mysoft/Code/AI Coding/party-management-system/api-tests/node_modules/axios/lib/core/Axios.js:45:41)
    at processTicksAndRejections (node:internal/process/task_queues:105:5)
    at Object.loginAsAdmin (/Users/mysoft/Code/AI Coding/party-management-system/api-tests/setup.js:39:24)
    at Object.getAdminAuthHeaders (/Users/mysoft/Code/AI Coding/party-management-system/api-tests/setup.js:80:7)
    at Object.&lt;anonymous&gt; (/Users/mysoft/Code/AI Coding/party-management-system/api-tests/operation-logs.test.js:13:20)</failure>
    </testcase>
    <testcase classname="操作日志API测试 › 操作日志导出" name="普通用户导出应失败" time="0">
      <failure>Error: thrown: &quot;Exceeded timeout of 30000 ms for a hook.
Add a timeout value to this test to increase the timeout, if this is a long-running test. See https://jestjs.io/docs/api#testname-fn-timeout.&quot;
    at Object.beforeAll (/Users/mysoft/Code/AI Coding/party-management-system/api-tests/setup.js:361:1)
    at Runtime._execModule (/Users/mysoft/Code/AI Coding/party-management-system/api-tests/node_modules/jest-runtime/build/index.js:1439:24)
    at Runtime._loadModule (/Users/mysoft/Code/AI Coding/party-management-system/api-tests/node_modules/jest-runtime/build/index.js:1022:12)
    at Runtime.requireModule (/Users/mysoft/Code/AI Coding/party-management-system/api-tests/node_modules/jest-runtime/build/index.js:882:12)
    at jestAdapter (/Users/mysoft/Code/AI Coding/party-management-system/api-tests/node_modules/jest-circus/build/legacy-code-todo-rewrite/jestAdapter.js:70:15)
    at runTestInternal (/Users/mysoft/Code/AI Coding/party-management-system/api-tests/node_modules/jest-runner/build/runTest.js:367:16)
    at runTest (/Users/mysoft/Code/AI Coding/party-management-system/api-tests/node_modules/jest-runner/build/runTest.js:444:34)</failure>
      <failure>AggregateError: 
    at AxiosError.Object.&lt;anonymous&gt;.AxiosError.from (/Users/mysoft/Code/AI Coding/party-management-system/api-tests/node_modules/axios/lib/core/AxiosError.js:92:14)
    at RedirectableRequest.handleRequestError (/Users/mysoft/Code/AI Coding/party-management-system/api-tests/node_modules/axios/lib/adapters/http.js:620:25)
    at RedirectableRequest.emit (node:events:519:35)
    at ClientRequest.eventHandlers.&lt;computed&gt; (/Users/mysoft/Code/AI Coding/party-management-system/api-tests/node_modules/follow-redirects/index.js:49:24)
    at ClientRequest.emit (node:events:507:28)
    at emitErrorEvent (node:_http_client:104:11)
    at Socket.socketErrorListener (node:_http_client:518:5)
    at Socket.emit (node:events:507:28)
    at emitErrorNT (node:internal/streams/destroy:170:8)
    at emitErrorCloseNT (node:internal/streams/destroy:129:3)
    at processTicksAndRejections (node:internal/process/task_queues:90:21)
    at Axios.request (/Users/mysoft/Code/AI Coding/party-management-system/api-tests/node_modules/axios/lib/core/Axios.js:45:41)
    at processTicksAndRejections (node:internal/process/task_queues:105:5)
    at Object.loginAsAdmin (/Users/mysoft/Code/AI Coding/party-management-system/api-tests/setup.js:39:24)
    at Object.getAdminAuthHeaders (/Users/mysoft/Code/AI Coding/party-management-system/api-tests/setup.js:80:7)
    at Object.&lt;anonymous&gt; (/Users/mysoft/Code/AI Coding/party-management-system/api-tests/operation-logs.test.js:13:20)</failure>
    </testcase>
    <testcase classname="操作日志API测试 › 操作日志清理" name="清理过期日志" time="0">
      <failure>Error: thrown: &quot;Exceeded timeout of 30000 ms for a hook.
Add a timeout value to this test to increase the timeout, if this is a long-running test. See https://jestjs.io/docs/api#testname-fn-timeout.&quot;
    at Object.beforeAll (/Users/mysoft/Code/AI Coding/party-management-system/api-tests/setup.js:361:1)
    at Runtime._execModule (/Users/mysoft/Code/AI Coding/party-management-system/api-tests/node_modules/jest-runtime/build/index.js:1439:24)
    at Runtime._loadModule (/Users/mysoft/Code/AI Coding/party-management-system/api-tests/node_modules/jest-runtime/build/index.js:1022:12)
    at Runtime.requireModule (/Users/mysoft/Code/AI Coding/party-management-system/api-tests/node_modules/jest-runtime/build/index.js:882:12)
    at jestAdapter (/Users/mysoft/Code/AI Coding/party-management-system/api-tests/node_modules/jest-circus/build/legacy-code-todo-rewrite/jestAdapter.js:70:15)
    at runTestInternal (/Users/mysoft/Code/AI Coding/party-management-system/api-tests/node_modules/jest-runner/build/runTest.js:367:16)
    at runTest (/Users/mysoft/Code/AI Coding/party-management-system/api-tests/node_modules/jest-runner/build/runTest.js:444:34)</failure>
      <failure>AggregateError: 
    at AxiosError.Object.&lt;anonymous&gt;.AxiosError.from (/Users/mysoft/Code/AI Coding/party-management-system/api-tests/node_modules/axios/lib/core/AxiosError.js:92:14)
    at RedirectableRequest.handleRequestError (/Users/mysoft/Code/AI Coding/party-management-system/api-tests/node_modules/axios/lib/adapters/http.js:620:25)
    at RedirectableRequest.emit (node:events:519:35)
    at ClientRequest.eventHandlers.&lt;computed&gt; (/Users/mysoft/Code/AI Coding/party-management-system/api-tests/node_modules/follow-redirects/index.js:49:24)
    at ClientRequest.emit (node:events:507:28)
    at emitErrorEvent (node:_http_client:104:11)
    at Socket.socketErrorListener (node:_http_client:518:5)
    at Socket.emit (node:events:507:28)
    at emitErrorNT (node:internal/streams/destroy:170:8)
    at emitErrorCloseNT (node:internal/streams/destroy:129:3)
    at processTicksAndRejections (node:internal/process/task_queues:90:21)
    at Axios.request (/Users/mysoft/Code/AI Coding/party-management-system/api-tests/node_modules/axios/lib/core/Axios.js:45:41)
    at processTicksAndRejections (node:internal/process/task_queues:105:5)
    at Object.loginAsAdmin (/Users/mysoft/Code/AI Coding/party-management-system/api-tests/setup.js:39:24)
    at Object.getAdminAuthHeaders (/Users/mysoft/Code/AI Coding/party-management-system/api-tests/setup.js:80:7)
    at Object.&lt;anonymous&gt; (/Users/mysoft/Code/AI Coding/party-management-system/api-tests/operation-logs.test.js:13:20)</failure>
    </testcase>
    <testcase classname="操作日志API测试 › 操作日志清理" name="按条件清理日志" time="0">
      <failure>Error: thrown: &quot;Exceeded timeout of 30000 ms for a hook.
Add a timeout value to this test to increase the timeout, if this is a long-running test. See https://jestjs.io/docs/api#testname-fn-timeout.&quot;
    at Object.beforeAll (/Users/mysoft/Code/AI Coding/party-management-system/api-tests/setup.js:361:1)
    at Runtime._execModule (/Users/mysoft/Code/AI Coding/party-management-system/api-tests/node_modules/jest-runtime/build/index.js:1439:24)
    at Runtime._loadModule (/Users/mysoft/Code/AI Coding/party-management-system/api-tests/node_modules/jest-runtime/build/index.js:1022:12)
    at Runtime.requireModule (/Users/mysoft/Code/AI Coding/party-management-system/api-tests/node_modules/jest-runtime/build/index.js:882:12)
    at jestAdapter (/Users/mysoft/Code/AI Coding/party-management-system/api-tests/node_modules/jest-circus/build/legacy-code-todo-rewrite/jestAdapter.js:70:15)
    at runTestInternal (/Users/mysoft/Code/AI Coding/party-management-system/api-tests/node_modules/jest-runner/build/runTest.js:367:16)
    at runTest (/Users/mysoft/Code/AI Coding/party-management-system/api-tests/node_modules/jest-runner/build/runTest.js:444:34)</failure>
      <failure>AggregateError: 
    at AxiosError.Object.&lt;anonymous&gt;.AxiosError.from (/Users/mysoft/Code/AI Coding/party-management-system/api-tests/node_modules/axios/lib/core/AxiosError.js:92:14)
    at RedirectableRequest.handleRequestError (/Users/mysoft/Code/AI Coding/party-management-system/api-tests/node_modules/axios/lib/adapters/http.js:620:25)
    at RedirectableRequest.emit (node:events:519:35)
    at ClientRequest.eventHandlers.&lt;computed&gt; (/Users/mysoft/Code/AI Coding/party-management-system/api-tests/node_modules/follow-redirects/index.js:49:24)
    at ClientRequest.emit (node:events:507:28)
    at emitErrorEvent (node:_http_client:104:11)
    at Socket.socketErrorListener (node:_http_client:518:5)
    at Socket.emit (node:events:507:28)
    at emitErrorNT (node:internal/streams/destroy:170:8)
    at emitErrorCloseNT (node:internal/streams/destroy:129:3)
    at processTicksAndRejections (node:internal/process/task_queues:90:21)
    at Axios.request (/Users/mysoft/Code/AI Coding/party-management-system/api-tests/node_modules/axios/lib/core/Axios.js:45:41)
    at processTicksAndRejections (node:internal/process/task_queues:105:5)
    at Object.loginAsAdmin (/Users/mysoft/Code/AI Coding/party-management-system/api-tests/setup.js:39:24)
    at Object.getAdminAuthHeaders (/Users/mysoft/Code/AI Coding/party-management-system/api-tests/setup.js:80:7)
    at Object.&lt;anonymous&gt; (/Users/mysoft/Code/AI Coding/party-management-system/api-tests/operation-logs.test.js:13:20)</failure>
    </testcase>
    <testcase classname="操作日志API测试 › 操作日志清理" name="普通用户清理日志应失败" time="0">
      <failure>Error: thrown: &quot;Exceeded timeout of 30000 ms for a hook.
Add a timeout value to this test to increase the timeout, if this is a long-running test. See https://jestjs.io/docs/api#testname-fn-timeout.&quot;
    at Object.beforeAll (/Users/mysoft/Code/AI Coding/party-management-system/api-tests/setup.js:361:1)
    at Runtime._execModule (/Users/mysoft/Code/AI Coding/party-management-system/api-tests/node_modules/jest-runtime/build/index.js:1439:24)
    at Runtime._loadModule (/Users/mysoft/Code/AI Coding/party-management-system/api-tests/node_modules/jest-runtime/build/index.js:1022:12)
    at Runtime.requireModule (/Users/mysoft/Code/AI Coding/party-management-system/api-tests/node_modules/jest-runtime/build/index.js:882:12)
    at jestAdapter (/Users/mysoft/Code/AI Coding/party-management-system/api-tests/node_modules/jest-circus/build/legacy-code-todo-rewrite/jestAdapter.js:70:15)
    at runTestInternal (/Users/mysoft/Code/AI Coding/party-management-system/api-tests/node_modules/jest-runner/build/runTest.js:367:16)
    at runTest (/Users/mysoft/Code/AI Coding/party-management-system/api-tests/node_modules/jest-runner/build/runTest.js:444:34)</failure>
      <failure>AggregateError: 
    at AxiosError.Object.&lt;anonymous&gt;.AxiosError.from (/Users/mysoft/Code/AI Coding/party-management-system/api-tests/node_modules/axios/lib/core/AxiosError.js:92:14)
    at RedirectableRequest.handleRequestError (/Users/mysoft/Code/AI Coding/party-management-system/api-tests/node_modules/axios/lib/adapters/http.js:620:25)
    at RedirectableRequest.emit (node:events:519:35)
    at ClientRequest.eventHandlers.&lt;computed&gt; (/Users/mysoft/Code/AI Coding/party-management-system/api-tests/node_modules/follow-redirects/index.js:49:24)
    at ClientRequest.emit (node:events:507:28)
    at emitErrorEvent (node:_http_client:104:11)
    at Socket.socketErrorListener (node:_http_client:518:5)
    at Socket.emit (node:events:507:28)
    at emitErrorNT (node:internal/streams/destroy:170:8)
    at emitErrorCloseNT (node:internal/streams/destroy:129:3)
    at processTicksAndRejections (node:internal/process/task_queues:90:21)
    at Axios.request (/Users/mysoft/Code/AI Coding/party-management-system/api-tests/node_modules/axios/lib/core/Axios.js:45:41)
    at processTicksAndRejections (node:internal/process/task_queues:105:5)
    at Object.loginAsAdmin (/Users/mysoft/Code/AI Coding/party-management-system/api-tests/setup.js:39:24)
    at Object.getAdminAuthHeaders (/Users/mysoft/Code/AI Coding/party-management-system/api-tests/setup.js:80:7)
    at Object.&lt;anonymous&gt; (/Users/mysoft/Code/AI Coding/party-management-system/api-tests/operation-logs.test.js:13:20)</failure>
    </testcase>
    <testcase classname="操作日志API测试 › 操作日志清理" name="无效保留天数应失败" time="0">
      <failure>Error: thrown: &quot;Exceeded timeout of 30000 ms for a hook.
Add a timeout value to this test to increase the timeout, if this is a long-running test. See https://jestjs.io/docs/api#testname-fn-timeout.&quot;
    at Object.beforeAll (/Users/mysoft/Code/AI Coding/party-management-system/api-tests/setup.js:361:1)
    at Runtime._execModule (/Users/mysoft/Code/AI Coding/party-management-system/api-tests/node_modules/jest-runtime/build/index.js:1439:24)
    at Runtime._loadModule (/Users/mysoft/Code/AI Coding/party-management-system/api-tests/node_modules/jest-runtime/build/index.js:1022:12)
    at Runtime.requireModule (/Users/mysoft/Code/AI Coding/party-management-system/api-tests/node_modules/jest-runtime/build/index.js:882:12)
    at jestAdapter (/Users/mysoft/Code/AI Coding/party-management-system/api-tests/node_modules/jest-circus/build/legacy-code-todo-rewrite/jestAdapter.js:70:15)
    at runTestInternal (/Users/mysoft/Code/AI Coding/party-management-system/api-tests/node_modules/jest-runner/build/runTest.js:367:16)
    at runTest (/Users/mysoft/Code/AI Coding/party-management-system/api-tests/node_modules/jest-runner/build/runTest.js:444:34)</failure>
      <failure>AggregateError: 
    at AxiosError.Object.&lt;anonymous&gt;.AxiosError.from (/Users/mysoft/Code/AI Coding/party-management-system/api-tests/node_modules/axios/lib/core/AxiosError.js:92:14)
    at RedirectableRequest.handleRequestError (/Users/mysoft/Code/AI Coding/party-management-system/api-tests/node_modules/axios/lib/adapters/http.js:620:25)
    at RedirectableRequest.emit (node:events:519:35)
    at ClientRequest.eventHandlers.&lt;computed&gt; (/Users/mysoft/Code/AI Coding/party-management-system/api-tests/node_modules/follow-redirects/index.js:49:24)
    at ClientRequest.emit (node:events:507:28)
    at emitErrorEvent (node:_http_client:104:11)
    at Socket.socketErrorListener (node:_http_client:518:5)
    at Socket.emit (node:events:507:28)
    at emitErrorNT (node:internal/streams/destroy:170:8)
    at emitErrorCloseNT (node:internal/streams/destroy:129:3)
    at processTicksAndRejections (node:internal/process/task_queues:90:21)
    at Axios.request (/Users/mysoft/Code/AI Coding/party-management-system/api-tests/node_modules/axios/lib/core/Axios.js:45:41)
    at processTicksAndRejections (node:internal/process/task_queues:105:5)
    at Object.loginAsAdmin (/Users/mysoft/Code/AI Coding/party-management-system/api-tests/setup.js:39:24)
    at Object.getAdminAuthHeaders (/Users/mysoft/Code/AI Coding/party-management-system/api-tests/setup.js:80:7)
    at Object.&lt;anonymous&gt; (/Users/mysoft/Code/AI Coding/party-management-system/api-tests/operation-logs.test.js:13:20)</failure>
    </testcase>
    <testcase classname="操作日志API测试 › 安全审计" name="检测异常登录" time="0">
      <failure>Error: thrown: &quot;Exceeded timeout of 30000 ms for a hook.
Add a timeout value to this test to increase the timeout, if this is a long-running test. See https://jestjs.io/docs/api#testname-fn-timeout.&quot;
    at Object.beforeAll (/Users/mysoft/Code/AI Coding/party-management-system/api-tests/setup.js:361:1)
    at Runtime._execModule (/Users/mysoft/Code/AI Coding/party-management-system/api-tests/node_modules/jest-runtime/build/index.js:1439:24)
    at Runtime._loadModule (/Users/mysoft/Code/AI Coding/party-management-system/api-tests/node_modules/jest-runtime/build/index.js:1022:12)
    at Runtime.requireModule (/Users/mysoft/Code/AI Coding/party-management-system/api-tests/node_modules/jest-runtime/build/index.js:882:12)
    at jestAdapter (/Users/mysoft/Code/AI Coding/party-management-system/api-tests/node_modules/jest-circus/build/legacy-code-todo-rewrite/jestAdapter.js:70:15)
    at runTestInternal (/Users/mysoft/Code/AI Coding/party-management-system/api-tests/node_modules/jest-runner/build/runTest.js:367:16)
    at runTest (/Users/mysoft/Code/AI Coding/party-management-system/api-tests/node_modules/jest-runner/build/runTest.js:444:34)</failure>
      <failure>AggregateError: 
    at AxiosError.Object.&lt;anonymous&gt;.AxiosError.from (/Users/mysoft/Code/AI Coding/party-management-system/api-tests/node_modules/axios/lib/core/AxiosError.js:92:14)
    at RedirectableRequest.handleRequestError (/Users/mysoft/Code/AI Coding/party-management-system/api-tests/node_modules/axios/lib/adapters/http.js:620:25)
    at RedirectableRequest.emit (node:events:519:35)
    at ClientRequest.eventHandlers.&lt;computed&gt; (/Users/mysoft/Code/AI Coding/party-management-system/api-tests/node_modules/follow-redirects/index.js:49:24)
    at ClientRequest.emit (node:events:507:28)
    at emitErrorEvent (node:_http_client:104:11)
    at Socket.socketErrorListener (node:_http_client:518:5)
    at Socket.emit (node:events:507:28)
    at emitErrorNT (node:internal/streams/destroy:170:8)
    at emitErrorCloseNT (node:internal/streams/destroy:129:3)
    at processTicksAndRejections (node:internal/process/task_queues:90:21)
    at Axios.request (/Users/mysoft/Code/AI Coding/party-management-system/api-tests/node_modules/axios/lib/core/Axios.js:45:41)
    at processTicksAndRejections (node:internal/process/task_queues:105:5)
    at Object.loginAsAdmin (/Users/mysoft/Code/AI Coding/party-management-system/api-tests/setup.js:39:24)
    at Object.getAdminAuthHeaders (/Users/mysoft/Code/AI Coding/party-management-system/api-tests/setup.js:80:7)
    at Object.&lt;anonymous&gt; (/Users/mysoft/Code/AI Coding/party-management-system/api-tests/operation-logs.test.js:13:20)</failure>
    </testcase>
    <testcase classname="操作日志API测试 › 安全审计" name="检测频繁操作" time="0.001">
      <failure>Error: thrown: &quot;Exceeded timeout of 30000 ms for a hook.
Add a timeout value to this test to increase the timeout, if this is a long-running test. See https://jestjs.io/docs/api#testname-fn-timeout.&quot;
    at Object.beforeAll (/Users/mysoft/Code/AI Coding/party-management-system/api-tests/setup.js:361:1)
    at Runtime._execModule (/Users/mysoft/Code/AI Coding/party-management-system/api-tests/node_modules/jest-runtime/build/index.js:1439:24)
    at Runtime._loadModule (/Users/mysoft/Code/AI Coding/party-management-system/api-tests/node_modules/jest-runtime/build/index.js:1022:12)
    at Runtime.requireModule (/Users/mysoft/Code/AI Coding/party-management-system/api-tests/node_modules/jest-runtime/build/index.js:882:12)
    at jestAdapter (/Users/mysoft/Code/AI Coding/party-management-system/api-tests/node_modules/jest-circus/build/legacy-code-todo-rewrite/jestAdapter.js:70:15)
    at runTestInternal (/Users/mysoft/Code/AI Coding/party-management-system/api-tests/node_modules/jest-runner/build/runTest.js:367:16)
    at runTest (/Users/mysoft/Code/AI Coding/party-management-system/api-tests/node_modules/jest-runner/build/runTest.js:444:34)</failure>
      <failure>AggregateError: 
    at AxiosError.Object.&lt;anonymous&gt;.AxiosError.from (/Users/mysoft/Code/AI Coding/party-management-system/api-tests/node_modules/axios/lib/core/AxiosError.js:92:14)
    at RedirectableRequest.handleRequestError (/Users/mysoft/Code/AI Coding/party-management-system/api-tests/node_modules/axios/lib/adapters/http.js:620:25)
    at RedirectableRequest.emit (node:events:519:35)
    at ClientRequest.eventHandlers.&lt;computed&gt; (/Users/mysoft/Code/AI Coding/party-management-system/api-tests/node_modules/follow-redirects/index.js:49:24)
    at ClientRequest.emit (node:events:507:28)
    at emitErrorEvent (node:_http_client:104:11)
    at Socket.socketErrorListener (node:_http_client:518:5)
    at Socket.emit (node:events:507:28)
    at emitErrorNT (node:internal/streams/destroy:170:8)
    at emitErrorCloseNT (node:internal/streams/destroy:129:3)
    at processTicksAndRejections (node:internal/process/task_queues:90:21)
    at Axios.request (/Users/mysoft/Code/AI Coding/party-management-system/api-tests/node_modules/axios/lib/core/Axios.js:45:41)
    at processTicksAndRejections (node:internal/process/task_queues:105:5)
    at Object.loginAsAdmin (/Users/mysoft/Code/AI Coding/party-management-system/api-tests/setup.js:39:24)
    at Object.getAdminAuthHeaders (/Users/mysoft/Code/AI Coding/party-management-system/api-tests/setup.js:80:7)
    at Object.&lt;anonymous&gt; (/Users/mysoft/Code/AI Coding/party-management-system/api-tests/operation-logs.test.js:13:20)</failure>
    </testcase>
    <testcase classname="操作日志API测试 › 安全审计" name="检测权限异常" time="0">
      <failure>Error: thrown: &quot;Exceeded timeout of 30000 ms for a hook.
Add a timeout value to this test to increase the timeout, if this is a long-running test. See https://jestjs.io/docs/api#testname-fn-timeout.&quot;
    at Object.beforeAll (/Users/mysoft/Code/AI Coding/party-management-system/api-tests/setup.js:361:1)
    at Runtime._execModule (/Users/mysoft/Code/AI Coding/party-management-system/api-tests/node_modules/jest-runtime/build/index.js:1439:24)
    at Runtime._loadModule (/Users/mysoft/Code/AI Coding/party-management-system/api-tests/node_modules/jest-runtime/build/index.js:1022:12)
    at Runtime.requireModule (/Users/mysoft/Code/AI Coding/party-management-system/api-tests/node_modules/jest-runtime/build/index.js:882:12)
    at jestAdapter (/Users/mysoft/Code/AI Coding/party-management-system/api-tests/node_modules/jest-circus/build/legacy-code-todo-rewrite/jestAdapter.js:70:15)
    at runTestInternal (/Users/mysoft/Code/AI Coding/party-management-system/api-tests/node_modules/jest-runner/build/runTest.js:367:16)
    at runTest (/Users/mysoft/Code/AI Coding/party-management-system/api-tests/node_modules/jest-runner/build/runTest.js:444:34)</failure>
      <failure>AggregateError: 
    at AxiosError.Object.&lt;anonymous&gt;.AxiosError.from (/Users/mysoft/Code/AI Coding/party-management-system/api-tests/node_modules/axios/lib/core/AxiosError.js:92:14)
    at RedirectableRequest.handleRequestError (/Users/mysoft/Code/AI Coding/party-management-system/api-tests/node_modules/axios/lib/adapters/http.js:620:25)
    at RedirectableRequest.emit (node:events:519:35)
    at ClientRequest.eventHandlers.&lt;computed&gt; (/Users/mysoft/Code/AI Coding/party-management-system/api-tests/node_modules/follow-redirects/index.js:49:24)
    at ClientRequest.emit (node:events:507:28)
    at emitErrorEvent (node:_http_client:104:11)
    at Socket.socketErrorListener (node:_http_client:518:5)
    at Socket.emit (node:events:507:28)
    at emitErrorNT (node:internal/streams/destroy:170:8)
    at emitErrorCloseNT (node:internal/streams/destroy:129:3)
    at processTicksAndRejections (node:internal/process/task_queues:90:21)
    at Axios.request (/Users/mysoft/Code/AI Coding/party-management-system/api-tests/node_modules/axios/lib/core/Axios.js:45:41)
    at processTicksAndRejections (node:internal/process/task_queues:105:5)
    at Object.loginAsAdmin (/Users/mysoft/Code/AI Coding/party-management-system/api-tests/setup.js:39:24)
    at Object.getAdminAuthHeaders (/Users/mysoft/Code/AI Coding/party-management-system/api-tests/setup.js:80:7)
    at Object.&lt;anonymous&gt; (/Users/mysoft/Code/AI Coding/party-management-system/api-tests/operation-logs.test.js:13:20)</failure>
    </testcase>
    <testcase classname="操作日志API测试 › 安全审计" name="获取安全报告" time="0">
      <failure>Error: thrown: &quot;Exceeded timeout of 30000 ms for a hook.
Add a timeout value to this test to increase the timeout, if this is a long-running test. See https://jestjs.io/docs/api#testname-fn-timeout.&quot;
    at Object.beforeAll (/Users/mysoft/Code/AI Coding/party-management-system/api-tests/setup.js:361:1)
    at Runtime._execModule (/Users/mysoft/Code/AI Coding/party-management-system/api-tests/node_modules/jest-runtime/build/index.js:1439:24)
    at Runtime._loadModule (/Users/mysoft/Code/AI Coding/party-management-system/api-tests/node_modules/jest-runtime/build/index.js:1022:12)
    at Runtime.requireModule (/Users/mysoft/Code/AI Coding/party-management-system/api-tests/node_modules/jest-runtime/build/index.js:882:12)
    at jestAdapter (/Users/mysoft/Code/AI Coding/party-management-system/api-tests/node_modules/jest-circus/build/legacy-code-todo-rewrite/jestAdapter.js:70:15)
    at runTestInternal (/Users/mysoft/Code/AI Coding/party-management-system/api-tests/node_modules/jest-runner/build/runTest.js:367:16)
    at runTest (/Users/mysoft/Code/AI Coding/party-management-system/api-tests/node_modules/jest-runner/build/runTest.js:444:34)</failure>
      <failure>AggregateError: 
    at AxiosError.Object.&lt;anonymous&gt;.AxiosError.from (/Users/mysoft/Code/AI Coding/party-management-system/api-tests/node_modules/axios/lib/core/AxiosError.js:92:14)
    at RedirectableRequest.handleRequestError (/Users/mysoft/Code/AI Coding/party-management-system/api-tests/node_modules/axios/lib/adapters/http.js:620:25)
    at RedirectableRequest.emit (node:events:519:35)
    at ClientRequest.eventHandlers.&lt;computed&gt; (/Users/mysoft/Code/AI Coding/party-management-system/api-tests/node_modules/follow-redirects/index.js:49:24)
    at ClientRequest.emit (node:events:507:28)
    at emitErrorEvent (node:_http_client:104:11)
    at Socket.socketErrorListener (node:_http_client:518:5)
    at Socket.emit (node:events:507:28)
    at emitErrorNT (node:internal/streams/destroy:170:8)
    at emitErrorCloseNT (node:internal/streams/destroy:129:3)
    at processTicksAndRejections (node:internal/process/task_queues:90:21)
    at Axios.request (/Users/mysoft/Code/AI Coding/party-management-system/api-tests/node_modules/axios/lib/core/Axios.js:45:41)
    at processTicksAndRejections (node:internal/process/task_queues:105:5)
    at Object.loginAsAdmin (/Users/mysoft/Code/AI Coding/party-management-system/api-tests/setup.js:39:24)
    at Object.getAdminAuthHeaders (/Users/mysoft/Code/AI Coding/party-management-system/api-tests/setup.js:80:7)
    at Object.&lt;anonymous&gt; (/Users/mysoft/Code/AI Coding/party-management-system/api-tests/operation-logs.test.js:13:20)</failure>
    </testcase>
    <testcase classname="操作日志API测试 › 安全审计" name="普通用户访问安全审计应失败" time="0">
      <failure>Error: thrown: &quot;Exceeded timeout of 30000 ms for a hook.
Add a timeout value to this test to increase the timeout, if this is a long-running test. See https://jestjs.io/docs/api#testname-fn-timeout.&quot;
    at Object.beforeAll (/Users/mysoft/Code/AI Coding/party-management-system/api-tests/setup.js:361:1)
    at Runtime._execModule (/Users/mysoft/Code/AI Coding/party-management-system/api-tests/node_modules/jest-runtime/build/index.js:1439:24)
    at Runtime._loadModule (/Users/mysoft/Code/AI Coding/party-management-system/api-tests/node_modules/jest-runtime/build/index.js:1022:12)
    at Runtime.requireModule (/Users/mysoft/Code/AI Coding/party-management-system/api-tests/node_modules/jest-runtime/build/index.js:882:12)
    at jestAdapter (/Users/mysoft/Code/AI Coding/party-management-system/api-tests/node_modules/jest-circus/build/legacy-code-todo-rewrite/jestAdapter.js:70:15)
    at runTestInternal (/Users/mysoft/Code/AI Coding/party-management-system/api-tests/node_modules/jest-runner/build/runTest.js:367:16)
    at runTest (/Users/mysoft/Code/AI Coding/party-management-system/api-tests/node_modules/jest-runner/build/runTest.js:444:34)</failure>
      <failure>AggregateError: 
    at AxiosError.Object.&lt;anonymous&gt;.AxiosError.from (/Users/mysoft/Code/AI Coding/party-management-system/api-tests/node_modules/axios/lib/core/AxiosError.js:92:14)
    at RedirectableRequest.handleRequestError (/Users/mysoft/Code/AI Coding/party-management-system/api-tests/node_modules/axios/lib/adapters/http.js:620:25)
    at RedirectableRequest.emit (node:events:519:35)
    at ClientRequest.eventHandlers.&lt;computed&gt; (/Users/mysoft/Code/AI Coding/party-management-system/api-tests/node_modules/follow-redirects/index.js:49:24)
    at ClientRequest.emit (node:events:507:28)
    at emitErrorEvent (node:_http_client:104:11)
    at Socket.socketErrorListener (node:_http_client:518:5)
    at Socket.emit (node:events:507:28)
    at emitErrorNT (node:internal/streams/destroy:170:8)
    at emitErrorCloseNT (node:internal/streams/destroy:129:3)
    at processTicksAndRejections (node:internal/process/task_queues:90:21)
    at Axios.request (/Users/mysoft/Code/AI Coding/party-management-system/api-tests/node_modules/axios/lib/core/Axios.js:45:41)
    at processTicksAndRejections (node:internal/process/task_queues:105:5)
    at Object.loginAsAdmin (/Users/mysoft/Code/AI Coding/party-management-system/api-tests/setup.js:39:24)
    at Object.getAdminAuthHeaders (/Users/mysoft/Code/AI Coding/party-management-system/api-tests/setup.js:80:7)
    at Object.&lt;anonymous&gt; (/Users/mysoft/Code/AI Coding/party-management-system/api-tests/operation-logs.test.js:13:20)</failure>
    </testcase>
    <testcase classname="操作日志API测试 › 性能测试" name="大数据量日志查询性能" time="0">
      <failure>Error: thrown: &quot;Exceeded timeout of 30000 ms for a hook.
Add a timeout value to this test to increase the timeout, if this is a long-running test. See https://jestjs.io/docs/api#testname-fn-timeout.&quot;
    at Object.beforeAll (/Users/mysoft/Code/AI Coding/party-management-system/api-tests/setup.js:361:1)
    at Runtime._execModule (/Users/mysoft/Code/AI Coding/party-management-system/api-tests/node_modules/jest-runtime/build/index.js:1439:24)
    at Runtime._loadModule (/Users/mysoft/Code/AI Coding/party-management-system/api-tests/node_modules/jest-runtime/build/index.js:1022:12)
    at Runtime.requireModule (/Users/mysoft/Code/AI Coding/party-management-system/api-tests/node_modules/jest-runtime/build/index.js:882:12)
    at jestAdapter (/Users/mysoft/Code/AI Coding/party-management-system/api-tests/node_modules/jest-circus/build/legacy-code-todo-rewrite/jestAdapter.js:70:15)
    at runTestInternal (/Users/mysoft/Code/AI Coding/party-management-system/api-tests/node_modules/jest-runner/build/runTest.js:367:16)
    at runTest (/Users/mysoft/Code/AI Coding/party-management-system/api-tests/node_modules/jest-runner/build/runTest.js:444:34)</failure>
      <failure>AggregateError: 
    at AxiosError.Object.&lt;anonymous&gt;.AxiosError.from (/Users/mysoft/Code/AI Coding/party-management-system/api-tests/node_modules/axios/lib/core/AxiosError.js:92:14)
    at RedirectableRequest.handleRequestError (/Users/mysoft/Code/AI Coding/party-management-system/api-tests/node_modules/axios/lib/adapters/http.js:620:25)
    at RedirectableRequest.emit (node:events:519:35)
    at ClientRequest.eventHandlers.&lt;computed&gt; (/Users/mysoft/Code/AI Coding/party-management-system/api-tests/node_modules/follow-redirects/index.js:49:24)
    at ClientRequest.emit (node:events:507:28)
    at emitErrorEvent (node:_http_client:104:11)
    at Socket.socketErrorListener (node:_http_client:518:5)
    at Socket.emit (node:events:507:28)
    at emitErrorNT (node:internal/streams/destroy:170:8)
    at emitErrorCloseNT (node:internal/streams/destroy:129:3)
    at processTicksAndRejections (node:internal/process/task_queues:90:21)
    at Axios.request (/Users/mysoft/Code/AI Coding/party-management-system/api-tests/node_modules/axios/lib/core/Axios.js:45:41)
    at processTicksAndRejections (node:internal/process/task_queues:105:5)
    at Object.loginAsAdmin (/Users/mysoft/Code/AI Coding/party-management-system/api-tests/setup.js:39:24)
    at Object.getAdminAuthHeaders (/Users/mysoft/Code/AI Coding/party-management-system/api-tests/setup.js:80:7)
    at Object.&lt;anonymous&gt; (/Users/mysoft/Code/AI Coding/party-management-system/api-tests/operation-logs.test.js:13:20)</failure>
    </testcase>
    <testcase classname="操作日志API测试 › 性能测试" name="复杂条件查询性能" time="0">
      <failure>Error: thrown: &quot;Exceeded timeout of 30000 ms for a hook.
Add a timeout value to this test to increase the timeout, if this is a long-running test. See https://jestjs.io/docs/api#testname-fn-timeout.&quot;
    at Object.beforeAll (/Users/mysoft/Code/AI Coding/party-management-system/api-tests/setup.js:361:1)
    at Runtime._execModule (/Users/mysoft/Code/AI Coding/party-management-system/api-tests/node_modules/jest-runtime/build/index.js:1439:24)
    at Runtime._loadModule (/Users/mysoft/Code/AI Coding/party-management-system/api-tests/node_modules/jest-runtime/build/index.js:1022:12)
    at Runtime.requireModule (/Users/mysoft/Code/AI Coding/party-management-system/api-tests/node_modules/jest-runtime/build/index.js:882:12)
    at jestAdapter (/Users/mysoft/Code/AI Coding/party-management-system/api-tests/node_modules/jest-circus/build/legacy-code-todo-rewrite/jestAdapter.js:70:15)
    at runTestInternal (/Users/mysoft/Code/AI Coding/party-management-system/api-tests/node_modules/jest-runner/build/runTest.js:367:16)
    at runTest (/Users/mysoft/Code/AI Coding/party-management-system/api-tests/node_modules/jest-runner/build/runTest.js:444:34)</failure>
      <failure>AggregateError: 
    at AxiosError.Object.&lt;anonymous&gt;.AxiosError.from (/Users/mysoft/Code/AI Coding/party-management-system/api-tests/node_modules/axios/lib/core/AxiosError.js:92:14)
    at RedirectableRequest.handleRequestError (/Users/mysoft/Code/AI Coding/party-management-system/api-tests/node_modules/axios/lib/adapters/http.js:620:25)
    at RedirectableRequest.emit (node:events:519:35)
    at ClientRequest.eventHandlers.&lt;computed&gt; (/Users/mysoft/Code/AI Coding/party-management-system/api-tests/node_modules/follow-redirects/index.js:49:24)
    at ClientRequest.emit (node:events:507:28)
    at emitErrorEvent (node:_http_client:104:11)
    at Socket.socketErrorListener (node:_http_client:518:5)
    at Socket.emit (node:events:507:28)
    at emitErrorNT (node:internal/streams/destroy:170:8)
    at emitErrorCloseNT (node:internal/streams/destroy:129:3)
    at processTicksAndRejections (node:internal/process/task_queues:90:21)
    at Axios.request (/Users/mysoft/Code/AI Coding/party-management-system/api-tests/node_modules/axios/lib/core/Axios.js:45:41)
    at processTicksAndRejections (node:internal/process/task_queues:105:5)
    at Object.loginAsAdmin (/Users/mysoft/Code/AI Coding/party-management-system/api-tests/setup.js:39:24)
    at Object.getAdminAuthHeaders (/Users/mysoft/Code/AI Coding/party-management-system/api-tests/setup.js:80:7)
    at Object.&lt;anonymous&gt; (/Users/mysoft/Code/AI Coding/party-management-system/api-tests/operation-logs.test.js:13:20)</failure>
    </testcase>
    <testcase classname="操作日志API测试 › 性能测试" name="统计查询性能" time="0">
      <failure>Error: thrown: &quot;Exceeded timeout of 30000 ms for a hook.
Add a timeout value to this test to increase the timeout, if this is a long-running test. See https://jestjs.io/docs/api#testname-fn-timeout.&quot;
    at Object.beforeAll (/Users/mysoft/Code/AI Coding/party-management-system/api-tests/setup.js:361:1)
    at Runtime._execModule (/Users/mysoft/Code/AI Coding/party-management-system/api-tests/node_modules/jest-runtime/build/index.js:1439:24)
    at Runtime._loadModule (/Users/mysoft/Code/AI Coding/party-management-system/api-tests/node_modules/jest-runtime/build/index.js:1022:12)
    at Runtime.requireModule (/Users/mysoft/Code/AI Coding/party-management-system/api-tests/node_modules/jest-runtime/build/index.js:882:12)
    at jestAdapter (/Users/mysoft/Code/AI Coding/party-management-system/api-tests/node_modules/jest-circus/build/legacy-code-todo-rewrite/jestAdapter.js:70:15)
    at runTestInternal (/Users/mysoft/Code/AI Coding/party-management-system/api-tests/node_modules/jest-runner/build/runTest.js:367:16)
    at runTest (/Users/mysoft/Code/AI Coding/party-management-system/api-tests/node_modules/jest-runner/build/runTest.js:444:34)</failure>
      <failure>AggregateError: 
    at AxiosError.Object.&lt;anonymous&gt;.AxiosError.from (/Users/mysoft/Code/AI Coding/party-management-system/api-tests/node_modules/axios/lib/core/AxiosError.js:92:14)
    at RedirectableRequest.handleRequestError (/Users/mysoft/Code/AI Coding/party-management-system/api-tests/node_modules/axios/lib/adapters/http.js:620:25)
    at RedirectableRequest.emit (node:events:519:35)
    at ClientRequest.eventHandlers.&lt;computed&gt; (/Users/mysoft/Code/AI Coding/party-management-system/api-tests/node_modules/follow-redirects/index.js:49:24)
    at ClientRequest.emit (node:events:507:28)
    at emitErrorEvent (node:_http_client:104:11)
    at Socket.socketErrorListener (node:_http_client:518:5)
    at Socket.emit (node:events:507:28)
    at emitErrorNT (node:internal/streams/destroy:170:8)
    at emitErrorCloseNT (node:internal/streams/destroy:129:3)
    at processTicksAndRejections (node:internal/process/task_queues:90:21)
    at Axios.request (/Users/mysoft/Code/AI Coding/party-management-system/api-tests/node_modules/axios/lib/core/Axios.js:45:41)
    at processTicksAndRejections (node:internal/process/task_queues:105:5)
    at Object.loginAsAdmin (/Users/mysoft/Code/AI Coding/party-management-system/api-tests/setup.js:39:24)
    at Object.getAdminAuthHeaders (/Users/mysoft/Code/AI Coding/party-management-system/api-tests/setup.js:80:7)
    at Object.&lt;anonymous&gt; (/Users/mysoft/Code/AI Coding/party-management-system/api-tests/operation-logs.test.js:13:20)</failure>
    </testcase>
  </testsuite>
  <testsuite name="系统配置管理API测试" errors="0" failures="38" skipped="0" timestamp="2025-08-25T10:39:40" time="30.212" tests="38">
    <testcase classname="系统配置管理API测试 › 创建系统配置" name="管理员创建系统配置" time="0">
      <failure>Error: thrown: &quot;Exceeded timeout of 30000 ms for a hook.
Add a timeout value to this test to increase the timeout, if this is a long-running test. See https://jestjs.io/docs/api#testname-fn-timeout.&quot;
    at Object.beforeAll (/Users/mysoft/Code/AI Coding/party-management-system/api-tests/setup.js:361:1)
    at Runtime._execModule (/Users/mysoft/Code/AI Coding/party-management-system/api-tests/node_modules/jest-runtime/build/index.js:1439:24)
    at Runtime._loadModule (/Users/mysoft/Code/AI Coding/party-management-system/api-tests/node_modules/jest-runtime/build/index.js:1022:12)
    at Runtime.requireModule (/Users/mysoft/Code/AI Coding/party-management-system/api-tests/node_modules/jest-runtime/build/index.js:882:12)
    at jestAdapter (/Users/mysoft/Code/AI Coding/party-management-system/api-tests/node_modules/jest-circus/build/legacy-code-todo-rewrite/jestAdapter.js:70:15)
    at runTestInternal (/Users/mysoft/Code/AI Coding/party-management-system/api-tests/node_modules/jest-runner/build/runTest.js:367:16)
    at runTest (/Users/mysoft/Code/AI Coding/party-management-system/api-tests/node_modules/jest-runner/build/runTest.js:444:34)</failure>
      <failure>AggregateError: 
    at AxiosError.Object.&lt;anonymous&gt;.AxiosError.from (/Users/mysoft/Code/AI Coding/party-management-system/api-tests/node_modules/axios/lib/core/AxiosError.js:92:14)
    at RedirectableRequest.handleRequestError (/Users/mysoft/Code/AI Coding/party-management-system/api-tests/node_modules/axios/lib/adapters/http.js:620:25)
    at RedirectableRequest.emit (node:events:519:35)
    at ClientRequest.eventHandlers.&lt;computed&gt; (/Users/mysoft/Code/AI Coding/party-management-system/api-tests/node_modules/follow-redirects/index.js:49:24)
    at ClientRequest.emit (node:events:507:28)
    at emitErrorEvent (node:_http_client:104:11)
    at Socket.socketErrorListener (node:_http_client:518:5)
    at Socket.emit (node:events:507:28)
    at emitErrorNT (node:internal/streams/destroy:170:8)
    at emitErrorCloseNT (node:internal/streams/destroy:129:3)
    at processTicksAndRejections (node:internal/process/task_queues:90:21)
    at Axios.request (/Users/mysoft/Code/AI Coding/party-management-system/api-tests/node_modules/axios/lib/core/Axios.js:45:41)
    at processTicksAndRejections (node:internal/process/task_queues:105:5)
    at Object.loginAsAdmin (/Users/mysoft/Code/AI Coding/party-management-system/api-tests/setup.js:39:24)
    at Object.getAdminAuthHeaders (/Users/mysoft/Code/AI Coding/party-management-system/api-tests/setup.js:80:7)
    at Object.&lt;anonymous&gt; (/Users/mysoft/Code/AI Coding/party-management-system/api-tests/system-config.test.js:13:20)</failure>
    </testcase>
    <testcase classname="系统配置管理API测试 › 创建系统配置" name="普通用户创建系统配置应失败" time="0">
      <failure>Error: thrown: &quot;Exceeded timeout of 30000 ms for a hook.
Add a timeout value to this test to increase the timeout, if this is a long-running test. See https://jestjs.io/docs/api#testname-fn-timeout.&quot;
    at Object.beforeAll (/Users/mysoft/Code/AI Coding/party-management-system/api-tests/setup.js:361:1)
    at Runtime._execModule (/Users/mysoft/Code/AI Coding/party-management-system/api-tests/node_modules/jest-runtime/build/index.js:1439:24)
    at Runtime._loadModule (/Users/mysoft/Code/AI Coding/party-management-system/api-tests/node_modules/jest-runtime/build/index.js:1022:12)
    at Runtime.requireModule (/Users/mysoft/Code/AI Coding/party-management-system/api-tests/node_modules/jest-runtime/build/index.js:882:12)
    at jestAdapter (/Users/mysoft/Code/AI Coding/party-management-system/api-tests/node_modules/jest-circus/build/legacy-code-todo-rewrite/jestAdapter.js:70:15)
    at runTestInternal (/Users/mysoft/Code/AI Coding/party-management-system/api-tests/node_modules/jest-runner/build/runTest.js:367:16)
    at runTest (/Users/mysoft/Code/AI Coding/party-management-system/api-tests/node_modules/jest-runner/build/runTest.js:444:34)</failure>
      <failure>AggregateError: 
    at AxiosError.Object.&lt;anonymous&gt;.AxiosError.from (/Users/mysoft/Code/AI Coding/party-management-system/api-tests/node_modules/axios/lib/core/AxiosError.js:92:14)
    at RedirectableRequest.handleRequestError (/Users/mysoft/Code/AI Coding/party-management-system/api-tests/node_modules/axios/lib/adapters/http.js:620:25)
    at RedirectableRequest.emit (node:events:519:35)
    at ClientRequest.eventHandlers.&lt;computed&gt; (/Users/mysoft/Code/AI Coding/party-management-system/api-tests/node_modules/follow-redirects/index.js:49:24)
    at ClientRequest.emit (node:events:507:28)
    at emitErrorEvent (node:_http_client:104:11)
    at Socket.socketErrorListener (node:_http_client:518:5)
    at Socket.emit (node:events:507:28)
    at emitErrorNT (node:internal/streams/destroy:170:8)
    at emitErrorCloseNT (node:internal/streams/destroy:129:3)
    at processTicksAndRejections (node:internal/process/task_queues:90:21)
    at Axios.request (/Users/mysoft/Code/AI Coding/party-management-system/api-tests/node_modules/axios/lib/core/Axios.js:45:41)
    at processTicksAndRejections (node:internal/process/task_queues:105:5)
    at Object.loginAsAdmin (/Users/mysoft/Code/AI Coding/party-management-system/api-tests/setup.js:39:24)
    at Object.getAdminAuthHeaders (/Users/mysoft/Code/AI Coding/party-management-system/api-tests/setup.js:80:7)
    at Object.&lt;anonymous&gt; (/Users/mysoft/Code/AI Coding/party-management-system/api-tests/system-config.test.js:13:20)</failure>
    </testcase>
    <testcase classname="系统配置管理API测试 › 创建系统配置" name="缺少必填字段创建应失败" time="0.001">
      <failure>Error: thrown: &quot;Exceeded timeout of 30000 ms for a hook.
Add a timeout value to this test to increase the timeout, if this is a long-running test. See https://jestjs.io/docs/api#testname-fn-timeout.&quot;
    at Object.beforeAll (/Users/mysoft/Code/AI Coding/party-management-system/api-tests/setup.js:361:1)
    at Runtime._execModule (/Users/mysoft/Code/AI Coding/party-management-system/api-tests/node_modules/jest-runtime/build/index.js:1439:24)
    at Runtime._loadModule (/Users/mysoft/Code/AI Coding/party-management-system/api-tests/node_modules/jest-runtime/build/index.js:1022:12)
    at Runtime.requireModule (/Users/mysoft/Code/AI Coding/party-management-system/api-tests/node_modules/jest-runtime/build/index.js:882:12)
    at jestAdapter (/Users/mysoft/Code/AI Coding/party-management-system/api-tests/node_modules/jest-circus/build/legacy-code-todo-rewrite/jestAdapter.js:70:15)
    at runTestInternal (/Users/mysoft/Code/AI Coding/party-management-system/api-tests/node_modules/jest-runner/build/runTest.js:367:16)
    at runTest (/Users/mysoft/Code/AI Coding/party-management-system/api-tests/node_modules/jest-runner/build/runTest.js:444:34)</failure>
      <failure>AggregateError: 
    at AxiosError.Object.&lt;anonymous&gt;.AxiosError.from (/Users/mysoft/Code/AI Coding/party-management-system/api-tests/node_modules/axios/lib/core/AxiosError.js:92:14)
    at RedirectableRequest.handleRequestError (/Users/mysoft/Code/AI Coding/party-management-system/api-tests/node_modules/axios/lib/adapters/http.js:620:25)
    at RedirectableRequest.emit (node:events:519:35)
    at ClientRequest.eventHandlers.&lt;computed&gt; (/Users/mysoft/Code/AI Coding/party-management-system/api-tests/node_modules/follow-redirects/index.js:49:24)
    at ClientRequest.emit (node:events:507:28)
    at emitErrorEvent (node:_http_client:104:11)
    at Socket.socketErrorListener (node:_http_client:518:5)
    at Socket.emit (node:events:507:28)
    at emitErrorNT (node:internal/streams/destroy:170:8)
    at emitErrorCloseNT (node:internal/streams/destroy:129:3)
    at processTicksAndRejections (node:internal/process/task_queues:90:21)
    at Axios.request (/Users/mysoft/Code/AI Coding/party-management-system/api-tests/node_modules/axios/lib/core/Axios.js:45:41)
    at processTicksAndRejections (node:internal/process/task_queues:105:5)
    at Object.loginAsAdmin (/Users/mysoft/Code/AI Coding/party-management-system/api-tests/setup.js:39:24)
    at Object.getAdminAuthHeaders (/Users/mysoft/Code/AI Coding/party-management-system/api-tests/setup.js:80:7)
    at Object.&lt;anonymous&gt; (/Users/mysoft/Code/AI Coding/party-management-system/api-tests/system-config.test.js:13:20)</failure>
    </testcase>
    <testcase classname="系统配置管理API测试 › 创建系统配置" name="重复配置键创建应失败" time="0">
      <failure>Error: thrown: &quot;Exceeded timeout of 30000 ms for a hook.
Add a timeout value to this test to increase the timeout, if this is a long-running test. See https://jestjs.io/docs/api#testname-fn-timeout.&quot;
    at Object.beforeAll (/Users/mysoft/Code/AI Coding/party-management-system/api-tests/setup.js:361:1)
    at Runtime._execModule (/Users/mysoft/Code/AI Coding/party-management-system/api-tests/node_modules/jest-runtime/build/index.js:1439:24)
    at Runtime._loadModule (/Users/mysoft/Code/AI Coding/party-management-system/api-tests/node_modules/jest-runtime/build/index.js:1022:12)
    at Runtime.requireModule (/Users/mysoft/Code/AI Coding/party-management-system/api-tests/node_modules/jest-runtime/build/index.js:882:12)
    at jestAdapter (/Users/mysoft/Code/AI Coding/party-management-system/api-tests/node_modules/jest-circus/build/legacy-code-todo-rewrite/jestAdapter.js:70:15)
    at runTestInternal (/Users/mysoft/Code/AI Coding/party-management-system/api-tests/node_modules/jest-runner/build/runTest.js:367:16)
    at runTest (/Users/mysoft/Code/AI Coding/party-management-system/api-tests/node_modules/jest-runner/build/runTest.js:444:34)</failure>
      <failure>AggregateError: 
    at AxiosError.Object.&lt;anonymous&gt;.AxiosError.from (/Users/mysoft/Code/AI Coding/party-management-system/api-tests/node_modules/axios/lib/core/AxiosError.js:92:14)
    at RedirectableRequest.handleRequestError (/Users/mysoft/Code/AI Coding/party-management-system/api-tests/node_modules/axios/lib/adapters/http.js:620:25)
    at RedirectableRequest.emit (node:events:519:35)
    at ClientRequest.eventHandlers.&lt;computed&gt; (/Users/mysoft/Code/AI Coding/party-management-system/api-tests/node_modules/follow-redirects/index.js:49:24)
    at ClientRequest.emit (node:events:507:28)
    at emitErrorEvent (node:_http_client:104:11)
    at Socket.socketErrorListener (node:_http_client:518:5)
    at Socket.emit (node:events:507:28)
    at emitErrorNT (node:internal/streams/destroy:170:8)
    at emitErrorCloseNT (node:internal/streams/destroy:129:3)
    at processTicksAndRejections (node:internal/process/task_queues:90:21)
    at Axios.request (/Users/mysoft/Code/AI Coding/party-management-system/api-tests/node_modules/axios/lib/core/Axios.js:45:41)
    at processTicksAndRejections (node:internal/process/task_queues:105:5)
    at Object.loginAsAdmin (/Users/mysoft/Code/AI Coding/party-management-system/api-tests/setup.js:39:24)
    at Object.getAdminAuthHeaders (/Users/mysoft/Code/AI Coding/party-management-system/api-tests/setup.js:80:7)
    at Object.&lt;anonymous&gt; (/Users/mysoft/Code/AI Coding/party-management-system/api-tests/system-config.test.js:13:20)</failure>
    </testcase>
    <testcase classname="系统配置管理API测试 › 创建系统配置" name="无效配置类型创建应失败" time="0">
      <failure>Error: thrown: &quot;Exceeded timeout of 30000 ms for a hook.
Add a timeout value to this test to increase the timeout, if this is a long-running test. See https://jestjs.io/docs/api#testname-fn-timeout.&quot;
    at Object.beforeAll (/Users/mysoft/Code/AI Coding/party-management-system/api-tests/setup.js:361:1)
    at Runtime._execModule (/Users/mysoft/Code/AI Coding/party-management-system/api-tests/node_modules/jest-runtime/build/index.js:1439:24)
    at Runtime._loadModule (/Users/mysoft/Code/AI Coding/party-management-system/api-tests/node_modules/jest-runtime/build/index.js:1022:12)
    at Runtime.requireModule (/Users/mysoft/Code/AI Coding/party-management-system/api-tests/node_modules/jest-runtime/build/index.js:882:12)
    at jestAdapter (/Users/mysoft/Code/AI Coding/party-management-system/api-tests/node_modules/jest-circus/build/legacy-code-todo-rewrite/jestAdapter.js:70:15)
    at runTestInternal (/Users/mysoft/Code/AI Coding/party-management-system/api-tests/node_modules/jest-runner/build/runTest.js:367:16)
    at runTest (/Users/mysoft/Code/AI Coding/party-management-system/api-tests/node_modules/jest-runner/build/runTest.js:444:34)</failure>
      <failure>AggregateError: 
    at AxiosError.Object.&lt;anonymous&gt;.AxiosError.from (/Users/mysoft/Code/AI Coding/party-management-system/api-tests/node_modules/axios/lib/core/AxiosError.js:92:14)
    at RedirectableRequest.handleRequestError (/Users/mysoft/Code/AI Coding/party-management-system/api-tests/node_modules/axios/lib/adapters/http.js:620:25)
    at RedirectableRequest.emit (node:events:519:35)
    at ClientRequest.eventHandlers.&lt;computed&gt; (/Users/mysoft/Code/AI Coding/party-management-system/api-tests/node_modules/follow-redirects/index.js:49:24)
    at ClientRequest.emit (node:events:507:28)
    at emitErrorEvent (node:_http_client:104:11)
    at Socket.socketErrorListener (node:_http_client:518:5)
    at Socket.emit (node:events:507:28)
    at emitErrorNT (node:internal/streams/destroy:170:8)
    at emitErrorCloseNT (node:internal/streams/destroy:129:3)
    at processTicksAndRejections (node:internal/process/task_queues:90:21)
    at Axios.request (/Users/mysoft/Code/AI Coding/party-management-system/api-tests/node_modules/axios/lib/core/Axios.js:45:41)
    at processTicksAndRejections (node:internal/process/task_queues:105:5)
    at Object.loginAsAdmin (/Users/mysoft/Code/AI Coding/party-management-system/api-tests/setup.js:39:24)
    at Object.getAdminAuthHeaders (/Users/mysoft/Code/AI Coding/party-management-system/api-tests/setup.js:80:7)
    at Object.&lt;anonymous&gt; (/Users/mysoft/Code/AI Coding/party-management-system/api-tests/system-config.test.js:13:20)</failure>
    </testcase>
    <testcase classname="系统配置管理API测试 › 查询系统配置" name="获取系统配置列表" time="0">
      <failure>Error: thrown: &quot;Exceeded timeout of 30000 ms for a hook.
Add a timeout value to this test to increase the timeout, if this is a long-running test. See https://jestjs.io/docs/api#testname-fn-timeout.&quot;
    at Object.beforeAll (/Users/mysoft/Code/AI Coding/party-management-system/api-tests/setup.js:361:1)
    at Runtime._execModule (/Users/mysoft/Code/AI Coding/party-management-system/api-tests/node_modules/jest-runtime/build/index.js:1439:24)
    at Runtime._loadModule (/Users/mysoft/Code/AI Coding/party-management-system/api-tests/node_modules/jest-runtime/build/index.js:1022:12)
    at Runtime.requireModule (/Users/mysoft/Code/AI Coding/party-management-system/api-tests/node_modules/jest-runtime/build/index.js:882:12)
    at jestAdapter (/Users/mysoft/Code/AI Coding/party-management-system/api-tests/node_modules/jest-circus/build/legacy-code-todo-rewrite/jestAdapter.js:70:15)
    at runTestInternal (/Users/mysoft/Code/AI Coding/party-management-system/api-tests/node_modules/jest-runner/build/runTest.js:367:16)
    at runTest (/Users/mysoft/Code/AI Coding/party-management-system/api-tests/node_modules/jest-runner/build/runTest.js:444:34)</failure>
      <failure>AggregateError: 
    at AxiosError.Object.&lt;anonymous&gt;.AxiosError.from (/Users/mysoft/Code/AI Coding/party-management-system/api-tests/node_modules/axios/lib/core/AxiosError.js:92:14)
    at RedirectableRequest.handleRequestError (/Users/mysoft/Code/AI Coding/party-management-system/api-tests/node_modules/axios/lib/adapters/http.js:620:25)
    at RedirectableRequest.emit (node:events:519:35)
    at ClientRequest.eventHandlers.&lt;computed&gt; (/Users/mysoft/Code/AI Coding/party-management-system/api-tests/node_modules/follow-redirects/index.js:49:24)
    at ClientRequest.emit (node:events:507:28)
    at emitErrorEvent (node:_http_client:104:11)
    at Socket.socketErrorListener (node:_http_client:518:5)
    at Socket.emit (node:events:507:28)
    at emitErrorNT (node:internal/streams/destroy:170:8)
    at emitErrorCloseNT (node:internal/streams/destroy:129:3)
    at processTicksAndRejections (node:internal/process/task_queues:90:21)
    at Axios.request (/Users/mysoft/Code/AI Coding/party-management-system/api-tests/node_modules/axios/lib/core/Axios.js:45:41)
    at processTicksAndRejections (node:internal/process/task_queues:105:5)
    at Object.loginAsAdmin (/Users/mysoft/Code/AI Coding/party-management-system/api-tests/setup.js:39:24)
    at Object.getAdminAuthHeaders (/Users/mysoft/Code/AI Coding/party-management-system/api-tests/setup.js:80:7)
    at Object.&lt;anonymous&gt; (/Users/mysoft/Code/AI Coding/party-management-system/api-tests/system-config.test.js:13:20)</failure>
    </testcase>
    <testcase classname="系统配置管理API测试 › 查询系统配置" name="按分类筛选系统配置" time="0">
      <failure>Error: thrown: &quot;Exceeded timeout of 30000 ms for a hook.
Add a timeout value to this test to increase the timeout, if this is a long-running test. See https://jestjs.io/docs/api#testname-fn-timeout.&quot;
    at Object.beforeAll (/Users/mysoft/Code/AI Coding/party-management-system/api-tests/setup.js:361:1)
    at Runtime._execModule (/Users/mysoft/Code/AI Coding/party-management-system/api-tests/node_modules/jest-runtime/build/index.js:1439:24)
    at Runtime._loadModule (/Users/mysoft/Code/AI Coding/party-management-system/api-tests/node_modules/jest-runtime/build/index.js:1022:12)
    at Runtime.requireModule (/Users/mysoft/Code/AI Coding/party-management-system/api-tests/node_modules/jest-runtime/build/index.js:882:12)
    at jestAdapter (/Users/mysoft/Code/AI Coding/party-management-system/api-tests/node_modules/jest-circus/build/legacy-code-todo-rewrite/jestAdapter.js:70:15)
    at runTestInternal (/Users/mysoft/Code/AI Coding/party-management-system/api-tests/node_modules/jest-runner/build/runTest.js:367:16)
    at runTest (/Users/mysoft/Code/AI Coding/party-management-system/api-tests/node_modules/jest-runner/build/runTest.js:444:34)</failure>
      <failure>AggregateError: 
    at AxiosError.Object.&lt;anonymous&gt;.AxiosError.from (/Users/mysoft/Code/AI Coding/party-management-system/api-tests/node_modules/axios/lib/core/AxiosError.js:92:14)
    at RedirectableRequest.handleRequestError (/Users/mysoft/Code/AI Coding/party-management-system/api-tests/node_modules/axios/lib/adapters/http.js:620:25)
    at RedirectableRequest.emit (node:events:519:35)
    at ClientRequest.eventHandlers.&lt;computed&gt; (/Users/mysoft/Code/AI Coding/party-management-system/api-tests/node_modules/follow-redirects/index.js:49:24)
    at ClientRequest.emit (node:events:507:28)
    at emitErrorEvent (node:_http_client:104:11)
    at Socket.socketErrorListener (node:_http_client:518:5)
    at Socket.emit (node:events:507:28)
    at emitErrorNT (node:internal/streams/destroy:170:8)
    at emitErrorCloseNT (node:internal/streams/destroy:129:3)
    at processTicksAndRejections (node:internal/process/task_queues:90:21)
    at Axios.request (/Users/mysoft/Code/AI Coding/party-management-system/api-tests/node_modules/axios/lib/core/Axios.js:45:41)
    at processTicksAndRejections (node:internal/process/task_queues:105:5)
    at Object.loginAsAdmin (/Users/mysoft/Code/AI Coding/party-management-system/api-tests/setup.js:39:24)
    at Object.getAdminAuthHeaders (/Users/mysoft/Code/AI Coding/party-management-system/api-tests/setup.js:80:7)
    at Object.&lt;anonymous&gt; (/Users/mysoft/Code/AI Coding/party-management-system/api-tests/system-config.test.js:13:20)</failure>
    </testcase>
    <testcase classname="系统配置管理API测试 › 查询系统配置" name="按配置类型筛选" time="0.001">
      <failure>Error: thrown: &quot;Exceeded timeout of 30000 ms for a hook.
Add a timeout value to this test to increase the timeout, if this is a long-running test. See https://jestjs.io/docs/api#testname-fn-timeout.&quot;
    at Object.beforeAll (/Users/mysoft/Code/AI Coding/party-management-system/api-tests/setup.js:361:1)
    at Runtime._execModule (/Users/mysoft/Code/AI Coding/party-management-system/api-tests/node_modules/jest-runtime/build/index.js:1439:24)
    at Runtime._loadModule (/Users/mysoft/Code/AI Coding/party-management-system/api-tests/node_modules/jest-runtime/build/index.js:1022:12)
    at Runtime.requireModule (/Users/mysoft/Code/AI Coding/party-management-system/api-tests/node_modules/jest-runtime/build/index.js:882:12)
    at jestAdapter (/Users/mysoft/Code/AI Coding/party-management-system/api-tests/node_modules/jest-circus/build/legacy-code-todo-rewrite/jestAdapter.js:70:15)
    at runTestInternal (/Users/mysoft/Code/AI Coding/party-management-system/api-tests/node_modules/jest-runner/build/runTest.js:367:16)
    at runTest (/Users/mysoft/Code/AI Coding/party-management-system/api-tests/node_modules/jest-runner/build/runTest.js:444:34)</failure>
      <failure>AggregateError: 
    at AxiosError.Object.&lt;anonymous&gt;.AxiosError.from (/Users/mysoft/Code/AI Coding/party-management-system/api-tests/node_modules/axios/lib/core/AxiosError.js:92:14)
    at RedirectableRequest.handleRequestError (/Users/mysoft/Code/AI Coding/party-management-system/api-tests/node_modules/axios/lib/adapters/http.js:620:25)
    at RedirectableRequest.emit (node:events:519:35)
    at ClientRequest.eventHandlers.&lt;computed&gt; (/Users/mysoft/Code/AI Coding/party-management-system/api-tests/node_modules/follow-redirects/index.js:49:24)
    at ClientRequest.emit (node:events:507:28)
    at emitErrorEvent (node:_http_client:104:11)
    at Socket.socketErrorListener (node:_http_client:518:5)
    at Socket.emit (node:events:507:28)
    at emitErrorNT (node:internal/streams/destroy:170:8)
    at emitErrorCloseNT (node:internal/streams/destroy:129:3)
    at processTicksAndRejections (node:internal/process/task_queues:90:21)
    at Axios.request (/Users/mysoft/Code/AI Coding/party-management-system/api-tests/node_modules/axios/lib/core/Axios.js:45:41)
    at processTicksAndRejections (node:internal/process/task_queues:105:5)
    at Object.loginAsAdmin (/Users/mysoft/Code/AI Coding/party-management-system/api-tests/setup.js:39:24)
    at Object.getAdminAuthHeaders (/Users/mysoft/Code/AI Coding/party-management-system/api-tests/setup.js:80:7)
    at Object.&lt;anonymous&gt; (/Users/mysoft/Code/AI Coding/party-management-system/api-tests/system-config.test.js:13:20)</failure>
    </testcase>
    <testcase classname="系统配置管理API测试 › 查询系统配置" name="按配置键搜索" time="0">
      <failure>Error: thrown: &quot;Exceeded timeout of 30000 ms for a hook.
Add a timeout value to this test to increase the timeout, if this is a long-running test. See https://jestjs.io/docs/api#testname-fn-timeout.&quot;
    at Object.beforeAll (/Users/mysoft/Code/AI Coding/party-management-system/api-tests/setup.js:361:1)
    at Runtime._execModule (/Users/mysoft/Code/AI Coding/party-management-system/api-tests/node_modules/jest-runtime/build/index.js:1439:24)
    at Runtime._loadModule (/Users/mysoft/Code/AI Coding/party-management-system/api-tests/node_modules/jest-runtime/build/index.js:1022:12)
    at Runtime.requireModule (/Users/mysoft/Code/AI Coding/party-management-system/api-tests/node_modules/jest-runtime/build/index.js:882:12)
    at jestAdapter (/Users/mysoft/Code/AI Coding/party-management-system/api-tests/node_modules/jest-circus/build/legacy-code-todo-rewrite/jestAdapter.js:70:15)
    at runTestInternal (/Users/mysoft/Code/AI Coding/party-management-system/api-tests/node_modules/jest-runner/build/runTest.js:367:16)
    at runTest (/Users/mysoft/Code/AI Coding/party-management-system/api-tests/node_modules/jest-runner/build/runTest.js:444:34)</failure>
      <failure>AggregateError: 
    at AxiosError.Object.&lt;anonymous&gt;.AxiosError.from (/Users/mysoft/Code/AI Coding/party-management-system/api-tests/node_modules/axios/lib/core/AxiosError.js:92:14)
    at RedirectableRequest.handleRequestError (/Users/mysoft/Code/AI Coding/party-management-system/api-tests/node_modules/axios/lib/adapters/http.js:620:25)
    at RedirectableRequest.emit (node:events:519:35)
    at ClientRequest.eventHandlers.&lt;computed&gt; (/Users/mysoft/Code/AI Coding/party-management-system/api-tests/node_modules/follow-redirects/index.js:49:24)
    at ClientRequest.emit (node:events:507:28)
    at emitErrorEvent (node:_http_client:104:11)
    at Socket.socketErrorListener (node:_http_client:518:5)
    at Socket.emit (node:events:507:28)
    at emitErrorNT (node:internal/streams/destroy:170:8)
    at emitErrorCloseNT (node:internal/streams/destroy:129:3)
    at processTicksAndRejections (node:internal/process/task_queues:90:21)
    at Axios.request (/Users/mysoft/Code/AI Coding/party-management-system/api-tests/node_modules/axios/lib/core/Axios.js:45:41)
    at processTicksAndRejections (node:internal/process/task_queues:105:5)
    at Object.loginAsAdmin (/Users/mysoft/Code/AI Coding/party-management-system/api-tests/setup.js:39:24)
    at Object.getAdminAuthHeaders (/Users/mysoft/Code/AI Coding/party-management-system/api-tests/setup.js:80:7)
    at Object.&lt;anonymous&gt; (/Users/mysoft/Code/AI Coding/party-management-system/api-tests/system-config.test.js:13:20)</failure>
    </testcase>
    <testcase classname="系统配置管理API测试 › 查询系统配置" name="分页查询系统配置" time="0">
      <failure>Error: thrown: &quot;Exceeded timeout of 30000 ms for a hook.
Add a timeout value to this test to increase the timeout, if this is a long-running test. See https://jestjs.io/docs/api#testname-fn-timeout.&quot;
    at Object.beforeAll (/Users/mysoft/Code/AI Coding/party-management-system/api-tests/setup.js:361:1)
    at Runtime._execModule (/Users/mysoft/Code/AI Coding/party-management-system/api-tests/node_modules/jest-runtime/build/index.js:1439:24)
    at Runtime._loadModule (/Users/mysoft/Code/AI Coding/party-management-system/api-tests/node_modules/jest-runtime/build/index.js:1022:12)
    at Runtime.requireModule (/Users/mysoft/Code/AI Coding/party-management-system/api-tests/node_modules/jest-runtime/build/index.js:882:12)
    at jestAdapter (/Users/mysoft/Code/AI Coding/party-management-system/api-tests/node_modules/jest-circus/build/legacy-code-todo-rewrite/jestAdapter.js:70:15)
    at runTestInternal (/Users/mysoft/Code/AI Coding/party-management-system/api-tests/node_modules/jest-runner/build/runTest.js:367:16)
    at runTest (/Users/mysoft/Code/AI Coding/party-management-system/api-tests/node_modules/jest-runner/build/runTest.js:444:34)</failure>
      <failure>AggregateError: 
    at AxiosError.Object.&lt;anonymous&gt;.AxiosError.from (/Users/mysoft/Code/AI Coding/party-management-system/api-tests/node_modules/axios/lib/core/AxiosError.js:92:14)
    at RedirectableRequest.handleRequestError (/Users/mysoft/Code/AI Coding/party-management-system/api-tests/node_modules/axios/lib/adapters/http.js:620:25)
    at RedirectableRequest.emit (node:events:519:35)
    at ClientRequest.eventHandlers.&lt;computed&gt; (/Users/mysoft/Code/AI Coding/party-management-system/api-tests/node_modules/follow-redirects/index.js:49:24)
    at ClientRequest.emit (node:events:507:28)
    at emitErrorEvent (node:_http_client:104:11)
    at Socket.socketErrorListener (node:_http_client:518:5)
    at Socket.emit (node:events:507:28)
    at emitErrorNT (node:internal/streams/destroy:170:8)
    at emitErrorCloseNT (node:internal/streams/destroy:129:3)
    at processTicksAndRejections (node:internal/process/task_queues:90:21)
    at Axios.request (/Users/mysoft/Code/AI Coding/party-management-system/api-tests/node_modules/axios/lib/core/Axios.js:45:41)
    at processTicksAndRejections (node:internal/process/task_queues:105:5)
    at Object.loginAsAdmin (/Users/mysoft/Code/AI Coding/party-management-system/api-tests/setup.js:39:24)
    at Object.getAdminAuthHeaders (/Users/mysoft/Code/AI Coding/party-management-system/api-tests/setup.js:80:7)
    at Object.&lt;anonymous&gt; (/Users/mysoft/Code/AI Coding/party-management-system/api-tests/system-config.test.js:13:20)</failure>
    </testcase>
    <testcase classname="系统配置管理API测试 › 查询系统配置" name="获取单个系统配置详情" time="0">
      <failure>Error: thrown: &quot;Exceeded timeout of 30000 ms for a hook.
Add a timeout value to this test to increase the timeout, if this is a long-running test. See https://jestjs.io/docs/api#testname-fn-timeout.&quot;
    at Object.beforeAll (/Users/mysoft/Code/AI Coding/party-management-system/api-tests/setup.js:361:1)
    at Runtime._execModule (/Users/mysoft/Code/AI Coding/party-management-system/api-tests/node_modules/jest-runtime/build/index.js:1439:24)
    at Runtime._loadModule (/Users/mysoft/Code/AI Coding/party-management-system/api-tests/node_modules/jest-runtime/build/index.js:1022:12)
    at Runtime.requireModule (/Users/mysoft/Code/AI Coding/party-management-system/api-tests/node_modules/jest-runtime/build/index.js:882:12)
    at jestAdapter (/Users/mysoft/Code/AI Coding/party-management-system/api-tests/node_modules/jest-circus/build/legacy-code-todo-rewrite/jestAdapter.js:70:15)
    at runTestInternal (/Users/mysoft/Code/AI Coding/party-management-system/api-tests/node_modules/jest-runner/build/runTest.js:367:16)
    at runTest (/Users/mysoft/Code/AI Coding/party-management-system/api-tests/node_modules/jest-runner/build/runTest.js:444:34)</failure>
      <failure>AggregateError: 
    at AxiosError.Object.&lt;anonymous&gt;.AxiosError.from (/Users/mysoft/Code/AI Coding/party-management-system/api-tests/node_modules/axios/lib/core/AxiosError.js:92:14)
    at RedirectableRequest.handleRequestError (/Users/mysoft/Code/AI Coding/party-management-system/api-tests/node_modules/axios/lib/adapters/http.js:620:25)
    at RedirectableRequest.emit (node:events:519:35)
    at ClientRequest.eventHandlers.&lt;computed&gt; (/Users/mysoft/Code/AI Coding/party-management-system/api-tests/node_modules/follow-redirects/index.js:49:24)
    at ClientRequest.emit (node:events:507:28)
    at emitErrorEvent (node:_http_client:104:11)
    at Socket.socketErrorListener (node:_http_client:518:5)
    at Socket.emit (node:events:507:28)
    at emitErrorNT (node:internal/streams/destroy:170:8)
    at emitErrorCloseNT (node:internal/streams/destroy:129:3)
    at processTicksAndRejections (node:internal/process/task_queues:90:21)
    at Axios.request (/Users/mysoft/Code/AI Coding/party-management-system/api-tests/node_modules/axios/lib/core/Axios.js:45:41)
    at processTicksAndRejections (node:internal/process/task_queues:105:5)
    at Object.loginAsAdmin (/Users/mysoft/Code/AI Coding/party-management-system/api-tests/setup.js:39:24)
    at Object.getAdminAuthHeaders (/Users/mysoft/Code/AI Coding/party-management-system/api-tests/setup.js:80:7)
    at Object.&lt;anonymous&gt; (/Users/mysoft/Code/AI Coding/party-management-system/api-tests/system-config.test.js:13:20)</failure>
    </testcase>
    <testcase classname="系统配置管理API测试 › 查询系统配置" name="通过配置键获取配置值" time="0">
      <failure>Error: thrown: &quot;Exceeded timeout of 30000 ms for a hook.
Add a timeout value to this test to increase the timeout, if this is a long-running test. See https://jestjs.io/docs/api#testname-fn-timeout.&quot;
    at Object.beforeAll (/Users/mysoft/Code/AI Coding/party-management-system/api-tests/setup.js:361:1)
    at Runtime._execModule (/Users/mysoft/Code/AI Coding/party-management-system/api-tests/node_modules/jest-runtime/build/index.js:1439:24)
    at Runtime._loadModule (/Users/mysoft/Code/AI Coding/party-management-system/api-tests/node_modules/jest-runtime/build/index.js:1022:12)
    at Runtime.requireModule (/Users/mysoft/Code/AI Coding/party-management-system/api-tests/node_modules/jest-runtime/build/index.js:882:12)
    at jestAdapter (/Users/mysoft/Code/AI Coding/party-management-system/api-tests/node_modules/jest-circus/build/legacy-code-todo-rewrite/jestAdapter.js:70:15)
    at runTestInternal (/Users/mysoft/Code/AI Coding/party-management-system/api-tests/node_modules/jest-runner/build/runTest.js:367:16)
    at runTest (/Users/mysoft/Code/AI Coding/party-management-system/api-tests/node_modules/jest-runner/build/runTest.js:444:34)</failure>
      <failure>AggregateError: 
    at AxiosError.Object.&lt;anonymous&gt;.AxiosError.from (/Users/mysoft/Code/AI Coding/party-management-system/api-tests/node_modules/axios/lib/core/AxiosError.js:92:14)
    at RedirectableRequest.handleRequestError (/Users/mysoft/Code/AI Coding/party-management-system/api-tests/node_modules/axios/lib/adapters/http.js:620:25)
    at RedirectableRequest.emit (node:events:519:35)
    at ClientRequest.eventHandlers.&lt;computed&gt; (/Users/mysoft/Code/AI Coding/party-management-system/api-tests/node_modules/follow-redirects/index.js:49:24)
    at ClientRequest.emit (node:events:507:28)
    at emitErrorEvent (node:_http_client:104:11)
    at Socket.socketErrorListener (node:_http_client:518:5)
    at Socket.emit (node:events:507:28)
    at emitErrorNT (node:internal/streams/destroy:170:8)
    at emitErrorCloseNT (node:internal/streams/destroy:129:3)
    at processTicksAndRejections (node:internal/process/task_queues:90:21)
    at Axios.request (/Users/mysoft/Code/AI Coding/party-management-system/api-tests/node_modules/axios/lib/core/Axios.js:45:41)
    at processTicksAndRejections (node:internal/process/task_queues:105:5)
    at Object.loginAsAdmin (/Users/mysoft/Code/AI Coding/party-management-system/api-tests/setup.js:39:24)
    at Object.getAdminAuthHeaders (/Users/mysoft/Code/AI Coding/party-management-system/api-tests/setup.js:80:7)
    at Object.&lt;anonymous&gt; (/Users/mysoft/Code/AI Coding/party-management-system/api-tests/system-config.test.js:13:20)</failure>
    </testcase>
    <testcase classname="系统配置管理API测试 › 查询系统配置" name="获取不存在的系统配置应失败" time="0">
      <failure>Error: thrown: &quot;Exceeded timeout of 30000 ms for a hook.
Add a timeout value to this test to increase the timeout, if this is a long-running test. See https://jestjs.io/docs/api#testname-fn-timeout.&quot;
    at Object.beforeAll (/Users/mysoft/Code/AI Coding/party-management-system/api-tests/setup.js:361:1)
    at Runtime._execModule (/Users/mysoft/Code/AI Coding/party-management-system/api-tests/node_modules/jest-runtime/build/index.js:1439:24)
    at Runtime._loadModule (/Users/mysoft/Code/AI Coding/party-management-system/api-tests/node_modules/jest-runtime/build/index.js:1022:12)
    at Runtime.requireModule (/Users/mysoft/Code/AI Coding/party-management-system/api-tests/node_modules/jest-runtime/build/index.js:882:12)
    at jestAdapter (/Users/mysoft/Code/AI Coding/party-management-system/api-tests/node_modules/jest-circus/build/legacy-code-todo-rewrite/jestAdapter.js:70:15)
    at runTestInternal (/Users/mysoft/Code/AI Coding/party-management-system/api-tests/node_modules/jest-runner/build/runTest.js:367:16)
    at runTest (/Users/mysoft/Code/AI Coding/party-management-system/api-tests/node_modules/jest-runner/build/runTest.js:444:34)</failure>
      <failure>AggregateError: 
    at AxiosError.Object.&lt;anonymous&gt;.AxiosError.from (/Users/mysoft/Code/AI Coding/party-management-system/api-tests/node_modules/axios/lib/core/AxiosError.js:92:14)
    at RedirectableRequest.handleRequestError (/Users/mysoft/Code/AI Coding/party-management-system/api-tests/node_modules/axios/lib/adapters/http.js:620:25)
    at RedirectableRequest.emit (node:events:519:35)
    at ClientRequest.eventHandlers.&lt;computed&gt; (/Users/mysoft/Code/AI Coding/party-management-system/api-tests/node_modules/follow-redirects/index.js:49:24)
    at ClientRequest.emit (node:events:507:28)
    at emitErrorEvent (node:_http_client:104:11)
    at Socket.socketErrorListener (node:_http_client:518:5)
    at Socket.emit (node:events:507:28)
    at emitErrorNT (node:internal/streams/destroy:170:8)
    at emitErrorCloseNT (node:internal/streams/destroy:129:3)
    at processTicksAndRejections (node:internal/process/task_queues:90:21)
    at Axios.request (/Users/mysoft/Code/AI Coding/party-management-system/api-tests/node_modules/axios/lib/core/Axios.js:45:41)
    at processTicksAndRejections (node:internal/process/task_queues:105:5)
    at Object.loginAsAdmin (/Users/mysoft/Code/AI Coding/party-management-system/api-tests/setup.js:39:24)
    at Object.getAdminAuthHeaders (/Users/mysoft/Code/AI Coding/party-management-system/api-tests/setup.js:80:7)
    at Object.&lt;anonymous&gt; (/Users/mysoft/Code/AI Coding/party-management-system/api-tests/system-config.test.js:13:20)</failure>
    </testcase>
    <testcase classname="系统配置管理API测试 › 查询系统配置" name="普通用户查看敏感配置应失败" time="0">
      <failure>Error: thrown: &quot;Exceeded timeout of 30000 ms for a hook.
Add a timeout value to this test to increase the timeout, if this is a long-running test. See https://jestjs.io/docs/api#testname-fn-timeout.&quot;
    at Object.beforeAll (/Users/mysoft/Code/AI Coding/party-management-system/api-tests/setup.js:361:1)
    at Runtime._execModule (/Users/mysoft/Code/AI Coding/party-management-system/api-tests/node_modules/jest-runtime/build/index.js:1439:24)
    at Runtime._loadModule (/Users/mysoft/Code/AI Coding/party-management-system/api-tests/node_modules/jest-runtime/build/index.js:1022:12)
    at Runtime.requireModule (/Users/mysoft/Code/AI Coding/party-management-system/api-tests/node_modules/jest-runtime/build/index.js:882:12)
    at jestAdapter (/Users/mysoft/Code/AI Coding/party-management-system/api-tests/node_modules/jest-circus/build/legacy-code-todo-rewrite/jestAdapter.js:70:15)
    at runTestInternal (/Users/mysoft/Code/AI Coding/party-management-system/api-tests/node_modules/jest-runner/build/runTest.js:367:16)
    at runTest (/Users/mysoft/Code/AI Coding/party-management-system/api-tests/node_modules/jest-runner/build/runTest.js:444:34)</failure>
      <failure>AggregateError: 
    at AxiosError.Object.&lt;anonymous&gt;.AxiosError.from (/Users/mysoft/Code/AI Coding/party-management-system/api-tests/node_modules/axios/lib/core/AxiosError.js:92:14)
    at RedirectableRequest.handleRequestError (/Users/mysoft/Code/AI Coding/party-management-system/api-tests/node_modules/axios/lib/adapters/http.js:620:25)
    at RedirectableRequest.emit (node:events:519:35)
    at ClientRequest.eventHandlers.&lt;computed&gt; (/Users/mysoft/Code/AI Coding/party-management-system/api-tests/node_modules/follow-redirects/index.js:49:24)
    at ClientRequest.emit (node:events:507:28)
    at emitErrorEvent (node:_http_client:104:11)
    at Socket.socketErrorListener (node:_http_client:518:5)
    at Socket.emit (node:events:507:28)
    at emitErrorNT (node:internal/streams/destroy:170:8)
    at emitErrorCloseNT (node:internal/streams/destroy:129:3)
    at processTicksAndRejections (node:internal/process/task_queues:90:21)
    at Axios.request (/Users/mysoft/Code/AI Coding/party-management-system/api-tests/node_modules/axios/lib/core/Axios.js:45:41)
    at processTicksAndRejections (node:internal/process/task_queues:105:5)
    at Object.loginAsAdmin (/Users/mysoft/Code/AI Coding/party-management-system/api-tests/setup.js:39:24)
    at Object.getAdminAuthHeaders (/Users/mysoft/Code/AI Coding/party-management-system/api-tests/setup.js:80:7)
    at Object.&lt;anonymous&gt; (/Users/mysoft/Code/AI Coding/party-management-system/api-tests/system-config.test.js:13:20)</failure>
    </testcase>
    <testcase classname="系统配置管理API测试 › 更新系统配置" name="管理员更新系统配置" time="0">
      <failure>Error: thrown: &quot;Exceeded timeout of 30000 ms for a hook.
Add a timeout value to this test to increase the timeout, if this is a long-running test. See https://jestjs.io/docs/api#testname-fn-timeout.&quot;
    at Object.beforeAll (/Users/mysoft/Code/AI Coding/party-management-system/api-tests/setup.js:361:1)
    at Runtime._execModule (/Users/mysoft/Code/AI Coding/party-management-system/api-tests/node_modules/jest-runtime/build/index.js:1439:24)
    at Runtime._loadModule (/Users/mysoft/Code/AI Coding/party-management-system/api-tests/node_modules/jest-runtime/build/index.js:1022:12)
    at Runtime.requireModule (/Users/mysoft/Code/AI Coding/party-management-system/api-tests/node_modules/jest-runtime/build/index.js:882:12)
    at jestAdapter (/Users/mysoft/Code/AI Coding/party-management-system/api-tests/node_modules/jest-circus/build/legacy-code-todo-rewrite/jestAdapter.js:70:15)
    at runTestInternal (/Users/mysoft/Code/AI Coding/party-management-system/api-tests/node_modules/jest-runner/build/runTest.js:367:16)
    at runTest (/Users/mysoft/Code/AI Coding/party-management-system/api-tests/node_modules/jest-runner/build/runTest.js:444:34)</failure>
      <failure>AggregateError: 
    at AxiosError.Object.&lt;anonymous&gt;.AxiosError.from (/Users/mysoft/Code/AI Coding/party-management-system/api-tests/node_modules/axios/lib/core/AxiosError.js:92:14)
    at RedirectableRequest.handleRequestError (/Users/mysoft/Code/AI Coding/party-management-system/api-tests/node_modules/axios/lib/adapters/http.js:620:25)
    at RedirectableRequest.emit (node:events:519:35)
    at ClientRequest.eventHandlers.&lt;computed&gt; (/Users/mysoft/Code/AI Coding/party-management-system/api-tests/node_modules/follow-redirects/index.js:49:24)
    at ClientRequest.emit (node:events:507:28)
    at emitErrorEvent (node:_http_client:104:11)
    at Socket.socketErrorListener (node:_http_client:518:5)
    at Socket.emit (node:events:507:28)
    at emitErrorNT (node:internal/streams/destroy:170:8)
    at emitErrorCloseNT (node:internal/streams/destroy:129:3)
    at processTicksAndRejections (node:internal/process/task_queues:90:21)
    at Axios.request (/Users/mysoft/Code/AI Coding/party-management-system/api-tests/node_modules/axios/lib/core/Axios.js:45:41)
    at processTicksAndRejections (node:internal/process/task_queues:105:5)
    at Object.loginAsAdmin (/Users/mysoft/Code/AI Coding/party-management-system/api-tests/setup.js:39:24)
    at Object.getAdminAuthHeaders (/Users/mysoft/Code/AI Coding/party-management-system/api-tests/setup.js:80:7)
    at Object.&lt;anonymous&gt; (/Users/mysoft/Code/AI Coding/party-management-system/api-tests/system-config.test.js:13:20)</failure>
    </testcase>
    <testcase classname="系统配置管理API测试 › 更新系统配置" name="普通用户更新系统配置应失败" time="0">
      <failure>Error: thrown: &quot;Exceeded timeout of 30000 ms for a hook.
Add a timeout value to this test to increase the timeout, if this is a long-running test. See https://jestjs.io/docs/api#testname-fn-timeout.&quot;
    at Object.beforeAll (/Users/mysoft/Code/AI Coding/party-management-system/api-tests/setup.js:361:1)
    at Runtime._execModule (/Users/mysoft/Code/AI Coding/party-management-system/api-tests/node_modules/jest-runtime/build/index.js:1439:24)
    at Runtime._loadModule (/Users/mysoft/Code/AI Coding/party-management-system/api-tests/node_modules/jest-runtime/build/index.js:1022:12)
    at Runtime.requireModule (/Users/mysoft/Code/AI Coding/party-management-system/api-tests/node_modules/jest-runtime/build/index.js:882:12)
    at jestAdapter (/Users/mysoft/Code/AI Coding/party-management-system/api-tests/node_modules/jest-circus/build/legacy-code-todo-rewrite/jestAdapter.js:70:15)
    at runTestInternal (/Users/mysoft/Code/AI Coding/party-management-system/api-tests/node_modules/jest-runner/build/runTest.js:367:16)
    at runTest (/Users/mysoft/Code/AI Coding/party-management-system/api-tests/node_modules/jest-runner/build/runTest.js:444:34)</failure>
      <failure>AggregateError: 
    at AxiosError.Object.&lt;anonymous&gt;.AxiosError.from (/Users/mysoft/Code/AI Coding/party-management-system/api-tests/node_modules/axios/lib/core/AxiosError.js:92:14)
    at RedirectableRequest.handleRequestError (/Users/mysoft/Code/AI Coding/party-management-system/api-tests/node_modules/axios/lib/adapters/http.js:620:25)
    at RedirectableRequest.emit (node:events:519:35)
    at ClientRequest.eventHandlers.&lt;computed&gt; (/Users/mysoft/Code/AI Coding/party-management-system/api-tests/node_modules/follow-redirects/index.js:49:24)
    at ClientRequest.emit (node:events:507:28)
    at emitErrorEvent (node:_http_client:104:11)
    at Socket.socketErrorListener (node:_http_client:518:5)
    at Socket.emit (node:events:507:28)
    at emitErrorNT (node:internal/streams/destroy:170:8)
    at emitErrorCloseNT (node:internal/streams/destroy:129:3)
    at processTicksAndRejections (node:internal/process/task_queues:90:21)
    at Axios.request (/Users/mysoft/Code/AI Coding/party-management-system/api-tests/node_modules/axios/lib/core/Axios.js:45:41)
    at processTicksAndRejections (node:internal/process/task_queues:105:5)
    at Object.loginAsAdmin (/Users/mysoft/Code/AI Coding/party-management-system/api-tests/setup.js:39:24)
    at Object.getAdminAuthHeaders (/Users/mysoft/Code/AI Coding/party-management-system/api-tests/setup.js:80:7)
    at Object.&lt;anonymous&gt; (/Users/mysoft/Code/AI Coding/party-management-system/api-tests/system-config.test.js:13:20)</failure>
    </testcase>
    <testcase classname="系统配置管理API测试 › 更新系统配置" name="更新不存在的系统配置应失败" time="0">
      <failure>Error: thrown: &quot;Exceeded timeout of 30000 ms for a hook.
Add a timeout value to this test to increase the timeout, if this is a long-running test. See https://jestjs.io/docs/api#testname-fn-timeout.&quot;
    at Object.beforeAll (/Users/mysoft/Code/AI Coding/party-management-system/api-tests/setup.js:361:1)
    at Runtime._execModule (/Users/mysoft/Code/AI Coding/party-management-system/api-tests/node_modules/jest-runtime/build/index.js:1439:24)
    at Runtime._loadModule (/Users/mysoft/Code/AI Coding/party-management-system/api-tests/node_modules/jest-runtime/build/index.js:1022:12)
    at Runtime.requireModule (/Users/mysoft/Code/AI Coding/party-management-system/api-tests/node_modules/jest-runtime/build/index.js:882:12)
    at jestAdapter (/Users/mysoft/Code/AI Coding/party-management-system/api-tests/node_modules/jest-circus/build/legacy-code-todo-rewrite/jestAdapter.js:70:15)
    at runTestInternal (/Users/mysoft/Code/AI Coding/party-management-system/api-tests/node_modules/jest-runner/build/runTest.js:367:16)
    at runTest (/Users/mysoft/Code/AI Coding/party-management-system/api-tests/node_modules/jest-runner/build/runTest.js:444:34)</failure>
      <failure>AggregateError: 
    at AxiosError.Object.&lt;anonymous&gt;.AxiosError.from (/Users/mysoft/Code/AI Coding/party-management-system/api-tests/node_modules/axios/lib/core/AxiosError.js:92:14)
    at RedirectableRequest.handleRequestError (/Users/mysoft/Code/AI Coding/party-management-system/api-tests/node_modules/axios/lib/adapters/http.js:620:25)
    at RedirectableRequest.emit (node:events:519:35)
    at ClientRequest.eventHandlers.&lt;computed&gt; (/Users/mysoft/Code/AI Coding/party-management-system/api-tests/node_modules/follow-redirects/index.js:49:24)
    at ClientRequest.emit (node:events:507:28)
    at emitErrorEvent (node:_http_client:104:11)
    at Socket.socketErrorListener (node:_http_client:518:5)
    at Socket.emit (node:events:507:28)
    at emitErrorNT (node:internal/streams/destroy:170:8)
    at emitErrorCloseNT (node:internal/streams/destroy:129:3)
    at processTicksAndRejections (node:internal/process/task_queues:90:21)
    at Axios.request (/Users/mysoft/Code/AI Coding/party-management-system/api-tests/node_modules/axios/lib/core/Axios.js:45:41)
    at processTicksAndRejections (node:internal/process/task_queues:105:5)
    at Object.loginAsAdmin (/Users/mysoft/Code/AI Coding/party-management-system/api-tests/setup.js:39:24)
    at Object.getAdminAuthHeaders (/Users/mysoft/Code/AI Coding/party-management-system/api-tests/setup.js:80:7)
    at Object.&lt;anonymous&gt; (/Users/mysoft/Code/AI Coding/party-management-system/api-tests/system-config.test.js:13:20)</failure>
    </testcase>
    <testcase classname="系统配置管理API测试 › 更新系统配置" name="更新配置键应失败" time="0">
      <failure>Error: thrown: &quot;Exceeded timeout of 30000 ms for a hook.
Add a timeout value to this test to increase the timeout, if this is a long-running test. See https://jestjs.io/docs/api#testname-fn-timeout.&quot;
    at Object.beforeAll (/Users/mysoft/Code/AI Coding/party-management-system/api-tests/setup.js:361:1)
    at Runtime._execModule (/Users/mysoft/Code/AI Coding/party-management-system/api-tests/node_modules/jest-runtime/build/index.js:1439:24)
    at Runtime._loadModule (/Users/mysoft/Code/AI Coding/party-management-system/api-tests/node_modules/jest-runtime/build/index.js:1022:12)
    at Runtime.requireModule (/Users/mysoft/Code/AI Coding/party-management-system/api-tests/node_modules/jest-runtime/build/index.js:882:12)
    at jestAdapter (/Users/mysoft/Code/AI Coding/party-management-system/api-tests/node_modules/jest-circus/build/legacy-code-todo-rewrite/jestAdapter.js:70:15)
    at runTestInternal (/Users/mysoft/Code/AI Coding/party-management-system/api-tests/node_modules/jest-runner/build/runTest.js:367:16)
    at runTest (/Users/mysoft/Code/AI Coding/party-management-system/api-tests/node_modules/jest-runner/build/runTest.js:444:34)</failure>
      <failure>AggregateError: 
    at AxiosError.Object.&lt;anonymous&gt;.AxiosError.from (/Users/mysoft/Code/AI Coding/party-management-system/api-tests/node_modules/axios/lib/core/AxiosError.js:92:14)
    at RedirectableRequest.handleRequestError (/Users/mysoft/Code/AI Coding/party-management-system/api-tests/node_modules/axios/lib/adapters/http.js:620:25)
    at RedirectableRequest.emit (node:events:519:35)
    at ClientRequest.eventHandlers.&lt;computed&gt; (/Users/mysoft/Code/AI Coding/party-management-system/api-tests/node_modules/follow-redirects/index.js:49:24)
    at ClientRequest.emit (node:events:507:28)
    at emitErrorEvent (node:_http_client:104:11)
    at Socket.socketErrorListener (node:_http_client:518:5)
    at Socket.emit (node:events:507:28)
    at emitErrorNT (node:internal/streams/destroy:170:8)
    at emitErrorCloseNT (node:internal/streams/destroy:129:3)
    at processTicksAndRejections (node:internal/process/task_queues:90:21)
    at Axios.request (/Users/mysoft/Code/AI Coding/party-management-system/api-tests/node_modules/axios/lib/core/Axios.js:45:41)
    at processTicksAndRejections (node:internal/process/task_queues:105:5)
    at Object.loginAsAdmin (/Users/mysoft/Code/AI Coding/party-management-system/api-tests/setup.js:39:24)
    at Object.getAdminAuthHeaders (/Users/mysoft/Code/AI Coding/party-management-system/api-tests/setup.js:80:7)
    at Object.&lt;anonymous&gt; (/Users/mysoft/Code/AI Coding/party-management-system/api-tests/system-config.test.js:13:20)</failure>
    </testcase>
    <testcase classname="系统配置管理API测试 › 更新系统配置" name="批量更新系统配置" time="0">
      <failure>Error: thrown: &quot;Exceeded timeout of 30000 ms for a hook.
Add a timeout value to this test to increase the timeout, if this is a long-running test. See https://jestjs.io/docs/api#testname-fn-timeout.&quot;
    at Object.beforeAll (/Users/mysoft/Code/AI Coding/party-management-system/api-tests/setup.js:361:1)
    at Runtime._execModule (/Users/mysoft/Code/AI Coding/party-management-system/api-tests/node_modules/jest-runtime/build/index.js:1439:24)
    at Runtime._loadModule (/Users/mysoft/Code/AI Coding/party-management-system/api-tests/node_modules/jest-runtime/build/index.js:1022:12)
    at Runtime.requireModule (/Users/mysoft/Code/AI Coding/party-management-system/api-tests/node_modules/jest-runtime/build/index.js:882:12)
    at jestAdapter (/Users/mysoft/Code/AI Coding/party-management-system/api-tests/node_modules/jest-circus/build/legacy-code-todo-rewrite/jestAdapter.js:70:15)
    at runTestInternal (/Users/mysoft/Code/AI Coding/party-management-system/api-tests/node_modules/jest-runner/build/runTest.js:367:16)
    at runTest (/Users/mysoft/Code/AI Coding/party-management-system/api-tests/node_modules/jest-runner/build/runTest.js:444:34)</failure>
      <failure>AggregateError: 
    at AxiosError.Object.&lt;anonymous&gt;.AxiosError.from (/Users/mysoft/Code/AI Coding/party-management-system/api-tests/node_modules/axios/lib/core/AxiosError.js:92:14)
    at RedirectableRequest.handleRequestError (/Users/mysoft/Code/AI Coding/party-management-system/api-tests/node_modules/axios/lib/adapters/http.js:620:25)
    at RedirectableRequest.emit (node:events:519:35)
    at ClientRequest.eventHandlers.&lt;computed&gt; (/Users/mysoft/Code/AI Coding/party-management-system/api-tests/node_modules/follow-redirects/index.js:49:24)
    at ClientRequest.emit (node:events:507:28)
    at emitErrorEvent (node:_http_client:104:11)
    at Socket.socketErrorListener (node:_http_client:518:5)
    at Socket.emit (node:events:507:28)
    at emitErrorNT (node:internal/streams/destroy:170:8)
    at emitErrorCloseNT (node:internal/streams/destroy:129:3)
    at processTicksAndRejections (node:internal/process/task_queues:90:21)
    at Axios.request (/Users/mysoft/Code/AI Coding/party-management-system/api-tests/node_modules/axios/lib/core/Axios.js:45:41)
    at processTicksAndRejections (node:internal/process/task_queues:105:5)
    at Object.loginAsAdmin (/Users/mysoft/Code/AI Coding/party-management-system/api-tests/setup.js:39:24)
    at Object.getAdminAuthHeaders (/Users/mysoft/Code/AI Coding/party-management-system/api-tests/setup.js:80:7)
    at Object.&lt;anonymous&gt; (/Users/mysoft/Code/AI Coding/party-management-system/api-tests/system-config.test.js:13:20)</failure>
    </testcase>
    <testcase classname="系统配置管理API测试 › 删除系统配置" name="管理员删除系统配置" time="0">
      <failure>Error: thrown: &quot;Exceeded timeout of 30000 ms for a hook.
Add a timeout value to this test to increase the timeout, if this is a long-running test. See https://jestjs.io/docs/api#testname-fn-timeout.&quot;
    at Object.beforeAll (/Users/mysoft/Code/AI Coding/party-management-system/api-tests/setup.js:361:1)
    at Runtime._execModule (/Users/mysoft/Code/AI Coding/party-management-system/api-tests/node_modules/jest-runtime/build/index.js:1439:24)
    at Runtime._loadModule (/Users/mysoft/Code/AI Coding/party-management-system/api-tests/node_modules/jest-runtime/build/index.js:1022:12)
    at Runtime.requireModule (/Users/mysoft/Code/AI Coding/party-management-system/api-tests/node_modules/jest-runtime/build/index.js:882:12)
    at jestAdapter (/Users/mysoft/Code/AI Coding/party-management-system/api-tests/node_modules/jest-circus/build/legacy-code-todo-rewrite/jestAdapter.js:70:15)
    at runTestInternal (/Users/mysoft/Code/AI Coding/party-management-system/api-tests/node_modules/jest-runner/build/runTest.js:367:16)
    at runTest (/Users/mysoft/Code/AI Coding/party-management-system/api-tests/node_modules/jest-runner/build/runTest.js:444:34)</failure>
      <failure>AggregateError: 
    at AxiosError.Object.&lt;anonymous&gt;.AxiosError.from (/Users/mysoft/Code/AI Coding/party-management-system/api-tests/node_modules/axios/lib/core/AxiosError.js:92:14)
    at RedirectableRequest.handleRequestError (/Users/mysoft/Code/AI Coding/party-management-system/api-tests/node_modules/axios/lib/adapters/http.js:620:25)
    at RedirectableRequest.emit (node:events:519:35)
    at ClientRequest.eventHandlers.&lt;computed&gt; (/Users/mysoft/Code/AI Coding/party-management-system/api-tests/node_modules/follow-redirects/index.js:49:24)
    at ClientRequest.emit (node:events:507:28)
    at emitErrorEvent (node:_http_client:104:11)
    at Socket.socketErrorListener (node:_http_client:518:5)
    at Socket.emit (node:events:507:28)
    at emitErrorNT (node:internal/streams/destroy:170:8)
    at emitErrorCloseNT (node:internal/streams/destroy:129:3)
    at processTicksAndRejections (node:internal/process/task_queues:90:21)
    at Axios.request (/Users/mysoft/Code/AI Coding/party-management-system/api-tests/node_modules/axios/lib/core/Axios.js:45:41)
    at processTicksAndRejections (node:internal/process/task_queues:105:5)
    at Object.loginAsAdmin (/Users/mysoft/Code/AI Coding/party-management-system/api-tests/setup.js:39:24)
    at Object.getAdminAuthHeaders (/Users/mysoft/Code/AI Coding/party-management-system/api-tests/setup.js:80:7)
    at Object.&lt;anonymous&gt; (/Users/mysoft/Code/AI Coding/party-management-system/api-tests/system-config.test.js:13:20)</failure>
    </testcase>
    <testcase classname="系统配置管理API测试 › 删除系统配置" name="普通用户删除系统配置应失败" time="0">
      <failure>Error: thrown: &quot;Exceeded timeout of 30000 ms for a hook.
Add a timeout value to this test to increase the timeout, if this is a long-running test. See https://jestjs.io/docs/api#testname-fn-timeout.&quot;
    at Object.beforeAll (/Users/mysoft/Code/AI Coding/party-management-system/api-tests/setup.js:361:1)
    at Runtime._execModule (/Users/mysoft/Code/AI Coding/party-management-system/api-tests/node_modules/jest-runtime/build/index.js:1439:24)
    at Runtime._loadModule (/Users/mysoft/Code/AI Coding/party-management-system/api-tests/node_modules/jest-runtime/build/index.js:1022:12)
    at Runtime.requireModule (/Users/mysoft/Code/AI Coding/party-management-system/api-tests/node_modules/jest-runtime/build/index.js:882:12)
    at jestAdapter (/Users/mysoft/Code/AI Coding/party-management-system/api-tests/node_modules/jest-circus/build/legacy-code-todo-rewrite/jestAdapter.js:70:15)
    at runTestInternal (/Users/mysoft/Code/AI Coding/party-management-system/api-tests/node_modules/jest-runner/build/runTest.js:367:16)
    at runTest (/Users/mysoft/Code/AI Coding/party-management-system/api-tests/node_modules/jest-runner/build/runTest.js:444:34)</failure>
      <failure>AggregateError: 
    at AxiosError.Object.&lt;anonymous&gt;.AxiosError.from (/Users/mysoft/Code/AI Coding/party-management-system/api-tests/node_modules/axios/lib/core/AxiosError.js:92:14)
    at RedirectableRequest.handleRequestError (/Users/mysoft/Code/AI Coding/party-management-system/api-tests/node_modules/axios/lib/adapters/http.js:620:25)
    at RedirectableRequest.emit (node:events:519:35)
    at ClientRequest.eventHandlers.&lt;computed&gt; (/Users/mysoft/Code/AI Coding/party-management-system/api-tests/node_modules/follow-redirects/index.js:49:24)
    at ClientRequest.emit (node:events:507:28)
    at emitErrorEvent (node:_http_client:104:11)
    at Socket.socketErrorListener (node:_http_client:518:5)
    at Socket.emit (node:events:507:28)
    at emitErrorNT (node:internal/streams/destroy:170:8)
    at emitErrorCloseNT (node:internal/streams/destroy:129:3)
    at processTicksAndRejections (node:internal/process/task_queues:90:21)
    at Axios.request (/Users/mysoft/Code/AI Coding/party-management-system/api-tests/node_modules/axios/lib/core/Axios.js:45:41)
    at processTicksAndRejections (node:internal/process/task_queues:105:5)
    at Object.loginAsAdmin (/Users/mysoft/Code/AI Coding/party-management-system/api-tests/setup.js:39:24)
    at Object.getAdminAuthHeaders (/Users/mysoft/Code/AI Coding/party-management-system/api-tests/setup.js:80:7)
    at Object.&lt;anonymous&gt; (/Users/mysoft/Code/AI Coding/party-management-system/api-tests/system-config.test.js:13:20)</failure>
    </testcase>
    <testcase classname="系统配置管理API测试 › 删除系统配置" name="删除不存在的系统配置应失败" time="0">
      <failure>Error: thrown: &quot;Exceeded timeout of 30000 ms for a hook.
Add a timeout value to this test to increase the timeout, if this is a long-running test. See https://jestjs.io/docs/api#testname-fn-timeout.&quot;
    at Object.beforeAll (/Users/mysoft/Code/AI Coding/party-management-system/api-tests/setup.js:361:1)
    at Runtime._execModule (/Users/mysoft/Code/AI Coding/party-management-system/api-tests/node_modules/jest-runtime/build/index.js:1439:24)
    at Runtime._loadModule (/Users/mysoft/Code/AI Coding/party-management-system/api-tests/node_modules/jest-runtime/build/index.js:1022:12)
    at Runtime.requireModule (/Users/mysoft/Code/AI Coding/party-management-system/api-tests/node_modules/jest-runtime/build/index.js:882:12)
    at jestAdapter (/Users/mysoft/Code/AI Coding/party-management-system/api-tests/node_modules/jest-circus/build/legacy-code-todo-rewrite/jestAdapter.js:70:15)
    at runTestInternal (/Users/mysoft/Code/AI Coding/party-management-system/api-tests/node_modules/jest-runner/build/runTest.js:367:16)
    at runTest (/Users/mysoft/Code/AI Coding/party-management-system/api-tests/node_modules/jest-runner/build/runTest.js:444:34)</failure>
      <failure>AggregateError: 
    at AxiosError.Object.&lt;anonymous&gt;.AxiosError.from (/Users/mysoft/Code/AI Coding/party-management-system/api-tests/node_modules/axios/lib/core/AxiosError.js:92:14)
    at RedirectableRequest.handleRequestError (/Users/mysoft/Code/AI Coding/party-management-system/api-tests/node_modules/axios/lib/adapters/http.js:620:25)
    at RedirectableRequest.emit (node:events:519:35)
    at ClientRequest.eventHandlers.&lt;computed&gt; (/Users/mysoft/Code/AI Coding/party-management-system/api-tests/node_modules/follow-redirects/index.js:49:24)
    at ClientRequest.emit (node:events:507:28)
    at emitErrorEvent (node:_http_client:104:11)
    at Socket.socketErrorListener (node:_http_client:518:5)
    at Socket.emit (node:events:507:28)
    at emitErrorNT (node:internal/streams/destroy:170:8)
    at emitErrorCloseNT (node:internal/streams/destroy:129:3)
    at processTicksAndRejections (node:internal/process/task_queues:90:21)
    at Axios.request (/Users/mysoft/Code/AI Coding/party-management-system/api-tests/node_modules/axios/lib/core/Axios.js:45:41)
    at processTicksAndRejections (node:internal/process/task_queues:105:5)
    at Object.loginAsAdmin (/Users/mysoft/Code/AI Coding/party-management-system/api-tests/setup.js:39:24)
    at Object.getAdminAuthHeaders (/Users/mysoft/Code/AI Coding/party-management-system/api-tests/setup.js:80:7)
    at Object.&lt;anonymous&gt; (/Users/mysoft/Code/AI Coding/party-management-system/api-tests/system-config.test.js:13:20)</failure>
    </testcase>
    <testcase classname="系统配置管理API测试 › 删除系统配置" name="删除系统关键配置应失败" time="0">
      <failure>Error: thrown: &quot;Exceeded timeout of 30000 ms for a hook.
Add a timeout value to this test to increase the timeout, if this is a long-running test. See https://jestjs.io/docs/api#testname-fn-timeout.&quot;
    at Object.beforeAll (/Users/mysoft/Code/AI Coding/party-management-system/api-tests/setup.js:361:1)
    at Runtime._execModule (/Users/mysoft/Code/AI Coding/party-management-system/api-tests/node_modules/jest-runtime/build/index.js:1439:24)
    at Runtime._loadModule (/Users/mysoft/Code/AI Coding/party-management-system/api-tests/node_modules/jest-runtime/build/index.js:1022:12)
    at Runtime.requireModule (/Users/mysoft/Code/AI Coding/party-management-system/api-tests/node_modules/jest-runtime/build/index.js:882:12)
    at jestAdapter (/Users/mysoft/Code/AI Coding/party-management-system/api-tests/node_modules/jest-circus/build/legacy-code-todo-rewrite/jestAdapter.js:70:15)
    at runTestInternal (/Users/mysoft/Code/AI Coding/party-management-system/api-tests/node_modules/jest-runner/build/runTest.js:367:16)
    at runTest (/Users/mysoft/Code/AI Coding/party-management-system/api-tests/node_modules/jest-runner/build/runTest.js:444:34)</failure>
      <failure>AggregateError: 
    at AxiosError.Object.&lt;anonymous&gt;.AxiosError.from (/Users/mysoft/Code/AI Coding/party-management-system/api-tests/node_modules/axios/lib/core/AxiosError.js:92:14)
    at RedirectableRequest.handleRequestError (/Users/mysoft/Code/AI Coding/party-management-system/api-tests/node_modules/axios/lib/adapters/http.js:620:25)
    at RedirectableRequest.emit (node:events:519:35)
    at ClientRequest.eventHandlers.&lt;computed&gt; (/Users/mysoft/Code/AI Coding/party-management-system/api-tests/node_modules/follow-redirects/index.js:49:24)
    at ClientRequest.emit (node:events:507:28)
    at emitErrorEvent (node:_http_client:104:11)
    at Socket.socketErrorListener (node:_http_client:518:5)
    at Socket.emit (node:events:507:28)
    at emitErrorNT (node:internal/streams/destroy:170:8)
    at emitErrorCloseNT (node:internal/streams/destroy:129:3)
    at processTicksAndRejections (node:internal/process/task_queues:90:21)
    at Axios.request (/Users/mysoft/Code/AI Coding/party-management-system/api-tests/node_modules/axios/lib/core/Axios.js:45:41)
    at processTicksAndRejections (node:internal/process/task_queues:105:5)
    at Object.loginAsAdmin (/Users/mysoft/Code/AI Coding/party-management-system/api-tests/setup.js:39:24)
    at Object.getAdminAuthHeaders (/Users/mysoft/Code/AI Coding/party-management-system/api-tests/setup.js:80:7)
    at Object.&lt;anonymous&gt; (/Users/mysoft/Code/AI Coding/party-management-system/api-tests/system-config.test.js:13:20)</failure>
    </testcase>
    <testcase classname="系统配置管理API测试 › 配置类型验证" name="字符串类型配置" time="0">
      <failure>Error: thrown: &quot;Exceeded timeout of 30000 ms for a hook.
Add a timeout value to this test to increase the timeout, if this is a long-running test. See https://jestjs.io/docs/api#testname-fn-timeout.&quot;
    at Object.beforeAll (/Users/mysoft/Code/AI Coding/party-management-system/api-tests/setup.js:361:1)
    at Runtime._execModule (/Users/mysoft/Code/AI Coding/party-management-system/api-tests/node_modules/jest-runtime/build/index.js:1439:24)
    at Runtime._loadModule (/Users/mysoft/Code/AI Coding/party-management-system/api-tests/node_modules/jest-runtime/build/index.js:1022:12)
    at Runtime.requireModule (/Users/mysoft/Code/AI Coding/party-management-system/api-tests/node_modules/jest-runtime/build/index.js:882:12)
    at jestAdapter (/Users/mysoft/Code/AI Coding/party-management-system/api-tests/node_modules/jest-circus/build/legacy-code-todo-rewrite/jestAdapter.js:70:15)
    at runTestInternal (/Users/mysoft/Code/AI Coding/party-management-system/api-tests/node_modules/jest-runner/build/runTest.js:367:16)
    at runTest (/Users/mysoft/Code/AI Coding/party-management-system/api-tests/node_modules/jest-runner/build/runTest.js:444:34)</failure>
      <failure>AggregateError: 
    at AxiosError.Object.&lt;anonymous&gt;.AxiosError.from (/Users/mysoft/Code/AI Coding/party-management-system/api-tests/node_modules/axios/lib/core/AxiosError.js:92:14)
    at RedirectableRequest.handleRequestError (/Users/mysoft/Code/AI Coding/party-management-system/api-tests/node_modules/axios/lib/adapters/http.js:620:25)
    at RedirectableRequest.emit (node:events:519:35)
    at ClientRequest.eventHandlers.&lt;computed&gt; (/Users/mysoft/Code/AI Coding/party-management-system/api-tests/node_modules/follow-redirects/index.js:49:24)
    at ClientRequest.emit (node:events:507:28)
    at emitErrorEvent (node:_http_client:104:11)
    at Socket.socketErrorListener (node:_http_client:518:5)
    at Socket.emit (node:events:507:28)
    at emitErrorNT (node:internal/streams/destroy:170:8)
    at emitErrorCloseNT (node:internal/streams/destroy:129:3)
    at processTicksAndRejections (node:internal/process/task_queues:90:21)
    at Axios.request (/Users/mysoft/Code/AI Coding/party-management-system/api-tests/node_modules/axios/lib/core/Axios.js:45:41)
    at processTicksAndRejections (node:internal/process/task_queues:105:5)
    at Object.loginAsAdmin (/Users/mysoft/Code/AI Coding/party-management-system/api-tests/setup.js:39:24)
    at Object.getAdminAuthHeaders (/Users/mysoft/Code/AI Coding/party-management-system/api-tests/setup.js:80:7)
    at Object.&lt;anonymous&gt; (/Users/mysoft/Code/AI Coding/party-management-system/api-tests/system-config.test.js:13:20)</failure>
    </testcase>
    <testcase classname="系统配置管理API测试 › 配置类型验证" name="数字类型配置" time="0">
      <failure>Error: thrown: &quot;Exceeded timeout of 30000 ms for a hook.
Add a timeout value to this test to increase the timeout, if this is a long-running test. See https://jestjs.io/docs/api#testname-fn-timeout.&quot;
    at Object.beforeAll (/Users/mysoft/Code/AI Coding/party-management-system/api-tests/setup.js:361:1)
    at Runtime._execModule (/Users/mysoft/Code/AI Coding/party-management-system/api-tests/node_modules/jest-runtime/build/index.js:1439:24)
    at Runtime._loadModule (/Users/mysoft/Code/AI Coding/party-management-system/api-tests/node_modules/jest-runtime/build/index.js:1022:12)
    at Runtime.requireModule (/Users/mysoft/Code/AI Coding/party-management-system/api-tests/node_modules/jest-runtime/build/index.js:882:12)
    at jestAdapter (/Users/mysoft/Code/AI Coding/party-management-system/api-tests/node_modules/jest-circus/build/legacy-code-todo-rewrite/jestAdapter.js:70:15)
    at runTestInternal (/Users/mysoft/Code/AI Coding/party-management-system/api-tests/node_modules/jest-runner/build/runTest.js:367:16)
    at runTest (/Users/mysoft/Code/AI Coding/party-management-system/api-tests/node_modules/jest-runner/build/runTest.js:444:34)</failure>
      <failure>AggregateError: 
    at AxiosError.Object.&lt;anonymous&gt;.AxiosError.from (/Users/mysoft/Code/AI Coding/party-management-system/api-tests/node_modules/axios/lib/core/AxiosError.js:92:14)
    at RedirectableRequest.handleRequestError (/Users/mysoft/Code/AI Coding/party-management-system/api-tests/node_modules/axios/lib/adapters/http.js:620:25)
    at RedirectableRequest.emit (node:events:519:35)
    at ClientRequest.eventHandlers.&lt;computed&gt; (/Users/mysoft/Code/AI Coding/party-management-system/api-tests/node_modules/follow-redirects/index.js:49:24)
    at ClientRequest.emit (node:events:507:28)
    at emitErrorEvent (node:_http_client:104:11)
    at Socket.socketErrorListener (node:_http_client:518:5)
    at Socket.emit (node:events:507:28)
    at emitErrorNT (node:internal/streams/destroy:170:8)
    at emitErrorCloseNT (node:internal/streams/destroy:129:3)
    at processTicksAndRejections (node:internal/process/task_queues:90:21)
    at Axios.request (/Users/mysoft/Code/AI Coding/party-management-system/api-tests/node_modules/axios/lib/core/Axios.js:45:41)
    at processTicksAndRejections (node:internal/process/task_queues:105:5)
    at Object.loginAsAdmin (/Users/mysoft/Code/AI Coding/party-management-system/api-tests/setup.js:39:24)
    at Object.getAdminAuthHeaders (/Users/mysoft/Code/AI Coding/party-management-system/api-tests/setup.js:80:7)
    at Object.&lt;anonymous&gt; (/Users/mysoft/Code/AI Coding/party-management-system/api-tests/system-config.test.js:13:20)</failure>
    </testcase>
    <testcase classname="系统配置管理API测试 › 配置类型验证" name="布尔类型配置" time="0">
      <failure>Error: thrown: &quot;Exceeded timeout of 30000 ms for a hook.
Add a timeout value to this test to increase the timeout, if this is a long-running test. See https://jestjs.io/docs/api#testname-fn-timeout.&quot;
    at Object.beforeAll (/Users/mysoft/Code/AI Coding/party-management-system/api-tests/setup.js:361:1)
    at Runtime._execModule (/Users/mysoft/Code/AI Coding/party-management-system/api-tests/node_modules/jest-runtime/build/index.js:1439:24)
    at Runtime._loadModule (/Users/mysoft/Code/AI Coding/party-management-system/api-tests/node_modules/jest-runtime/build/index.js:1022:12)
    at Runtime.requireModule (/Users/mysoft/Code/AI Coding/party-management-system/api-tests/node_modules/jest-runtime/build/index.js:882:12)
    at jestAdapter (/Users/mysoft/Code/AI Coding/party-management-system/api-tests/node_modules/jest-circus/build/legacy-code-todo-rewrite/jestAdapter.js:70:15)
    at runTestInternal (/Users/mysoft/Code/AI Coding/party-management-system/api-tests/node_modules/jest-runner/build/runTest.js:367:16)
    at runTest (/Users/mysoft/Code/AI Coding/party-management-system/api-tests/node_modules/jest-runner/build/runTest.js:444:34)</failure>
      <failure>AggregateError: 
    at AxiosError.Object.&lt;anonymous&gt;.AxiosError.from (/Users/mysoft/Code/AI Coding/party-management-system/api-tests/node_modules/axios/lib/core/AxiosError.js:92:14)
    at RedirectableRequest.handleRequestError (/Users/mysoft/Code/AI Coding/party-management-system/api-tests/node_modules/axios/lib/adapters/http.js:620:25)
    at RedirectableRequest.emit (node:events:519:35)
    at ClientRequest.eventHandlers.&lt;computed&gt; (/Users/mysoft/Code/AI Coding/party-management-system/api-tests/node_modules/follow-redirects/index.js:49:24)
    at ClientRequest.emit (node:events:507:28)
    at emitErrorEvent (node:_http_client:104:11)
    at Socket.socketErrorListener (node:_http_client:518:5)
    at Socket.emit (node:events:507:28)
    at emitErrorNT (node:internal/streams/destroy:170:8)
    at emitErrorCloseNT (node:internal/streams/destroy:129:3)
    at processTicksAndRejections (node:internal/process/task_queues:90:21)
    at Axios.request (/Users/mysoft/Code/AI Coding/party-management-system/api-tests/node_modules/axios/lib/core/Axios.js:45:41)
    at processTicksAndRejections (node:internal/process/task_queues:105:5)
    at Object.loginAsAdmin (/Users/mysoft/Code/AI Coding/party-management-system/api-tests/setup.js:39:24)
    at Object.getAdminAuthHeaders (/Users/mysoft/Code/AI Coding/party-management-system/api-tests/setup.js:80:7)
    at Object.&lt;anonymous&gt; (/Users/mysoft/Code/AI Coding/party-management-system/api-tests/system-config.test.js:13:20)</failure>
    </testcase>
    <testcase classname="系统配置管理API测试 › 配置类型验证" name="JSON类型配置" time="0">
      <failure>Error: thrown: &quot;Exceeded timeout of 30000 ms for a hook.
Add a timeout value to this test to increase the timeout, if this is a long-running test. See https://jestjs.io/docs/api#testname-fn-timeout.&quot;
    at Object.beforeAll (/Users/mysoft/Code/AI Coding/party-management-system/api-tests/setup.js:361:1)
    at Runtime._execModule (/Users/mysoft/Code/AI Coding/party-management-system/api-tests/node_modules/jest-runtime/build/index.js:1439:24)
    at Runtime._loadModule (/Users/mysoft/Code/AI Coding/party-management-system/api-tests/node_modules/jest-runtime/build/index.js:1022:12)
    at Runtime.requireModule (/Users/mysoft/Code/AI Coding/party-management-system/api-tests/node_modules/jest-runtime/build/index.js:882:12)
    at jestAdapter (/Users/mysoft/Code/AI Coding/party-management-system/api-tests/node_modules/jest-circus/build/legacy-code-todo-rewrite/jestAdapter.js:70:15)
    at runTestInternal (/Users/mysoft/Code/AI Coding/party-management-system/api-tests/node_modules/jest-runner/build/runTest.js:367:16)
    at runTest (/Users/mysoft/Code/AI Coding/party-management-system/api-tests/node_modules/jest-runner/build/runTest.js:444:34)</failure>
      <failure>AggregateError: 
    at AxiosError.Object.&lt;anonymous&gt;.AxiosError.from (/Users/mysoft/Code/AI Coding/party-management-system/api-tests/node_modules/axios/lib/core/AxiosError.js:92:14)
    at RedirectableRequest.handleRequestError (/Users/mysoft/Code/AI Coding/party-management-system/api-tests/node_modules/axios/lib/adapters/http.js:620:25)
    at RedirectableRequest.emit (node:events:519:35)
    at ClientRequest.eventHandlers.&lt;computed&gt; (/Users/mysoft/Code/AI Coding/party-management-system/api-tests/node_modules/follow-redirects/index.js:49:24)
    at ClientRequest.emit (node:events:507:28)
    at emitErrorEvent (node:_http_client:104:11)
    at Socket.socketErrorListener (node:_http_client:518:5)
    at Socket.emit (node:events:507:28)
    at emitErrorNT (node:internal/streams/destroy:170:8)
    at emitErrorCloseNT (node:internal/streams/destroy:129:3)
    at processTicksAndRejections (node:internal/process/task_queues:90:21)
    at Axios.request (/Users/mysoft/Code/AI Coding/party-management-system/api-tests/node_modules/axios/lib/core/Axios.js:45:41)
    at processTicksAndRejections (node:internal/process/task_queues:105:5)
    at Object.loginAsAdmin (/Users/mysoft/Code/AI Coding/party-management-system/api-tests/setup.js:39:24)
    at Object.getAdminAuthHeaders (/Users/mysoft/Code/AI Coding/party-management-system/api-tests/setup.js:80:7)
    at Object.&lt;anonymous&gt; (/Users/mysoft/Code/AI Coding/party-management-system/api-tests/system-config.test.js:13:20)</failure>
    </testcase>
    <testcase classname="系统配置管理API测试 › 配置类型验证" name="无效JSON格式应失败" time="0">
      <failure>Error: thrown: &quot;Exceeded timeout of 30000 ms for a hook.
Add a timeout value to this test to increase the timeout, if this is a long-running test. See https://jestjs.io/docs/api#testname-fn-timeout.&quot;
    at Object.beforeAll (/Users/mysoft/Code/AI Coding/party-management-system/api-tests/setup.js:361:1)
    at Runtime._execModule (/Users/mysoft/Code/AI Coding/party-management-system/api-tests/node_modules/jest-runtime/build/index.js:1439:24)
    at Runtime._loadModule (/Users/mysoft/Code/AI Coding/party-management-system/api-tests/node_modules/jest-runtime/build/index.js:1022:12)
    at Runtime.requireModule (/Users/mysoft/Code/AI Coding/party-management-system/api-tests/node_modules/jest-runtime/build/index.js:882:12)
    at jestAdapter (/Users/mysoft/Code/AI Coding/party-management-system/api-tests/node_modules/jest-circus/build/legacy-code-todo-rewrite/jestAdapter.js:70:15)
    at runTestInternal (/Users/mysoft/Code/AI Coding/party-management-system/api-tests/node_modules/jest-runner/build/runTest.js:367:16)
    at runTest (/Users/mysoft/Code/AI Coding/party-management-system/api-tests/node_modules/jest-runner/build/runTest.js:444:34)</failure>
      <failure>AggregateError: 
    at AxiosError.Object.&lt;anonymous&gt;.AxiosError.from (/Users/mysoft/Code/AI Coding/party-management-system/api-tests/node_modules/axios/lib/core/AxiosError.js:92:14)
    at RedirectableRequest.handleRequestError (/Users/mysoft/Code/AI Coding/party-management-system/api-tests/node_modules/axios/lib/adapters/http.js:620:25)
    at RedirectableRequest.emit (node:events:519:35)
    at ClientRequest.eventHandlers.&lt;computed&gt; (/Users/mysoft/Code/AI Coding/party-management-system/api-tests/node_modules/follow-redirects/index.js:49:24)
    at ClientRequest.emit (node:events:507:28)
    at emitErrorEvent (node:_http_client:104:11)
    at Socket.socketErrorListener (node:_http_client:518:5)
    at Socket.emit (node:events:507:28)
    at emitErrorNT (node:internal/streams/destroy:170:8)
    at emitErrorCloseNT (node:internal/streams/destroy:129:3)
    at processTicksAndRejections (node:internal/process/task_queues:90:21)
    at Axios.request (/Users/mysoft/Code/AI Coding/party-management-system/api-tests/node_modules/axios/lib/core/Axios.js:45:41)
    at processTicksAndRejections (node:internal/process/task_queues:105:5)
    at Object.loginAsAdmin (/Users/mysoft/Code/AI Coding/party-management-system/api-tests/setup.js:39:24)
    at Object.getAdminAuthHeaders (/Users/mysoft/Code/AI Coding/party-management-system/api-tests/setup.js:80:7)
    at Object.&lt;anonymous&gt; (/Users/mysoft/Code/AI Coding/party-management-system/api-tests/system-config.test.js:13:20)</failure>
    </testcase>
    <testcase classname="系统配置管理API测试 › 配置缓存管理" name="刷新配置缓存" time="0">
      <failure>Error: thrown: &quot;Exceeded timeout of 30000 ms for a hook.
Add a timeout value to this test to increase the timeout, if this is a long-running test. See https://jestjs.io/docs/api#testname-fn-timeout.&quot;
    at Object.beforeAll (/Users/mysoft/Code/AI Coding/party-management-system/api-tests/setup.js:361:1)
    at Runtime._execModule (/Users/mysoft/Code/AI Coding/party-management-system/api-tests/node_modules/jest-runtime/build/index.js:1439:24)
    at Runtime._loadModule (/Users/mysoft/Code/AI Coding/party-management-system/api-tests/node_modules/jest-runtime/build/index.js:1022:12)
    at Runtime.requireModule (/Users/mysoft/Code/AI Coding/party-management-system/api-tests/node_modules/jest-runtime/build/index.js:882:12)
    at jestAdapter (/Users/mysoft/Code/AI Coding/party-management-system/api-tests/node_modules/jest-circus/build/legacy-code-todo-rewrite/jestAdapter.js:70:15)
    at runTestInternal (/Users/mysoft/Code/AI Coding/party-management-system/api-tests/node_modules/jest-runner/build/runTest.js:367:16)
    at runTest (/Users/mysoft/Code/AI Coding/party-management-system/api-tests/node_modules/jest-runner/build/runTest.js:444:34)</failure>
      <failure>AggregateError: 
    at AxiosError.Object.&lt;anonymous&gt;.AxiosError.from (/Users/mysoft/Code/AI Coding/party-management-system/api-tests/node_modules/axios/lib/core/AxiosError.js:92:14)
    at RedirectableRequest.handleRequestError (/Users/mysoft/Code/AI Coding/party-management-system/api-tests/node_modules/axios/lib/adapters/http.js:620:25)
    at RedirectableRequest.emit (node:events:519:35)
    at ClientRequest.eventHandlers.&lt;computed&gt; (/Users/mysoft/Code/AI Coding/party-management-system/api-tests/node_modules/follow-redirects/index.js:49:24)
    at ClientRequest.emit (node:events:507:28)
    at emitErrorEvent (node:_http_client:104:11)
    at Socket.socketErrorListener (node:_http_client:518:5)
    at Socket.emit (node:events:507:28)
    at emitErrorNT (node:internal/streams/destroy:170:8)
    at emitErrorCloseNT (node:internal/streams/destroy:129:3)
    at processTicksAndRejections (node:internal/process/task_queues:90:21)
    at Axios.request (/Users/mysoft/Code/AI Coding/party-management-system/api-tests/node_modules/axios/lib/core/Axios.js:45:41)
    at processTicksAndRejections (node:internal/process/task_queues:105:5)
    at Object.loginAsAdmin (/Users/mysoft/Code/AI Coding/party-management-system/api-tests/setup.js:39:24)
    at Object.getAdminAuthHeaders (/Users/mysoft/Code/AI Coding/party-management-system/api-tests/setup.js:80:7)
    at Object.&lt;anonymous&gt; (/Users/mysoft/Code/AI Coding/party-management-system/api-tests/system-config.test.js:13:20)</failure>
    </testcase>
    <testcase classname="系统配置管理API测试 › 配置缓存管理" name="清空配置缓存" time="0">
      <failure>Error: thrown: &quot;Exceeded timeout of 30000 ms for a hook.
Add a timeout value to this test to increase the timeout, if this is a long-running test. See https://jestjs.io/docs/api#testname-fn-timeout.&quot;
    at Object.beforeAll (/Users/mysoft/Code/AI Coding/party-management-system/api-tests/setup.js:361:1)
    at Runtime._execModule (/Users/mysoft/Code/AI Coding/party-management-system/api-tests/node_modules/jest-runtime/build/index.js:1439:24)
    at Runtime._loadModule (/Users/mysoft/Code/AI Coding/party-management-system/api-tests/node_modules/jest-runtime/build/index.js:1022:12)
    at Runtime.requireModule (/Users/mysoft/Code/AI Coding/party-management-system/api-tests/node_modules/jest-runtime/build/index.js:882:12)
    at jestAdapter (/Users/mysoft/Code/AI Coding/party-management-system/api-tests/node_modules/jest-circus/build/legacy-code-todo-rewrite/jestAdapter.js:70:15)
    at runTestInternal (/Users/mysoft/Code/AI Coding/party-management-system/api-tests/node_modules/jest-runner/build/runTest.js:367:16)
    at runTest (/Users/mysoft/Code/AI Coding/party-management-system/api-tests/node_modules/jest-runner/build/runTest.js:444:34)</failure>
      <failure>AggregateError: 
    at AxiosError.Object.&lt;anonymous&gt;.AxiosError.from (/Users/mysoft/Code/AI Coding/party-management-system/api-tests/node_modules/axios/lib/core/AxiosError.js:92:14)
    at RedirectableRequest.handleRequestError (/Users/mysoft/Code/AI Coding/party-management-system/api-tests/node_modules/axios/lib/adapters/http.js:620:25)
    at RedirectableRequest.emit (node:events:519:35)
    at ClientRequest.eventHandlers.&lt;computed&gt; (/Users/mysoft/Code/AI Coding/party-management-system/api-tests/node_modules/follow-redirects/index.js:49:24)
    at ClientRequest.emit (node:events:507:28)
    at emitErrorEvent (node:_http_client:104:11)
    at Socket.socketErrorListener (node:_http_client:518:5)
    at Socket.emit (node:events:507:28)
    at emitErrorNT (node:internal/streams/destroy:170:8)
    at emitErrorCloseNT (node:internal/streams/destroy:129:3)
    at processTicksAndRejections (node:internal/process/task_queues:90:21)
    at Axios.request (/Users/mysoft/Code/AI Coding/party-management-system/api-tests/node_modules/axios/lib/core/Axios.js:45:41)
    at processTicksAndRejections (node:internal/process/task_queues:105:5)
    at Object.loginAsAdmin (/Users/mysoft/Code/AI Coding/party-management-system/api-tests/setup.js:39:24)
    at Object.getAdminAuthHeaders (/Users/mysoft/Code/AI Coding/party-management-system/api-tests/setup.js:80:7)
    at Object.&lt;anonymous&gt; (/Users/mysoft/Code/AI Coding/party-management-system/api-tests/system-config.test.js:13:20)</failure>
    </testcase>
    <testcase classname="系统配置管理API测试 › 配置缓存管理" name="普通用户操作缓存应失败" time="0">
      <failure>Error: thrown: &quot;Exceeded timeout of 30000 ms for a hook.
Add a timeout value to this test to increase the timeout, if this is a long-running test. See https://jestjs.io/docs/api#testname-fn-timeout.&quot;
    at Object.beforeAll (/Users/mysoft/Code/AI Coding/party-management-system/api-tests/setup.js:361:1)
    at Runtime._execModule (/Users/mysoft/Code/AI Coding/party-management-system/api-tests/node_modules/jest-runtime/build/index.js:1439:24)
    at Runtime._loadModule (/Users/mysoft/Code/AI Coding/party-management-system/api-tests/node_modules/jest-runtime/build/index.js:1022:12)
    at Runtime.requireModule (/Users/mysoft/Code/AI Coding/party-management-system/api-tests/node_modules/jest-runtime/build/index.js:882:12)
    at jestAdapter (/Users/mysoft/Code/AI Coding/party-management-system/api-tests/node_modules/jest-circus/build/legacy-code-todo-rewrite/jestAdapter.js:70:15)
    at runTestInternal (/Users/mysoft/Code/AI Coding/party-management-system/api-tests/node_modules/jest-runner/build/runTest.js:367:16)
    at runTest (/Users/mysoft/Code/AI Coding/party-management-system/api-tests/node_modules/jest-runner/build/runTest.js:444:34)</failure>
      <failure>AggregateError: 
    at AxiosError.Object.&lt;anonymous&gt;.AxiosError.from (/Users/mysoft/Code/AI Coding/party-management-system/api-tests/node_modules/axios/lib/core/AxiosError.js:92:14)
    at RedirectableRequest.handleRequestError (/Users/mysoft/Code/AI Coding/party-management-system/api-tests/node_modules/axios/lib/adapters/http.js:620:25)
    at RedirectableRequest.emit (node:events:519:35)
    at ClientRequest.eventHandlers.&lt;computed&gt; (/Users/mysoft/Code/AI Coding/party-management-system/api-tests/node_modules/follow-redirects/index.js:49:24)
    at ClientRequest.emit (node:events:507:28)
    at emitErrorEvent (node:_http_client:104:11)
    at Socket.socketErrorListener (node:_http_client:518:5)
    at Socket.emit (node:events:507:28)
    at emitErrorNT (node:internal/streams/destroy:170:8)
    at emitErrorCloseNT (node:internal/streams/destroy:129:3)
    at processTicksAndRejections (node:internal/process/task_queues:90:21)
    at Axios.request (/Users/mysoft/Code/AI Coding/party-management-system/api-tests/node_modules/axios/lib/core/Axios.js:45:41)
    at processTicksAndRejections (node:internal/process/task_queues:105:5)
    at Object.loginAsAdmin (/Users/mysoft/Code/AI Coding/party-management-system/api-tests/setup.js:39:24)
    at Object.getAdminAuthHeaders (/Users/mysoft/Code/AI Coding/party-management-system/api-tests/setup.js:80:7)
    at Object.&lt;anonymous&gt; (/Users/mysoft/Code/AI Coding/party-management-system/api-tests/system-config.test.js:13:20)</failure>
    </testcase>
    <testcase classname="系统配置管理API测试 › 配置导入导出" name="导出系统配置" time="0">
      <failure>Error: thrown: &quot;Exceeded timeout of 30000 ms for a hook.
Add a timeout value to this test to increase the timeout, if this is a long-running test. See https://jestjs.io/docs/api#testname-fn-timeout.&quot;
    at Object.beforeAll (/Users/mysoft/Code/AI Coding/party-management-system/api-tests/setup.js:361:1)
    at Runtime._execModule (/Users/mysoft/Code/AI Coding/party-management-system/api-tests/node_modules/jest-runtime/build/index.js:1439:24)
    at Runtime._loadModule (/Users/mysoft/Code/AI Coding/party-management-system/api-tests/node_modules/jest-runtime/build/index.js:1022:12)
    at Runtime.requireModule (/Users/mysoft/Code/AI Coding/party-management-system/api-tests/node_modules/jest-runtime/build/index.js:882:12)
    at jestAdapter (/Users/mysoft/Code/AI Coding/party-management-system/api-tests/node_modules/jest-circus/build/legacy-code-todo-rewrite/jestAdapter.js:70:15)
    at runTestInternal (/Users/mysoft/Code/AI Coding/party-management-system/api-tests/node_modules/jest-runner/build/runTest.js:367:16)
    at runTest (/Users/mysoft/Code/AI Coding/party-management-system/api-tests/node_modules/jest-runner/build/runTest.js:444:34)</failure>
      <failure>AggregateError: 
    at AxiosError.Object.&lt;anonymous&gt;.AxiosError.from (/Users/mysoft/Code/AI Coding/party-management-system/api-tests/node_modules/axios/lib/core/AxiosError.js:92:14)
    at RedirectableRequest.handleRequestError (/Users/mysoft/Code/AI Coding/party-management-system/api-tests/node_modules/axios/lib/adapters/http.js:620:25)
    at RedirectableRequest.emit (node:events:519:35)
    at ClientRequest.eventHandlers.&lt;computed&gt; (/Users/mysoft/Code/AI Coding/party-management-system/api-tests/node_modules/follow-redirects/index.js:49:24)
    at ClientRequest.emit (node:events:507:28)
    at emitErrorEvent (node:_http_client:104:11)
    at Socket.socketErrorListener (node:_http_client:518:5)
    at Socket.emit (node:events:507:28)
    at emitErrorNT (node:internal/streams/destroy:170:8)
    at emitErrorCloseNT (node:internal/streams/destroy:129:3)
    at processTicksAndRejections (node:internal/process/task_queues:90:21)
    at Axios.request (/Users/mysoft/Code/AI Coding/party-management-system/api-tests/node_modules/axios/lib/core/Axios.js:45:41)
    at processTicksAndRejections (node:internal/process/task_queues:105:5)
    at Object.loginAsAdmin (/Users/mysoft/Code/AI Coding/party-management-system/api-tests/setup.js:39:24)
    at Object.getAdminAuthHeaders (/Users/mysoft/Code/AI Coding/party-management-system/api-tests/setup.js:80:7)
    at Object.&lt;anonymous&gt; (/Users/mysoft/Code/AI Coding/party-management-system/api-tests/system-config.test.js:13:20)</failure>
    </testcase>
    <testcase classname="系统配置管理API测试 › 配置导入导出" name="按分类导出配置" time="0">
      <failure>Error: thrown: &quot;Exceeded timeout of 30000 ms for a hook.
Add a timeout value to this test to increase the timeout, if this is a long-running test. See https://jestjs.io/docs/api#testname-fn-timeout.&quot;
    at Object.beforeAll (/Users/mysoft/Code/AI Coding/party-management-system/api-tests/setup.js:361:1)
    at Runtime._execModule (/Users/mysoft/Code/AI Coding/party-management-system/api-tests/node_modules/jest-runtime/build/index.js:1439:24)
    at Runtime._loadModule (/Users/mysoft/Code/AI Coding/party-management-system/api-tests/node_modules/jest-runtime/build/index.js:1022:12)
    at Runtime.requireModule (/Users/mysoft/Code/AI Coding/party-management-system/api-tests/node_modules/jest-runtime/build/index.js:882:12)
    at jestAdapter (/Users/mysoft/Code/AI Coding/party-management-system/api-tests/node_modules/jest-circus/build/legacy-code-todo-rewrite/jestAdapter.js:70:15)
    at runTestInternal (/Users/mysoft/Code/AI Coding/party-management-system/api-tests/node_modules/jest-runner/build/runTest.js:367:16)
    at runTest (/Users/mysoft/Code/AI Coding/party-management-system/api-tests/node_modules/jest-runner/build/runTest.js:444:34)</failure>
      <failure>AggregateError: 
    at AxiosError.Object.&lt;anonymous&gt;.AxiosError.from (/Users/mysoft/Code/AI Coding/party-management-system/api-tests/node_modules/axios/lib/core/AxiosError.js:92:14)
    at RedirectableRequest.handleRequestError (/Users/mysoft/Code/AI Coding/party-management-system/api-tests/node_modules/axios/lib/adapters/http.js:620:25)
    at RedirectableRequest.emit (node:events:519:35)
    at ClientRequest.eventHandlers.&lt;computed&gt; (/Users/mysoft/Code/AI Coding/party-management-system/api-tests/node_modules/follow-redirects/index.js:49:24)
    at ClientRequest.emit (node:events:507:28)
    at emitErrorEvent (node:_http_client:104:11)
    at Socket.socketErrorListener (node:_http_client:518:5)
    at Socket.emit (node:events:507:28)
    at emitErrorNT (node:internal/streams/destroy:170:8)
    at emitErrorCloseNT (node:internal/streams/destroy:129:3)
    at processTicksAndRejections (node:internal/process/task_queues:90:21)
    at Axios.request (/Users/mysoft/Code/AI Coding/party-management-system/api-tests/node_modules/axios/lib/core/Axios.js:45:41)
    at processTicksAndRejections (node:internal/process/task_queues:105:5)
    at Object.loginAsAdmin (/Users/mysoft/Code/AI Coding/party-management-system/api-tests/setup.js:39:24)
    at Object.getAdminAuthHeaders (/Users/mysoft/Code/AI Coding/party-management-system/api-tests/setup.js:80:7)
    at Object.&lt;anonymous&gt; (/Users/mysoft/Code/AI Coding/party-management-system/api-tests/system-config.test.js:13:20)</failure>
    </testcase>
    <testcase classname="系统配置管理API测试 › 配置导入导出" name="导入系统配置" time="0">
      <failure>Error: thrown: &quot;Exceeded timeout of 30000 ms for a hook.
Add a timeout value to this test to increase the timeout, if this is a long-running test. See https://jestjs.io/docs/api#testname-fn-timeout.&quot;
    at Object.beforeAll (/Users/mysoft/Code/AI Coding/party-management-system/api-tests/setup.js:361:1)
    at Runtime._execModule (/Users/mysoft/Code/AI Coding/party-management-system/api-tests/node_modules/jest-runtime/build/index.js:1439:24)
    at Runtime._loadModule (/Users/mysoft/Code/AI Coding/party-management-system/api-tests/node_modules/jest-runtime/build/index.js:1022:12)
    at Runtime.requireModule (/Users/mysoft/Code/AI Coding/party-management-system/api-tests/node_modules/jest-runtime/build/index.js:882:12)
    at jestAdapter (/Users/mysoft/Code/AI Coding/party-management-system/api-tests/node_modules/jest-circus/build/legacy-code-todo-rewrite/jestAdapter.js:70:15)
    at runTestInternal (/Users/mysoft/Code/AI Coding/party-management-system/api-tests/node_modules/jest-runner/build/runTest.js:367:16)
    at runTest (/Users/mysoft/Code/AI Coding/party-management-system/api-tests/node_modules/jest-runner/build/runTest.js:444:34)</failure>
      <failure>AggregateError: 
    at AxiosError.Object.&lt;anonymous&gt;.AxiosError.from (/Users/mysoft/Code/AI Coding/party-management-system/api-tests/node_modules/axios/lib/core/AxiosError.js:92:14)
    at RedirectableRequest.handleRequestError (/Users/mysoft/Code/AI Coding/party-management-system/api-tests/node_modules/axios/lib/adapters/http.js:620:25)
    at RedirectableRequest.emit (node:events:519:35)
    at ClientRequest.eventHandlers.&lt;computed&gt; (/Users/mysoft/Code/AI Coding/party-management-system/api-tests/node_modules/follow-redirects/index.js:49:24)
    at ClientRequest.emit (node:events:507:28)
    at emitErrorEvent (node:_http_client:104:11)
    at Socket.socketErrorListener (node:_http_client:518:5)
    at Socket.emit (node:events:507:28)
    at emitErrorNT (node:internal/streams/destroy:170:8)
    at emitErrorCloseNT (node:internal/streams/destroy:129:3)
    at processTicksAndRejections (node:internal/process/task_queues:90:21)
    at Axios.request (/Users/mysoft/Code/AI Coding/party-management-system/api-tests/node_modules/axios/lib/core/Axios.js:45:41)
    at processTicksAndRejections (node:internal/process/task_queues:105:5)
    at Object.loginAsAdmin (/Users/mysoft/Code/AI Coding/party-management-system/api-tests/setup.js:39:24)
    at Object.getAdminAuthHeaders (/Users/mysoft/Code/AI Coding/party-management-system/api-tests/setup.js:80:7)
    at Object.&lt;anonymous&gt; (/Users/mysoft/Code/AI Coding/party-management-system/api-tests/system-config.test.js:13:20)</failure>
    </testcase>
    <testcase classname="系统配置管理API测试 › 配置导入导出" name="导入重复配置应跳过" time="0">
      <failure>Error: thrown: &quot;Exceeded timeout of 30000 ms for a hook.
Add a timeout value to this test to increase the timeout, if this is a long-running test. See https://jestjs.io/docs/api#testname-fn-timeout.&quot;
    at Object.beforeAll (/Users/mysoft/Code/AI Coding/party-management-system/api-tests/setup.js:361:1)
    at Runtime._execModule (/Users/mysoft/Code/AI Coding/party-management-system/api-tests/node_modules/jest-runtime/build/index.js:1439:24)
    at Runtime._loadModule (/Users/mysoft/Code/AI Coding/party-management-system/api-tests/node_modules/jest-runtime/build/index.js:1022:12)
    at Runtime.requireModule (/Users/mysoft/Code/AI Coding/party-management-system/api-tests/node_modules/jest-runtime/build/index.js:882:12)
    at jestAdapter (/Users/mysoft/Code/AI Coding/party-management-system/api-tests/node_modules/jest-circus/build/legacy-code-todo-rewrite/jestAdapter.js:70:15)
    at runTestInternal (/Users/mysoft/Code/AI Coding/party-management-system/api-tests/node_modules/jest-runner/build/runTest.js:367:16)
    at runTest (/Users/mysoft/Code/AI Coding/party-management-system/api-tests/node_modules/jest-runner/build/runTest.js:444:34)</failure>
      <failure>AggregateError: 
    at AxiosError.Object.&lt;anonymous&gt;.AxiosError.from (/Users/mysoft/Code/AI Coding/party-management-system/api-tests/node_modules/axios/lib/core/AxiosError.js:92:14)
    at RedirectableRequest.handleRequestError (/Users/mysoft/Code/AI Coding/party-management-system/api-tests/node_modules/axios/lib/adapters/http.js:620:25)
    at RedirectableRequest.emit (node:events:519:35)
    at ClientRequest.eventHandlers.&lt;computed&gt; (/Users/mysoft/Code/AI Coding/party-management-system/api-tests/node_modules/follow-redirects/index.js:49:24)
    at ClientRequest.emit (node:events:507:28)
    at emitErrorEvent (node:_http_client:104:11)
    at Socket.socketErrorListener (node:_http_client:518:5)
    at Socket.emit (node:events:507:28)
    at emitErrorNT (node:internal/streams/destroy:170:8)
    at emitErrorCloseNT (node:internal/streams/destroy:129:3)
    at processTicksAndRejections (node:internal/process/task_queues:90:21)
    at Axios.request (/Users/mysoft/Code/AI Coding/party-management-system/api-tests/node_modules/axios/lib/core/Axios.js:45:41)
    at processTicksAndRejections (node:internal/process/task_queues:105:5)
    at Object.loginAsAdmin (/Users/mysoft/Code/AI Coding/party-management-system/api-tests/setup.js:39:24)
    at Object.getAdminAuthHeaders (/Users/mysoft/Code/AI Coding/party-management-system/api-tests/setup.js:80:7)
    at Object.&lt;anonymous&gt; (/Users/mysoft/Code/AI Coding/party-management-system/api-tests/system-config.test.js:13:20)</failure>
    </testcase>
    <testcase classname="系统配置管理API测试 › 配置导入导出" name="普通用户导入导出应失败" time="0">
      <failure>Error: thrown: &quot;Exceeded timeout of 30000 ms for a hook.
Add a timeout value to this test to increase the timeout, if this is a long-running test. See https://jestjs.io/docs/api#testname-fn-timeout.&quot;
    at Object.beforeAll (/Users/mysoft/Code/AI Coding/party-management-system/api-tests/setup.js:361:1)
    at Runtime._execModule (/Users/mysoft/Code/AI Coding/party-management-system/api-tests/node_modules/jest-runtime/build/index.js:1439:24)
    at Runtime._loadModule (/Users/mysoft/Code/AI Coding/party-management-system/api-tests/node_modules/jest-runtime/build/index.js:1022:12)
    at Runtime.requireModule (/Users/mysoft/Code/AI Coding/party-management-system/api-tests/node_modules/jest-runtime/build/index.js:882:12)
    at jestAdapter (/Users/mysoft/Code/AI Coding/party-management-system/api-tests/node_modules/jest-circus/build/legacy-code-todo-rewrite/jestAdapter.js:70:15)
    at runTestInternal (/Users/mysoft/Code/AI Coding/party-management-system/api-tests/node_modules/jest-runner/build/runTest.js:367:16)
    at runTest (/Users/mysoft/Code/AI Coding/party-management-system/api-tests/node_modules/jest-runner/build/runTest.js:444:34)</failure>
      <failure>AggregateError: 
    at AxiosError.Object.&lt;anonymous&gt;.AxiosError.from (/Users/mysoft/Code/AI Coding/party-management-system/api-tests/node_modules/axios/lib/core/AxiosError.js:92:14)
    at RedirectableRequest.handleRequestError (/Users/mysoft/Code/AI Coding/party-management-system/api-tests/node_modules/axios/lib/adapters/http.js:620:25)
    at RedirectableRequest.emit (node:events:519:35)
    at ClientRequest.eventHandlers.&lt;computed&gt; (/Users/mysoft/Code/AI Coding/party-management-system/api-tests/node_modules/follow-redirects/index.js:49:24)
    at ClientRequest.emit (node:events:507:28)
    at emitErrorEvent (node:_http_client:104:11)
    at Socket.socketErrorListener (node:_http_client:518:5)
    at Socket.emit (node:events:507:28)
    at emitErrorNT (node:internal/streams/destroy:170:8)
    at emitErrorCloseNT (node:internal/streams/destroy:129:3)
    at processTicksAndRejections (node:internal/process/task_queues:90:21)
    at Axios.request (/Users/mysoft/Code/AI Coding/party-management-system/api-tests/node_modules/axios/lib/core/Axios.js:45:41)
    at processTicksAndRejections (node:internal/process/task_queues:105:5)
    at Object.loginAsAdmin (/Users/mysoft/Code/AI Coding/party-management-system/api-tests/setup.js:39:24)
    at Object.getAdminAuthHeaders (/Users/mysoft/Code/AI Coding/party-management-system/api-tests/setup.js:80:7)
    at Object.&lt;anonymous&gt; (/Users/mysoft/Code/AI Coding/party-management-system/api-tests/system-config.test.js:13:20)</failure>
    </testcase>
    <testcase classname="系统配置管理API测试 › 性能测试" name="批量创建配置性能" time="0">
      <failure>Error: thrown: &quot;Exceeded timeout of 30000 ms for a hook.
Add a timeout value to this test to increase the timeout, if this is a long-running test. See https://jestjs.io/docs/api#testname-fn-timeout.&quot;
    at Object.beforeAll (/Users/mysoft/Code/AI Coding/party-management-system/api-tests/setup.js:361:1)
    at Runtime._execModule (/Users/mysoft/Code/AI Coding/party-management-system/api-tests/node_modules/jest-runtime/build/index.js:1439:24)
    at Runtime._loadModule (/Users/mysoft/Code/AI Coding/party-management-system/api-tests/node_modules/jest-runtime/build/index.js:1022:12)
    at Runtime.requireModule (/Users/mysoft/Code/AI Coding/party-management-system/api-tests/node_modules/jest-runtime/build/index.js:882:12)
    at jestAdapter (/Users/mysoft/Code/AI Coding/party-management-system/api-tests/node_modules/jest-circus/build/legacy-code-todo-rewrite/jestAdapter.js:70:15)
    at runTestInternal (/Users/mysoft/Code/AI Coding/party-management-system/api-tests/node_modules/jest-runner/build/runTest.js:367:16)
    at runTest (/Users/mysoft/Code/AI Coding/party-management-system/api-tests/node_modules/jest-runner/build/runTest.js:444:34)</failure>
      <failure>AggregateError: 
    at AxiosError.Object.&lt;anonymous&gt;.AxiosError.from (/Users/mysoft/Code/AI Coding/party-management-system/api-tests/node_modules/axios/lib/core/AxiosError.js:92:14)
    at RedirectableRequest.handleRequestError (/Users/mysoft/Code/AI Coding/party-management-system/api-tests/node_modules/axios/lib/adapters/http.js:620:25)
    at RedirectableRequest.emit (node:events:519:35)
    at ClientRequest.eventHandlers.&lt;computed&gt; (/Users/mysoft/Code/AI Coding/party-management-system/api-tests/node_modules/follow-redirects/index.js:49:24)
    at ClientRequest.emit (node:events:507:28)
    at emitErrorEvent (node:_http_client:104:11)
    at Socket.socketErrorListener (node:_http_client:518:5)
    at Socket.emit (node:events:507:28)
    at emitErrorNT (node:internal/streams/destroy:170:8)
    at emitErrorCloseNT (node:internal/streams/destroy:129:3)
    at processTicksAndRejections (node:internal/process/task_queues:90:21)
    at Axios.request (/Users/mysoft/Code/AI Coding/party-management-system/api-tests/node_modules/axios/lib/core/Axios.js:45:41)
    at processTicksAndRejections (node:internal/process/task_queues:105:5)
    at Object.loginAsAdmin (/Users/mysoft/Code/AI Coding/party-management-system/api-tests/setup.js:39:24)
    at Object.getAdminAuthHeaders (/Users/mysoft/Code/AI Coding/party-management-system/api-tests/setup.js:80:7)
    at Object.&lt;anonymous&gt; (/Users/mysoft/Code/AI Coding/party-management-system/api-tests/system-config.test.js:13:20)</failure>
    </testcase>
    <testcase classname="系统配置管理API测试 › 性能测试" name="大数据量查询性能" time="0">
      <failure>Error: thrown: &quot;Exceeded timeout of 30000 ms for a hook.
Add a timeout value to this test to increase the timeout, if this is a long-running test. See https://jestjs.io/docs/api#testname-fn-timeout.&quot;
    at Object.beforeAll (/Users/mysoft/Code/AI Coding/party-management-system/api-tests/setup.js:361:1)
    at Runtime._execModule (/Users/mysoft/Code/AI Coding/party-management-system/api-tests/node_modules/jest-runtime/build/index.js:1439:24)
    at Runtime._loadModule (/Users/mysoft/Code/AI Coding/party-management-system/api-tests/node_modules/jest-runtime/build/index.js:1022:12)
    at Runtime.requireModule (/Users/mysoft/Code/AI Coding/party-management-system/api-tests/node_modules/jest-runtime/build/index.js:882:12)
    at jestAdapter (/Users/mysoft/Code/AI Coding/party-management-system/api-tests/node_modules/jest-circus/build/legacy-code-todo-rewrite/jestAdapter.js:70:15)
    at runTestInternal (/Users/mysoft/Code/AI Coding/party-management-system/api-tests/node_modules/jest-runner/build/runTest.js:367:16)
    at runTest (/Users/mysoft/Code/AI Coding/party-management-system/api-tests/node_modules/jest-runner/build/runTest.js:444:34)</failure>
      <failure>AggregateError: 
    at AxiosError.Object.&lt;anonymous&gt;.AxiosError.from (/Users/mysoft/Code/AI Coding/party-management-system/api-tests/node_modules/axios/lib/core/AxiosError.js:92:14)
    at RedirectableRequest.handleRequestError (/Users/mysoft/Code/AI Coding/party-management-system/api-tests/node_modules/axios/lib/adapters/http.js:620:25)
    at RedirectableRequest.emit (node:events:519:35)
    at ClientRequest.eventHandlers.&lt;computed&gt; (/Users/mysoft/Code/AI Coding/party-management-system/api-tests/node_modules/follow-redirects/index.js:49:24)
    at ClientRequest.emit (node:events:507:28)
    at emitErrorEvent (node:_http_client:104:11)
    at Socket.socketErrorListener (node:_http_client:518:5)
    at Socket.emit (node:events:507:28)
    at emitErrorNT (node:internal/streams/destroy:170:8)
    at emitErrorCloseNT (node:internal/streams/destroy:129:3)
    at processTicksAndRejections (node:internal/process/task_queues:90:21)
    at Axios.request (/Users/mysoft/Code/AI Coding/party-management-system/api-tests/node_modules/axios/lib/core/Axios.js:45:41)
    at processTicksAndRejections (node:internal/process/task_queues:105:5)
    at Object.loginAsAdmin (/Users/mysoft/Code/AI Coding/party-management-system/api-tests/setup.js:39:24)
    at Object.getAdminAuthHeaders (/Users/mysoft/Code/AI Coding/party-management-system/api-tests/setup.js:80:7)
    at Object.&lt;anonymous&gt; (/Users/mysoft/Code/AI Coding/party-management-system/api-tests/system-config.test.js:13:20)</failure>
    </testcase>
  </testsuite>
  <testsuite name="认证API测试" errors="0" failures="28" skipped="0" timestamp="2025-08-25T10:40:10" time="30.228" tests="28">
    <testcase classname="认证API测试 › 用户注册" name="正常注册新用户" time="0">
      <failure>Error: thrown: &quot;Exceeded timeout of 30000 ms for a hook.
Add a timeout value to this test to increase the timeout, if this is a long-running test. See https://jestjs.io/docs/api#testname-fn-timeout.&quot;
    at Object.beforeAll (/Users/mysoft/Code/AI Coding/party-management-system/api-tests/setup.js:361:1)
    at Runtime._execModule (/Users/mysoft/Code/AI Coding/party-management-system/api-tests/node_modules/jest-runtime/build/index.js:1439:24)
    at Runtime._loadModule (/Users/mysoft/Code/AI Coding/party-management-system/api-tests/node_modules/jest-runtime/build/index.js:1022:12)
    at Runtime.requireModule (/Users/mysoft/Code/AI Coding/party-management-system/api-tests/node_modules/jest-runtime/build/index.js:882:12)
    at jestAdapter (/Users/mysoft/Code/AI Coding/party-management-system/api-tests/node_modules/jest-circus/build/legacy-code-todo-rewrite/jestAdapter.js:70:15)
    at runTestInternal (/Users/mysoft/Code/AI Coding/party-management-system/api-tests/node_modules/jest-runner/build/runTest.js:367:16)
    at runTest (/Users/mysoft/Code/AI Coding/party-management-system/api-tests/node_modules/jest-runner/build/runTest.js:444:34)</failure>
    </testcase>
    <testcase classname="认证API测试 › 用户注册" name="用户名重复注册应失败" time="0">
      <failure>Error: thrown: &quot;Exceeded timeout of 30000 ms for a hook.
Add a timeout value to this test to increase the timeout, if this is a long-running test. See https://jestjs.io/docs/api#testname-fn-timeout.&quot;
    at Object.beforeAll (/Users/mysoft/Code/AI Coding/party-management-system/api-tests/setup.js:361:1)
    at Runtime._execModule (/Users/mysoft/Code/AI Coding/party-management-system/api-tests/node_modules/jest-runtime/build/index.js:1439:24)
    at Runtime._loadModule (/Users/mysoft/Code/AI Coding/party-management-system/api-tests/node_modules/jest-runtime/build/index.js:1022:12)
    at Runtime.requireModule (/Users/mysoft/Code/AI Coding/party-management-system/api-tests/node_modules/jest-runtime/build/index.js:882:12)
    at jestAdapter (/Users/mysoft/Code/AI Coding/party-management-system/api-tests/node_modules/jest-circus/build/legacy-code-todo-rewrite/jestAdapter.js:70:15)
    at runTestInternal (/Users/mysoft/Code/AI Coding/party-management-system/api-tests/node_modules/jest-runner/build/runTest.js:367:16)
    at runTest (/Users/mysoft/Code/AI Coding/party-management-system/api-tests/node_modules/jest-runner/build/runTest.js:444:34)</failure>
    </testcase>
    <testcase classname="认证API测试 › 用户注册" name="邮箱重复注册应失败" time="0">
      <failure>Error: thrown: &quot;Exceeded timeout of 30000 ms for a hook.
Add a timeout value to this test to increase the timeout, if this is a long-running test. See https://jestjs.io/docs/api#testname-fn-timeout.&quot;
    at Object.beforeAll (/Users/mysoft/Code/AI Coding/party-management-system/api-tests/setup.js:361:1)
    at Runtime._execModule (/Users/mysoft/Code/AI Coding/party-management-system/api-tests/node_modules/jest-runtime/build/index.js:1439:24)
    at Runtime._loadModule (/Users/mysoft/Code/AI Coding/party-management-system/api-tests/node_modules/jest-runtime/build/index.js:1022:12)
    at Runtime.requireModule (/Users/mysoft/Code/AI Coding/party-management-system/api-tests/node_modules/jest-runtime/build/index.js:882:12)
    at jestAdapter (/Users/mysoft/Code/AI Coding/party-management-system/api-tests/node_modules/jest-circus/build/legacy-code-todo-rewrite/jestAdapter.js:70:15)
    at runTestInternal (/Users/mysoft/Code/AI Coding/party-management-system/api-tests/node_modules/jest-runner/build/runTest.js:367:16)
    at runTest (/Users/mysoft/Code/AI Coding/party-management-system/api-tests/node_modules/jest-runner/build/runTest.js:444:34)</failure>
    </testcase>
    <testcase classname="认证API测试 › 用户注册" name="缺少必填字段注册应失败" time="0.001">
      <failure>Error: thrown: &quot;Exceeded timeout of 30000 ms for a hook.
Add a timeout value to this test to increase the timeout, if this is a long-running test. See https://jestjs.io/docs/api#testname-fn-timeout.&quot;
    at Object.beforeAll (/Users/mysoft/Code/AI Coding/party-management-system/api-tests/setup.js:361:1)
    at Runtime._execModule (/Users/mysoft/Code/AI Coding/party-management-system/api-tests/node_modules/jest-runtime/build/index.js:1439:24)
    at Runtime._loadModule (/Users/mysoft/Code/AI Coding/party-management-system/api-tests/node_modules/jest-runtime/build/index.js:1022:12)
    at Runtime.requireModule (/Users/mysoft/Code/AI Coding/party-management-system/api-tests/node_modules/jest-runtime/build/index.js:882:12)
    at jestAdapter (/Users/mysoft/Code/AI Coding/party-management-system/api-tests/node_modules/jest-circus/build/legacy-code-todo-rewrite/jestAdapter.js:70:15)
    at runTestInternal (/Users/mysoft/Code/AI Coding/party-management-system/api-tests/node_modules/jest-runner/build/runTest.js:367:16)
    at runTest (/Users/mysoft/Code/AI Coding/party-management-system/api-tests/node_modules/jest-runner/build/runTest.js:444:34)</failure>
    </testcase>
    <testcase classname="认证API测试 › 用户注册" name="无效邮箱格式注册应失败" time="0">
      <failure>Error: thrown: &quot;Exceeded timeout of 30000 ms for a hook.
Add a timeout value to this test to increase the timeout, if this is a long-running test. See https://jestjs.io/docs/api#testname-fn-timeout.&quot;
    at Object.beforeAll (/Users/mysoft/Code/AI Coding/party-management-system/api-tests/setup.js:361:1)
    at Runtime._execModule (/Users/mysoft/Code/AI Coding/party-management-system/api-tests/node_modules/jest-runtime/build/index.js:1439:24)
    at Runtime._loadModule (/Users/mysoft/Code/AI Coding/party-management-system/api-tests/node_modules/jest-runtime/build/index.js:1022:12)
    at Runtime.requireModule (/Users/mysoft/Code/AI Coding/party-management-system/api-tests/node_modules/jest-runtime/build/index.js:882:12)
    at jestAdapter (/Users/mysoft/Code/AI Coding/party-management-system/api-tests/node_modules/jest-circus/build/legacy-code-todo-rewrite/jestAdapter.js:70:15)
    at runTestInternal (/Users/mysoft/Code/AI Coding/party-management-system/api-tests/node_modules/jest-runner/build/runTest.js:367:16)
    at runTest (/Users/mysoft/Code/AI Coding/party-management-system/api-tests/node_modules/jest-runner/build/runTest.js:444:34)</failure>
    </testcase>
    <testcase classname="认证API测试 › 用户登录" name="正确用户名密码登录" time="0.001">
      <failure>Error: thrown: &quot;Exceeded timeout of 30000 ms for a hook.
Add a timeout value to this test to increase the timeout, if this is a long-running test. See https://jestjs.io/docs/api#testname-fn-timeout.&quot;
    at Object.beforeAll (/Users/mysoft/Code/AI Coding/party-management-system/api-tests/setup.js:361:1)
    at Runtime._execModule (/Users/mysoft/Code/AI Coding/party-management-system/api-tests/node_modules/jest-runtime/build/index.js:1439:24)
    at Runtime._loadModule (/Users/mysoft/Code/AI Coding/party-management-system/api-tests/node_modules/jest-runtime/build/index.js:1022:12)
    at Runtime.requireModule (/Users/mysoft/Code/AI Coding/party-management-system/api-tests/node_modules/jest-runtime/build/index.js:882:12)
    at jestAdapter (/Users/mysoft/Code/AI Coding/party-management-system/api-tests/node_modules/jest-circus/build/legacy-code-todo-rewrite/jestAdapter.js:70:15)
    at runTestInternal (/Users/mysoft/Code/AI Coding/party-management-system/api-tests/node_modules/jest-runner/build/runTest.js:367:16)
    at runTest (/Users/mysoft/Code/AI Coding/party-management-system/api-tests/node_modules/jest-runner/build/runTest.js:444:34)</failure>
      <failure>TypeError: Cannot read properties of undefined (reading &apos;data&apos;)
    at Object.data (/Users/mysoft/Code/AI Coding/party-management-system/api-tests/auth.test.js:80:64)
    at processTicksAndRejections (node:internal/process/task_queues:105:5)</failure>
    </testcase>
    <testcase classname="认证API测试 › 用户登录" name="错误用户名登录应失败" time="0">
      <failure>Error: thrown: &quot;Exceeded timeout of 30000 ms for a hook.
Add a timeout value to this test to increase the timeout, if this is a long-running test. See https://jestjs.io/docs/api#testname-fn-timeout.&quot;
    at Object.beforeAll (/Users/mysoft/Code/AI Coding/party-management-system/api-tests/setup.js:361:1)
    at Runtime._execModule (/Users/mysoft/Code/AI Coding/party-management-system/api-tests/node_modules/jest-runtime/build/index.js:1439:24)
    at Runtime._loadModule (/Users/mysoft/Code/AI Coding/party-management-system/api-tests/node_modules/jest-runtime/build/index.js:1022:12)
    at Runtime.requireModule (/Users/mysoft/Code/AI Coding/party-management-system/api-tests/node_modules/jest-runtime/build/index.js:882:12)
    at jestAdapter (/Users/mysoft/Code/AI Coding/party-management-system/api-tests/node_modules/jest-circus/build/legacy-code-todo-rewrite/jestAdapter.js:70:15)
    at runTestInternal (/Users/mysoft/Code/AI Coding/party-management-system/api-tests/node_modules/jest-runner/build/runTest.js:367:16)
    at runTest (/Users/mysoft/Code/AI Coding/party-management-system/api-tests/node_modules/jest-runner/build/runTest.js:444:34)</failure>
      <failure>TypeError: Cannot read properties of undefined (reading &apos;data&apos;)
    at Object.data (/Users/mysoft/Code/AI Coding/party-management-system/api-tests/auth.test.js:80:64)
    at processTicksAndRejections (node:internal/process/task_queues:105:5)</failure>
    </testcase>
    <testcase classname="认证API测试 › 用户登录" name="错误密码登录应失败" time="0">
      <failure>Error: thrown: &quot;Exceeded timeout of 30000 ms for a hook.
Add a timeout value to this test to increase the timeout, if this is a long-running test. See https://jestjs.io/docs/api#testname-fn-timeout.&quot;
    at Object.beforeAll (/Users/mysoft/Code/AI Coding/party-management-system/api-tests/setup.js:361:1)
    at Runtime._execModule (/Users/mysoft/Code/AI Coding/party-management-system/api-tests/node_modules/jest-runtime/build/index.js:1439:24)
    at Runtime._loadModule (/Users/mysoft/Code/AI Coding/party-management-system/api-tests/node_modules/jest-runtime/build/index.js:1022:12)
    at Runtime.requireModule (/Users/mysoft/Code/AI Coding/party-management-system/api-tests/node_modules/jest-runtime/build/index.js:882:12)
    at jestAdapter (/Users/mysoft/Code/AI Coding/party-management-system/api-tests/node_modules/jest-circus/build/legacy-code-todo-rewrite/jestAdapter.js:70:15)
    at runTestInternal (/Users/mysoft/Code/AI Coding/party-management-system/api-tests/node_modules/jest-runner/build/runTest.js:367:16)
    at runTest (/Users/mysoft/Code/AI Coding/party-management-system/api-tests/node_modules/jest-runner/build/runTest.js:444:34)</failure>
      <failure>TypeError: Cannot read properties of undefined (reading &apos;data&apos;)
    at Object.data (/Users/mysoft/Code/AI Coding/party-management-system/api-tests/auth.test.js:80:64)
    at processTicksAndRejections (node:internal/process/task_queues:105:5)</failure>
    </testcase>
    <testcase classname="认证API测试 › 用户登录" name="空用户名登录应失败" time="0">
      <failure>Error: thrown: &quot;Exceeded timeout of 30000 ms for a hook.
Add a timeout value to this test to increase the timeout, if this is a long-running test. See https://jestjs.io/docs/api#testname-fn-timeout.&quot;
    at Object.beforeAll (/Users/mysoft/Code/AI Coding/party-management-system/api-tests/setup.js:361:1)
    at Runtime._execModule (/Users/mysoft/Code/AI Coding/party-management-system/api-tests/node_modules/jest-runtime/build/index.js:1439:24)
    at Runtime._loadModule (/Users/mysoft/Code/AI Coding/party-management-system/api-tests/node_modules/jest-runtime/build/index.js:1022:12)
    at Runtime.requireModule (/Users/mysoft/Code/AI Coding/party-management-system/api-tests/node_modules/jest-runtime/build/index.js:882:12)
    at jestAdapter (/Users/mysoft/Code/AI Coding/party-management-system/api-tests/node_modules/jest-circus/build/legacy-code-todo-rewrite/jestAdapter.js:70:15)
    at runTestInternal (/Users/mysoft/Code/AI Coding/party-management-system/api-tests/node_modules/jest-runner/build/runTest.js:367:16)
    at runTest (/Users/mysoft/Code/AI Coding/party-management-system/api-tests/node_modules/jest-runner/build/runTest.js:444:34)</failure>
      <failure>TypeError: Cannot read properties of undefined (reading &apos;data&apos;)
    at Object.data (/Users/mysoft/Code/AI Coding/party-management-system/api-tests/auth.test.js:80:64)
    at processTicksAndRejections (node:internal/process/task_queues:105:5)</failure>
    </testcase>
    <testcase classname="认证API测试 › 用户登录" name="空密码登录应失败" time="0">
      <failure>Error: thrown: &quot;Exceeded timeout of 30000 ms for a hook.
Add a timeout value to this test to increase the timeout, if this is a long-running test. See https://jestjs.io/docs/api#testname-fn-timeout.&quot;
    at Object.beforeAll (/Users/mysoft/Code/AI Coding/party-management-system/api-tests/setup.js:361:1)
    at Runtime._execModule (/Users/mysoft/Code/AI Coding/party-management-system/api-tests/node_modules/jest-runtime/build/index.js:1439:24)
    at Runtime._loadModule (/Users/mysoft/Code/AI Coding/party-management-system/api-tests/node_modules/jest-runtime/build/index.js:1022:12)
    at Runtime.requireModule (/Users/mysoft/Code/AI Coding/party-management-system/api-tests/node_modules/jest-runtime/build/index.js:882:12)
    at jestAdapter (/Users/mysoft/Code/AI Coding/party-management-system/api-tests/node_modules/jest-circus/build/legacy-code-todo-rewrite/jestAdapter.js:70:15)
    at runTestInternal (/Users/mysoft/Code/AI Coding/party-management-system/api-tests/node_modules/jest-runner/build/runTest.js:367:16)
    at runTest (/Users/mysoft/Code/AI Coding/party-management-system/api-tests/node_modules/jest-runner/build/runTest.js:444:34)</failure>
      <failure>TypeError: Cannot read properties of undefined (reading &apos;data&apos;)
    at Object.data (/Users/mysoft/Code/AI Coding/party-management-system/api-tests/auth.test.js:80:64)
    at processTicksAndRejections (node:internal/process/task_queues:105:5)</failure>
    </testcase>
    <testcase classname="认证API测试 › Token验证" name="有效token访问受保护资源" time="0">
      <failure>Error: thrown: &quot;Exceeded timeout of 30000 ms for a hook.
Add a timeout value to this test to increase the timeout, if this is a long-running test. See https://jestjs.io/docs/api#testname-fn-timeout.&quot;
    at Object.beforeAll (/Users/mysoft/Code/AI Coding/party-management-system/api-tests/setup.js:361:1)
    at Runtime._execModule (/Users/mysoft/Code/AI Coding/party-management-system/api-tests/node_modules/jest-runtime/build/index.js:1439:24)
    at Runtime._loadModule (/Users/mysoft/Code/AI Coding/party-management-system/api-tests/node_modules/jest-runtime/build/index.js:1022:12)
    at Runtime.requireModule (/Users/mysoft/Code/AI Coding/party-management-system/api-tests/node_modules/jest-runtime/build/index.js:882:12)
    at jestAdapter (/Users/mysoft/Code/AI Coding/party-management-system/api-tests/node_modules/jest-circus/build/legacy-code-todo-rewrite/jestAdapter.js:70:15)
    at runTestInternal (/Users/mysoft/Code/AI Coding/party-management-system/api-tests/node_modules/jest-runner/build/runTest.js:367:16)
    at runTest (/Users/mysoft/Code/AI Coding/party-management-system/api-tests/node_modules/jest-runner/build/runTest.js:444:34)</failure>
      <failure>TypeError: Cannot read properties of undefined (reading &apos;data&apos;)
    at Object.data (/Users/mysoft/Code/AI Coding/party-management-system/api-tests/auth.test.js:154:38)
    at processTicksAndRejections (node:internal/process/task_queues:105:5)</failure>
    </testcase>
    <testcase classname="认证API测试 › Token验证" name="无token访问受保护资源应失败" time="0">
      <failure>Error: thrown: &quot;Exceeded timeout of 30000 ms for a hook.
Add a timeout value to this test to increase the timeout, if this is a long-running test. See https://jestjs.io/docs/api#testname-fn-timeout.&quot;
    at Object.beforeAll (/Users/mysoft/Code/AI Coding/party-management-system/api-tests/setup.js:361:1)
    at Runtime._execModule (/Users/mysoft/Code/AI Coding/party-management-system/api-tests/node_modules/jest-runtime/build/index.js:1439:24)
    at Runtime._loadModule (/Users/mysoft/Code/AI Coding/party-management-system/api-tests/node_modules/jest-runtime/build/index.js:1022:12)
    at Runtime.requireModule (/Users/mysoft/Code/AI Coding/party-management-system/api-tests/node_modules/jest-runtime/build/index.js:882:12)
    at jestAdapter (/Users/mysoft/Code/AI Coding/party-management-system/api-tests/node_modules/jest-circus/build/legacy-code-todo-rewrite/jestAdapter.js:70:15)
    at runTestInternal (/Users/mysoft/Code/AI Coding/party-management-system/api-tests/node_modules/jest-runner/build/runTest.js:367:16)
    at runTest (/Users/mysoft/Code/AI Coding/party-management-system/api-tests/node_modules/jest-runner/build/runTest.js:444:34)</failure>
      <failure>TypeError: Cannot read properties of undefined (reading &apos;data&apos;)
    at Object.data (/Users/mysoft/Code/AI Coding/party-management-system/api-tests/auth.test.js:154:38)
    at processTicksAndRejections (node:internal/process/task_queues:105:5)</failure>
    </testcase>
    <testcase classname="认证API测试 › Token验证" name="无效token访问受保护资源应失败" time="0">
      <failure>Error: thrown: &quot;Exceeded timeout of 30000 ms for a hook.
Add a timeout value to this test to increase the timeout, if this is a long-running test. See https://jestjs.io/docs/api#testname-fn-timeout.&quot;
    at Object.beforeAll (/Users/mysoft/Code/AI Coding/party-management-system/api-tests/setup.js:361:1)
    at Runtime._execModule (/Users/mysoft/Code/AI Coding/party-management-system/api-tests/node_modules/jest-runtime/build/index.js:1439:24)
    at Runtime._loadModule (/Users/mysoft/Code/AI Coding/party-management-system/api-tests/node_modules/jest-runtime/build/index.js:1022:12)
    at Runtime.requireModule (/Users/mysoft/Code/AI Coding/party-management-system/api-tests/node_modules/jest-runtime/build/index.js:882:12)
    at jestAdapter (/Users/mysoft/Code/AI Coding/party-management-system/api-tests/node_modules/jest-circus/build/legacy-code-todo-rewrite/jestAdapter.js:70:15)
    at runTestInternal (/Users/mysoft/Code/AI Coding/party-management-system/api-tests/node_modules/jest-runner/build/runTest.js:367:16)
    at runTest (/Users/mysoft/Code/AI Coding/party-management-system/api-tests/node_modules/jest-runner/build/runTest.js:444:34)</failure>
      <failure>TypeError: Cannot read properties of undefined (reading &apos;data&apos;)
    at Object.data (/Users/mysoft/Code/AI Coding/party-management-system/api-tests/auth.test.js:154:38)
    at processTicksAndRejections (node:internal/process/task_queues:105:5)</failure>
    </testcase>
    <testcase classname="认证API测试 › Token验证" name="过期token访问受保护资源应失败" time="0">
      <failure>Error: thrown: &quot;Exceeded timeout of 30000 ms for a hook.
Add a timeout value to this test to increase the timeout, if this is a long-running test. See https://jestjs.io/docs/api#testname-fn-timeout.&quot;
    at Object.beforeAll (/Users/mysoft/Code/AI Coding/party-management-system/api-tests/setup.js:361:1)
    at Runtime._execModule (/Users/mysoft/Code/AI Coding/party-management-system/api-tests/node_modules/jest-runtime/build/index.js:1439:24)
    at Runtime._loadModule (/Users/mysoft/Code/AI Coding/party-management-system/api-tests/node_modules/jest-runtime/build/index.js:1022:12)
    at Runtime.requireModule (/Users/mysoft/Code/AI Coding/party-management-system/api-tests/node_modules/jest-runtime/build/index.js:882:12)
    at jestAdapter (/Users/mysoft/Code/AI Coding/party-management-system/api-tests/node_modules/jest-circus/build/legacy-code-todo-rewrite/jestAdapter.js:70:15)
    at runTestInternal (/Users/mysoft/Code/AI Coding/party-management-system/api-tests/node_modules/jest-runner/build/runTest.js:367:16)
    at runTest (/Users/mysoft/Code/AI Coding/party-management-system/api-tests/node_modules/jest-runner/build/runTest.js:444:34)</failure>
      <failure>TypeError: Cannot read properties of undefined (reading &apos;data&apos;)
    at Object.data (/Users/mysoft/Code/AI Coding/party-management-system/api-tests/auth.test.js:154:38)
    at processTicksAndRejections (node:internal/process/task_queues:105:5)</failure>
    </testcase>
    <testcase classname="认证API测试 › 用户信息管理" name="获取用户信息" time="0">
      <failure>Error: thrown: &quot;Exceeded timeout of 30000 ms for a hook.
Add a timeout value to this test to increase the timeout, if this is a long-running test. See https://jestjs.io/docs/api#testname-fn-timeout.&quot;
    at Object.beforeAll (/Users/mysoft/Code/AI Coding/party-management-system/api-tests/setup.js:361:1)
    at Runtime._execModule (/Users/mysoft/Code/AI Coding/party-management-system/api-tests/node_modules/jest-runtime/build/index.js:1439:24)
    at Runtime._loadModule (/Users/mysoft/Code/AI Coding/party-management-system/api-tests/node_modules/jest-runtime/build/index.js:1022:12)
    at Runtime.requireModule (/Users/mysoft/Code/AI Coding/party-management-system/api-tests/node_modules/jest-runtime/build/index.js:882:12)
    at jestAdapter (/Users/mysoft/Code/AI Coding/party-management-system/api-tests/node_modules/jest-circus/build/legacy-code-todo-rewrite/jestAdapter.js:70:15)
    at runTestInternal (/Users/mysoft/Code/AI Coding/party-management-system/api-tests/node_modules/jest-runner/build/runTest.js:367:16)
    at runTest (/Users/mysoft/Code/AI Coding/party-management-system/api-tests/node_modules/jest-runner/build/runTest.js:444:34)</failure>
      <failure>TypeError: Cannot read properties of undefined (reading &apos;data&apos;)
    at Object.data (/Users/mysoft/Code/AI Coding/party-management-system/api-tests/auth.test.js:199:38)
    at processTicksAndRejections (node:internal/process/task_queues:105:5)</failure>
    </testcase>
    <testcase classname="认证API测试 › 用户信息管理" name="更新用户信息" time="0">
      <failure>Error: thrown: &quot;Exceeded timeout of 30000 ms for a hook.
Add a timeout value to this test to increase the timeout, if this is a long-running test. See https://jestjs.io/docs/api#testname-fn-timeout.&quot;
    at Object.beforeAll (/Users/mysoft/Code/AI Coding/party-management-system/api-tests/setup.js:361:1)
    at Runtime._execModule (/Users/mysoft/Code/AI Coding/party-management-system/api-tests/node_modules/jest-runtime/build/index.js:1439:24)
    at Runtime._loadModule (/Users/mysoft/Code/AI Coding/party-management-system/api-tests/node_modules/jest-runtime/build/index.js:1022:12)
    at Runtime.requireModule (/Users/mysoft/Code/AI Coding/party-management-system/api-tests/node_modules/jest-runtime/build/index.js:882:12)
    at jestAdapter (/Users/mysoft/Code/AI Coding/party-management-system/api-tests/node_modules/jest-circus/build/legacy-code-todo-rewrite/jestAdapter.js:70:15)
    at runTestInternal (/Users/mysoft/Code/AI Coding/party-management-system/api-tests/node_modules/jest-runner/build/runTest.js:367:16)
    at runTest (/Users/mysoft/Code/AI Coding/party-management-system/api-tests/node_modules/jest-runner/build/runTest.js:444:34)</failure>
      <failure>TypeError: Cannot read properties of undefined (reading &apos;data&apos;)
    at Object.data (/Users/mysoft/Code/AI Coding/party-management-system/api-tests/auth.test.js:199:38)
    at processTicksAndRejections (node:internal/process/task_queues:105:5)</failure>
    </testcase>
    <testcase classname="认证API测试 › 用户信息管理" name="修改密码" time="0">
      <failure>Error: thrown: &quot;Exceeded timeout of 30000 ms for a hook.
Add a timeout value to this test to increase the timeout, if this is a long-running test. See https://jestjs.io/docs/api#testname-fn-timeout.&quot;
    at Object.beforeAll (/Users/mysoft/Code/AI Coding/party-management-system/api-tests/setup.js:361:1)
    at Runtime._execModule (/Users/mysoft/Code/AI Coding/party-management-system/api-tests/node_modules/jest-runtime/build/index.js:1439:24)
    at Runtime._loadModule (/Users/mysoft/Code/AI Coding/party-management-system/api-tests/node_modules/jest-runtime/build/index.js:1022:12)
    at Runtime.requireModule (/Users/mysoft/Code/AI Coding/party-management-system/api-tests/node_modules/jest-runtime/build/index.js:882:12)
    at jestAdapter (/Users/mysoft/Code/AI Coding/party-management-system/api-tests/node_modules/jest-circus/build/legacy-code-todo-rewrite/jestAdapter.js:70:15)
    at runTestInternal (/Users/mysoft/Code/AI Coding/party-management-system/api-tests/node_modules/jest-runner/build/runTest.js:367:16)
    at runTest (/Users/mysoft/Code/AI Coding/party-management-system/api-tests/node_modules/jest-runner/build/runTest.js:444:34)</failure>
      <failure>TypeError: Cannot read properties of undefined (reading &apos;data&apos;)
    at Object.data (/Users/mysoft/Code/AI Coding/party-management-system/api-tests/auth.test.js:199:38)
    at processTicksAndRejections (node:internal/process/task_queues:105:5)</failure>
    </testcase>
    <testcase classname="认证API测试 › 用户信息管理" name="错误旧密码修改密码应失败" time="0">
      <failure>Error: thrown: &quot;Exceeded timeout of 30000 ms for a hook.
Add a timeout value to this test to increase the timeout, if this is a long-running test. See https://jestjs.io/docs/api#testname-fn-timeout.&quot;
    at Object.beforeAll (/Users/mysoft/Code/AI Coding/party-management-system/api-tests/setup.js:361:1)
    at Runtime._execModule (/Users/mysoft/Code/AI Coding/party-management-system/api-tests/node_modules/jest-runtime/build/index.js:1439:24)
    at Runtime._loadModule (/Users/mysoft/Code/AI Coding/party-management-system/api-tests/node_modules/jest-runtime/build/index.js:1022:12)
    at Runtime.requireModule (/Users/mysoft/Code/AI Coding/party-management-system/api-tests/node_modules/jest-runtime/build/index.js:882:12)
    at jestAdapter (/Users/mysoft/Code/AI Coding/party-management-system/api-tests/node_modules/jest-circus/build/legacy-code-todo-rewrite/jestAdapter.js:70:15)
    at runTestInternal (/Users/mysoft/Code/AI Coding/party-management-system/api-tests/node_modules/jest-runner/build/runTest.js:367:16)
    at runTest (/Users/mysoft/Code/AI Coding/party-management-system/api-tests/node_modules/jest-runner/build/runTest.js:444:34)</failure>
      <failure>TypeError: Cannot read properties of undefined (reading &apos;data&apos;)
    at Object.data (/Users/mysoft/Code/AI Coding/party-management-system/api-tests/auth.test.js:199:38)
    at processTicksAndRejections (node:internal/process/task_queues:105:5)</failure>
    </testcase>
    <testcase classname="认证API测试 › 权限验证" name="管理员访问管理接口" time="0">
      <failure>Error: thrown: &quot;Exceeded timeout of 30000 ms for a hook.
Add a timeout value to this test to increase the timeout, if this is a long-running test. See https://jestjs.io/docs/api#testname-fn-timeout.&quot;
    at Object.beforeAll (/Users/mysoft/Code/AI Coding/party-management-system/api-tests/setup.js:361:1)
    at Runtime._execModule (/Users/mysoft/Code/AI Coding/party-management-system/api-tests/node_modules/jest-runtime/build/index.js:1439:24)
    at Runtime._loadModule (/Users/mysoft/Code/AI Coding/party-management-system/api-tests/node_modules/jest-runtime/build/index.js:1022:12)
    at Runtime.requireModule (/Users/mysoft/Code/AI Coding/party-management-system/api-tests/node_modules/jest-runtime/build/index.js:882:12)
    at jestAdapter (/Users/mysoft/Code/AI Coding/party-management-system/api-tests/node_modules/jest-circus/build/legacy-code-todo-rewrite/jestAdapter.js:70:15)
    at runTestInternal (/Users/mysoft/Code/AI Coding/party-management-system/api-tests/node_modules/jest-runner/build/runTest.js:367:16)
    at runTest (/Users/mysoft/Code/AI Coding/party-management-system/api-tests/node_modules/jest-runner/build/runTest.js:444:34)</failure>
      <failure>AggregateError: 
    at AxiosError.Object.&lt;anonymous&gt;.AxiosError.from (/Users/mysoft/Code/AI Coding/party-management-system/api-tests/node_modules/axios/lib/core/AxiosError.js:92:14)
    at RedirectableRequest.handleRequestError (/Users/mysoft/Code/AI Coding/party-management-system/api-tests/node_modules/axios/lib/adapters/http.js:620:25)
    at RedirectableRequest.emit (node:events:519:35)
    at ClientRequest.eventHandlers.&lt;computed&gt; (/Users/mysoft/Code/AI Coding/party-management-system/api-tests/node_modules/follow-redirects/index.js:49:24)
    at ClientRequest.emit (node:events:507:28)
    at emitErrorEvent (node:_http_client:104:11)
    at Socket.socketErrorListener (node:_http_client:518:5)
    at Socket.emit (node:events:507:28)
    at emitErrorNT (node:internal/streams/destroy:170:8)
    at emitErrorCloseNT (node:internal/streams/destroy:129:3)
    at processTicksAndRejections (node:internal/process/task_queues:90:21)
    at Axios.request (/Users/mysoft/Code/AI Coding/party-management-system/api-tests/node_modules/axios/lib/core/Axios.js:45:41)
    at processTicksAndRejections (node:internal/process/task_queues:105:5)
    at Object.loginAsAdmin (/Users/mysoft/Code/AI Coding/party-management-system/api-tests/setup.js:39:24)
    at Object.&lt;anonymous&gt; (/Users/mysoft/Code/AI Coding/party-management-system/api-tests/auth.test.js:266:20)</failure>
    </testcase>
    <testcase classname="认证API测试 › 权限验证" name="普通用户访问管理接口应失败" time="0">
      <failure>Error: thrown: &quot;Exceeded timeout of 30000 ms for a hook.
Add a timeout value to this test to increase the timeout, if this is a long-running test. See https://jestjs.io/docs/api#testname-fn-timeout.&quot;
    at Object.beforeAll (/Users/mysoft/Code/AI Coding/party-management-system/api-tests/setup.js:361:1)
    at Runtime._execModule (/Users/mysoft/Code/AI Coding/party-management-system/api-tests/node_modules/jest-runtime/build/index.js:1439:24)
    at Runtime._loadModule (/Users/mysoft/Code/AI Coding/party-management-system/api-tests/node_modules/jest-runtime/build/index.js:1022:12)
    at Runtime.requireModule (/Users/mysoft/Code/AI Coding/party-management-system/api-tests/node_modules/jest-runtime/build/index.js:882:12)
    at jestAdapter (/Users/mysoft/Code/AI Coding/party-management-system/api-tests/node_modules/jest-circus/build/legacy-code-todo-rewrite/jestAdapter.js:70:15)
    at runTestInternal (/Users/mysoft/Code/AI Coding/party-management-system/api-tests/node_modules/jest-runner/build/runTest.js:367:16)
    at runTest (/Users/mysoft/Code/AI Coding/party-management-system/api-tests/node_modules/jest-runner/build/runTest.js:444:34)</failure>
      <failure>AggregateError: 
    at AxiosError.Object.&lt;anonymous&gt;.AxiosError.from (/Users/mysoft/Code/AI Coding/party-management-system/api-tests/node_modules/axios/lib/core/AxiosError.js:92:14)
    at RedirectableRequest.handleRequestError (/Users/mysoft/Code/AI Coding/party-management-system/api-tests/node_modules/axios/lib/adapters/http.js:620:25)
    at RedirectableRequest.emit (node:events:519:35)
    at ClientRequest.eventHandlers.&lt;computed&gt; (/Users/mysoft/Code/AI Coding/party-management-system/api-tests/node_modules/follow-redirects/index.js:49:24)
    at ClientRequest.emit (node:events:507:28)
    at emitErrorEvent (node:_http_client:104:11)
    at Socket.socketErrorListener (node:_http_client:518:5)
    at Socket.emit (node:events:507:28)
    at emitErrorNT (node:internal/streams/destroy:170:8)
    at emitErrorCloseNT (node:internal/streams/destroy:129:3)
    at processTicksAndRejections (node:internal/process/task_queues:90:21)
    at Axios.request (/Users/mysoft/Code/AI Coding/party-management-system/api-tests/node_modules/axios/lib/core/Axios.js:45:41)
    at processTicksAndRejections (node:internal/process/task_queues:105:5)
    at Object.loginAsAdmin (/Users/mysoft/Code/AI Coding/party-management-system/api-tests/setup.js:39:24)
    at Object.&lt;anonymous&gt; (/Users/mysoft/Code/AI Coding/party-management-system/api-tests/auth.test.js:266:20)</failure>
    </testcase>
    <testcase classname="认证API测试 › 权限验证" name="普通用户访问自己的资源" time="0">
      <failure>Error: thrown: &quot;Exceeded timeout of 30000 ms for a hook.
Add a timeout value to this test to increase the timeout, if this is a long-running test. See https://jestjs.io/docs/api#testname-fn-timeout.&quot;
    at Object.beforeAll (/Users/mysoft/Code/AI Coding/party-management-system/api-tests/setup.js:361:1)
    at Runtime._execModule (/Users/mysoft/Code/AI Coding/party-management-system/api-tests/node_modules/jest-runtime/build/index.js:1439:24)
    at Runtime._loadModule (/Users/mysoft/Code/AI Coding/party-management-system/api-tests/node_modules/jest-runtime/build/index.js:1022:12)
    at Runtime.requireModule (/Users/mysoft/Code/AI Coding/party-management-system/api-tests/node_modules/jest-runtime/build/index.js:882:12)
    at jestAdapter (/Users/mysoft/Code/AI Coding/party-management-system/api-tests/node_modules/jest-circus/build/legacy-code-todo-rewrite/jestAdapter.js:70:15)
    at runTestInternal (/Users/mysoft/Code/AI Coding/party-management-system/api-tests/node_modules/jest-runner/build/runTest.js:367:16)
    at runTest (/Users/mysoft/Code/AI Coding/party-management-system/api-tests/node_modules/jest-runner/build/runTest.js:444:34)</failure>
      <failure>AggregateError: 
    at AxiosError.Object.&lt;anonymous&gt;.AxiosError.from (/Users/mysoft/Code/AI Coding/party-management-system/api-tests/node_modules/axios/lib/core/AxiosError.js:92:14)
    at RedirectableRequest.handleRequestError (/Users/mysoft/Code/AI Coding/party-management-system/api-tests/node_modules/axios/lib/adapters/http.js:620:25)
    at RedirectableRequest.emit (node:events:519:35)
    at ClientRequest.eventHandlers.&lt;computed&gt; (/Users/mysoft/Code/AI Coding/party-management-system/api-tests/node_modules/follow-redirects/index.js:49:24)
    at ClientRequest.emit (node:events:507:28)
    at emitErrorEvent (node:_http_client:104:11)
    at Socket.socketErrorListener (node:_http_client:518:5)
    at Socket.emit (node:events:507:28)
    at emitErrorNT (node:internal/streams/destroy:170:8)
    at emitErrorCloseNT (node:internal/streams/destroy:129:3)
    at processTicksAndRejections (node:internal/process/task_queues:90:21)
    at Axios.request (/Users/mysoft/Code/AI Coding/party-management-system/api-tests/node_modules/axios/lib/core/Axios.js:45:41)
    at processTicksAndRejections (node:internal/process/task_queues:105:5)
    at Object.loginAsAdmin (/Users/mysoft/Code/AI Coding/party-management-system/api-tests/setup.js:39:24)
    at Object.&lt;anonymous&gt; (/Users/mysoft/Code/AI Coding/party-management-system/api-tests/auth.test.js:266:20)</failure>
    </testcase>
    <testcase classname="认证API测试 › 登出功能" name="正常登出" time="0">
      <failure>Error: thrown: &quot;Exceeded timeout of 30000 ms for a hook.
Add a timeout value to this test to increase the timeout, if this is a long-running test. See https://jestjs.io/docs/api#testname-fn-timeout.&quot;
    at Object.beforeAll (/Users/mysoft/Code/AI Coding/party-management-system/api-tests/setup.js:361:1)
    at Runtime._execModule (/Users/mysoft/Code/AI Coding/party-management-system/api-tests/node_modules/jest-runtime/build/index.js:1439:24)
    at Runtime._loadModule (/Users/mysoft/Code/AI Coding/party-management-system/api-tests/node_modules/jest-runtime/build/index.js:1022:12)
    at Runtime.requireModule (/Users/mysoft/Code/AI Coding/party-management-system/api-tests/node_modules/jest-runtime/build/index.js:882:12)
    at jestAdapter (/Users/mysoft/Code/AI Coding/party-management-system/api-tests/node_modules/jest-circus/build/legacy-code-todo-rewrite/jestAdapter.js:70:15)
    at runTestInternal (/Users/mysoft/Code/AI Coding/party-management-system/api-tests/node_modules/jest-runner/build/runTest.js:367:16)
    at runTest (/Users/mysoft/Code/AI Coding/party-management-system/api-tests/node_modules/jest-runner/build/runTest.js:444:34)</failure>
      <failure>TypeError: Cannot read properties of undefined (reading &apos;data&apos;)
    at Object.data (/Users/mysoft/Code/AI Coding/party-management-system/api-tests/auth.test.js:309:38)
    at processTicksAndRejections (node:internal/process/task_queues:105:5)</failure>
    </testcase>
    <testcase classname="认证API测试 › 登出功能" name="无token登出应失败" time="0">
      <failure>Error: thrown: &quot;Exceeded timeout of 30000 ms for a hook.
Add a timeout value to this test to increase the timeout, if this is a long-running test. See https://jestjs.io/docs/api#testname-fn-timeout.&quot;
    at Object.beforeAll (/Users/mysoft/Code/AI Coding/party-management-system/api-tests/setup.js:361:1)
    at Runtime._execModule (/Users/mysoft/Code/AI Coding/party-management-system/api-tests/node_modules/jest-runtime/build/index.js:1439:24)
    at Runtime._loadModule (/Users/mysoft/Code/AI Coding/party-management-system/api-tests/node_modules/jest-runtime/build/index.js:1022:12)
    at Runtime.requireModule (/Users/mysoft/Code/AI Coding/party-management-system/api-tests/node_modules/jest-runtime/build/index.js:882:12)
    at jestAdapter (/Users/mysoft/Code/AI Coding/party-management-system/api-tests/node_modules/jest-circus/build/legacy-code-todo-rewrite/jestAdapter.js:70:15)
    at runTestInternal (/Users/mysoft/Code/AI Coding/party-management-system/api-tests/node_modules/jest-runner/build/runTest.js:367:16)
    at runTest (/Users/mysoft/Code/AI Coding/party-management-system/api-tests/node_modules/jest-runner/build/runTest.js:444:34)</failure>
      <failure>TypeError: Cannot read properties of undefined (reading &apos;data&apos;)
    at Object.data (/Users/mysoft/Code/AI Coding/party-management-system/api-tests/auth.test.js:309:38)
    at processTicksAndRejections (node:internal/process/task_queues:105:5)</failure>
    </testcase>
    <testcase classname="认证API测试 › 安全测试" name="SQL注入防护" time="0">
      <failure>Error: thrown: &quot;Exceeded timeout of 30000 ms for a hook.
Add a timeout value to this test to increase the timeout, if this is a long-running test. See https://jestjs.io/docs/api#testname-fn-timeout.&quot;
    at Object.beforeAll (/Users/mysoft/Code/AI Coding/party-management-system/api-tests/setup.js:361:1)
    at Runtime._execModule (/Users/mysoft/Code/AI Coding/party-management-system/api-tests/node_modules/jest-runtime/build/index.js:1439:24)
    at Runtime._loadModule (/Users/mysoft/Code/AI Coding/party-management-system/api-tests/node_modules/jest-runtime/build/index.js:1022:12)
    at Runtime.requireModule (/Users/mysoft/Code/AI Coding/party-management-system/api-tests/node_modules/jest-runtime/build/index.js:882:12)
    at jestAdapter (/Users/mysoft/Code/AI Coding/party-management-system/api-tests/node_modules/jest-circus/build/legacy-code-todo-rewrite/jestAdapter.js:70:15)
    at runTestInternal (/Users/mysoft/Code/AI Coding/party-management-system/api-tests/node_modules/jest-runner/build/runTest.js:367:16)
    at runTest (/Users/mysoft/Code/AI Coding/party-management-system/api-tests/node_modules/jest-runner/build/runTest.js:444:34)</failure>
    </testcase>
    <testcase classname="认证API测试 › 安全测试" name="XSS防护" time="0">
      <failure>Error: thrown: &quot;Exceeded timeout of 30000 ms for a hook.
Add a timeout value to this test to increase the timeout, if this is a long-running test. See https://jestjs.io/docs/api#testname-fn-timeout.&quot;
    at Object.beforeAll (/Users/mysoft/Code/AI Coding/party-management-system/api-tests/setup.js:361:1)
    at Runtime._execModule (/Users/mysoft/Code/AI Coding/party-management-system/api-tests/node_modules/jest-runtime/build/index.js:1439:24)
    at Runtime._loadModule (/Users/mysoft/Code/AI Coding/party-management-system/api-tests/node_modules/jest-runtime/build/index.js:1022:12)
    at Runtime.requireModule (/Users/mysoft/Code/AI Coding/party-management-system/api-tests/node_modules/jest-runtime/build/index.js:882:12)
    at jestAdapter (/Users/mysoft/Code/AI Coding/party-management-system/api-tests/node_modules/jest-circus/build/legacy-code-todo-rewrite/jestAdapter.js:70:15)
    at runTestInternal (/Users/mysoft/Code/AI Coding/party-management-system/api-tests/node_modules/jest-runner/build/runTest.js:367:16)
    at runTest (/Users/mysoft/Code/AI Coding/party-management-system/api-tests/node_modules/jest-runner/build/runTest.js:444:34)</failure>
    </testcase>
    <testcase classname="认证API测试 › 安全测试" name="暴力破解防护" time="0">
      <failure>Error: thrown: &quot;Exceeded timeout of 30000 ms for a hook.
Add a timeout value to this test to increase the timeout, if this is a long-running test. See https://jestjs.io/docs/api#testname-fn-timeout.&quot;
    at Object.beforeAll (/Users/mysoft/Code/AI Coding/party-management-system/api-tests/setup.js:361:1)
    at Runtime._execModule (/Users/mysoft/Code/AI Coding/party-management-system/api-tests/node_modules/jest-runtime/build/index.js:1439:24)
    at Runtime._loadModule (/Users/mysoft/Code/AI Coding/party-management-system/api-tests/node_modules/jest-runtime/build/index.js:1022:12)
    at Runtime.requireModule (/Users/mysoft/Code/AI Coding/party-management-system/api-tests/node_modules/jest-runtime/build/index.js:882:12)
    at jestAdapter (/Users/mysoft/Code/AI Coding/party-management-system/api-tests/node_modules/jest-circus/build/legacy-code-todo-rewrite/jestAdapter.js:70:15)
    at runTestInternal (/Users/mysoft/Code/AI Coding/party-management-system/api-tests/node_modules/jest-runner/build/runTest.js:367:16)
    at runTest (/Users/mysoft/Code/AI Coding/party-management-system/api-tests/node_modules/jest-runner/build/runTest.js:444:34)</failure>
    </testcase>
    <testcase classname="认证API测试 › 性能测试" name="登录响应时间" time="0">
      <failure>Error: thrown: &quot;Exceeded timeout of 30000 ms for a hook.
Add a timeout value to this test to increase the timeout, if this is a long-running test. See https://jestjs.io/docs/api#testname-fn-timeout.&quot;
    at Object.beforeAll (/Users/mysoft/Code/AI Coding/party-management-system/api-tests/setup.js:361:1)
    at Runtime._execModule (/Users/mysoft/Code/AI Coding/party-management-system/api-tests/node_modules/jest-runtime/build/index.js:1439:24)
    at Runtime._loadModule (/Users/mysoft/Code/AI Coding/party-management-system/api-tests/node_modules/jest-runtime/build/index.js:1022:12)
    at Runtime.requireModule (/Users/mysoft/Code/AI Coding/party-management-system/api-tests/node_modules/jest-runtime/build/index.js:882:12)
    at jestAdapter (/Users/mysoft/Code/AI Coding/party-management-system/api-tests/node_modules/jest-circus/build/legacy-code-todo-rewrite/jestAdapter.js:70:15)
    at runTestInternal (/Users/mysoft/Code/AI Coding/party-management-system/api-tests/node_modules/jest-runner/build/runTest.js:367:16)
    at runTest (/Users/mysoft/Code/AI Coding/party-management-system/api-tests/node_modules/jest-runner/build/runTest.js:444:34)</failure>
    </testcase>
    <testcase classname="认证API测试 › 性能测试" name="并发登录" time="0">
      <failure>Error: thrown: &quot;Exceeded timeout of 30000 ms for a hook.
Add a timeout value to this test to increase the timeout, if this is a long-running test. See https://jestjs.io/docs/api#testname-fn-timeout.&quot;
    at Object.beforeAll (/Users/mysoft/Code/AI Coding/party-management-system/api-tests/setup.js:361:1)
    at Runtime._execModule (/Users/mysoft/Code/AI Coding/party-management-system/api-tests/node_modules/jest-runtime/build/index.js:1439:24)
    at Runtime._loadModule (/Users/mysoft/Code/AI Coding/party-management-system/api-tests/node_modules/jest-runtime/build/index.js:1022:12)
    at Runtime.requireModule (/Users/mysoft/Code/AI Coding/party-management-system/api-tests/node_modules/jest-runtime/build/index.js:882:12)
    at jestAdapter (/Users/mysoft/Code/AI Coding/party-management-system/api-tests/node_modules/jest-circus/build/legacy-code-todo-rewrite/jestAdapter.js:70:15)
    at runTestInternal (/Users/mysoft/Code/AI Coding/party-management-system/api-tests/node_modules/jest-runner/build/runTest.js:367:16)
    at runTest (/Users/mysoft/Code/AI Coding/party-management-system/api-tests/node_modules/jest-runner/build/runTest.js:444:34)</failure>
    </testcase>
  </testsuite>
</testsuites>