<?xml version="1.0" encoding="UTF-8" ?>
<testsuites name="vitest tests" tests="2" failures="0" errors="0" time="1.067">
    <testsuite name="tests/config.test.js" timestamp="2025-08-22T02:38:06.800Z" hostname="Mac-mini.local" tests="2" failures="0" errors="0" skipped="0" time="0.003">
        <testcase classname="tests/config.test.js" name="测试配置验证 &gt; 应该能够运行基本测试" time="0.001">
        </testcase>
        <testcase classname="tests/config.test.js" name="测试配置验证 &gt; 应该能够正确解析路径别名" time="0">
        </testcase>
    </testsuite>
</testsuites>
